22247 09:46:19 read(3, "\0\0\2\274\t!\0\0\1\25\0\0\0\7ssh-rsa\0\0\0\1#\0\0\1\1\0\255"..., 8192) = 720
22247 09:46:19 stat("/etc/ssh/ssh_known_hosts2", 0x7ffffaed2080) = -1 ENOENT (No such file or directory)
22247 09:46:19 stat("/root/.ssh/known_hosts2", 0x7ffffaed2080) = -1 ENOENT (No such file or directory)
22247 09:46:19 open("/root/.ssh/known_hosts", O_RDONLY) = 5
22247 09:46:19 fstat(5, {st_mode=S_IFREG|0644, st_size=250163, ...}) = 0
22247 09:46:19 mmap(NULL, 4096, PROT_READ|PROT_WRITE, MAP_PRIVATE|MAP_ANONYMOUS, -1, 0) = 0x7f1561b20000
22247 09:46:19 read(5, "192.168.7.1 ssh-rsa AAAAB3NzaC1y"..., 4096) = 4096
22247 09:46:19 read(5, "+vy9D39zEl96l3/VdBYnRYMLh0SnL0Nb"..., 4096) = 4096
22247 09:46:19 close(5)                 = 0
22247 09:46:19 munmap(0x7f1561b20000, 4096) = 0
22247 09:46:19 write(3, "\0\0\0\f\n\25\0\0\0\0\0\0\0\0\0\0", 16) = 16
22247 09:46:19 write(3, "5\236\271\31^\276\205d\253=\331\321+\360c\320V=\302.L\234\255\267\366\344@\36|\346\356P"..., 48) = 48
22247 09:46:19 select(4, [3], NULL, NULL, NULL) = 1 (in [3])
22247 09:46:20 read(3, "L\t\217\274\375\335jW\20\254s\3\251\26\372\251\344\2536\344\315\331\323\313]w_\236q\274GZ"..., 8192) = 48
22247 09:46:20 write(3, "To\0368t/t\n`\333\202s\377\271\214\23A\35\330\211\302@\201~\362?\322\342 \203X\214"..., 64) = 64
22247 09:46:20 select(4, [3], NULL, NULL, NULL) = 1 (in [3])
22247 09:46:20 read(3, "48U\32\n\371\321 \250\322\2302\204\354\231,N\224\23\7\v;\35\273\367+\225A\5\3620q"..., 8192) = 80
22247 09:46:20 getpeername(3, {sa_family=AF_INET, sin_port=htons(22), sin_addr=inet_addr("192.167.2.3")}, [16]) = 0
22247 09:46:20 open("/etc/protocols", O_RDONLY|O_CLOEXEC) = 5
22247 09:46:20 fstat(5, {st_mode=S_IFREG|0644, st_size=6455, ...}) = 0
22247 09:46:20 mmap(NULL, 4096, PROT_READ|PROT_WRITE, MAP_PRIVATE|MAP_ANONYMOUS, -1, 0) = 0x7f1561b20000
22247 09:46:20 read(5, "# /etc/protocols:\n# $Id: protoco"..., 4096) = 4096
22247 09:46:20 close(5)                 = 0
22247 09:46:20 munmap(0x7f1561b20000, 4096) = 0
22247 09:46:20 getsockopt(3, SOL_IP, IP_OPTIONS, "", [0]) = 0
22247 09:46:20 socket(PF_FILE, SOCK_STREAM|SOCK_CLOEXEC|SOCK_NONBLOCK, 0) = 5
22247 09:46:20 connect(5, {sa_family=AF_FILE, path="/var/run/nscd/socket"}, 110) = -1 ENOENT (No such file or directory)
22247 09:46:20 close(5)                 = 0
22247 09:46:20 socket(PF_FILE, SOCK_STREAM|SOCK_CLOEXEC|SOCK_NONBLOCK, 0) = 5
22247 09:46:20 connect(5, {sa_family=AF_FILE, path="/var/run/nscd/socket"}, 110) = -1 ENOENT (No such file or directory)
22247 09:46:20 close(5)                 = 0
22247 09:46:20 open("/etc/resolv.conf", O_RDONLY) = 5
22247 09:46:20 fstat(5, {st_mode=S_IFREG|0644, st_size=228, ...}) = 0
22247 09:46:20 mmap(NULL, 4096, PROT_READ|PROT_WRITE, MAP_PRIVATE|MAP_ANONYMOUS, -1, 0) = 0x7f1561b20000
22247 09:46:20 read(5, "# Generated by NetworkManager\n\n\n"..., 4096) = 228
22247 09:46:20 read(5, "", 4096)        = 0
22247 09:46:20 close(5)                 = 0
22247 09:46:20 munmap(0x7f1561b20000, 4096) = 0
22247 09:46:20 uname({sys="Linux", node="zabbixserver-6-21", ...}) = 0
22247 09:46:20 open("/etc/host.conf", O_RDONLY) = 5
22247 09:46:20 fstat(5, {st_mode=S_IFREG|0644, st_size=9, ...}) = 0
22247 09:46:20 mmap(NULL, 4096, PROT_READ|PROT_WRITE, MAP_PRIVATE|MAP_ANONYMOUS, -1, 0) = 0x7f1561b20000
22247 09:46:20 read(5, "multi on\n", 4096) = 9
22247 09:46:20 read(5, "", 4096)        = 0
22247 09:46:20 close(5)                 = 0
22247 09:46:20 munmap(0x7f1561b20000, 4096) = 0
22247 09:46:20 futex(0x7f155f9ec384, FUTEX_WAKE_PRIVATE, 2147483647) = 0
22247 09:46:20 open("/etc/hosts", O_RDONLY|O_CLOEXEC) = 5
22247 09:46:20 fstat(5, {st_mode=S_IFREG|0644, st_size=217, ...}) = 0
22247 09:46:20 mmap(NULL, 4096, PROT_READ|PROT_WRITE, MAP_PRIVATE|MAP_ANONYMOUS, -1, 0) = 0x7f1561b20000
22247 09:46:20 read(5, "127.0.0.1   localhost localhost."..., 4096) = 217
22247 09:46:20 read(5, "", 4096)        = 0
22247 09:46:20 close(5)                 = 0
22247 09:46:20 munmap(0x7f1561b20000, 4096) = 0
22247 09:46:20 open("/opt/FUDE-1.0/fude/lib/libnss_dns.so.2", O_RDONLY) = -1 ENOENT (No such file or directory)
22247 09:46:20 open("/opt/FUDE-1.0/utils/lib/libnss_dns.so.2", O_RDONLY) = -1 ENOENT (No such file or directory)
22247 09:46:20 open("/opt/FUDE-1.0/log/lib/libnss_dns.so.2", O_RDONLY) = -1 ENOENT (No such file or directory)
22247 09:46:20 open("/opt/FUDE-1.0/netsnmp/lib/libnss_dns.so.2", O_RDONLY) = -1 ENOENT (No such file or directory)
22247 09:46:20 open("/opt/FUDE-1.0/python/lib/libnss_dns.so.2", O_RDONLY) = -1 ENOENT (No such file or directory)
22247 09:46:20 open("/opt/FUDE-1.0/boost/lib/libnss_dns.so.2", O_RDONLY) = -1 ENOENT (No such file or directory)
22247 09:46:20 open("/opt/FUDE-1.0/cppunit/lib/libnss_dns.so.2", O_RDONLY) = -1 ENOENT (No such file or directory)
22247 09:46:20 open("/opt/FUDE-1.0/TAO/ACE_wrappers/lib/libnss_dns.so.2", O_RDONLY) = -1 ENOENT (No such file or directory)
22247 09:46:20 open("tls/x86_64/libnss_dns.so.2", O_RDONLY) = -1 ENOENT (No such file or directory)
22247 09:46:20 open("tls/libnss_dns.so.2", O_RDONLY) = -1 ENOENT (No such file or directory)
22247 09:46:20 open("x86_64/libnss_dns.so.2", O_RDONLY) = -1 ENOENT (No such file or directory)
22247 09:46:20 open("libnss_dns.so.2", O_RDONLY) = -1 ENOENT (No such file or directory)
22247 09:46:20 open("/etc/ld.so.cache", O_RDONLY) = 5
22247 09:46:20 fstat(5, {st_mode=S_IFREG|0644, st_size=207633, ...}) = 0
22247 09:46:20 mmap(NULL, 207633, PROT_READ, MAP_PRIVATE, 5, 0) = 0x7f1561aee000
22247 09:46:20 close(5)                 = 0
22247 09:46:20 open("/lib64/libnss_dns.so.2", O_RDONLY) = 5
22247 09:46:20 read(5, "\177ELF\2\1\1\0\0\0\0\0\0\0\0\0\3\0>\0\1\0\0\0\0\20\0\0\0\0\0\0"..., 832) = 832
22247 09:46:20 fstat(5, {st_mode=S_IFREG|0755, st_size=27424, ...}) = 0
22247 09:46:20 mmap(NULL, 2117880, PROT_READ|PROT_EXEC, MAP_PRIVATE|MAP_DENYWRITE, 5, 0) = 0x7f155df4b000
22247 09:46:20 mprotect(0x7f155df50000, 2093056, PROT_NONE) = 0
22247 09:46:20 mmap(0x7f155e14f000, 8192, PROT_READ|PROT_WRITE, MAP_PRIVATE|MAP_FIXED|MAP_DENYWRITE, 5, 0x4000) = 0x7f155e14f000
22247 09:46:20 close(5)                 = 0
22247 09:46:20 mprotect(0x7f155e14f000, 4096, PROT_READ) = 0
22247 09:46:20 munmap(0x7f1561aee000, 207633) = 0
22247 09:46:20 futex(0x7f155eff02e8, FUTEX_WAKE_PRIVATE, 2147483647) = 0
22247 09:46:20 futex(0x7f155eff0270, FUTEX_WAKE_PRIVATE, 2147483647) = 0
22247 09:46:20 futex(0x7f1560678fd0, FUTEX_WAKE_PRIVATE, 2147483647) = 0
22247 09:46:20 stat("/etc/gss/mech", 0x7ffffaed20e0) = -1 ENOENT (No such file or directory)
22247 09:46:20 stat("/etc/gss/mech", 0x7ffffaed2030) = -1 ENOENT (No such file or directory)
22247 09:46:20 futex(0x7f1560437200, FUTEX_WAKE_PRIVATE, 2147483647) = 0
22247 09:46:20 futex(0x7f1560437600, FUTEX_WAKE_PRIVATE, 2147483647) = 0
22247 09:46:20 stat("/etc/krb5.conf", {st_mode=S_IFREG|0644, st_size=449, ...}) = 0
22247 09:46:20 open("/etc/krb5.conf", O_RDONLY) = 5
22247 09:46:20 fcntl(5, F_SETFD, FD_CLOEXEC) = 0
22247 09:46:20 fstat(5, {st_mode=S_IFREG|0644, st_size=449, ...}) = 0
22247 09:46:20 mmap(NULL, 4096, PROT_READ|PROT_WRITE, MAP_PRIVATE|MAP_ANONYMOUS, -1, 0) = 0x7f1561b20000
22247 09:46:20 read(5, "[logging]\n default = FILE:/var/l"..., 4096) = 449
22247 09:46:20 read(5, "", 4096)        = 0
22247 09:46:20 close(5)                 = 0
22247 09:46:20 munmap(0x7f1561b20000, 4096) = 0
22247 09:46:20 open("/dev/urandom", O_RDONLY) = 5
22247 09:46:20 fcntl(5, F_SETFD, FD_CLOEXEC) = 0
22247 09:46:20 fstat(5, {st_mode=S_IFCHR|0666, st_rdev=makedev(1, 9), ...}) = 0
22247 09:46:20 read(5, "\264\257F\304~J\204\365*\310\351\365\300\0337\353{7Th", 20) = 20
22247 09:46:20 close(5)                 = 0
22247 09:46:20 futex(0x7f15601582d0, FUTEX_WAKE_PRIVATE, 2147483647) = 0
22247 09:46:20 socket(PF_NETLINK, SOCK_RAW, 0) = 5
22247 09:46:20 bind(5, {sa_family=AF_NETLINK, pid=0, groups=00000000}, 12) = 0
22247 09:46:20 getsockname(5, {sa_family=AF_NETLINK, pid=22247, groups=00000000}, [12]) = 0
22247 09:46:20 sendto(5, "\24\0\0\0\26\0\1\3\354~\250Z\0\0\0\0\0\0\0\0", 20, 0, {sa_family=AF_NETLINK, pid=0, groups=00000000}, 12) = 20
22247 09:46:20 recvmsg(5, {msg_name(12)={sa_family=AF_NETLINK, pid=0, groups=00000000}, msg_iov(1)=[{"0\0\0\0\24\0\2\0\354~\250Z\347V\0\0\2\10\200\376\1\0\0\0\10\0\1\0\177\0\0\1"..., 4096}], msg_controllen=0, msg_flags=0}, 0) = 108
22247 09:46:20 recvmsg(5, {msg_name(12)={sa_family=AF_NETLINK, pid=0, groups=00000000}, msg_iov(1)=[{"@\0\0\0\24\0\2\0\354~\250Z\347V\0\0\n\200\200\376\1\0\0\0\24\0\1\0\0\0\0\0"..., 4096}], msg_controllen=0, msg_flags=0}, 0) = 128
22247 09:46:20 recvmsg(5, {msg_name(12)={sa_family=AF_NETLINK, pid=0, groups=00000000}, msg_iov(1)=[{"\24\0\0\0\3\0\2\0\354~\250Z\347V\0\0\0\0\0\0\1\0\0\0\24\0\1\0\0\0\0\0"..., 4096}], msg_controllen=0, msg_flags=0}, 0) = 20
22247 09:46:20 close(5)                 = 0
22247 09:46:20 open("/etc/hosts", O_RDONLY|O_CLOEXEC) = 5
22247 09:46:20 fstat(5, {st_mode=S_IFREG|0644, st_size=217, ...}) = 0
22247 09:46:20 mmap(NULL, 4096, PROT_READ|PROT_WRITE, MAP_PRIVATE|MAP_ANONYMOUS, -1, 0) = 0x7f1561b20000
22247 09:46:20 read(5, "127.0.0.1   localhost localhost."..., 4096) = 217
22247 09:46:20 read(5, "", 4096)        = 0
22247 09:46:20 close(5)                 = 0
22247 09:46:20 munmap(0x7f1561b20000, 4096) = 0
22247 09:46:20 stat("/etc/krb5.conf", {st_mode=S_IFREG|0644, st_size=449, ...}) = 0
22247 09:46:20 open("/etc/krb5.conf", O_RDONLY) = 5
22247 09:46:20 fcntl(5, F_SETFD, FD_CLOEXEC) = 0
22247 09:46:20 fstat(5, {st_mode=S_IFREG|0644, st_size=449, ...}) = 0
22247 09:46:20 mmap(NULL, 4096, PROT_READ|PROT_WRITE, MAP_PRIVATE|MAP_ANONYMOUS, -1, 0) = 0x7f1561b20000
22247 09:46:20 read(5, "[logging]\n default = FILE:/var/l"..., 4096) = 449
22247 09:46:20 read(5, "", 4096)        = 0
22247 09:46:20 close(5)                 = 0
22247 09:46:20 munmap(0x7f1561b20000, 4096) = 0
22247 09:46:20 open("/dev/urandom", O_RDONLY) = 5
22247 09:46:20 fcntl(5, F_SETFD, FD_CLOEXEC) = 0
22247 09:46:20 fstat(5, {st_mode=S_IFCHR|0666, st_rdev=makedev(1, 9), ...}) = 0
22247 09:46:20 read(5, "\374\260k\322\2335\357x\373\331\251NoE\241l\316\252\374\373", 20) = 20
22247 09:46:20 close(5)                 = 0
22247 09:46:20 socket(PF_NETLINK, SOCK_RAW, 0) = 5
22247 09:46:20 bind(5, {sa_family=AF_NETLINK, pid=0, groups=00000000}, 12) = 0
22247 09:46:20 getsockname(5, {sa_family=AF_NETLINK, pid=22247, groups=00000000}, [12]) = 0
22247 09:46:20 sendto(5, "\24\0\0\0\26\0\1\3\354~\250Z\0\0\0\0\0\0\0\0", 20, 0, {sa_family=AF_NETLINK, pid=0, groups=00000000}, 12) = 20
22247 09:46:20 recvmsg(5, {msg_name(12)={sa_family=AF_NETLINK, pid=0, groups=00000000}, msg_iov(1)=[{"0\0\0\0\24\0\2\0\354~\250Z\347V\0\0\2\10\200\376\1\0\0\0\10\0\1\0\177\0\0\1"..., 4096}], msg_controllen=0, msg_flags=0}, 0) = 108
22247 09:46:20 recvmsg(5, {msg_name(12)={sa_family=AF_NETLINK, pid=0, groups=00000000}, msg_iov(1)=[{"@\0\0\0\24\0\2\0\354~\250Z\347V\0\0\n\200\200\376\1\0\0\0\24\0\1\0\0\0\0\0"..., 4096}], msg_controllen=0, msg_flags=0}, 0) = 128
22247 09:46:20 recvmsg(5, {msg_name(12)={sa_family=AF_NETLINK, pid=0, groups=00000000}, msg_iov(1)=[{"\24\0\0\0\3\0\2\0\354~\250Z\347V\0\0\0\0\0\0\1\0\0\0\24\0\1\0\0\0\0\0"..., 4096}], msg_controllen=0, msg_flags=0}, 0) = 20
22247 09:46:20 close(5)                 = 0
22247 09:46:20 open("/etc/hosts", O_RDONLY|O_CLOEXEC) = 5
22247 09:46:20 fstat(5, {st_mode=S_IFREG|0644, st_size=217, ...}) = 0
22247 09:46:20 mmap(NULL, 4096, PROT_READ|PROT_WRITE, MAP_PRIVATE|MAP_ANONYMOUS, -1, 0) = 0x7f1561b20000
22247 09:46:20 read(5, "127.0.0.1   localhost localhost."..., 4096) = 217
22247 09:46:20 read(5, "", 4096)        = 0
22247 09:46:20 close(5)                 = 0
22247 09:46:20 munmap(0x7f1561b20000, 4096) = 0
22247 09:46:20 stat("/etc/krb5.conf", {st_mode=S_IFREG|0644, st_size=449, ...}) = 0
22247 09:46:20 open("/etc/krb5.conf", O_RDONLY) = 5
22247 09:46:20 fcntl(5, F_SETFD, FD_CLOEXEC) = 0
22247 09:46:20 fstat(5, {st_mode=S_IFREG|0644, st_size=449, ...}) = 0
22247 09:46:20 mmap(NULL, 4096, PROT_READ|PROT_WRITE, MAP_PRIVATE|MAP_ANONYMOUS, -1, 0) = 0x7f1561b20000
22247 09:46:20 read(5, "[logging]\n default = FILE:/var/l"..., 4096) = 449
22247 09:46:20 read(5, "", 4096)        = 0
22247 09:46:20 close(5)                 = 0
22247 09:46:20 munmap(0x7f1561b20000, 4096) = 0
22247 09:46:20 open("/dev/urandom", O_RDONLY) = 5
22247 09:46:20 fcntl(5, F_SETFD, FD_CLOEXEC) = 0
22247 09:46:20 fstat(5, {st_mode=S_IFCHR|0666, st_rdev=makedev(1, 9), ...}) = 0
22247 09:46:20 read(5, "G\342\217!\360{\31\317\240\352\246t\352\227\215\342,\205\313\377", 20) = 20
22247 09:46:20 close(5)                 = 0
22247 09:46:20 socket(PF_NETLINK, SOCK_RAW, 0) = 5
22247 09:46:20 bind(5, {sa_family=AF_NETLINK, pid=0, groups=00000000}, 12) = 0
22247 09:46:20 getsockname(5, {sa_family=AF_NETLINK, pid=22247, groups=00000000}, [12]) = 0
22247 09:46:20 sendto(5, "\24\0\0\0\26\0\1\3\354~\250Z\0\0\0\0\0\0\0\0", 20, 0, {sa_family=AF_NETLINK, pid=0, groups=00000000}, 12) = 20
22247 09:46:20 recvmsg(5, {msg_name(12)={sa_family=AF_NETLINK, pid=0, groups=00000000}, msg_iov(1)=[{"0\0\0\0\24\0\2\0\354~\250Z\347V\0\0\2\10\200\376\1\0\0\0\10\0\1\0\177\0\0\1"..., 4096}], msg_controllen=0, msg_flags=0}, 0) = 108
22247 09:46:20 recvmsg(5, {msg_name(12)={sa_family=AF_NETLINK, pid=0, groups=00000000}, msg_iov(1)=[{"@\0\0\0\24\0\2\0\354~\250Z\347V\0\0\n\200\200\376\1\0\0\0\24\0\1\0\0\0\0\0"..., 4096}], msg_controllen=0, msg_flags=0}, 0) = 128
22247 09:46:20 recvmsg(5, {msg_name(12)={sa_family=AF_NETLINK, pid=0, groups=00000000}, msg_iov(1)=[{"\24\0\0\0\3\0\2\0\354~\250Z\347V\0\0\0\0\0\0\1\0\0\0\24\0\1\0\0\0\0\0"..., 4096}], msg_controllen=0, msg_flags=0}, 0) = 20
22247 09:46:20 close(5)                 = 0
22247 09:46:20 open("/etc/hosts", O_RDONLY|O_CLOEXEC) = 5
22247 09:46:20 fstat(5, {st_mode=S_IFREG|0644, st_size=217, ...}) = 0
22247 09:46:20 mmap(NULL, 4096, PROT_READ|PROT_WRITE, MAP_PRIVATE|MAP_ANONYMOUS, -1, 0) = 0x7f1561b20000
22247 09:46:20 read(5, "127.0.0.1   localhost localhost."..., 4096) = 217
22247 09:46:20 read(5, "", 4096)        = 0
22247 09:46:20 close(5)                 = 0
22247 09:46:20 munmap(0x7f1561b20000, 4096) = 0
22247 09:46:20 stat("/etc/krb5.conf", {st_mode=S_IFREG|0644, st_size=449, ...}) = 0
22247 09:46:20 open("/etc/krb5.conf", O_RDONLY) = 5
22247 09:46:20 fcntl(5, F_SETFD, FD_CLOEXEC) = 0
22247 09:46:20 fstat(5, {st_mode=S_IFREG|0644, st_size=449, ...}) = 0
22247 09:46:20 mmap(NULL, 4096, PROT_READ|PROT_WRITE, MAP_PRIVATE|MAP_ANONYMOUS, -1, 0) = 0x7f1561b20000
22247 09:46:20 read(5, "[logging]\n default = FILE:/var/l"..., 4096) = 449
22247 09:46:20 read(5, "", 4096)        = 0
22247 09:46:20 close(5)                 = 0
22247 09:46:20 munmap(0x7f1561b20000, 4096) = 0
22247 09:46:20 open("/dev/urandom", O_RDONLY) = 5
22247 09:46:20 fcntl(5, F_SETFD, FD_CLOEXEC) = 0
22247 09:46:20 fstat(5, {st_mode=S_IFCHR|0666, st_rdev=makedev(1, 9), ...}) = 0
22247 09:46:20 read(5, "\314M\234(f\2448~\255C\354\32\22\271\270\204h;\261%", 20) = 20
22247 09:46:20 close(5)                 = 0
22247 09:46:20 socket(PF_NETLINK, SOCK_RAW, 0) = 5
22247 09:46:20 bind(5, {sa_family=AF_NETLINK, pid=0, groups=00000000}, 12) = 0
22247 09:46:20 getsockname(5, {sa_family=AF_NETLINK, pid=22247, groups=00000000}, [12]) = 0
22247 09:46:20 sendto(5, "\24\0\0\0\26\0\1\3\354~\250Z\0\0\0\0\0\0\0\0", 20, 0, {sa_family=AF_NETLINK, pid=0, groups=00000000}, 12) = 20
22247 09:46:20 recvmsg(5, {msg_name(12)={sa_family=AF_NETLINK, pid=0, groups=00000000}, msg_iov(1)=[{"0\0\0\0\24\0\2\0\354~\250Z\347V\0\0\2\10\200\376\1\0\0\0\10\0\1\0\177\0\0\1"..., 4096}], msg_controllen=0, msg_flags=0}, 0) = 108
22247 09:46:20 recvmsg(5, {msg_name(12)={sa_family=AF_NETLINK, pid=0, groups=00000000}, msg_iov(1)=[{"@\0\0\0\24\0\2\0\354~\250Z\347V\0\0\n\200\200\376\1\0\0\0\24\0\1\0\0\0\0\0"..., 4096}], msg_controllen=0, msg_flags=0}, 0) = 128
22247 09:46:20 recvmsg(5, {msg_name(12)={sa_family=AF_NETLINK, pid=0, groups=00000000}, msg_iov(1)=[{"\24\0\0\0\3\0\2\0\354~\250Z\347V\0\0\0\0\0\0\1\0\0\0\24\0\1\0\0\0\0\0"..., 4096}], msg_controllen=0, msg_flags=0}, 0) = 20
22247 09:46:20 close(5)                 = 0
22247 09:46:20 open("/etc/hosts", O_RDONLY|O_CLOEXEC) = 5
22247 09:46:20 fstat(5, {st_mode=S_IFREG|0644, st_size=217, ...}) = 0
22247 09:46:20 mmap(NULL, 4096, PROT_READ|PROT_WRITE, MAP_PRIVATE|MAP_ANONYMOUS, -1, 0) = 0x7f1561b20000
22247 09:46:20 read(5, "127.0.0.1   localhost localhost."..., 4096) = 217
22247 09:46:20 read(5, "", 4096)        = 0
22247 09:46:20 close(5)                 = 0
22247 09:46:20 munmap(0x7f1561b20000, 4096) = 0
22247 09:46:20 stat("/root/.ssh/identity", 0x7ffffaed1fa0) = -1 ENOENT (No such file or directory)
22247 09:46:20 stat("/root/.ssh/id_rsa", {st_mode=S_IFREG|0600, st_size=887, ...}) = 0
22247 09:46:20 open("/root/.ssh/id_rsa", O_RDONLY) = 5
22247 09:46:20 fstat(5, {st_mode=S_IFREG|0600, st_size=887, ...}) = 0
22247 09:46:20 getuid()                 = 0
22247 09:46:20 fcntl(5, F_GETFL)        = 0x8000 (flags O_RDONLY|O_LARGEFILE)
22247 09:46:20 fstat(5, {st_mode=S_IFREG|0600, st_size=887, ...}) = 0
22247 09:46:20 mmap(NULL, 4096, PROT_READ|PROT_WRITE, MAP_PRIVATE|MAP_ANONYMOUS, -1, 0) = 0x7f1561b20000
22247 09:46:20 lseek(5, 0, SEEK_CUR)    = 0
22247 09:46:20 read(5, "-----BEGIN RSA PRIVATE KEY-----\n"..., 4096) = 887
22247 09:46:20 close(5)                 = 0
22247 09:46:20 munmap(0x7f1561b20000, 4096) = 0
22247 09:46:20 write(3, "u\237\311\316w:\334!x\371}\361\241\275\2051\312\325\3152<\372s?\23\325x\256\261&\361\327"..., 384) = 384
22247 09:46:20 select(4, [3], NULL, NULL, NULL) = 1 (in [3])
22247 09:46:20 read(3, "oD\5\2_\317U\373:\17\25\375\24\346A\317x#\262\376\304\201[~\n\324\210\274\24\253\30[", 8192) = 32
22247 09:46:20 dup(0)                   = 5
22247 09:46:20 dup(1)                   = 6
22247 09:46:20 dup(2)                   = 7
22247 09:46:20 ioctl(5, SNDCTL_TMR_TIMEBASE or TCGETS, {B38400 opost isig icanon echo ...}) = 0
22247 09:46:20 ioctl(6, SNDCTL_TMR_TIMEBASE or TCGETS, {B38400 opost isig icanon echo ...}) = 0
22247 09:46:20 ioctl(7, SNDCTL_TMR_TIMEBASE or TCGETS, {B38400 opost isig icanon echo ...}) = 0
22247 09:46:20 fcntl(5, F_SETFD, FD_CLOEXEC) = 0
22247 09:46:20 fcntl(6, F_SETFD, FD_CLOEXEC) = 0
22247 09:46:20 fcntl(7, F_SETFD, FD_CLOEXEC) = 0
22247 09:46:20 ioctl(6, SNDCTL_TMR_TIMEBASE or TCGETS, {B38400 opost isig icanon echo ...}) = 0
22247 09:46:20 rt_sigaction(SIGHUP, NULL, {SIG_DFL, [], 0}, 8) = 0
22247 09:46:20 rt_sigaction(SIGHUP, {SIG_IGN, [], SA_RESTORER, 0x7f155f68e920}, NULL, 8) = 0
22247 09:46:20 rt_sigaction(SIGHUP, NULL, {SIG_IGN, [], SA_RESTORER, 0x7f155f68e920}, 8) = 0
22247 09:46:20 rt_sigaction(SIGHUP, {0x7f1561b335e0, [], SA_RESTORER, 0x7f155f68e920}, NULL, 8) = 0
22247 09:46:20 rt_sigaction(SIGINT, NULL, {SIG_DFL, [], 0}, 8) = 0
22247 09:46:20 rt_sigaction(SIGINT, {SIG_IGN, [], SA_RESTORER, 0x7f155f68e920}, NULL, 8) = 0
22247 09:46:20 rt_sigaction(SIGINT, NULL, {SIG_IGN, [], SA_RESTORER, 0x7f155f68e920}, 8) = 0
22247 09:46:20 rt_sigaction(SIGINT, {0x7f1561b335e0, [], SA_RESTORER, 0x7f155f68e920}, NULL, 8) = 0
22247 09:46:20 rt_sigaction(SIGQUIT, NULL, {SIG_DFL, [], 0}, 8) = 0
22247 09:46:20 rt_sigaction(SIGQUIT, {SIG_IGN, [], SA_RESTORER, 0x7f155f68e920}, NULL, 8) = 0
22247 09:46:20 rt_sigaction(SIGQUIT, NULL, {SIG_IGN, [], SA_RESTORER, 0x7f155f68e920}, 8) = 0
22247 09:46:20 rt_sigaction(SIGQUIT, {0x7f1561b335e0, [], SA_RESTORER, 0x7f155f68e920}, NULL, 8) = 0
22247 09:46:20 rt_sigaction(SIGTERM, NULL, {SIG_DFL, [], 0}, 8) = 0
22247 09:46:20 rt_sigaction(SIGTERM, {SIG_IGN, [], SA_RESTORER, 0x7f155f68e920}, NULL, 8) = 0
22247 09:46:20 rt_sigaction(SIGTERM, NULL, {SIG_IGN, [], SA_RESTORER, 0x7f155f68e920}, 8) = 0
22247 09:46:20 rt_sigaction(SIGTERM, {0x7f1561b335e0, [], SA_RESTORER, 0x7f155f68e920}, NULL, 8) = 0
22247 09:46:20 rt_sigaction(SIGWINCH, NULL, {SIG_DFL, [], 0}, 8) = 0
22247 09:46:20 rt_sigaction(SIGWINCH, {0x7f1561b33c80, [], SA_RESTORER, 0x7f155f68e920}, NULL, 8) = 0
22247 09:46:20 ioctl(0, SNDCTL_TMR_TIMEBASE or TCGETS, {B38400 opost isig icanon echo ...}) = 0
22247 09:46:20 ioctl(0, SNDCTL_TMR_STOP or TCSETSW, {B38400 -opost -isig -icanon -echo ...}) = 0
22247 09:46:20 select(8, [3], [3], NULL, NULL) = 1 (out [3])
22247 09:46:20 write(3, "d\274gOT\27\32AO\376R\201\376$\\_A\355\317\22\361\31t\274\347T\364\32\356\265\30\v"..., 64) = 64
22247 09:46:20 select(8, [3], [], NULL, NULL) = 1 (in [3])
22247 09:46:20 read(3, "\3nHI\351{\31\34\253\6\372\254[\315x\277\222\0\266\362[\320\257]\341\332\34M\26\237\215\374"..., 8192) = 48
22247 09:46:20 ioctl(0, TIOCGWINSZ, {ws_row=46, ws_col=98, ws_xpixel=0, ws_ypixel=0}) = 0
22247 09:46:20 getsockopt(3, SOL_TCP, TCP_NODELAY, [-2938854071190159360], [4]) = 0
22247 09:46:20 setsockopt(3, SOL_TCP, TCP_NODELAY, [1], 4) = 0
22247 09:46:20 getsockname(3, {sa_family=AF_INET, sin_port=htons(39521), sin_addr=inet_addr("192.168.6.21")}, [16]) = 0
22247 09:46:20 setsockopt(3, SOL_IP, IP_TOS, [16], 4) = 0
22247 09:46:20 select(8, [3], [3], NULL, NULL) = 1 (out [3])
22247 09:46:20 write(3, "\240\26{\302\306\377\266\353+\224\317\344*Vn\351u\24{o\216LV{\233J\34\f\251/\356\24"..., 448) = 448
22247 09:46:20 select(8, [3], [], NULL, NULL) = 1 (in [3])
22247 09:46:20 read(3, "\2118\234\231\226\350.\367l\5W&\360p#i^\355#y\203E]i#A\232\3R\205\22\23"..., 8192) = 112
22247 09:46:20 select(8, [3 5], [], NULL, NULL) = 1 (in [3])
22247 09:46:20 read(3, "\2348\25\222\244\265\334\221\262\375\6\252\316R\25E\327\v4\254^\261\277\"\267\271\20\3\352\372!-"..., 8192) = 96
22247 09:46:20 select(8, [3 5], [6], NULL, NULL) = 1 (out [6])
22247 09:46:20 write(6, "Last login: Wed Mar 14 09:20:45 "..., 57) = 57
22247 09:46:20 select(8, [3 5], [], NULL, NULL) = 1 (in [3])
22247 09:46:20 read(3, ";%^\21R+\7p\5\274y\20\214t\\\341y\275\20\241F\203\235\3256>&\326\247^\266Z"..., 8192) = 64
22247 09:46:20 select(8, [3 5], [6], NULL, NULL) = 1 (out [6])
22247 09:46:20 write(6, "\33]0;root@PR-2-3:~\7", 18) = 18
22247 09:46:20 select(8, [3 5], [], NULL, NULL) = 1 (in [3])
22247 09:46:20 read(3, "\372\227\336R\335\311a!Uw\311\347\263\213\363\250\203\236\315\247\237_\200\353,\6\320b\313c\231<"..., 8192) = 80
22247 09:46:20 select(8, [3 5], [6], NULL, NULL) = 1 (out [6])
22247 09:46:20 write(6, "(FUDE-0.4.2@x86_64)[root@PR-2-3 "..., 35) = 35
22247 09:46:20 select(8, [3 5], [], NULL, NULL) = 1 (in [5])
22247 09:46:21 read(5, "i", 16384)      = 1
22247 09:46:21 select(8, [3 5], [3], NULL, NULL) = 1 (out [3])
22247 09:46:21 write(3, "\216`\370R\357\v\207\327\271f\276\r\203!\243\3\3050(=\336#\350'\355\203P\303V\225V\246"..., 48) = 48
22247 09:46:21 select(8, [3 5], [], NULL, NULL) = 1 (in [3])
22247 09:46:21 read(3, "\30\317=\255S\274\310w>\235#\227\342\351G\350P2\t\10b\324:\244\301\313\34R=\235\230%"..., 8192) = 48
22247 09:46:21 select(8, [3 5], [6], NULL, NULL) = 1 (out [6])
22247 09:46:21 write(6, "i", 1)         = 1
22247 09:46:21 select(8, [3 5], [], NULL, NULL) = 1 (in [5])
22247 09:46:21 read(5, "f", 16384)      = 1
22247 09:46:21 select(8, [3 5], [3], NULL, NULL) = 1 (out [3])
22247 09:46:21 write(3, "\277\27\242\337\300\221\t\32\24\r\312\331\0267\251\252\310\4\237\254b\267\301N\311h\5\302\230\264\367\327"..., 48) = 48
22247 09:46:21 select(8, [3 5], [], NULL, NULL) = 1 (in [3])
22247 09:46:21 read(3, " \24\v\35(\312\265?\3042\313\232'.L%\315\311\216\317\205,\36\322\245]\1C\323\370\360>"..., 8192) = 48
22247 09:46:21 select(8, [3 5], [6], NULL, NULL) = 1 (out [6])
22247 09:46:21 write(6, "f", 1)         = 1
22247 09:46:21 select(8, [3 5], [], NULL, NULL) = 1 (in [5])
22247 09:46:22 read(5, "c", 16384)      = 1
22247 09:46:22 select(8, [3 5], [3], NULL, NULL) = 1 (out [3])
22247 09:46:22 write(3, "\344\245>\31\227\1\251\307W\201\30cE\345\tz\333k}m\262>\240d\306\275\323.\325\177\v\275"..., 48) = 48
22247 09:46:22 select(8, [3 5], [], NULL, NULL) = 1 (in [3])
22247 09:46:22 read(3, "\24G\3770\242\336'\221\335op\23,\211\355u\r\325\322\246J\204\"7bn\353\320\0jv\243"..., 8192) = 48
22247 09:46:22 select(8, [3 5], [6], NULL, NULL) = 1 (out [6])
22247 09:46:22 write(6, "c", 1)         = 1
22247 09:46:22 select(8, [3 5], [], NULL, NULL) = 1 (in [5])
22247 09:46:23 read(5, "o", 16384)      = 1
22247 09:46:23 select(8, [3 5], [3], NULL, NULL) = 1 (out [3])
22247 09:46:23 write(3, "\261\376\335Ut\273\242u\271\246\371\227xm>^\275\16u\344\337\32&)\37\262\3[|\376\305\336"..., 48) = 48
22247 09:46:23 select(8, [3 5], [], NULL, NULL) = 1 (in [3])
22247 09:46:23 read(3, "\221\330\274X\266\262\274\21234\327X\353\361\206\261\3\252S6\337\222\222F*\264 k!&T\346"..., 8192) = 48
22247 09:46:23 select(8, [3 5], [6], NULL, NULL) = 1 (out [6])
22247 09:46:23 write(6, "o", 1)         = 1
22247 09:46:23 select(8, [3 5], [], NULL, NULL) = 1 (in [5])
22247 09:46:23 read(5, "n", 16384)      = 1
22247 09:46:23 select(8, [3 5], [3], NULL, NULL) = 1 (out [3])
22247 09:46:23 write(3, "\226d}\0\10\337\372\260\233\24\334i=A\206u\3356\275\355\220L\0359\241[\v?\263\234\302<"..., 48) = 48
22247 09:46:23 select(8, [3 5], [], NULL, NULL) = 1 (in [3])
22247 09:46:23 read(3, "X\304q+\315\371\370h<\271\337\315^UL^X'\237\30\274\223\2161\250\277\347\356\242<]\202"..., 8192) = 48
22247 09:46:23 select(8, [3 5], [6], NULL, NULL) = 1 (out [6])
22247 09:46:23 write(6, "n", 1)         = 1
22247 09:46:23 select(8, [3 5], [], NULL, NULL) = 1 (in [5])
22247 09:46:23 read(5, "f", 16384)      = 1
22247 09:46:23 select(8, [3 5], [3], NULL, NULL) = 1 (out [3])
22247 09:46:23 write(3, "/\331\243\236\353\227\213x\220S\26s\200/EEs\317\210\370\366\256uXe.G\200[G\30a"..., 48) = 48
22247 09:46:23 select(8, [3 5], [], NULL, NULL) = 1 (in [3])
22247 09:46:23 read(3, "$\23\333\232\v\3545\252\205\252b\247\226\2\341\v\37\243\377\3315\350\226\302\231S\217\322\266\245|\27"..., 8192) = 48
22247 09:46:23 select(8, [3 5], [6], NULL, NULL) = 1 (out [6])
22247 09:46:23 write(6, "f", 1)         = 1
22247 09:46:23 select(8, [3 5], [], NULL, NULL) = 1 (in [5])
22247 09:46:23 read(5, "i", 16384)      = 1
22247 09:46:23 select(8, [3 5], [3], NULL, NULL) = 1 (out [3])
22247 09:46:23 write(3, "\374\375\37< \235\375D\313d\353\250S\325H\te/\212g\224S\251Li\2301\236\227\274\355\215"..., 48) = 48
22247 09:46:23 select(8, [3 5], [], NULL, NULL) = 1 (in [3])
22247 09:46:23 read(3, "\363\364\334\6\230\260\247\275\220\6\27\333\236\341+\303q\344:\234Hn\221\323X\312\r\323 \230~M"..., 8192) = 48
22247 09:46:23 select(8, [3 5], [6], NULL, NULL) = 1 (out [6])
22247 09:46:23 write(6, "i", 1)         = 1
22247 09:46:23 select(8, [3 5], [], NULL, NULL) = 1 (in [5])
22247 09:46:24 read(5, "g", 16384)      = 1
22247 09:46:24 select(8, [3 5], [3], NULL, NULL) = 1 (out [3])
22247 09:46:24 write(3, "\375\360\312\367\316b ,\32\226--d\"\244\314\214\21\2635\27\224\320S\300\312\f\2106\251a]"..., 48) = 48
22247 09:46:24 select(8, [3 5], [], NULL, NULL) = 1 (in [3])
22247 09:46:24 read(3, "K\"\364\277\2x\232\17\16\2007\0\215\315\246\221\240\2540 \256\260\346r\5@\220#\307\306}\7"..., 8192) = 48
22247 09:46:24 select(8, [3 5], [6], NULL, NULL) = 1 (out [6])
22247 09:46:24 write(6, "g", 1)         = 1
22247 09:46:24 select(8, [3 5], [], NULL, NULL) = 1 (in [5])
22247 09:46:26 read(5, "\33[D", 16384)  = 3
22247 09:46:26 select(8, [3 5], [3], NULL, NULL) = 1 (out [3])
22247 09:46:26 write(3, "\223\300\300`\367k\335\264s_\7\240+w\323\325\322hb!4l\247\224\314\312\22@\365\314<\341"..., 48) = 48
22247 09:46:26 select(8, [3 5], [], NULL, NULL) = 1 (in [3])
22247 09:46:26 read(3, "z\233\374y\364\337\367\225\4\242n\322%\332\273U\350\213<\33\202\250\203\24\2\r-\215\304\351\204\223"..., 8192) = 48
22247 09:46:26 select(8, [3 5], [6], NULL, NULL) = 1 (out [6])
22247 09:46:26 write(6, "\10", 1)       = 1
22247 09:46:26 select(8, [3 5], [], NULL, NULL) = 1 (in [5])
22247 09:46:27 read(5, "\33[D", 16384)  = 3
22247 09:46:27 select(8, [3 5], [3], NULL, NULL) = 1 (out [3])
22247 09:46:27 write(3, "$C\t\32zH\t\223\343G\353\207\22\333\344Gc\"\214\243&\364c\277\374\3? \230\320\257\266"..., 48) = 48
22247 09:46:27 select(8, [3 5], [], NULL, NULL) = 1 (in [3])
22247 09:46:27 read(3, "\226\357\21I\200+\372:\3747\342{\350\33423\35\375\266\f@r\342d\2328\234F\365\225\374E"..., 8192) = 48
22247 09:46:27 select(8, [3 5], [6], NULL, NULL) = 1 (out [6])
22247 09:46:27 write(6, "\10", 1)       = 1
22247 09:46:27 select(8, [3 5], [], NULL, NULL) = 1 (in [5])
22247 09:46:38 read(5, "\10", 16384)    = 1
22247 09:46:38 select(8, [3 5], [3], NULL, NULL) = 1 (out [3])
22247 09:46:38 write(3, "\270_\355\332\337\207\325=\252<\r\326\232\214\202\277\340K%z\324F\375\224\254\211\nV\323\326\315\224"..., 48) = 48
22247 09:46:38 select(8, [3 5], [], NULL, NULL) = 1 (in [3])
22247 09:46:38 read(3, "\216\311!4\252X7\310c\1\16Q\264\241\35\376u\332N\3128\20W\10OR\354Y/\255W\316"..., 8192) = 48
22247 09:46:38 select(8, [3 5], [6], NULL, NULL) = 1 (out [6])
22247 09:46:38 write(6, "\10\33[1Pig\10\10", 9) = 9
22247 09:46:38 select(8, [3 5], [], NULL, NULL) = 1 (in [5])
22247 09:46:43 read(5, "f", 16384)      = 1
22247 09:46:43 select(8, [3 5], [3], NULL, NULL) = 1 (out [3])
22247 09:46:43 write(3, "\377k\27\235]\370\277\350\343T\231\r\244Q6\265\363\334\t\17\233\16d\305qE [\307\377\20_"..., 48) = 48
22247 09:46:43 select(8, [3 5], [], NULL, NULL) = 1 (in [3])
22247 09:46:43 read(3, "\375z\213y\220O:\243\r\377Gv\204\267M\374Za)\366d\27\374m\36`\262b,\366\313\t"..., 8192) = 48
22247 09:46:43 select(8, [3 5], [6], NULL, NULL) = 1 (out [6])
22247 09:46:43 write(6, "fig\10\10", 5) = 5
22247 09:46:43 select(8, [3 5], [], NULL, NULL) = 1 (in [5])
22247 09:47:30 read(5, "\r", 16384)     = 1
22247 09:47:30 select(8, [3 5], [3], NULL, NULL) = 1 (out [3])
22247 09:47:30 write(3, "\347\213\364\273\230\222\301\241T-\273\264\32\233k\n\v?\250\320we\220t\0369MV]\212\355\2"..., 48) = 48
22247 09:47:30 select(8, [3 5], [], NULL, NULL) = 1 (in [3])
22247 09:47:30 read(3, "M\267\255/\232F\360pe\362\3\31]\302\336<\355\tT\372\210\244\216\350:)\263F\311vJ7"..., 8192) = 48
22247 09:47:30 select(8, [3 5], [6], NULL, NULL) = 1 (out [6])
22247 09:47:30 write(6, "\r\n", 2)      = 2
22247 09:47:30 select(8, [3 5], [], NULL, NULL) = 1 (in [3])
22247 09:47:30 read(3, "\16\333\210N._\264\331\376\336\314\335\226\34vr\32\233iKk\374\212\253\23SA8\245}\315\355"..., 8192) = 1488
22247 09:47:30 select(8, [3 5], [6], NULL, NULL) = 1 (out [6])
22247 09:47:30 write(6, "eth0      Link encap:Ethernet  H"..., 1051) = 1051
22247 09:47:30 select(8, [3 5], [], NULL, NULL) = 1 (in [3])
22247 09:47:30 read(3, "9\332\335\7\305\340\204\3117>\341\331W\356\324nH\203P.\374\375\10\312D\213B\n\270\262#q"..., 8192) = 1392
22247 09:47:30 select(8, [3 5], [6], NULL, NULL) = 2 (in [3], out [6])
22247 09:47:30 write(6, "          inet6 addr: fe80::600:"..., 1020) = 1020
22247 09:47:30 read(3, "B_#\252fJA\264\3162?\277[\5\277-\335\236&\314_\37o\330~\243\0008\347\203Ha"..., 8192) = 352
22247 09:47:30 select(8, [3 5], [6], NULL, NULL) = 1 (out [6])
22247 09:47:30 write(6, "          UP LOOPBACK RUNNING  M"..., 316) = 316
22247 09:47:30 select(8, [3 5], [], NULL, NULL) = 1 (in [3])
22247 09:47:30 read(3, "K0\211\304\232\4\272\351\263\203\214\370\30k\202&\0\224\277\357`\220\346eHPh\373Y\177i|"..., 8192) = 112
22247 09:47:30 select(8, [3 5], [6], NULL, NULL) = 1 (out [6])
22247 09:47:30 write(6, "\33]0;root@PR-2-3:~\7", 18) = 18
22247 09:47:30 select(8, [3 5], [], NULL, NULL) = 1 (in [3])
22247 09:47:30 read(3, "\363\201\311\23\20QRX\272\3457\r\252\21\225`\30\r\226\261W\30\341\234\233R\3772\364\26.)"..., 8192) = 80
22247 09:47:30 select(8, [3 5], [6], NULL, NULL) = 1 (out [6])
22247 09:47:30 write(6, "(FUDE-0.4.2@x86_64)[root@PR-2-3 "..., 35) = 35
22247 09:47:30 select(8, [3 5], [], NULL, NULL) = 1 (in [5])
22247 09:47:30 read(5, "e", 16384)      = 1
22247 09:47:30 select(8, [3 5], [3], NULL, NULL) = 1 (out [3])
22247 09:47:30 write(3, "\240\33y?\317uN\202\2h*\363uM\316\303:\332>\7h\267\237:\275~,\270\371\24r\364"..., 48) = 48
22247 09:47:30 select(8, [3 5], [], NULL, NULL) = 1 (in [3])
22247 09:47:30 read(3, "\310\203\224\177\240\307\202\312qYe4\312\31/\2678\23\2415]rZX\235\340\214\325\226K(/"..., 8192) = 48
22247 09:47:30 select(8, [3 5], [6], NULL, NULL) = 1 (out [6])
22247 09:47:30 write(6, "e", 1)         = 1
22247 09:47:30 select(8, [3 5], [], NULL, NULL) = 1 (in [5])
22247 09:47:31 read(5, "x", 16384)      = 1
22247 09:47:31 select(8, [3 5], [3], NULL, NULL) = 1 (out [3])
22247 09:47:31 write(3, "\371\271\266\373\1\256rq\0320\17\272\216\240{\206!\317\242\275\"\370\250H\3\30=\267z\373\306\375"..., 48) = 48
22247 09:47:31 select(8, [3 5], [], NULL, NULL) = 1 (in [3])
22247 09:47:31 read(3, "t{\235 8\177\374\375~\302\215\345\367O\365\4\311g\225\371D\10p{\363{\20{.P\217\212"..., 8192) = 48
22247 09:47:31 select(8, [3 5], [6], NULL, NULL) = 1 (out [6])
22247 09:47:31 write(6, "x", 1)         = 1
22247 09:47:31 select(8, [3 5], [], NULL, NULL) = 1 (in [5])
22247 09:47:31 read(5, "i", 16384)      = 1
22247 09:47:31 select(8, [3 5], [3], NULL, NULL) = 1 (out [3])
22247 09:47:31 write(3, "\0009\206\"\245\202\237^\371\244\316\330`\325\343\350\310J\220\37k\265\273C;2\361\261`/'\305"..., 48) = 48
22247 09:47:31 select(8, [3 5], [], NULL, NULL) = 1 (in [3])
22247 09:47:31 read(3, "\372P\316\250\240\30$d\222\f\203\372\36\3s\307B\257\307\224\336\265\304\353\366\300D\31G\271\331\221"..., 8192) = 48
22247 09:47:31 select(8, [3 5], [6], NULL, NULL) = 1 (out [6])
22247 09:47:31 write(6, "i", 1)         = 1
22247 09:47:31 select(8, [3 5], [], NULL, NULL) = 1 (in [5])
22247 09:47:31 read(5, "t", 16384)      = 1
22247 09:47:31 select(8, [3 5], [3], NULL, NULL) = 1 (out [3])
22247 09:47:31 write(3, "\210gD6!\234\262\317\10}\210\215\23\275\261\362\203\27\312,\tfx\20\275Tx\3231\314\316\360"..., 48) = 48
22247 09:47:31 select(8, [3 5], [], NULL, NULL) = 1 (in [3])
22247 09:47:31 read(3, "@*\24e\24\207\254\310\276\315\3744\324b\206\323\255\372\366m\242\304[@\2\275\250OQr\345\253"..., 8192) = 48
22247 09:47:31 select(8, [3 5], [6], NULL, NULL) = 1 (out [6])
22247 09:47:31 write(6, "t", 1)         = 1
22247 09:47:31 select(8, [3 5], [], NULL, NULL) = 1 (in [5])
22247 09:47:31 read(5, "\r", 16384)     = 1
22247 09:47:31 select(8, [3 5], [3], NULL, NULL) = 1 (out [3])
22247 09:47:31 write(3, "\4$\n\227l\350\375\365G\212\276G\342\251q\364\322\243\361_\301\366-\23\231fH\274\4\324i^"..., 48) = 48
22247 09:47:31 select(8, [3 5], [], NULL, NULL) = 1 (in [3])
22247 09:47:31 read(3, "\345\364=x\17{\361\0371,\7\323]!K\322\344\371\346$\340\230\221\200s@-\265\243\4\260\336"..., 8192) = 96
22247 09:47:31 select(8, [3 5], [6], NULL, NULL) = 1 (out [6])
22247 09:47:31 write(6, "\r\nlogout\r\n", 10) = 10
22247 09:47:31 select(8, [3 5], [], NULL, NULL) = 1 (in [3])
22247 09:47:31 read(3, "\1\234Ok$'\244\313\26\206\301\323\254\341\313\24\27\342\264R\23Ni\21\277\274\340\362\36z+\266"..., 8192) = 48
22247 09:47:31 select(8, [3 5], [6], NULL, NULL) = 1 (out [6])
22247 09:47:31 write(6, "\33[H\33[2J", 7) = 7
22247 09:47:31 select(8, [3 5], [], NULL, NULL) = 1 (in [3])
22247 09:47:31 read(3, "1\r\333Y\2607\340\241\34}\365`$\375r~6\32\347\275&\216:xV\351\302`5\\\1\213"..., 8192) = 128
22247 09:47:31 close(6)                 = 0
22247 09:47:31 close(5)                 = 0
22247 09:47:31 ioctl(0, SNDCTL_TMR_STOP or TCSETSW, {B38400 opost isig icanon echo ...}) = 0
22247 09:47:31 close(7)                 = 0
22247 09:47:31 select(8, [3], [3], NULL, NULL) = 1 (out [3])
22247 09:47:31 write(3, "\341\17H6\254\321\334\0241W^\272\2_\22+;[\230lV&j\5\27S.\35q\262O\f", 32) = 32
22247 09:47:31 rt_sigaction(SIGWINCH, NULL, {0x7f1561b33c80, [], SA_RESTORER, 0x7f155f68e920}, 8) = 0
22247 09:47:31 rt_sigaction(SIGWINCH, {SIG_DFL, [], SA_RESTORER, 0x7f155f68e920}, NULL, 8) = 0
22247 09:47:31 write(3, "\363\230\250j\341@\375sW\327\255\"y--\315\314\337\325\t6\207\262\214\310\16\376\215W\236\27\275"..., 64) = 64
22247 09:47:31 ioctl(0, SNDCTL_TMR_TIMEBASE or TCGETS, {B38400 opost isig icanon echo ...}) = 0
22247 09:47:31 ioctl(1, SNDCTL_TMR_TIMEBASE or TCGETS, {B38400 opost isig icanon echo ...}) = 0
22247 09:47:31 ioctl(2, SNDCTL_TMR_TIMEBASE or TCGETS, {B38400 opost isig icanon echo ...}) = 0
22247 09:47:31 write(2, "Connection to 192.167.2.3 closed"..., 35) = 35
22247 09:47:31 shutdown(3, 2 /* send and receive */) = 0
22247 09:47:31 close(3)                 = 0
22247 09:47:31 exit_group(0)            = ?
