22197 09:21:36 select(4, [3], NULL, NULL, NULL) = 1 (in [3])
22197 09:21:36 read(3, "E\21\t\201\361g\245\21x\226\275\312B\316\7\25\213c\320\367\371c\264\362\254\326\333z\342\203\276A"..., 8192) = 48
22197 09:21:36 write(3, "\3578\244H\237\270,P\276\30\223\330f\202\244w\3\3501\17b\364\230O\353\245x\33.\300\317\275"..., 64) = 64
22197 09:21:36 select(4, [3], NULL, NULL, NULL) = 1 (in [3])
22197 09:21:36 read(3, "@V\20Z\266\32\f\312\202t=\322/\274\372\3-\273j\34uj<c\337\256\263',s\322\334"..., 8192) = 80
22197 09:21:36 getpeername(3, {sa_family=AF_INET, sin_port=htons(22), sin_addr=inet_addr("192.167.2.3")}, [16]) = 0
22197 09:21:36 open("/etc/protocols", O_RDONLY|O_CLOEXEC) = 5
22197 09:21:36 fstat(5, {st_mode=S_IFREG|0644, st_size=6455, ...}) = 0
22197 09:21:36 mmap(NULL, 4096, PROT_READ|PROT_WRITE, MAP_PRIVATE|MAP_ANONYMOUS, -1, 0) = 0x7f602caff000
22197 09:21:36 read(5, "# /etc/protocols:\n# $Id: protoco"..., 4096) = 4096
22197 09:21:36 close(5)                 = 0
22197 09:21:36 munmap(0x7f602caff000, 4096) = 0
22197 09:21:36 getsockopt(3, SOL_IP, IP_OPTIONS, "", [0]) = 0
22197 09:21:36 socket(PF_FILE, SOCK_STREAM|SOCK_CLOEXEC|SOCK_NONBLOCK, 0) = 5
22197 09:21:36 connect(5, {sa_family=AF_FILE, path="/var/run/nscd/socket"}, 110) = -1 ENOENT (No such file or directory)
22197 09:21:36 close(5)                 = 0
22197 09:21:36 socket(PF_FILE, SOCK_STREAM|SOCK_CLOEXEC|SOCK_NONBLOCK, 0) = 5
22197 09:21:36 connect(5, {sa_family=AF_FILE, path="/var/run/nscd/socket"}, 110) = -1 ENOENT (No such file or directory)
22197 09:21:36 close(5)                 = 0
22197 09:21:36 open("/etc/resolv.conf", O_RDONLY) = 5
22197 09:21:36 fstat(5, {st_mode=S_IFREG|0644, st_size=228, ...}) = 0
22197 09:21:36 mmap(NULL, 4096, PROT_READ|PROT_WRITE, MAP_PRIVATE|MAP_ANONYMOUS, -1, 0) = 0x7f602caff000
22197 09:21:36 read(5, "# Generated by NetworkManager\n\n\n"..., 4096) = 228
22197 09:21:36 read(5, "", 4096)        = 0
22197 09:21:36 close(5)                 = 0
22197 09:21:36 munmap(0x7f602caff000, 4096) = 0
22197 09:21:36 uname({sys="Linux", node="zabbixserver-6-21", ...}) = 0
22197 09:21:36 open("/etc/host.conf", O_RDONLY) = 5
22197 09:21:36 fstat(5, {st_mode=S_IFREG|0644, st_size=9, ...}) = 0
22197 09:21:36 mmap(NULL, 4096, PROT_READ|PROT_WRITE, MAP_PRIVATE|MAP_ANONYMOUS, -1, 0) = 0x7f602caff000
22197 09:21:36 read(5, "multi on\n", 4096) = 9
22197 09:21:36 read(5, "", 4096)        = 0
22197 09:21:36 close(5)                 = 0
22197 09:21:36 munmap(0x7f602caff000, 4096) = 0
22197 09:21:36 futex(0x7f602a9cb384, FUTEX_WAKE_PRIVATE, 2147483647) = 0
22197 09:21:36 open("/etc/hosts", O_RDONLY|O_CLOEXEC) = 5
22197 09:21:36 fstat(5, {st_mode=S_IFREG|0644, st_size=217, ...}) = 0
22197 09:21:36 mmap(NULL, 4096, PROT_READ|PROT_WRITE, MAP_PRIVATE|MAP_ANONYMOUS, -1, 0) = 0x7f602caff000
22197 09:21:36 read(5, "127.0.0.1   localhost localhost."..., 4096) = 217
22197 09:21:36 read(5, "", 4096)        = 0
22197 09:21:36 close(5)                 = 0
22197 09:21:36 munmap(0x7f602caff000, 4096) = 0
22197 09:21:36 open("/opt/FUDE-1.0/fude/lib/libnss_dns.so.2", O_RDONLY) = -1 ENOENT (No such file or directory)
22197 09:21:36 open("/opt/FUDE-1.0/utils/lib/libnss_dns.so.2", O_RDONLY) = -1 ENOENT (No such file or directory)
22197 09:21:36 open("/opt/FUDE-1.0/log/lib/libnss_dns.so.2", O_RDONLY) = -1 ENOENT (No such file or directory)
22197 09:21:36 open("/opt/FUDE-1.0/netsnmp/lib/libnss_dns.so.2", O_RDONLY) = -1 ENOENT (No such file or directory)
22197 09:21:36 open("/opt/FUDE-1.0/python/lib/libnss_dns.so.2", O_RDONLY) = -1 ENOENT (No such file or directory)
22197 09:21:36 open("/opt/FUDE-1.0/boost/lib/libnss_dns.so.2", O_RDONLY) = -1 ENOENT (No such file or directory)
22197 09:21:36 open("/opt/FUDE-1.0/cppunit/lib/libnss_dns.so.2", O_RDONLY) = -1 ENOENT (No such file or directory)
22197 09:21:36 open("/opt/FUDE-1.0/TAO/ACE_wrappers/lib/libnss_dns.so.2", O_RDONLY) = -1 ENOENT (No such file or directory)
22197 09:21:36 open("tls/x86_64/libnss_dns.so.2", O_RDONLY) = -1 ENOENT (No such file or directory)
22197 09:21:36 open("tls/libnss_dns.so.2", O_RDONLY) = -1 ENOENT (No such file or directory)
22197 09:21:36 open("x86_64/libnss_dns.so.2", O_RDONLY) = -1 ENOENT (No such file or directory)
22197 09:21:36 open("libnss_dns.so.2", O_RDONLY) = -1 ENOENT (No such file or directory)
22197 09:21:36 open("/etc/ld.so.cache", O_RDONLY) = 5
22197 09:21:36 fstat(5, {st_mode=S_IFREG|0644, st_size=207633, ...}) = 0
22197 09:21:36 mmap(NULL, 207633, PROT_READ, MAP_PRIVATE, 5, 0) = 0x7f602cacd000
22197 09:21:36 close(5)                 = 0
22197 09:21:36 open("/lib64/libnss_dns.so.2", O_RDONLY) = 5
22197 09:21:36 read(5, "\177ELF\2\1\1\0\0\0\0\0\0\0\0\0\3\0>\0\1\0\0\0\0\20\0\0\0\0\0\0"..., 832) = 832
22197 09:21:36 fstat(5, {st_mode=S_IFREG|0755, st_size=27424, ...}) = 0
22197 09:21:36 mmap(NULL, 2117880, PROT_READ|PROT_EXEC, MAP_PRIVATE|MAP_DENYWRITE, 5, 0) = 0x7f6028f2a000
22197 09:21:36 mprotect(0x7f6028f2f000, 2093056, PROT_NONE) = 0
22197 09:21:36 mmap(0x7f602912e000, 8192, PROT_READ|PROT_WRITE, MAP_PRIVATE|MAP_FIXED|MAP_DENYWRITE, 5, 0x4000) = 0x7f602912e000
22197 09:21:36 close(5)                 = 0
22197 09:21:36 mprotect(0x7f602912e000, 4096, PROT_READ) = 0
22197 09:21:36 munmap(0x7f602cacd000, 207633) = 0
22197 09:21:36 futex(0x7f6029fcf2e8, FUTEX_WAKE_PRIVATE, 2147483647) = 0
22197 09:21:36 futex(0x7f6029fcf270, FUTEX_WAKE_PRIVATE, 2147483647) = 0
22197 09:21:36 futex(0x7f602b657fd0, FUTEX_WAKE_PRIVATE, 2147483647) = 0
22197 09:21:36 stat("/etc/gss/mech", 0x7fff36614a00) = -1 ENOENT (No such file or directory)
22197 09:21:36 stat("/etc/gss/mech", 0x7fff36614950) = -1 ENOENT (No such file or directory)
22197 09:21:36 futex(0x7f602b416200, FUTEX_WAKE_PRIVATE, 2147483647) = 0
22197 09:21:36 futex(0x7f602b416600, FUTEX_WAKE_PRIVATE, 2147483647) = 0
22197 09:21:36 stat("/etc/krb5.conf", {st_mode=S_IFREG|0644, st_size=449, ...}) = 0
22197 09:21:36 open("/etc/krb5.conf", O_RDONLY) = 5
22197 09:21:36 fcntl(5, F_SETFD, FD_CLOEXEC) = 0
22197 09:21:36 fstat(5, {st_mode=S_IFREG|0644, st_size=449, ...}) = 0
22197 09:21:36 mmap(NULL, 4096, PROT_READ|PROT_WRITE, MAP_PRIVATE|MAP_ANONYMOUS, -1, 0) = 0x7f602caff000
22197 09:21:36 read(5, "[logging]\n default = FILE:/var/l"..., 4096) = 449
22197 09:21:36 read(5, "", 4096)        = 0
22197 09:21:36 close(5)                 = 0
22197 09:21:36 munmap(0x7f602caff000, 4096) = 0
22197 09:21:36 open("/dev/urandom", O_RDONLY) = 5
22197 09:21:36 fcntl(5, F_SETFD, FD_CLOEXEC) = 0
22197 09:21:36 fstat(5, {st_mode=S_IFCHR|0666, st_rdev=makedev(1, 9), ...}) = 0
22197 09:21:36 read(5, "\247\237\3106\226\346\237r\365@\213\33\250\310o\231\314\361\240l", 20) = 20
22197 09:21:36 close(5)                 = 0
22197 09:21:36 futex(0x7f602b1372d0, FUTEX_WAKE_PRIVATE, 2147483647) = 0
22197 09:21:36 socket(PF_NETLINK, SOCK_RAW, 0) = 5
22197 09:21:36 bind(5, {sa_family=AF_NETLINK, pid=0, groups=00000000}, 12) = 0
22197 09:21:36 getsockname(5, {sa_family=AF_NETLINK, pid=22197, groups=00000000}, [12]) = 0
22197 09:21:36 sendto(5, "\24\0\0\0\26\0\1\3 y\250Z\0\0\0\0\0\0\0\0", 20, 0, {sa_family=AF_NETLINK, pid=0, groups=00000000}, 12) = 20
22197 09:21:36 recvmsg(5, {msg_name(12)={sa_family=AF_NETLINK, pid=0, groups=00000000}, msg_iov(1)=[{"0\0\0\0\24\0\2\0 y\250Z\265V\0\0\2\10\200\376\1\0\0\0\10\0\1\0\177\0\0\1"..., 4096}], msg_controllen=0, msg_flags=0}, 0) = 108
22197 09:21:36 recvmsg(5, {msg_name(12)={sa_family=AF_NETLINK, pid=0, groups=00000000}, msg_iov(1)=[{"@\0\0\0\24\0\2\0 y\250Z\265V\0\0\n\200\200\376\1\0\0\0\24\0\1\0\0\0\0\0"..., 4096}], msg_controllen=0, msg_flags=0}, 0) = 128
22197 09:21:36 recvmsg(5, {msg_name(12)={sa_family=AF_NETLINK, pid=0, groups=00000000}, msg_iov(1)=[{"\24\0\0\0\3\0\2\0 y\250Z\265V\0\0\0\0\0\0\1\0\0\0\24\0\1\0\0\0\0\0"..., 4096}], msg_controllen=0, msg_flags=0}, 0) = 20
22197 09:21:36 close(5)                 = 0
22197 09:21:36 open("/etc/hosts", O_RDONLY|O_CLOEXEC) = 5
22197 09:21:36 fstat(5, {st_mode=S_IFREG|0644, st_size=217, ...}) = 0
22197 09:21:36 mmap(NULL, 4096, PROT_READ|PROT_WRITE, MAP_PRIVATE|MAP_ANONYMOUS, -1, 0) = 0x7f602caff000
22197 09:21:36 read(5, "127.0.0.1   localhost localhost."..., 4096) = 217
22197 09:21:36 read(5, "", 4096)        = 0
22197 09:21:36 close(5)                 = 0
22197 09:21:36 munmap(0x7f602caff000, 4096) = 0
22197 09:21:36 stat("/etc/krb5.conf", {st_mode=S_IFREG|0644, st_size=449, ...}) = 0
22197 09:21:36 open("/etc/krb5.conf", O_RDONLY) = 5
22197 09:21:36 fcntl(5, F_SETFD, FD_CLOEXEC) = 0
22197 09:21:36 fstat(5, {st_mode=S_IFREG|0644, st_size=449, ...}) = 0
22197 09:21:36 mmap(NULL, 4096, PROT_READ|PROT_WRITE, MAP_PRIVATE|MAP_ANONYMOUS, -1, 0) = 0x7f602caff000
22197 09:21:36 read(5, "[logging]\n default = FILE:/var/l"..., 4096) = 449
22197 09:21:36 read(5, "", 4096)        = 0
22197 09:21:36 close(5)                 = 0
22197 09:21:36 munmap(0x7f602caff000, 4096) = 0
22197 09:21:36 open("/dev/urandom", O_RDONLY) = 5
22197 09:21:36 fcntl(5, F_SETFD, FD_CLOEXEC) = 0
22197 09:21:36 fstat(5, {st_mode=S_IFCHR|0666, st_rdev=makedev(1, 9), ...}) = 0
22197 09:21:36 read(5, "zl\273&\214\261\270\205lkW\364\312\234\10\346A\237\210$", 20) = 20
22197 09:21:36 close(5)                 = 0
22197 09:21:36 socket(PF_NETLINK, SOCK_RAW, 0) = 5
22197 09:21:36 bind(5, {sa_family=AF_NETLINK, pid=0, groups=00000000}, 12) = 0
22197 09:21:36 getsockname(5, {sa_family=AF_NETLINK, pid=22197, groups=00000000}, [12]) = 0
22197 09:21:36 sendto(5, "\24\0\0\0\26\0\1\3 y\250Z\0\0\0\0\0\0\0\0", 20, 0, {sa_family=AF_NETLINK, pid=0, groups=00000000}, 12) = 20
22197 09:21:36 recvmsg(5, {msg_name(12)={sa_family=AF_NETLINK, pid=0, groups=00000000}, msg_iov(1)=[{"0\0\0\0\24\0\2\0 y\250Z\265V\0\0\2\10\200\376\1\0\0\0\10\0\1\0\177\0\0\1"..., 4096}], msg_controllen=0, msg_flags=0}, 0) = 108
22197 09:21:36 recvmsg(5, {msg_name(12)={sa_family=AF_NETLINK, pid=0, groups=00000000}, msg_iov(1)=[{"@\0\0\0\24\0\2\0 y\250Z\265V\0\0\n\200\200\376\1\0\0\0\24\0\1\0\0\0\0\0"..., 4096}], msg_controllen=0, msg_flags=0}, 0) = 128
22197 09:21:36 recvmsg(5, {msg_name(12)={sa_family=AF_NETLINK, pid=0, groups=00000000}, msg_iov(1)=[{"\24\0\0\0\3\0\2\0 y\250Z\265V\0\0\0\0\0\0\1\0\0\0\24\0\1\0\0\0\0\0"..., 4096}], msg_controllen=0, msg_flags=0}, 0) = 20
22197 09:21:36 close(5)                 = 0
22197 09:21:36 open("/etc/hosts", O_RDONLY|O_CLOEXEC) = 5
22197 09:21:36 fstat(5, {st_mode=S_IFREG|0644, st_size=217, ...}) = 0
22197 09:21:36 mmap(NULL, 4096, PROT_READ|PROT_WRITE, MAP_PRIVATE|MAP_ANONYMOUS, -1, 0) = 0x7f602caff000
22197 09:21:36 read(5, "127.0.0.1   localhost localhost."..., 4096) = 217
22197 09:21:36 read(5, "", 4096)        = 0
22197 09:21:36 close(5)                 = 0
22197 09:21:36 munmap(0x7f602caff000, 4096) = 0
22197 09:21:36 stat("/etc/krb5.conf", {st_mode=S_IFREG|0644, st_size=449, ...}) = 0
22197 09:21:36 open("/etc/krb5.conf", O_RDONLY) = 5
22197 09:21:36 fcntl(5, F_SETFD, FD_CLOEXEC) = 0
22197 09:21:36 fstat(5, {st_mode=S_IFREG|0644, st_size=449, ...}) = 0
22197 09:21:36 mmap(NULL, 4096, PROT_READ|PROT_WRITE, MAP_PRIVATE|MAP_ANONYMOUS, -1, 0) = 0x7f602caff000
22197 09:21:36 read(5, "[logging]\n default = FILE:/var/l"..., 4096) = 449
22197 09:21:36 read(5, "", 4096)        = 0
22197 09:21:36 close(5)                 = 0
22197 09:21:36 munmap(0x7f602caff000, 4096) = 0
22197 09:21:36 open("/dev/urandom", O_RDONLY) = 5
22197 09:21:36 fcntl(5, F_SETFD, FD_CLOEXEC) = 0
22197 09:21:36 fstat(5, {st_mode=S_IFCHR|0666, st_rdev=makedev(1, 9), ...}) = 0
22197 09:21:36 read(5, "\2]T\264\t\255\232~\316A\3100\17\367|\27\340[\344Y", 20) = 20
22197 09:21:36 close(5)                 = 0
22197 09:21:36 socket(PF_NETLINK, SOCK_RAW, 0) = 5
22197 09:21:36 bind(5, {sa_family=AF_NETLINK, pid=0, groups=00000000}, 12) = 0
22197 09:21:36 getsockname(5, {sa_family=AF_NETLINK, pid=22197, groups=00000000}, [12]) = 0
22197 09:21:36 sendto(5, "\24\0\0\0\26\0\1\3 y\250Z\0\0\0\0\0\0\0\0", 20, 0, {sa_family=AF_NETLINK, pid=0, groups=00000000}, 12) = 20
22197 09:21:36 recvmsg(5, {msg_name(12)={sa_family=AF_NETLINK, pid=0, groups=00000000}, msg_iov(1)=[{"0\0\0\0\24\0\2\0 y\250Z\265V\0\0\2\10\200\376\1\0\0\0\10\0\1\0\177\0\0\1"..., 4096}], msg_controllen=0, msg_flags=0}, 0) = 108
22197 09:21:36 recvmsg(5, {msg_name(12)={sa_family=AF_NETLINK, pid=0, groups=00000000}, msg_iov(1)=[{"@\0\0\0\24\0\2\0 y\250Z\265V\0\0\n\200\200\376\1\0\0\0\24\0\1\0\0\0\0\0"..., 4096}], msg_controllen=0, msg_flags=0}, 0) = 128
22197 09:21:36 recvmsg(5, {msg_name(12)={sa_family=AF_NETLINK, pid=0, groups=00000000}, msg_iov(1)=[{"\24\0\0\0\3\0\2\0 y\250Z\265V\0\0\0\0\0\0\1\0\0\0\24\0\1\0\0\0\0\0"..., 4096}], msg_controllen=0, msg_flags=0}, 0) = 20
22197 09:21:36 close(5)                 = 0
22197 09:21:36 open("/etc/hosts", O_RDONLY|O_CLOEXEC) = 5
22197 09:21:36 fstat(5, {st_mode=S_IFREG|0644, st_size=217, ...}) = 0
22197 09:21:36 mmap(NULL, 4096, PROT_READ|PROT_WRITE, MAP_PRIVATE|MAP_ANONYMOUS, -1, 0) = 0x7f602caff000
22197 09:21:36 read(5, "127.0.0.1   localhost localhost."..., 4096) = 217
22197 09:21:36 read(5, "", 4096)        = 0
22197 09:21:36 close(5)                 = 0
22197 09:21:36 munmap(0x7f602caff000, 4096) = 0
22197 09:21:36 stat("/etc/krb5.conf", {st_mode=S_IFREG|0644, st_size=449, ...}) = 0
22197 09:21:36 open("/etc/krb5.conf", O_RDONLY) = 5
22197 09:21:36 fcntl(5, F_SETFD, FD_CLOEXEC) = 0
22197 09:21:36 fstat(5, {st_mode=S_IFREG|0644, st_size=449, ...}) = 0
22197 09:21:36 mmap(NULL, 4096, PROT_READ|PROT_WRITE, MAP_PRIVATE|MAP_ANONYMOUS, -1, 0) = 0x7f602caff000
22197 09:21:36 read(5, "[logging]\n default = FILE:/var/l"..., 4096) = 449
22197 09:21:36 read(5, "", 4096)        = 0
22197 09:21:36 close(5)                 = 0
22197 09:21:36 munmap(0x7f602caff000, 4096) = 0
22197 09:21:36 open("/dev/urandom", O_RDONLY) = 5
22197 09:21:36 fcntl(5, F_SETFD, FD_CLOEXEC) = 0
22197 09:21:36 fstat(5, {st_mode=S_IFCHR|0666, st_rdev=makedev(1, 9), ...}) = 0
22197 09:21:36 read(5, "\247\236Q\253mQ\231r\364\254t\26\17\372\234\272!X\224\271", 20) = 20
22197 09:21:36 close(5)                 = 0
22197 09:21:36 socket(PF_NETLINK, SOCK_RAW, 0) = 5
22197 09:21:36 bind(5, {sa_family=AF_NETLINK, pid=0, groups=00000000}, 12) = 0
22197 09:21:36 getsockname(5, {sa_family=AF_NETLINK, pid=22197, groups=00000000}, [12]) = 0
22197 09:21:36 sendto(5, "\24\0\0\0\26\0\1\3 y\250Z\0\0\0\0\0\0\0\0", 20, 0, {sa_family=AF_NETLINK, pid=0, groups=00000000}, 12) = 20
22197 09:21:36 recvmsg(5, {msg_name(12)={sa_family=AF_NETLINK, pid=0, groups=00000000}, msg_iov(1)=[{"0\0\0\0\24\0\2\0 y\250Z\265V\0\0\2\10\200\376\1\0\0\0\10\0\1\0\177\0\0\1"..., 4096}], msg_controllen=0, msg_flags=0}, 0) = 108
22197 09:21:36 recvmsg(5, {msg_name(12)={sa_family=AF_NETLINK, pid=0, groups=00000000}, msg_iov(1)=[{"@\0\0\0\24\0\2\0 y\250Z\265V\0\0\n\200\200\376\1\0\0\0\24\0\1\0\0\0\0\0"..., 4096}], msg_controllen=0, msg_flags=0}, 0) = 128
22197 09:21:36 recvmsg(5, {msg_name(12)={sa_family=AF_NETLINK, pid=0, groups=00000000}, msg_iov(1)=[{"\24\0\0\0\3\0\2\0 y\250Z\265V\0\0\0\0\0\0\1\0\0\0\24\0\1\0\0\0\0\0"..., 4096}], msg_controllen=0, msg_flags=0}, 0) = 20
22197 09:21:36 close(5)                 = 0
22197 09:21:36 open("/etc/hosts", O_RDONLY|O_CLOEXEC) = 5
22197 09:21:36 fstat(5, {st_mode=S_IFREG|0644, st_size=217, ...}) = 0
22197 09:21:36 mmap(NULL, 4096, PROT_READ|PROT_WRITE, MAP_PRIVATE|MAP_ANONYMOUS, -1, 0) = 0x7f602caff000
22197 09:21:36 read(5, "127.0.0.1   localhost localhost."..., 4096) = 217
22197 09:21:36 read(5, "", 4096)        = 0
22197 09:21:36 close(5)                 = 0
22197 09:21:36 munmap(0x7f602caff000, 4096) = 0
22197 09:21:36 stat("/root/.ssh/identity", 0x7fff366148c0) = -1 ENOENT (No such file or directory)
22197 09:21:36 stat("/root/.ssh/id_rsa", {st_mode=S_IFREG|0600, st_size=887, ...}) = 0
22197 09:21:36 open("/root/.ssh/id_rsa", O_RDONLY) = 5
22197 09:21:36 fstat(5, {st_mode=S_IFREG|0600, st_size=887, ...}) = 0
22197 09:21:36 getuid()                 = 0
22197 09:21:36 fcntl(5, F_GETFL)        = 0x8000 (flags O_RDONLY|O_LARGEFILE)
22197 09:21:36 fstat(5, {st_mode=S_IFREG|0600, st_size=887, ...}) = 0
22197 09:21:36 mmap(NULL, 4096, PROT_READ|PROT_WRITE, MAP_PRIVATE|MAP_ANONYMOUS, -1, 0) = 0x7f602caff000
22197 09:21:36 lseek(5, 0, SEEK_CUR)    = 0
22197 09:21:36 read(5, "-----BEGIN RSA PRIVATE KEY-----\n"..., 4096) = 887
22197 09:21:36 close(5)                 = 0
22197 09:21:36 munmap(0x7f602caff000, 4096) = 0
22197 09:21:36 write(3, "\315\347 \fc\240\33s6U\t\327Pi\363t\256\356\235\24\267\307\6\330R\263\32\220\315\232&\362"..., 384) = 384
22197 09:21:36 select(4, [3], NULL, NULL, NULL) = 1 (in [3])
22197 09:21:36 read(3, "N\335m\274\317\22\1\206\375\v.64\7\303\362wk~\236\336\237\301\306\310\20\315\372\353\24\236\32", 8192) = 32
22197 09:21:36 dup(0)                   = 5
22197 09:21:36 dup(1)                   = 6
22197 09:21:36 dup(2)                   = 7
22197 09:21:36 ioctl(5, SNDCTL_TMR_TIMEBASE or TCGETS, {B38400 opost isig icanon echo ...}) = 0
22197 09:21:36 ioctl(6, SNDCTL_TMR_TIMEBASE or TCGETS, {B38400 opost isig icanon echo ...}) = 0
22197 09:21:36 ioctl(7, SNDCTL_TMR_TIMEBASE or TCGETS, {B38400 opost isig icanon echo ...}) = 0
22197 09:21:36 fcntl(5, F_SETFD, FD_CLOEXEC) = 0
22197 09:21:36 fcntl(6, F_SETFD, FD_CLOEXEC) = 0
22197 09:21:36 fcntl(7, F_SETFD, FD_CLOEXEC) = 0
22197 09:21:36 ioctl(6, SNDCTL_TMR_TIMEBASE or TCGETS, {B38400 opost isig icanon echo ...}) = 0
22197 09:21:36 rt_sigaction(SIGHUP, NULL, {SIG_DFL, [], 0}, 8) = 0
22197 09:21:36 rt_sigaction(SIGHUP, {SIG_IGN, [], SA_RESTORER, 0x7f602a66d920}, NULL, 8) = 0
22197 09:21:36 rt_sigaction(SIGHUP, NULL, {SIG_IGN, [], SA_RESTORER, 0x7f602a66d920}, 8) = 0
22197 09:21:36 rt_sigaction(SIGHUP, {0x7f602cb125e0, [], SA_RESTORER, 0x7f602a66d920}, NULL, 8) = 0
22197 09:21:36 rt_sigaction(SIGINT, NULL, {SIG_DFL, [], 0}, 8) = 0
22197 09:21:36 rt_sigaction(SIGINT, {SIG_IGN, [], SA_RESTORER, 0x7f602a66d920}, NULL, 8) = 0
22197 09:21:36 rt_sigaction(SIGINT, NULL, {SIG_IGN, [], SA_RESTORER, 0x7f602a66d920}, 8) = 0
22197 09:21:36 rt_sigaction(SIGINT, {0x7f602cb125e0, [], SA_RESTORER, 0x7f602a66d920}, NULL, 8) = 0
22197 09:21:36 rt_sigaction(SIGQUIT, NULL, {SIG_DFL, [], 0}, 8) = 0
22197 09:21:36 rt_sigaction(SIGQUIT, {SIG_IGN, [], SA_RESTORER, 0x7f602a66d920}, NULL, 8) = 0
22197 09:21:36 rt_sigaction(SIGQUIT, NULL, {SIG_IGN, [], SA_RESTORER, 0x7f602a66d920}, 8) = 0
22197 09:21:36 rt_sigaction(SIGQUIT, {0x7f602cb125e0, [], SA_RESTORER, 0x7f602a66d920}, NULL, 8) = 0
22197 09:21:36 rt_sigaction(SIGTERM, NULL, {SIG_DFL, [], 0}, 8) = 0
22197 09:21:36 rt_sigaction(SIGTERM, {SIG_IGN, [], SA_RESTORER, 0x7f602a66d920}, NULL, 8) = 0
22197 09:21:36 rt_sigaction(SIGTERM, NULL, {SIG_IGN, [], SA_RESTORER, 0x7f602a66d920}, 8) = 0
22197 09:21:36 rt_sigaction(SIGTERM, {0x7f602cb125e0, [], SA_RESTORER, 0x7f602a66d920}, NULL, 8) = 0
22197 09:21:36 rt_sigaction(SIGWINCH, NULL, {SIG_DFL, [], 0}, 8) = 0
22197 09:21:36 rt_sigaction(SIGWINCH, {0x7f602cb12c80, [], SA_RESTORER, 0x7f602a66d920}, NULL, 8) = 0
22197 09:21:36 ioctl(0, SNDCTL_TMR_TIMEBASE or TCGETS, {B38400 opost isig icanon echo ...}) = 0
22197 09:21:36 ioctl(0, SNDCTL_TMR_STOP or TCSETSW, {B38400 -opost -isig -icanon -echo ...}) = 0
22197 09:21:36 select(8, [3], [3], NULL, NULL) = 1 (out [3])
22197 09:21:36 write(3, "\352\33\2316C~\353\365X\322F\370\337\263\305\230\361\334\307\223`2\360\3249IE\372\250\313 \4"..., 64) = 64
22197 09:21:36 select(8, [3], [], NULL, NULL) = 1 (in [3])
22197 09:21:36 read(3, "\225\362Pn(n\27\352TN\25[$\0357j\30\376\225\277ti/?\\w\24\315#\3642\362"..., 8192) = 48
22197 09:21:36 ioctl(0, TIOCGWINSZ, {ws_row=46, ws_col=98, ws_xpixel=0, ws_ypixel=0}) = 0
22197 09:21:36 getsockopt(3, SOL_TCP, TCP_NODELAY, [-254408956099690496], [4]) = 0
22197 09:21:36 setsockopt(3, SOL_TCP, TCP_NODELAY, [1], 4) = 0
22197 09:21:36 getsockname(3, {sa_family=AF_INET, sin_port=htons(37764), sin_addr=inet_addr("192.168.6.21")}, [16]) = 0
22197 09:21:36 setsockopt(3, SOL_IP, IP_TOS, [16], 4) = 0
22197 09:21:36 select(8, [3], [3], NULL, NULL) = 1 (out [3])
22197 09:21:36 write(3, "/\27\370B\322\315.\234\270\356\262/\245\245\22\321\300$\246'kx\373j\236\370\232}\222\370\213\25"..., 448) = 448
22197 09:21:36 select(8, [3], [], NULL, NULL) = 1 (in [3])
22197 09:21:36 read(3, "xP\307\247db]\341<\372\10\364;\377\\\205#l\304;{*\21\332Z\"\336\231\300\n\nJ"..., 8192) = 208
22197 09:21:36 F, [3 5], [6], NULL, NULL) = 1 (out [6])
22197 09:21:36 write(6, "Last login: Wed Mar 14 09:20:05 "..., 57) = 57
22197 09:21:36 select(8, [3 5], [], NULL, NULL) = 1 (in [3])
22197 09:21:36 read(3, "\351<\353\374 \261\0m\355#\326\7\306\342e\214NZ\312HEygD\367\0^/@ \207\230"..., 8192) = 64
22197 09:21:36 select(8, [3 5], [6], NULL, NULL) = 1 (out [6])
22197 09:21:36 write(6, "\33]0;root@PR-2-3:~\7", 18) = 18
22197 09:21:36 select(8, [3 5], [], NULL, NULL) = 1 (in [3])
22197 09:21:36 read(3, "*\350-\36T\277L\324e\303\344[e`\36\223\311\354\225\252\202\260\0\f\265\263v\230\362~|\276"..., 8192) = 80
22197 09:21:36 select(8, [3 5], [6], NULL, NULL) = 1 (out [6])
22197 09:21:36 write(6, "(FUDE-0.4.2@x86_64)[root@PR-2-3 "..., 35) = 35
22197 09:21:36 select(8, [3 5], [], NULL, NULL) = 1 (in [5])
22197 09:21:39 read(5, "i", 16384)      = 1
22197 09:21:39 select(8, [3 5], [3], NULL, NULL) = 1 (out [3])
22197 09:21:39 write(3, "\270\350\252\27p'\2\344\223\236\334u\244\253o\243\213\10\377<\36\25\255\321/\217\236\4 o\224."..., 48) = 48
22197 09:21:39 select(8, [3 5], [], NULL, NULL) = 1 (in [3])
22197 09:21:39 read(3, "\216\346\322\205\351\271V]u\21\24h\23\326\225\253j\220\226D\367\306U\4\230\367Z\255\300\324\254\247"..., 8192) = 48
22197 09:21:39 select(8, [3 5], [6], NULL, NULL) = 1 (out [6])
22197 09:21:39 write(6, "i", 1)         = 1
22197 09:21:39 select(8, [3 5], [], NULL, NULL) = 1 (in [5])
22197 09:21:39 read(5, "f", 16384)      = 1
22197 09:21:39 select(8, [3 5], [3], NULL, NULL) = 1 (out [3])
22197 09:21:39 write(3, "!u7\227b\204\327x\2737\205\10O4z\254\330\253,\325\220\367\322\260R\225\253t\207P\247\24"..., 48) = 48
22197 09:21:39 select(8, [3 5], [], NULL, NULL) = 1 (in [3])
22197 09:21:39 read(3, "#Q\316\212}\246\35k\221\374\343\327A\353\352#0\342\7\302\300TC\303\22\273\316\313\256-\343\207"..., 8192) = 48
22197 09:21:39 select(8, [3 5], [6], NULL, NULL) = 1 (out [6])
22197 09:21:39 write(6, "f", 1)         = 1
22197 09:21:39 select(8, [3 5], [], NULL, NULL) = 1 (in [5])
22197 09:21:39 read(5, "c", 16384)      = 1
22197 09:21:39 select(8, [3 5], [3], NULL, NULL) = 1 (out [3])
22197 09:21:39 write(3, "\333\321\271]\336\332\224\303\305\236\4\254\243\216\251.\276:9\241hQ!%dT)\271\254\274\207\32"..., 48) = 48
22197 09:21:39 select(8, [3 5], [], NULL, NULL) = 1 (in [3])
22197 09:21:39 read(3, "\351~\25\250\223%J\1\300,\\\10S\362\33\277\305\223;\232\234\274\314/\266\"\323\31r'\346<"..., 8192) = 48
22197 09:21:39 select(8, [3 5], [6], NULL, NULL) = 1 (out [6])
22197 09:21:39 write(6, "c", 1)         = 1
22197 09:21:39 select(8, [3 5], [], NULL, NULL) = 1 (in [5])
22197 09:21:39 read(5, "o", 16384)      = 1
22197 09:21:39 select(8, [3 5], [3], NULL, NULL) = 1 (out [3])
22197 09:21:39 write(3, "=8\34\343F\322\300r\331L\347UGYQh\311\260h\254\3312\6WT9\214\366\22\217\253@"..., 48) = 48
22197 09:21:39 select(8, [3 5], [], NULL, NULL) = 1 (in [3])
22197 09:21:39 read(3, "}\16\253}\206\301X\323\367=:\"W\330\311\34(zf4\272$\262\350(28\240\30\32\304t"..., 8192) = 48
22197 09:21:39 select(8, [3 5], [6], NULL, NULL) = 1 (out [6])
22197 09:21:39 write(6, "o", 1)         = 1
22197 09:21:39 select(8, [3 5], [], NULL, NULL) = 1 (in [5])
22197 09:21:41 read(5, "n", 16384)      = 1
22197 09:21:41 select(8, [3 5], [3], NULL, NULL) = 1 (out [3])
22197 09:21:41 write(3, "\305\326{,h\270\213%>\302T\231=J\271Y-b1.\350\346Q\343j\343\377\360b\10\304E"..., 48) = 48
22197 09:21:41 select(8, [3 5], [], NULL, NULL) = 1 (in [3])
22197 09:21:41 read(3, "\344\217\307\t\201\205\351t~E53&\273`NK\3\353\25P\376#Ew\336\4y\344G\240\304"..., 8192) = 48
22197 09:21:41 select(8, [3 5], [6], NULL, NULL) = 1 (out [6])
22197 09:21:41 write(6, "n", 1)         = 1
22197 09:21:41 select(8, [3 5], [], NULL, NULL) = 1 (in [5])
22197 09:21:41 read(5, "f", 16384)      = 1
22197 09:21:41 select(8, [3 5], [3], NULL, NULL) = 1 (out [3])
22197 09:21:41 write(3, "\35<>\242\35wHM\262\31493d\334\324M-Mn^\r&J\356\243\2625\37c\301\230\37"..., 48) = 48
22197 09:21:41 select(8, [3 5], [], NULL, NULL) = 1 (in [3])
22197 09:21:41 read(3, "\213\23\26\36&fe\202^\377\"\226\2174\n\323\204<\212\244\275\236Y\233$\353Qe\34c\16\251"..., 8192) = 48
22197 09:21:41 select(8, [3 5], [6], NULL, NULL) = 1 (out [6])
22197 09:21:41 write(6, "f", 1)         = 1
22197 09:21:41 select(8, [3 5], [], NULL, NULL) = 1 (in [5])
22197 09:21:41 read(5, "i", 16384)      = 1
22197 09:21:41 select(8, [3 5], [3], NULL, NULL) = 1 (out [3])
22197 09:21:41 write(3, "\232\255\233\1\232\303\320\362\364\265\356\342\f\214\312\303/S3\4\262\236_\2101\300C\4\22j3\217"..., 48) = 48
22197 09:21:41 select(8, [3 5], [], NULL, NULL) = 1 (in [3])
22197 09:21:41 read(3, "\377\356\362L\253\241\274\347\323p>d\352\314\264Z\361\16\214!\213\222\3644\3\263\7Y[\270\325\345"..., 8192) = 48
22197 09:21:41 select(8, [3 5], [6], NULL, NULL) = 1 (out [6])
22197 09:21:41 write(6, "i", 1)         = 1
22197 09:21:41 select(8, [3 5], [], NULL, NULL) = 1 (in [5])
22197 09:21:41 read(5, "g", 16384)      = 1
22197 09:21:41 select(8, [3 5], [3], NULL, NULL) = 1 (out [3])
22197 09:21:41 write(3, "\16\217\341ta\277R\212\255\266ie\35\22\\\5\262Qn\10\330\307\27\"-\342\363\345K\321\242["..., 48) = 48
22197 09:21:41 select(8, [3 5], [], NULL, NULL) = 1 (in [3])
22197 09:21:41 read(3, "\365\177\377\2033\262\240*\tn\267K$\242\257\355\16\327;\235\212\306\342\17\341\351\340sm|eH"..., 8192) = 48
22197 09:21:41 select(8, [3 5], [6], NULL, NULL) = 1 (out [6])
22197 09:21:41 write(6, "g", 1)         = 1
22197 09:21:41 select(8, [3 5], [], NULL, NULL) = 1 (in [5])
22197 09:21:43 read(5, "\33[D", 16384)  = 3
22197 09:21:43 select(8, [3 5], [3], NULL, NULL) = 1 (out [3])
22197 09:21:43 write(3, "I\277\211\360H:\2\2749oC\325\2579\v\246\263\304\244l\t\271_Xm w\36|\206\272P"..., 48) = 48
22197 09:21:43 select(8, [3 5], [], NULL, NULL) = 1 (in [3])
22197 09:21:43 read(3, "\16\205\263s\360$\323\210\352\\\256\326~\274\363W\200F\r\343?_\350\261r\323M;\36e\203W"..., 8192) = 48
22197 09:21:43 select(8, [3 5], [6], NULL, NULL) = 1 (out [6])
22197 09:21:43 write(6, "\10", 1)       = 1
22197 09:21:43 select(8, [3 5], [], NULL, NULL) = 1 (in [5])
22197 09:21:44 read(5, "\33[D", 16384)  = 3
22197 09:21:44 select(8, [3 5], [3], NULL, NULL) = 1 (out [3])
22197 09:21:44 write(3, "K\243\272\270[\22\37\10\16\247\33\333\263\36J\3565~gyJG\367\27&\201\6@\352E6\335"..., 48) = 48
22197 09:21:44 select(8, [3 5], [], NULL, NULL) = 1 (in [3])
22197 09:21:44 read(3, "\275\200>XF\216\200\355\r\243\354\372x\32\240\255S\313\250\233\35\32\16R,\345\27\266DO\1T"..., 8192) = 48
22197 09:21:44 select(8, [3 5], [6], NULL, NULL) = 1 (out [6])
22197 09:21:44 write(6, "\10", 1)       = 1
22197 09:21:44 select(8, [3 5], [], NULL, NULL) = 1 (in [5])
22197 09:21:44 read(5, "\33[D", 16384)  = 3
22197 09:21:44 select(8, [3 5], [3], NULL, NULL) = 1 (out [3])
22197 09:21:44 write(3, "\335]&\321 V\346\21\\\233a\200\323\341\375\332\24\214\352\26\0364j\257Xo\240 \267\352\223\237"..., 48) = 48
22197 09:21:44 select(8, [3 5], [], NULL, NULL) = 1 (in [3])
22197 09:21:44 read(3, "C\360\347Q%H\216\350f\214\t\363\226\t\17 \216ow\266G\230\22w#\355]?\3B\234\32"..., 8192) = 48
22197 09:21:44 select(8, [3 5], [6], NULL, NULL) = 1 (out [6])
22197 09:21:44 write(6, "\10", 1)       = 1
22197 09:21:44 select(8, [3 5], [], NULL, NULL) = 1 (in [5])
22197 09:21:48 read(5, "\r", 16384)     = 1
22197 09:21:48 select(8, [3 5], [3], NULL, NULL) = 1 (out [3])
22197 09:21:48 write(3, "=\272\234\33\355\320\342s\247\251S\277l\250?(}\300\262\334\362B\307\346\342\352\377\312\317\261\257r"..., 48) = 48
22197 09:21:48 select(8, [3 5], [], NULL, NULL) = 1 (in [3])
22197 09:21:48 read(3, "R\277\30TE\4\364\231,&\264\222\245\32\374c\347Cc\354\314 \16\25'gT\242\252\347\206I"..., 8192) = 48
22197 09:21:48 select(8, [3 5], [6], NULL, NULL) = 1 (out [6])
22197 09:21:48 write(6, "\r\n", 2)      = 2
22197 09:21:48 select(8, [3 5], [], NULL, NULL) = 1 (in [3])
22197 09:21:48 read(3, "\33I\233\27\214\377\264\360\316\201U\6G\243s\330\4\323\31\1772Szu;\305\tk\307h1\0"..., 8192) = 1632
22197 09:21:48 select(8, [3 5], [6], NULL, NULL) = 1 (out [6])
22197 09:21:48 write(6, "eth0      Link encap:Ethernet  H"..., 1554) = 1554
22197 09:21:48 select(8, [3 5], [], NULL, NULL) = 1 (in [3])
22197 09:21:48 read(3, "\325\230\344\372\\\266[\320\266\276\367\313\267S\17[\362qe\300\244:\23\306'}\213\377\240bn\205"..., 8192) = 1120
22197 09:21:48 select(8, [3 5], [6], NULL, NULL) = 1 (out [6])
22197 09:21:48 write(6, "          inet6 addr: fe80::600:"..., 833) = 833
22197 09:21:48 select(8, [3 5], [], NULL, NULL) = 1 (in [3])
22197 09:21:48 read(3, "\266\260\372,=\240g\214\235$\375\352\377\22\337\376o\306\243\204\36o\220/\37JQ?e\364\312["..., 8192) = 112
22197 09:21:48 select(8, [3 5], [6], NULL, NULL) = 1 (out [6])
22197 09:21:48 write(6, "\33]0;root@PR-2-3:~\7", 18) = 18
22197 09:21:48 select(8, [3 5], [], NULL, NULL) = 1 (in [3])
22197 09:21:48 read(3, "4<\35Y7\33\365\34E\16\351\252\2077rJ\204\n\313@\21H<\302\366\226\225d\30+\"\210"..., 8192) = 80
22197 09:21:48 select(8, [3 5], [6], NULL, NULL) = 1 (out [6])
22197 09:21:48 write(6, "(FUDE-0.4.2@x86_64)[root@PR-2-3 "..., 35) = 35
22197 09:21:48 select(8, [3 5], [], NULL, NULL) = 1 (in [5])
22197 09:21:50 read(5, "e", 16384)      = 1
22197 09:21:50 select(8, [3 5], [3], NULL, NULL) = 1 (out [3])
22197 09:21:50 write(3, "'\314qP)\\\10?`.\305H\277m-;\254\342QY\353\311\26\\}e|aj\31\20C"..., 48) = 48
22197 09:21:50 select(8, [3 5], [], NULL, NULL) = 1 (in [3])
22197 09:21:50 read(3, "\332\342\36y%\233N\3031\302x\352!\252\17\320\320\3235\23\3320\205w\305\23\231?\335\376\367\305"..., 8192) = 48
22197 09:21:50 select(8, [3 5], [6], NULL, NULL) = 1 (out [6])
22197 09:21:50 write(6, "e", 1)         = 1
22197 09:21:50 select(8, [3 5], [], NULL, NULL) = 1 (in [5])
22197 09:21:50 read(5, "x", 16384)      = 1
22197 09:21:50 select(8, [3 5], [3], NULL, NULL) = 1 (out [3])
22197 09:21:50 write(3, "\360u\256)\273fk0\223\3201\337t`\263v\352\356z\250[c^@\266=\223\305HU\207\344"..., 48) = 48
22197 09:21:50 select(8, [3 5], [], NULL, NULL) = 1 (in [3])
22197 09:21:50 read(3, "\224k\310gC\226\10DH\257\244H\352\227\vj\240\0,%\302\374\373\232\310pb$\357\255y\344"..., 8192) = 48
22197 09:21:50 select(8, [3 5], [6], NULL, NULL) = 1 (out [6])
22197 09:21:50 write(6, "x", 1)         = 1
22197 09:21:50 select(8, [3 5], [], NULL, NULL) = 1 (in [5])
22197 09:21:50 read(5, "i", 16384)      = 1
22197 09:21:50 select(8, [3 5], [3], NULL, NULL) = 1 (out [3])
22197 09:21:50 write(3, "\242oa\215\337\357\t\227}\336\251\34R2#\241r\354\22\351\263N\264E\30U\221=\317\350\274\211"..., 48) = 48
22197 09:21:50 select(8, [3 5], [], NULL, NULL) = 1 (in [3])
22197 09:21:50 read(3, "\241hK\212E3\25po\211<\370w\0h\314\320\235\272\261y\317\237\331\326\35\272)\233\213\r\234"..., 8192) = 48
22197 09:21:50 select(8, [3 5], [6], NULL, NULL) = 1 (out [6])
22197 09:21:50 write(6, "i", 1)         = 1
22197 09:21:50 select(8, [3 5], [], NULL, NULL) = 1 (in [5])
22197 09:21:50 read(5, "t", 16384)      = 1
22197 09:21:50 select(8, [3 5], [3], NULL, NULL) = 1 (out [3])
22197 09:21:50 write(3, "\f%hF\345P\264\2229q\303\344t\\K\"8b\350\212\r\203\371;\366\21\263\312cQ\245\375"..., 48) = 48
22197 09:21:50 select(8, [3 5], [], NULL, NULL) = 1 (in [3])
22197 09:21:50 read(3, "Q\5\344\247\240W!\246T\352\346H\353\255\273\6\20\261\t\0w\267\372\370\341t&'{T\5\311"..., 8192) = 48
22197 09:21:50 select(8, [3 5], [6], NULL, NULL) = 1 (out [6])
22197 09:21:50 write(6, "t", 1)         = 1
22197 09:21:50 select(8, [3 5], [], NULL, NULL) = 1 (in [5])
22197 09:21:50 read(5, "\r", 16384)     = 1
22197 09:21:50 select(8, [3 5], [3], NULL, NULL) = 1 (out [3])
22197 09:21:50 write(3, "/\10\233\251\253\254dh\317\30\3529\1\362a\\)X\350\36\377\34\2\33\244\371\33\252b\354\254M"..., 48) = 48
22197 09:21:50 select(8, [3 5], [], NULL, NULL) = 1 (in [3])
22197 09:21:50 read(3, "V\271\211y\265-{\316\204W\34\2231\3\252\373(\271u!\35l\36\215}\233\240p\272n\rP"..., 8192) = 48
22197 09:21:50 select(8, [3 5], [6], NULL, NULL) = 2 (in [3], out [6])
22197 09:21:50 write(6, "\r\n", 2)      = 2
22197 09:21:50 read(3, " \210\236\202\327\2\320\367\343F\304o\21O'\20\372\235\274\261\206\231@M]\222^\211\5\f\31]"..., 8192) = 48
22197 09:21:50 select(8, [3 5], [6], NULL, NULL) = 1 (out [6])
22197 09:21:50 write(6, "logout\r\n", 8) = 8
22197 09:21:50 select(8, [3 5], [], NULL, NULL) = 1 (in [3])
22197 09:21:50 read(3, "\357z\237\f\213hF\203\2115#>\30\1\30\360\306C\221\266)\336\2`\243 \355s\33l\374\20"..., 8192) = 48
22197 09:21:50 select(8, [3 5], [6], NULL, NULL) = 1 (out [6])
22197 09:21:50 write(6, "\33[H\33[2J", 7) = 7
22197 09:21:50 select(8, [3 5], [], NULL, NULL) = 1 (in [3])
22197 09:21:50 read(3, "3\202_\346\250\225_\204\216\271\205\223\36\356\30@\37\265\346!\264\5\310\0\253g\313QS\335\6\304"..., 8192) = 128
22197 09:21:50 close(6)                 = 0
22197 09:21:50 close(5)                 = 0
22197 09:21:50 ioctl(0, SNDCTL_TMR_STOP or TCSETSW, {B38400 opost isig icanon echo ...}) = 0
22197 09:21:50 close(7)                 = 0
22197 09:21:50 select(8, [3], [3], NULL, NULL) = 1 (out [3])
22197 09:21:50 write(3, "\241Y\342-\372\365t\237+p\22\0376\201E\237\2l,\3037\222\0021\251\267\342\5\273\226+\321", 32) = 32
22197 09:21:50 rt_sigaction(SIGWINCH, NULL, {0x7f602cb12c80, [], SA_RESTORER, 0x7f602a66d920}, 8) = 0
22197 09:21:50 rt_sigaction(SIGWINCH, {SIG_DFL, [], SA_RESTORER, 0x7f602a66d920}, NULL, 8) = 0
22197 09:21:50 write(3, "\267$\317>\247e\273\211\3\267aT\7@\313\3'\23\16D\217\t\315\303\203\312j\211\1\223\20o"..., 64) = 64
22197 09:21:50 ioctl(0, SNDCTL_TMR_TIMEBASE or TCGETS, {B38400 opost isig icanon echo ...}) = 0
22197 09:21:50 ioctl(1, SNDCTL_TMR_TIMEBASE or TCGETS, {B38400 opost isig icanon echo ...}) = 0
22197 09:21:50 ioctl(2, SNDCTL_TMR_TIMEBASE or TCGETS, {B38400 opost isig icanon echo ...}) = 0
22197 09:21:50 write(2, "Connection to 192.167.2.3 closed"..., 35) = 35
22197 09:21:50 shutdown(3, 2 /* send and receive */) = 0
22197 09:21:50 close(3)                 = 0
22197 09:21:50 exit_group(0)            = ?
