22369 10:36:59 select(4, [3], NULL, NULL, NULL) = 1 (in [3])
22369 10:36:59 read(3, "\332\220\336\337\16\351[\212\\\305\225\352\244\337\30b\2\221!\177rk\347\356\23o\215\25=\251&&"..., 8192) = 48
22369 10:36:59 write(3, "\210\24Y\310H\215$p\217T\365\3000\371\30289<\n\271\331Yu(4\340|\314m\21'\333"..., 64) = 64
22369 10:36:59 select(4, [3], NULL, NULL, NULL) = 1 (in [3])
22369 10:37:00 read(3, "\4\341\202\3V'f\360\356\215$\233\302/\261\3052p|~\374\344\333\234c\360Nn\320\221C\251"..., 8192) = 80
22369 10:37:00 getpeername(3, {sa_family=AF_INET, sin_port=htons(22), sin_addr=inet_addr("192.167.2.3")}, [16]) = 0
22369 10:37:00 open("/etc/protocols", O_RDONLY|O_CLOEXEC) = 5
22369 10:37:00 fstat(5, {st_mode=S_IFREG|0644, st_size=6455, ...}) = 0
22369 10:37:00 mmap(NULL, 4096, PROT_READ|PROT_WRITE, MAP_PRIVATE|MAP_ANONYMOUS, -1, 0) = 0x7f2b08260000
22369 10:37:00 read(5, "# /etc/protocols:\n# $Id: protoco"..., 4096) = 4096
22369 10:37:00 close(5)                 = 0
22369 10:37:00 munmap(0x7f2b08260000, 4096) = 0
22369 10:37:00 getsockopt(3, SOL_IP, IP_OPTIONS, "", [0]) = 0
22369 10:37:00 socket(PF_FILE, SOCK_STREAM|SOCK_CLOEXEC|SOCK_NONBLOCK, 0) = 5
22369 10:37:00 connect(5, {sa_family=AF_FILE, path="/var/run/nscd/socket"}, 110) = -1 ENOENT (No such file or directory)
22369 10:37:00 close(5)                 = 0
22369 10:37:00 socket(PF_FILE, SOCK_STREAM|SOCK_CLOEXEC|SOCK_NONBLOCK, 0) = 5
22369 10:37:00 connect(5, {sa_family=AF_FILE, path="/var/run/nscd/socket"}, 110) = -1 ENOENT (No such file or directory)
22369 10:37:00 close(5)                 = 0
22369 10:37:00 open("/etc/resolv.conf", O_RDONLY) = 5
22369 10:37:00 fstat(5, {st_mode=S_IFREG|0644, st_size=228, ...}) = 0
22369 10:37:00 mmap(NULL, 4096, PROT_READ|PROT_WRITE, MAP_PRIVATE|MAP_ANONYMOUS, -1, 0) = 0x7f2b08260000
22369 10:37:00 read(5, "# Generated by NetworkManager\n\n\n"..., 4096) = 228
22369 10:37:00 read(5, "", 4096)        = 0
22369 10:37:00 close(5)                 = 0
22369 10:37:00 munmap(0x7f2b08260000, 4096) = 0
22369 10:37:00 uname({sys="Linux", node="zabbixserver-6-21", ...}) = 0
22369 10:37:00 open("/etc/host.conf", O_RDONLY) = 5
22369 10:37:00 fstat(5, {st_mode=S_IFREG|0644, st_size=9, ...}) = 0
22369 10:37:00 mmap(NULL, 4096, PROT_READ|PROT_WRITE, MAP_PRIVATE|MAP_ANONYMOUS, -1, 0) = 0x7f2b08260000
22369 10:37:00 read(5, "multi on\n", 4096) = 9
22369 10:37:00 read(5, "", 4096)        = 0
22369 10:37:00 close(5)                 = 0
22369 10:37:00 munmap(0x7f2b08260000, 4096) = 0
22369 10:37:00 futex(0x7f2b0612c384, FUTEX_WAKE_PRIVATE, 2147483647) = 0
22369 10:37:00 open("/etc/hosts", O_RDONLY|O_CLOEXEC) = 5
22369 10:37:00 fstat(5, {st_mode=S_IFREG|0644, st_size=217, ...}) = 0
22369 10:37:00 mmap(NULL, 4096, PROT_READ|PROT_WRITE, MAP_PRIVATE|MAP_ANONYMOUS, -1, 0) = 0x7f2b08260000
22369 10:37:00 read(5, "127.0.0.1   localhost localhost."..., 4096) = 217
22369 10:37:00 read(5, "", 4096)        = 0
22369 10:37:00 close(5)                 = 0
22369 10:37:00 munmap(0x7f2b08260000, 4096) = 0
22369 10:37:00 open("/opt/FUDE-1.0/fude/lib/libnss_dns.so.2", O_RDONLY) = -1 ENOENT (No such file or directory)
22369 10:37:00 open("/opt/FUDE-1.0/utils/lib/libnss_dns.so.2", O_RDONLY) = -1 ENOENT (No such file or directory)
22369 10:37:00 open("/opt/FUDE-1.0/log/lib/libnss_dns.so.2", O_RDONLY) = -1 ENOENT (No such file or directory)
22369 10:37:00 open("/opt/FUDE-1.0/netsnmp/lib/libnss_dns.so.2", O_RDONLY) = -1 ENOENT (No such file or directory)
22369 10:37:00 open("/opt/FUDE-1.0/python/lib/libnss_dns.so.2", O_RDONLY) = -1 ENOENT (No such file or directory)
22369 10:37:00 open("/opt/FUDE-1.0/boost/lib/libnss_dns.so.2", O_RDONLY) = -1 ENOENT (No such file or directory)
22369 10:37:00 open("/opt/FUDE-1.0/cppunit/lib/libnss_dns.so.2", O_RDONLY) = -1 ENOENT (No such file or directory)
22369 10:37:00 open("/opt/FUDE-1.0/TAO/ACE_wrappers/lib/libnss_dns.so.2", O_RDONLY) = -1 ENOENT (No such file or directory)
22369 10:37:00 open("tls/x86_64/libnss_dns.so.2", O_RDONLY) = -1 ENOENT (No such file or directory)
22369 10:37:00 open("tls/libnss_dns.so.2", O_RDONLY) = -1 ENOENT (No such file or directory)
22369 10:37:00 open("x86_64/libnss_dns.so.2", O_RDONLY) = -1 ENOENT (No such file or directory)
22369 10:37:00 open("libnss_dns.so.2", O_RDONLY) = -1 ENOENT (No such file or directory)
22369 10:37:00 open("/etc/ld.so.cache", O_RDONLY) = 5
22369 10:37:00 fstat(5, {st_mode=S_IFREG|0644, st_size=207633, ...}) = 0
22369 10:37:00 mmap(NULL, 207633, PROT_READ, MAP_PRIVATE, 5, 0) = 0x7f2b0822e000
22369 10:37:00 close(5)                 = 0
22369 10:37:00 open("/lib64/libnss_dns.so.2", O_RDONLY) = 5
22369 10:37:00 read(5, "\177ELF\2\1\1\0\0\0\0\0\0\0\0\0\3\0>\0\1\0\0\0\0\20\0\0\0\0\0\0"..., 832) = 832
22369 10:37:00 fstat(5, {st_mode=S_IFREG|0755, st_size=27424, ...}) = 0
22369 10:37:00 mmap(NULL, 2117880, PROT_READ|PROT_EXEC, MAP_PRIVATE|MAP_DENYWRITE, 5, 0) = 0x7f2b0468b000
22369 10:37:00 mprotect(0x7f2b04690000, 2093056, PROT_NONE) = 0
22369 10:37:00 mmap(0x7f2b0488f000, 8192, PROT_READ|PROT_WRITE, MAP_PRIVATE|MAP_FIXED|MAP_DENYWRITE, 5, 0x4000) = 0x7f2b0488f000
22369 10:37:00 close(5)                 = 0
22369 10:37:00 mprotect(0x7f2b0488f000, 4096, PROT_READ) = 0
22369 10:37:00 munmap(0x7f2b0822e000, 207633) = 0
22369 10:37:00 futex(0x7f2b057302e8, FUTEX_WAKE_PRIVATE, 2147483647) = 0
22369 10:37:00 futex(0x7f2b05730270, FUTEX_WAKE_PRIVATE, 2147483647) = 0
22369 10:37:00 futex(0x7f2b06db8fd0, FUTEX_WAKE_PRIVATE, 2147483647) = 0
22369 10:37:00 stat("/etc/gss/mech", 0x7fff884207f0) = -1 ENOENT (No such file or directory)
22369 10:37:00 stat("/etc/gss/mech", 0x7fff88420740) = -1 ENOENT (No such file or directory)
22369 10:37:00 futex(0x7f2b06b77200, FUTEX_WAKE_PRIVATE, 2147483647) = 0
22369 10:37:00 futex(0x7f2b06b77600, FUTEX_WAKE_PRIVATE, 2147483647) = 0
22369 10:37:00 stat("/etc/krb5.conf", {st_mode=S_IFREG|0644, st_size=449, ...}) = 0
22369 10:37:00 open("/etc/krb5.conf", O_RDONLY) = 5
22369 10:37:00 fcntl(5, F_SETFD, FD_CLOEXEC) = 0
22369 10:37:00 fstat(5, {st_mode=S_IFREG|0644, st_size=449, ...}) = 0
22369 10:37:00 mmap(NULL, 4096, PROT_READ|PROT_WRITE, MAP_PRIVATE|MAP_ANONYMOUS, -1, 0) = 0x7f2b08260000
22369 10:37:00 read(5, "[logging]\n default = FILE:/var/l"..., 4096) = 449
22369 10:37:00 read(5, "", 4096)        = 0
22369 10:37:00 close(5)                 = 0
22369 10:37:00 munmap(0x7f2b08260000, 4096) = 0
22369 10:37:00 open("/dev/urandom", O_RDONLY) = 5
22369 10:37:00 fcntl(5, F_SETFD, FD_CLOEXEC) = 0
22369 10:37:00 fstat(5, {st_mode=S_IFCHR|0666, st_rdev=makedev(1, 9), ...}) = 0
22369 10:37:00 read(5, "\216\343b\210Z\325:\201\261gR\235$\357@0\274\200\240\322", 20) = 20
22369 10:37:00 close(5)                 = 0
22369 10:37:00 futex(0x7f2b068982d0, FUTEX_WAKE_PRIVATE, 2147483647) = 0
22369 10:37:00 socket(PF_NETLINK, SOCK_RAW, 0) = 5
22369 10:37:00 bind(5, {sa_family=AF_NETLINK, pid=0, groups=00000000}, 12) = 0
22369 10:37:00 getsockname(5, {sa_family=AF_NETLINK, pid=22369, groups=00000000}, [12]) = 0
22369 10:37:00 sendto(5, "\24\0\0\0\26\0\1\3\314\212\250Z\0\0\0\0\0\0\0\0", 20, 0, {sa_family=AF_NETLINK, pid=0, groups=00000000}, 12) = 20
22369 10:37:00 recvmsg(5, {msg_name(12)={sa_family=AF_NETLINK, pid=0, groups=00000000}, msg_iov(1)=[{"0\0\0\0\24\0\2\0\314\212\250ZaW\0\0\2\10\200\376\1\0\0\0\10\0\1\0\177\0\0\1"..., 4096}], msg_controllen=0, msg_flags=0}, 0) = 108
22369 10:37:00 recvmsg(5, {msg_name(12)={sa_family=AF_NETLINK, pid=0, groups=00000000}, msg_iov(1)=[{"@\0\0\0\24\0\2\0\314\212\250ZaW\0\0\n\200\200\376\1\0\0\0\24\0\1\0\0\0\0\0"..., 4096}], msg_controllen=0, msg_flags=0}, 0) = 128
22369 10:37:00 recvmsg(5, {msg_name(12)={sa_family=AF_NETLINK, pid=0, groups=00000000}, msg_iov(1)=[{"\24\0\0\0\3\0\2\0\314\212\250ZaW\0\0\0\0\0\0\1\0\0\0\24\0\1\0\0\0\0\0"..., 4096}], msg_controllen=0, msg_flags=0}, 0) = 20
22369 10:37:00 close(5)                 = 0
22369 10:37:00 open("/etc/hosts", O_RDONLY|O_CLOEXEC) = 5
22369 10:37:00 fstat(5, {st_mode=S_IFREG|0644, st_size=217, ...}) = 0
22369 10:37:00 mmap(NULL, 4096, PROT_READ|PROT_WRITE, MAP_PRIVATE|MAP_ANONYMOUS, -1, 0) = 0x7f2b08260000
22369 10:37:00 read(5, "127.0.0.1   localhost localhost."..., 4096) = 217
22369 10:37:00 read(5, "", 4096)        = 0
22369 10:37:00 close(5)                 = 0
22369 10:37:00 munmap(0x7f2b08260000, 4096) = 0
22369 10:37:00 stat("/etc/krb5.conf", {st_mode=S_IFREG|0644, st_size=449, ...}) = 0
22369 10:37:00 open("/etc/krb5.conf", O_RDONLY) = 5
22369 10:37:00 fcntl(5, F_SETFD, FD_CLOEXEC) = 0
22369 10:37:00 fstat(5, {st_mode=S_IFREG|0644, st_size=449, ...}) = 0
22369 10:37:00 mmap(NULL, 4096, PROT_READ|PROT_WRITE, MAP_PRIVATE|MAP_ANONYMOUS, -1, 0) = 0x7f2b08260000
22369 10:37:00 read(5, "[logging]\n default = FILE:/var/l"..., 4096) = 449
22369 10:37:00 read(5, "", 4096)        = 0
22369 10:37:00 close(5)                 = 0
22369 10:37:00 munmap(0x7f2b08260000, 4096) = 0
22369 10:37:00 open("/dev/urandom", O_RDONLY) = 5
22369 10:37:00 fcntl(5, F_SETFD, FD_CLOEXEC) = 0
22369 10:37:00 fstat(5, {st_mode=S_IFCHR|0666, st_rdev=makedev(1, 9), ...}) = 0
22369 10:37:00 read(5, "\2532\201\222t\225\274T\376w\317\2\344\251\0334\230n\337\235", 20) = 20
22369 10:37:00 close(5)                 = 0
22369 10:37:00 socket(PF_NETLINK, SOCK_RAW, 0) = 5
22369 10:37:00 bind(5, {sa_family=AF_NETLINK, pid=0, groups=00000000}, 12) = 0
22369 10:37:00 getsockname(5, {sa_family=AF_NETLINK, pid=22369, groups=00000000}, [12]) = 0
22369 10:37:00 sendto(5, "\24\0\0\0\26\0\1\3\314\212\250Z\0\0\0\0\0\0\0\0", 20, 0, {sa_family=AF_NETLINK, pid=0, groups=00000000}, 12) = 20
22369 10:37:00 recvmsg(5, {msg_name(12)={sa_family=AF_NETLINK, pid=0, groups=00000000}, msg_iov(1)=[{"0\0\0\0\24\0\2\0\314\212\250ZaW\0\0\2\10\200\376\1\0\0\0\10\0\1\0\177\0\0\1"..., 4096}], msg_controllen=0, msg_flags=0}, 0) = 108
22369 10:37:00 recvmsg(5, {msg_name(12)={sa_family=AF_NETLINK, pid=0, groups=00000000}, msg_iov(1)=[{"@\0\0\0\24\0\2\0\314\212\250ZaW\0\0\n\200\200\376\1\0\0\0\24\0\1\0\0\0\0\0"..., 4096}], msg_controllen=0, msg_flags=0}, 0) = 128
22369 10:37:00 recvmsg(5, {msg_name(12)={sa_family=AF_NETLINK, pid=0, groups=00000000}, msg_iov(1)=[{"\24\0\0\0\3\0\2\0\314\212\250ZaW\0\0\0\0\0\0\1\0\0\0\24\0\1\0\0\0\0\0"..., 4096}], msg_controllen=0, msg_flags=0}, 0) = 20
22369 10:37:00 close(5)                 = 0
22369 10:37:00 open("/etc/hosts", O_RDONLY|O_CLOEXEC) = 5
22369 10:37:00 fstat(5, {st_mode=S_IFREG|0644, st_size=217, ...}) = 0
22369 10:37:00 mmap(NULL, 4096, PROT_READ|PROT_WRITE, MAP_PRIVATE|MAP_ANONYMOUS, -1, 0) = 0x7f2b08260000
22369 10:37:00 read(5, "127.0.0.1   localhost localhost."..., 4096) = 217
22369 10:37:00 read(5, "", 4096)        = 0
22369 10:37:00 close(5)                 = 0
22369 10:37:00 munmap(0x7f2b08260000, 4096) = 0
22369 10:37:00 stat("/etc/krb5.conf", {st_mode=S_IFREG|0644, st_size=449, ...}) = 0
22369 10:37:00 open("/etc/krb5.conf", O_RDONLY) = 5
22369 10:37:00 fcntl(5, F_SETFD, FD_CLOEXEC) = 0
22369 10:37:00 fstat(5, {st_mode=S_IFREG|0644, st_size=449, ...}) = 0
22369 10:37:00 mmap(NULL, 4096, PROT_READ|PROT_WRITE, MAP_PRIVATE|MAP_ANONYMOUS, -1, 0) = 0x7f2b08260000
22369 10:37:00 read(5, "[logging]\n default = FILE:/var/l"..., 4096) = 449
22369 10:37:00 read(5, "", 4096)        = 0
22369 10:37:00 close(5)                 = 0
22369 10:37:00 munmap(0x7f2b08260000, 4096) = 0
22369 10:37:00 open("/dev/urandom", O_RDONLY) = 5
22369 10:37:00 fcntl(5, F_SETFD, FD_CLOEXEC) = 0
22369 10:37:00 fstat(5, {st_mode=S_IFCHR|0666, st_rdev=makedev(1, 9), ...}) = 0
22369 10:37:00 read(5, "\343\237\334\17.\253C\17$4yT\220N'\364\265B\206\341", 20) = 20
22369 10:37:00 close(5)                 = 0
22369 10:37:00 socket(PF_NETLINK, SOCK_RAW, 0) = 5
22369 10:37:00 bind(5, {sa_family=AF_NETLINK, pid=0, groups=00000000}, 12) = 0
22369 10:37:00 getsockname(5, {sa_family=AF_NETLINK, pid=22369, groups=00000000}, [12]) = 0
22369 10:37:00 sendto(5, "\24\0\0\0\26\0\1\3\314\212\250Z\0\0\0\0\0\0\0\0", 20, 0, {sa_family=AF_NETLINK, pid=0, groups=00000000}, 12) = 20
22369 10:37:00 recvmsg(5, {msg_name(12)={sa_family=AF_NETLINK, pid=0, groups=00000000}, msg_iov(1)=[{"0\0\0\0\24\0\2\0\314\212\250ZaW\0\0\2\10\200\376\1\0\0\0\10\0\1\0\177\0\0\1"..., 4096}], msg_controllen=0, msg_flags=0}, 0) = 108
22369 10:37:00 recvmsg(5, {msg_name(12)={sa_family=AF_NETLINK, pid=0, groups=00000000}, msg_iov(1)=[{"@\0\0\0\24\0\2\0\314\212\250ZaW\0\0\n\200\200\376\1\0\0\0\24\0\1\0\0\0\0\0"..., 4096}], msg_controllen=0, msg_flags=0}, 0) = 128
22369 10:37:00 recvmsg(5, {msg_name(12)={sa_family=AF_NETLINK, pid=0, groups=00000000}, msg_iov(1)=[{"\24\0\0\0\3\0\2\0\314\212\250ZaW\0\0\0\0\0\0\1\0\0\0\24\0\1\0\0\0\0\0"..., 4096}], msg_controllen=0, msg_flags=0}, 0) = 20
22369 10:37:00 close(5)                 = 0
22369 10:37:00 open("/etc/hosts", O_RDONLY|O_CLOEXEC) = 5
22369 10:37:00 fstat(5, {st_mode=S_IFREG|0644, st_size=217, ...}) = 0
22369 10:37:00 mmap(NULL, 4096, PROT_READ|PROT_WRITE, MAP_PRIVATE|MAP_ANONYMOUS, -1, 0) = 0x7f2b08260000
22369 10:37:00 read(5, "127.0.0.1   localhost localhost."..., 4096) = 217
22369 10:37:00 read(5, "", 4096)        = 0
22369 10:37:00 close(5)                 = 0
22369 10:37:00 munmap(0x7f2b08260000, 4096) = 0
22369 10:37:00 stat("/etc/krb5.conf", {st_mode=S_IFREG|0644, st_size=449, ...}) = 0
22369 10:37:00 open("/etc/krb5.conf", O_RDONLY) = 5
22369 10:37:00 fcntl(5, F_SETFD, FD_CLOEXEC) = 0
22369 10:37:00 fstat(5, {st_mode=S_IFREG|0644, st_size=449, ...}) = 0
22369 10:37:00 mmap(NULL, 4096, PROT_READ|PROT_WRITE, MAP_PRIVATE|MAP_ANONYMOUS, -1, 0) = 0x7f2b08260000
22369 10:37:00 read(5, "[logging]\n default = FILE:/var/l"..., 4096) = 449
22369 10:37:00 read(5, "", 4096)        = 0
22369 10:37:00 close(5)                 = 0
22369 10:37:00 munmap(0x7f2b08260000, 4096) = 0
22369 10:37:00 open("/dev/urandom", O_RDONLY) = 5
22369 10:37:00 fcntl(5, F_SETFD, FD_CLOEXEC) = 0
22369 10:37:00 fstat(5, {st_mode=S_IFCHR|0666, st_rdev=makedev(1, 9), ...}) = 0
22369 10:37:00 read(5, "\327\0230\217\33i%/5\347\210\0239\323\233\32\232\23W\30", 20) = 20
22369 10:37:00 close(5)                 = 0
22369 10:37:00 socket(PF_NETLINK, SOCK_RAW, 0) = 5
22369 10:37:00 bind(5, {sa_family=AF_NETLINK, pid=0, groups=00000000}, 12) = 0
22369 10:37:00 getsockname(5, {sa_family=AF_NETLINK, pid=22369, groups=00000000}, [12]) = 0
22369 10:37:00 sendto(5, "\24\0\0\0\26\0\1\3\314\212\250Z\0\0\0\0\0\0\0\0", 20, 0, {sa_family=AF_NETLINK, pid=0, groups=00000000}, 12) = 20
22369 10:37:00 recvmsg(5, {msg_name(12)={sa_family=AF_NETLINK, pid=0, groups=00000000}, msg_iov(1)=[{"0\0\0\0\24\0\2\0\314\212\250ZaW\0\0\2\10\200\376\1\0\0\0\10\0\1\0\177\0\0\1"..., 4096}], msg_controllen=0, msg_flags=0}, 0) = 108
22369 10:37:00 recvmsg(5, {msg_name(12)={sa_family=AF_NETLINK, pid=0, groups=00000000}, msg_iov(1)=[{"@\0\0\0\24\0\2\0\314\212\250ZaW\0\0\n\200\200\376\1\0\0\0\24\0\1\0\0\0\0\0"..., 4096}], msg_controllen=0, msg_flags=0}, 0) = 128
22369 10:37:00 recvmsg(5, {msg_name(12)={sa_family=AF_NETLINK, pid=0, groups=00000000}, msg_iov(1)=[{"\24\0\0\0\3\0\2\0\314\212\250ZaW\0\0\0\0\0\0\1\0\0\0\24\0\1\0\0\0\0\0"..., 4096}], msg_controllen=0, msg_flags=0}, 0) = 20
22369 10:37:00 close(5)                 = 0
22369 10:37:00 open("/etc/hosts", O_RDONLY|O_CLOEXEC) = 5
22369 10:37:00 fstat(5, {st_mode=S_IFREG|0644, st_size=217, ...}) = 0
22369 10:37:00 mmap(NULL, 4096, PROT_READ|PROT_WRITE, MAP_PRIVATE|MAP_ANONYMOUS, -1, 0) = 0x7f2b08260000
22369 10:37:00 read(5, "127.0.0.1   localhost localhost."..., 4096) = 217
22369 10:37:00 read(5, "", 4096)        = 0
22369 10:37:00 close(5)                 = 0
22369 10:37:00 munmap(0x7f2b08260000, 4096) = 0
22369 10:37:00 stat("/root/.ssh/identity", 0x7fff884206b0) = -1 ENOENT (No such file or directory)
22369 10:37:00 stat("/root/.ssh/id_rsa", {st_mode=S_IFREG|0600, st_size=887, ...}) = 0
22369 10:37:00 open("/root/.ssh/id_rsa", O_RDONLY) = 5
22369 10:37:00 fstat(5, {st_mode=S_IFREG|0600, st_size=887, ...}) = 0
22369 10:37:00 getuid()                 = 0
22369 10:37:00 fcntl(5, F_GETFL)        = 0x8000 (flags O_RDONLY|O_LARGEFILE)
22369 10:37:00 fstat(5, {st_mode=S_IFREG|0600, st_size=887, ...}) = 0
22369 10:37:00 mmap(NULL, 4096, PROT_READ|PROT_WRITE, MAP_PRIVATE|MAP_ANONYMOUS, -1, 0) = 0x7f2b08260000
22369 10:37:00 lseek(5, 0, SEEK_CUR)    = 0
22369 10:37:00 read(5, "-----BEGIN RSA PRIVATE KEY-----\n"..., 4096) = 887
22369 10:37:00 close(5)                 = 0
22369 10:37:00 munmap(0x7f2b08260000, 4096) = 0
22369 10:37:00 write(3, "\322\3\327\374\26\352\224\333\205\212\253#1\33\264\364\370<\3737\260\343\331?|}\331\306o\31\346q"..., 384) = 384
22369 10:37:00 select(4, [3], NULL, NULL, NULL) = 1 (in [3])
22369 10:37:00 read(3, "\23o\213\377BT`'tHE\350q&\r\221\235\320\367&\245\t\372\352\26\243\326\370\201\1S\217", 8192) = 32
22369 10:37:00 dup(0)                   = 5
22369 10:37:00 dup(1)                   = 6
22369 10:37:00 dup(2)                   = 7
22369 10:37:00 ioctl(5, SNDCTL_TMR_TIMEBASE or TCGETS, {B38400 opost isig icanon echo ...}) = 0
22369 10:37:00 ioctl(6, SNDCTL_TMR_TIMEBASE or TCGETS, {B38400 opost isig icanon echo ...}) = 0
22369 10:37:00 ioctl(7, SNDCTL_TMR_TIMEBASE or TCGETS, {B38400 opost isig icanon echo ...}) = 0
22369 10:37:00 fcntl(5, F_SETFD, FD_CLOEXEC) = 0
22369 10:37:00 fcntl(6, F_SETFD, FD_CLOEXEC) = 0
22369 10:37:00 fcntl(7, F_SETFD, FD_CLOEXEC) = 0
22369 10:37:00 ioctl(6, SNDCTL_TMR_TIMEBASE or TCGETS, {B38400 opost isig icanon echo ...}) = 0
22369 10:37:00 rt_sigaction(SIGHUP, NULL, {SIG_DFL, [], 0}, 8) = 0
22369 10:37:00 rt_sigaction(SIGHUP, {SIG_IGN, [], SA_RESTORER, 0x7f2b05dce920}, NULL, 8) = 0
22369 10:37:00 rt_sigaction(SIGHUP, NULL, {SIG_IGN, [], SA_RESTORER, 0x7f2b05dce920}, 8) = 0
22369 10:37:00 rt_sigaction(SIGHUP, {0x7f2b082735e0, [], SA_RESTORER, 0x7f2b05dce920}, NULL, 8) = 0
22369 10:37:00 rt_sigaction(SIGINT, NULL, {SIG_DFL, [], 0}, 8) = 0
22369 10:37:00 rt_sigaction(SIGINT, {SIG_IGN, [], SA_RESTORER, 0x7f2b05dce920}, NULL, 8) = 0
22369 10:37:00 rt_sigaction(SIGINT, NULL, {SIG_IGN, [], SA_RESTORER, 0x7f2b05dce920}, 8) = 0
22369 10:37:00 rt_sigaction(SIGINT, {0x7f2b082735e0, [], SA_RESTORER, 0x7f2b05dce920}, NULL, 8) = 0
22369 10:37:00 rt_sigaction(SIGQUIT, NULL, {SIG_DFL, [], 0}, 8) = 0
22369 10:37:00 rt_sigaction(SIGQUIT, {SIG_IGN, [], SA_RESTORER, 0x7f2b05dce920}, NULL, 8) = 0
22369 10:37:00 rt_sigaction(SIGQUIT, NULL, {SIG_IGN, [], SA_RESTORER, 0x7f2b05dce920}, 8) = 0
22369 10:37:00 rt_sigaction(SIGQUIT, {0x7f2b082735e0, [], SA_RESTORER, 0x7f2b05dce920}, NULL, 8) = 0
22369 10:37:00 rt_sigaction(SIGTERM, NULL, {SIG_DFL, [], 0}, 8) = 0
22369 10:37:00 rt_sigaction(SIGTERM, {SIG_IGN, [], SA_RESTORER, 0x7f2b05dce920}, NULL, 8) = 0
22369 10:37:00 rt_sigaction(SIGTERM, NULL, {SIG_IGN, [], SA_RESTORER, 0x7f2b05dce920}, 8) = 0
22369 10:37:00 rt_sigaction(SIGTERM, {0x7f2b082735e0, [], SA_RESTORER, 0x7f2b05dce920}, NULL, 8) = 0
22369 10:37:00 rt_sigaction(SIGWINCH, NULL, {SIG_DFL, [], 0}, 8) = 0
22369 10:37:00 rt_sigaction(SIGWINCH, {0x7f2b08273c80, [], SA_RESTORER, 0x7f2b05dce920}, NULL, 8) = 0
22369 10:37:00 ioctl(0, SNDCTL_TMR_TIMEBASE or TCGETS, {B38400 opost isig icanon echo ...}) = 0
22369 10:37:00 ioctl(0, SNDCTL_TMR_STOP or TCSETSW, {B38400 -opost -isig -icanon -echo ...}) = 0
22369 10:37:00 select(8, [3], [3], NULL, NULL) = 1 (out [3])
22369 10:37:00 write(3, "~\7\255X\357,\270\3FA\325\316\325\6\204\\$\20\234\320\264\346\343{*\363\244\354-\263\351K"..., 64) = 64
22369 10:37:00 select(8, [3], [], NULL, NULL) = 1 (in [3])
22369 10:37:00 read(3, "X$\7\272'!(~c\227\367\337\252Iq\211\226\226Qn\222&P\n\f\362L\310\204\20\244P"..., 8192) = 48
22369 10:37:00 ioctl(0, TIOCGWINSZ, {ws_row=46, ws_col=98, ws_xpixel=0, ws_ypixel=0}) = 0
22369 10:37:00 getsockopt(3, SOL_TCP, TCP_NODELAY, [-4661143288395333632], [4]) = 0
22369 10:37:00 setsockopt(3, SOL_TCP, TCP_NODELAY, [1], 4) = 0
22369 10:37:00 getsockname(3, {sa_family=AF_INET, sin_port=htons(43116), sin_addr=inet_addr("192.168.6.21")}, [16]) = 0
22369 10:37:00 setsockopt(3, SOL_IP, IP_TOS, [16], 4) = 0
22369 10:37:00 select(8, [3], [3], NULL, NULL) = 1 (out [3])
22369 10:37:00 write(3, "\5\31\203\376\307\320\276\356:\30M\245\360\233\0\353\17\207\270\252\33f0.\240S}?D(\263\376"..., 448) = 448
22369 10:37:00 select(8, [3], [], NULL, NULL) = 1 (in [3])
22369 10:37:00 read(3, "9Aq\20`\3\321u\275\314\23\370\310\316\330\5wX\350\205\32\324i\2115<\363\\SKko"..., 8192) = 112
22369 10:37:00 select(8, [3 5], [], NULL, NULL) = 1 (in [3])
22369 10:37:00 read(3, "^\372D6p\212\24\352\233\234R\215\372I\257w\221\32?\315\2252&>qPd6\312\210Y\315"..., 8192) = 96
22369 10:37:00 select(8, [3 5], [6], NULL, NULL) = 1 (out [6])
22369 10:37:00 write(6, "Last login: Wed Mar 14 09:58:00 "..., 57) = 57
22369 10:37:00 select(8, [3 5], [], NULL, NULL) = 1 (in [3])
22369 10:37:00 read(3, "[\206\250>\232T\200{\323g\224U>$RN\3642\237\377\242s\371\376\256\272x\2468\374\251s"..., 8192) = 64
22369 10:37:00 select(8, [3 5], [6], NULL, NULL) = 1 (out [6])
22369 10:37:00 write(6, "\33]0;root@PR-2-3:~\7", 18) = 18
22369 10:37:00 select(8, [3 5], [], NULL, NULL) = 1 (in [3])
22369 10:37:00 read(3, "\351z!Z\305\216N\213\231\322\355'\274^K\326;\373niA\322\367\356-\360\342\200\337\340\353L"..., 8192) = 80
22369 10:37:00 select(8, [3 5], [6], NULL, NULL) = 1 (out [6])
22369 10:37:00 write(6, "(FUDE-0.4.2@x86_64)[root@PR-2-3 "..., 35) = 35
22369 10:37:00 select(8, [3 5], [], NULL, NULL) = 1 (in [5])
22369 10:37:01 read(5, "i", 16384)      = 1
22369 10:37:01 select(8, [3 5], [3], NULL, NULL) = 1 (out [3])
22369 10:37:01 write(3, "\220\234\375G\353\r\252>\236\254\271>\25\t\222)%\203\3223\371\351`\7Vw\354F5\304,\323"..., 48) = 48
22369 10:37:01 select(8, [3 5], [], NULL, NULL) = 1 (in [3])
22369 10:37:01 read(3, "\357E\216\302\30O\321\355\220\317\275\271\207\244\371\0Kv&\231\204\320A\251\247\261m  \265\224\335"..., 8192) = 48
22369 10:37:01 select(8, [3 5], [6], NULL, NULL) = 1 (out [6])
22369 10:37:01 write(6, "i", 1)         = 1
22369 10:37:01 select(8, [3 5], [], NULL, NULL) = 1 (in [5])
22369 10:37:01 read(5, "f", 16384)      = 1
22369 10:37:01 select(8, [3 5], [3], NULL, NULL) = 1 (out [3])
22369 10:37:01 write(3, "\0\353\252[:\310\25&\276O\351CaEu\361\10N\264\233\t9\20\342\203sEp\216\342\26\353"..., 48) = 48
22369 10:37:01 select(8, [3 5], [], NULL, NULL) = 1 (in [3])
22369 10:37:01 read(3, "\314\217)\334\270^\226%f\272\36\35\235\211;R\333\336p\262Kv\237y0\305\351\214\265\335\23\337"..., 8192) = 48
22369 10:37:01 select(8, [3 5], [6], NULL, NULL) = 1 (out [6])
22369 10:37:01 write(6, "f", 1)         = 1
22369 10:37:01 select(8, [3 5], [], NULL, NULL) = 1 (in [5])
22369 10:37:01 read(5, "c", 16384)      = 1
22369 10:37:01 select(8, [3 5], [3], NULL, NULL) = 1 (out [3])
22369 10:37:01 write(3, "\307\6B\223F\302o\357\344\261\216\376\363\307{\230\5B\7,\305.AX\272\345\227\335Bg$\343"..., 48) = 48
22369 10:37:01 select(8, [3 5], [], NULL, NULL) = 1 (in [3])
22369 10:37:01 read(3, " A\307\251'v\226&<\336\266\352PD\277\314>>G7\360\265\5e\347\356\241?R\206n~"..., 8192) = 48
22369 10:37:01 select(8, [3 5], [6], NULL, NULL) = 1 (out [6])
22369 10:37:01 write(6, "c", 1)         = 1
22369 10:37:01 select(8, [3 5], [], NULL, NULL) = 1 (in [5])
22369 10:37:01 read(5, "o", 16384)      = 1
22369 10:37:01 select(8, [3 5], [3], NULL, NULL) = 1 (out [3])
22369 10:37:01 write(3, "\25a\233\213\200K\305}\263\340\10\24\27\247\307\37C\32*M I'0=\265\326\313\353}\337\351"..., 48) = 48
22369 10:37:01 select(8, [3 5], [], NULL, NULL) = 1 (in [3])
22369 10:37:01 read(3, "M\331\316\370mCO\37\t\256\276^\327\256\344G\32U:\352\332B=8pm\326~\v\322\316\332"..., 8192) = 48
22369 10:37:01 select(8, [3 5], [6], NULL, NULL) = 1 (out [6])
22369 10:37:01 write(6, "o", 1)         = 1
22369 10:37:01 select(8, [3 5], [], NULL, NULL) = 1 (in [5])
22369 10:37:01 read(5, "n", 16384)      = 1
22369 10:37:01 select(8, [3 5], [3], NULL, NULL) = 1 (out [3])
22369 10:37:01 write(3, "\245R\366\302\371\317q[\336\3\34\302<_\375\4\313\270\357\370=\10a\352X\30\251\317g\3107Z"..., 48) = 48
22369 10:37:01 select(8, [3 5], [], NULL, NULL) = 1 (in [3])
22369 10:37:01 read(3, "\242\240fX\241\252|\273\354\344H\234\303\261\344c:\265\361t\230\307\17\372L\317pY\352j\370\34"..., 8192) = 48
22369 10:37:01 select(8, [3 5], [6], NULL, NULL) = 1 (out [6])
22369 10:37:01 write(6, "n", 1)         = 1
22369 10:37:01 select(8, [3 5], [], NULL, NULL) = 1 (in [5])
22369 10:37:01 read(5, "f", 16384)      = 1
22369 10:37:01 select(8, [3 5], [3], NULL, NULL) = 1 (out [3])
22369 10:37:01 write(3, "\361\346a\220\4\t;\3\321\232Y\5\374N\316\3705y%\0Tu\264\361\22[\365\247\32\334\246-"..., 48) = 48
22369 10:37:01 select(8, [3 5], [], NULL, NULL) = 1 (in [3])
22369 10:37:01 read(3, "\342\326\234\233\230\206\230J\334\276N\226\253x\270\2C\17\314\23\21\tH\\M\240\254\226\246{P\204"..., 8192) = 48
22369 10:37:01 select(8, [3 5], [6], NULL, NULL) = 1 (out [6])
22369 10:37:01 write(6, "f", 1)         = 1
22369 10:37:01 select(8, [3 5], [], NULL, NULL) = 1 (in [5])
22369 10:37:01 read(5, "i", 16384)      = 1
22369 10:37:01 select(8, [3 5], [3], NULL, NULL) = 1 (out [3])
22369 10:37:01 write(3, ";\215o\25\354\343\2007\246\252\7\342\7GJI\205t;\233x\275`\205\341\224\2064\261\253\322\207"..., 48) = 48
22369 10:37:01 select(8, [3 5], [], NULL, NULL) = 1 (in [3])
22369 10:37:01 read(3, "\213\10dL\32\372#\321\22\26PcT\364hp\217\22!\37\252\0\370\33\3!QH(\1\266\270"..., 8192) = 48
22369 10:37:01 select(8, [3 5], [6], NULL, NULL) = 1 (out [6])
22369 10:37:01 write(6, "i", 1)         = 1
22369 10:37:01 select(8, [3 5], [], NULL, NULL) = 1 (in [5])
22369 10:37:02 read(5, "g", 16384)      = 1
22369 10:37:02 select(8, [3 5], [3], NULL, NULL) = 1 (out [3])
22369 10:37:02 write(3, "\v\262\30\200\264\245(\217\224\216\nt\20}\205/Zfz-\t\247\2\242\2341\364\324\"\206]%"..., 48) = 48
22369 10:37:02 select(8, [3 5], [], NULL, NULL) = 1 (in [3])
22369 10:37:02 read(3, "F\225\324wzM>\0\223_\255*\273\30\r5@\224\232\255\3105\r\202\207Y\3\365L\232\f_"..., 8192) = 48
22369 10:37:02 select(8, [3 5], [6], NULL, NULL) = 1 (out [6])
22369 10:37:02 write(6, "g", 1)         = 1
22369 10:37:02 select(8, [3 5], [], NULL, NULL) = 1 (in [5])
22369 10:37:02 read(5, "\r", 16384)     = 1
22369 10:37:02 select(8, [3 5], [3], NULL, NULL) = 1 (out [3])
22369 10:37:02 write(3, "\351\247D\317a\323\223\364\313K\327~\344J&=q\350\311\222\275\236\350\t\247v\314\266\320\305\356\215"..., 48) = 48
22369 10:37:02 select(8, [3 5], [], NULL, NULL) = 1 (in [3])
22369 10:37:02 read(3, "\f\312W-\372)\205\220\302\235B\2476f\334J\35\251q\332\3575\271\356\314k\6\327`~\22\205"..., 8192) = 48
22369 10:37:02 select(8, [3 5], [6], NULL, NULL) = 1 (out [6])
22369 10:37:02 write(6, "\r\n", 2)      = 2
22369 10:37:02 select(8, [3 5], [], NULL, NULL) = 1 (in [3])
22369 10:37:02 read(3, "c3\332\325\365\264m\252\227k\2767\206\\B\22\323sPbE\5\243\315\22\214\354\341\303hu\303"..., 8192) = 96
22369 10:37:02 select(8, [3 5], [6], NULL, NULL) = 1 (out [6])
22369 10:37:02 write(6, "eth0      Link encap:Ethernet  H"..., 59) = 59
22369 10:37:02 select(8, [3 5], [], NULL, NULL) = 1 (in [3])
22369 10:37:02 read(3, ">\236\t\4\350z\345\323\341\255@%\214\1\220U\223\f\257V\224\301\223\273\264Q\250\6\262\364\32\213"..., 8192) = 1712
22369 10:37:02 select(8, [3 5], [6], NULL, NULL) = 2 (in [3], out [6])
22369 10:37:02 write(6, "          inet6 addr: fe80::2e0:"..., 1554) = 1554
22369 10:37:02 read(3, "!\33K(\300\0(\364:#\364*~\32\225\fi\24J\0323\231\32\376O\324F\217\301\364aR"..., 8192) = 1168
22369 10:37:02 select(8, [3 5], [6], NULL, NULL) = 1 (out [6])
22369 10:37:02 write(6, "          UP BROADCAST RUNNING P"..., 774) = 774
22369 10:37:02 select(8, [3 5], [], NULL, NULL) = 1 (in [3])
22369 10:37:02 read(3, "\32g57\5\251\242#\366\3550\364>\313\264\331W\20\216\261[TL\31\223\255\251\220\re\310@"..., 8192) = 112
22369 10:37:02 select(8, [3 5], [6], NULL, NULL) = 1 (out [6])
22369 10:37:02 write(6, "\33]0;root@PR-2-3:~\7", 18) = 18
22369 10:37:02 select(8, [3 5], [], NULL, NULL) = 1 (in [3])
22369 10:37:02 read(3, "Z\342y\f\300\30gySt\365\3475L\371K\210\260\322\316^~\264\250\3754\367C\333t\242\314"..., 8192) = 80
22369 10:37:02 select(8, [3 5], [6], NULL, NULL) = 1 (out [6])
22369 10:37:02 write(6, "(FUDE-0.4.2@x86_64)[root@PR-2-3 "..., 35) = 35
22369 10:37:02 select(8, [3 5], [], NULL, NULL) = 1 (in [5])
22369 10:37:03 read(5, "i", 16384)      = 1
22369 10:37:03 select(8, [3 5], [3], NULL, NULL) = 1 (out [3])
22369 10:37:03 write(3, "\10\220@=\33_\305\227\355\2411\371\336b\240)A\275\323\23\264\2451\273\16\232\225E\20\334i\300"..., 48) = 48
22369 10:37:03 select(8, [3 5], [], NULL, NULL) = 1 (in [3])
22369 10:37:03 read(3, ">\367Lp\v\234\257E\336F\207]\375\6w\0\214NM\5/\330\262_:bUv^\245\365\207"..., 8192) = 48
22369 10:37:03 select(8, [3 5], [6], NULL, NULL) = 1 (out [6])
22369 10:37:03 write(6, "i", 1)         = 1
22369 10:37:03 select(8, [3 5], [], NULL, NULL) = 1 (in [5])
22369 10:37:03 read(5, "f", 16384)      = 1
22369 10:37:03 select(8, [3 5], [3], NULL, NULL) = 1 (out [3])
22369 10:37:03 write(3, "\370%F\266\376W\231\375\225\t\2VA\"\345\252\2051\323\222\254\311\334R\213\223\200\354\3079\23\244"..., 48) = 48
22369 10:37:03 select(8, [3 5], [], NULL, NULL) = 1 (in [3])
22369 10:37:03 read(3, " m\232\f\311/G\22\331\t\345a\32]Z\213\1;C\t\321\231}}\345\352\5\231\376&A\254"..., 8192) = 48
22369 10:37:03 select(8, [3 5], [6], NULL, NULL) = 1 (out [6])
22369 10:37:03 write(6, "f", 1)         = 1
22369 10:37:03 select(8, [3 5], [], NULL, NULL) = 1 (in [5])
22369 10:37:04 read(5, "d", 16384)      = 1
22369 10:37:04 select(8, [3 5], [3], NULL, NULL) = 1 (out [3])
22369 10:37:04 write(3, "\214\377.M\266L3gjO\16\362E\2x\254\207\333\234:<\301\r\320\337h\310\310\335\30\340\361"..., 48) = 48
22369 10:37:04 select(8, [3 5], [], NULL, NULL) = 1 (in [3])
22369 10:37:04 read(3, "rJD\6V<\277^\336W\213\3278AV\2652G\347\273i\361^\361\4\22\325\221\322\376^\266"..., 8192) = 48
22369 10:37:04 select(8, [3 5], [6], NULL, NULL) = 1 (out [6])
22369 10:37:04 write(6, "d", 1)         = 1
22369 10:37:04 select(8, [3 5], [], NULL, NULL) = 1 (in [5])
22369 10:37:04 read(5, "d", 16384)      = 1
22369 10:37:04 select(8, [3 5], [3], NULL, NULL) = 1 (out [3])
22369 10:37:04 write(3, "\357\360\33\17\245*\32\322\352a\352\273\332Dy`p\373\370b|\221\2753>\230\t[U\"\262\215"..., 48) = 48
22369 10:37:04 select(8, [3 5], [], NULL, NULL) = 1 (in [3])
22369 10:37:04 read(3, "\237\312\221,\2703K$|#\274\361\2165\222\3560u{|*\215\350\350\242L\323ZSi?\355"..., 8192) = 48
22369 10:37:04 select(8, [3 5], [6], NULL, NULL) = 1 (out [6])
22369 10:37:04 write(6, "d", 1)         = 1
22369 10:37:04 select(8, [3 5], [], NULL, NULL) = 1 (in [5])
22369 10:37:04 read(5, "d", 16384)      = 1
22369 10:37:04 select(8, [3 5], [3], NULL, NULL) = 1 (out [3])
22369 10:37:04 write(3, "\307\232M\237\177\260&US\373\241\360\253\30\326\2037R\312\242\34qX\3626\363\366\352\f4\346_"..., 48) = 48
22369 10:37:04 select(8, [3 5], [], NULL, NULL) = 1 (in [3])
22369 10:37:04 read(3, "hx\r\23\r\364\27X\370Ae\335\237\0332\4\362\220\305\203X5\4w\351\346\223\340D\346\3\332"..., 8192) = 48
22369 10:37:04 select(8, [3 5], [6], NULL, NULL) = 1 (out [6])
22369 10:37:04 write(6, "d", 1)         = 1
22369 10:37:04 select(8, [3 5], [], NULL, NULL) = 1 (in [5])
22369 10:37:04 read(5, "d", 16384)      = 1
22369 10:37:04 select(8, [3 5], [3], NULL, NULL) = 1 (out [3])
22369 10:37:04 write(3, "$\17\340\311A\270\247a\v\\\276\217\257\33\251\327S\201\0\237R>\326\4\0221`\222\316\257\326&"..., 48) = 48
22369 10:37:04 select(8, [3 5], [], NULL, NULL) = 1 (in [3])
22369 10:37:04 read(3, "\362K\315\204q\270~\20\353It\35\305\"nmf\302\365\366\232\3320F\366z\17U\241\315_\33"..., 8192) = 48
22369 10:37:04 select(8, [3 5], [6], NULL, NULL) = 1 (out [6])
22369 10:37:04 write(6, "d", 1)         = 1
22369 10:37:04 select(8, [3 5], [], NULL, NULL) = 1 (in [5])
22369 10:37:05 read(5, "\10", 16384)    = 1
22369 10:37:05 select(8, [3 5], [3], NULL, NULL) = 1 (out [3])
22369 10:37:05 write(3, "\10Bt\243y\313!\240\311l\227m`6\235{/\204\20\3\250\r\24u\302P\276\304\347\310\303\226"..., 48) = 48
22369 10:37:05 select(8, [3 5], [], NULL, NULL) = 1 (in [3])
22369 10:37:05 read(3, "\f\2678GS`\240a\r)`\310\t\362\321~\257\270\306\217$d\242\351\367\225\336\\8\310O@"..., 8192) = 48
22369 10:37:05 select(8, [3 5], [6], NULL, NULL) = 1 (out [6])
22369 10:37:05 write(6, "\10\33[K", 4)  = 4
22369 10:37:05 select(8, [3 5], [], NULL, NULL) = 1 (in [5])
22369 10:37:05 read(5, "\10", 16384)    = 1
22369 10:37:05 select(8, [3 5], [3], NULL, NULL) = 1 (out [3])
22369 10:37:05 write(3, "e\262\354\253\2773\277\320\205g\232\243\264\304\304d\232\27\361\324]\250\250\216w1N\22\327u\260?"..., 48) = 48
22369 10:37:05 select(8, [3 5], [], NULL, NULL) = 1 (in [3])
22369 10:37:05 read(3, "D[\33\207co\30{q\206\f\312\247\231\235\21\24\36l\246Q\"\206n\261\340u0\351\225z\325"..., 8192) = 48
22369 10:37:05 select(8, [3 5], [6], NULL, NULL) = 1 (out [6])
22369 10:37:05 write(6, "\10\33[K", 4)  = 4
22369 10:37:05 select(8, [3 5], [], NULL, NULL) = 1 (in [5])
22369 10:37:05 read(5, "\10", 16384)    = 1
22369 10:37:05 select(8, [3 5], [3], NULL, NULL) = 1 (out [3])
22369 10:37:05 write(3, "=d/c\33\10\31M\334\16\233\37\264\372\365\6X\370/\375V\305\340B\354L\321zw\16<I"..., 48) = 48
22369 10:37:05 select(8, [3 5], [], NULL, NULL) = 1 (in [3])
22369 10:37:05 read(3, "\265j\264~\256\272\16g\223\344\326\352bv\272\321\336\3663\353\232\237+\331L\300\215,\217)\22\267"..., 8192) = 48
22369 10:37:05 select(8, [3 5], [6], NULL, NULL) = 1 (out [6])
22369 10:37:05 write(6, "\10\33[K", 4)  = 4
22369 10:37:05 select(8, [3 5], [], NULL, NULL) = 1 (in [5])
22369 10:37:05 read(5, "\10", 16384)    = 1
22369 10:37:05 select(8, [3 5], [3], NULL, NULL) = 1 (out [3])
22369 10:37:05 write(3, "1\232\220=\204C\306`\331>\31N\205\363\266\373\273\276\304%\236\251\363./\305{\343\311a\243("..., 48) = 48
22369 10:37:05 select(8, [3 5], [], NULL, NULL) = 1 (in [3])
22369 10:37:05 read(3, "\215\32V\32\202H\366.\236\213S\266uA8\2319\360\220~\221\343\202}\245\320\2259K\216\306\24"..., 8192) = 48
22369 10:37:05 select(8, [3 5], [6], NULL, NULL) = 1 (out [6])
22369 10:37:05 write(6, "\10\33[K", 4)  = 4
22369 10:37:05 select(8, [3 5], [], NULL, NULL) = 1 (in [5])
22369 10:37:07 read(5, "c", 16384)      = 1
22369 10:37:07 select(8, [3 5], [3], NULL, NULL) = 1 (out [3])
22369 10:37:07 write(3, "\"\203\367>\274\257]?\231\36v\253\353\261\375\257v\234.\262,\350F\346\360\300\334\376\332{\324\345"..., 48) = 48
22369 10:37:07 select(8, [3 5], [], NULL, NULL) = 1 (in [3])
22369 10:37:07 read(3, "}&\367\240\232rC\311|&\374g\2416W+}\336\346\345\227\212\217\307\206$[\266\342\321JQ"..., 8192) = 48
22369 10:37:07 select(8, [3 5], [6], NULL, NULL) = 1 (out [6])
22369 10:37:07 write(6, "c", 1)         = 1
22369 10:37:07 select(8, [3 5], [], NULL, NULL) = 1 (in [5])
22369 10:37:07 read(5, "o", 16384)      = 1
22369 10:37:07 select(8, [3 5], [3], NULL, NULL) = 1 (out [3])
22369 10:37:07 write(3, "\334QR\346\270\316A\371\342\331\210\23KJ\t\323t\267]L\23\332\245G\316*F6\217\314\rO"..., 48) = 48
22369 10:37:07 select(8, [3 5], [], NULL, NULL) = 1 (in [3])
22369 10:37:07 read(3, "\4\327\177\364\306\233p\242UB\230S+;&DB\2607m+aM\313\v\346\345\362x\226\t\340"..., 8192) = 48
22369 10:37:07 select(8, [3 5], [6], NULL, NULL) = 1 (out [6])
22369 10:37:07 write(6, "o", 1)         = 1
22369 10:37:07 select(8, [3 5], [], NULL, NULL) = 1 (in [5])
22369 10:37:07 read(5, "n", 16384)      = 1
22369 10:37:07 select(8, [3 5], [3], NULL, NULL) = 1 (out [3])
22369 10:37:07 write(3, "\320\354\256\346\365\255\317\23p\341o\31\v\300h\221\245\273\245\277\274\335ru\02495^\323\316=<"..., 48) = 48
22369 10:37:07 select(8, [3 5], [], NULL, NULL) = 1 (in [3])
22369 10:37:07 read(3, ",\346/\260\f[!\30?'?\24\340/\343\27\253W\262\357=\240\361V\302\t\271\372!\207\225\224"..., 8192) = 48
22369 10:37:07 select(8, [3 5], [6], NULL, NULL) = 1 (out [6])
22369 10:37:07 write(6, "n", 1)         = 1
22369 10:37:07 select(8, [3 5], [], NULL, NULL) = 1 (in [5])
22369 10:37:07 read(5, "i", 16384)      = 1
22369 10:37:07 select(8, [3 5], [3], NULL, NULL) = 1 (out [3])
22369 10:37:07 write(3, "\356d\231\33\3301OX?\366N,\310\1\345nOG\211%\376\354\252\177\251\306\277%,\344\32\31"..., 48) = 48
22369 10:37:07 select(8, [3 5], [], NULL, NULL) = 1 (in [3])
22369 10:37:07 read(3, "a\257G\371\360\263\371x\371\306\355c/*\376\345=\370\254\233\304\264\260\20\313>\221<\206\322x\374"..., 8192) = 48
22369 10:37:07 select(8, [3 5], [6], NULL, NULL) = 1 (out [6])
22369 10:37:07 write(6, "i", 1)         = 1
22369 10:37:07 select(8, [3 5], [], NULL, NULL) = 1 (in [5])
22369 10:37:08 read(5, "\10", 16384)    = 1
22369 10:37:08 select(8, [3 5], [3], NULL, NULL) = 1 (out [3])
22369 10:37:08 write(3, "\336\322\\m\331t\16L\341\367)\256\261\177\210\217\313\t[\3030\221\17\1\247\227\204\21\347\310\230\201"..., 48) = 48
22369 10:37:08 select(8, [3 5], [], NULL, NULL) = 1 (in [3])
22369 10:37:08 read(3, "\275V\244\305H<\233\306\365xK,\303\355\337\276\204\355]\261\244O\177\257%,\22\223\276g\236\367"..., 8192) = 48
22369 10:37:08 select(8, [3 5], [6], NULL, NULL) = 1 (out [6])
22369 10:37:08 write(6, "\10\33[K", 4)  = 4
22369 10:37:08 select(8, [3 5], [], NULL, NULL) = 1 (in [5])
22369 10:37:08 read(5, "g", 16384)      = 1
22369 10:37:08 select(8, [3 5], [3], NULL, NULL) = 1 (out [3])
22369 10:37:08 write(3, "m~\375\211N_\261\312\245\211MIz\270\32\333\353T\236n\342}\361B[ D\202\201\303(\10"..., 48) = 48
22369 10:37:08 select(8, [3 5], [], NULL, NULL) = 1 (in [3])
22369 10:37:08 read(3, "\360\321\327A\204z\33`i\337b\351\334\337He\373b8\235p\270A\200\314)\201\241Q\201\f\26"..., 8192) = 48
22369 10:37:08 select(8, [3 5], [6], NULL, NULL) = 1 (out [6])
22369 10:37:08 write(6, "g", 1)         = 1
22369 10:37:08 select(8, [3 5], [], NULL, NULL) = 1 (in [5])
22369 10:37:08 read(5, "i", 16384)      = 1
22369 10:37:08 select(8, [3 5], [3], NULL, NULL) = 1 (out [3])
22369 10:37:08 write(3, "\";\236\0\365\276\353\357B\202@N\35\243\347\4\267\224\t\275(e\273A\303\27\364\377\324\372Dv"..., 48) = 48
22369 10:37:08 select(8, [3 5], [], NULL, NULL) = 1 (in [3])
22369 10:37:08 read(3, "\23\v\7\274P\231\v\342(&\345m]Hl\370\23483\17)\357\240`G\6\7\331z\254\254e"..., 8192) = 48
22369 10:37:08 select(8, [3 5], [6], NULL, NULL) = 1 (out [6])
22369 10:37:08 write(6, "i", 1)         = 1
22369 10:37:08 select(8, [3 5], [], NULL, NULL) = 1 (in [5])
22369 10:37:10 read(5, "\10", 16384)    = 1
22369 10:37:10 select(8, [3 5], [3], NULL, NULL) = 1 (out [3])
22369 10:37:10 write(3, "\345\210\301\35\300T\210sRg&&\216\344u\220^Z@\322y\245\211\234y\210\fJdr\23\302"..., 48) = 48
22369 10:37:10 select(8, [3 5], [], NULL, NULL) = 1 (in [3])
22369 10:37:10 read(3, "\t\16^\210\254G\32\265\304a\336c\234%\fJ@\2441Vit\0\267m\262\311ht'2\f"..., 8192) = 48
22369 10:37:10 select(8, [3 5], [6], NULL, NULL) = 1 (out [6])
22369 10:37:10 write(6, "\10\33[K", 4)  = 4
22369 10:37:10 select(8, [3 5], [], NULL, NULL) = 1 (in [5])
22369 10:37:10 read(5, "\10", 16384)    = 1
22369 10:37:10 select(8, [3 5], [3], NULL, NULL) = 1 (out [3])
22369 10:37:10 write(3, "2\341v\246\317\17\326\365\361\0;(\272\276H\305\21n\22>\217_\217\313\346\340*\377\2\223/\300"..., 48) = 48
22369 10:37:10 select(8, [3 5], [], NULL, NULL) = 1 (in [3])
22369 10:37:10 read(3, "s\2672\214\374R\6\311\246q\242U\217\222\2751C\320\222}\303\n\325\257\37$&\257n=\224\37"..., 8192) = 48
22369 10:37:10 select(8, [3 5], [6], NULL, NULL) = 1 (out [6])
22369 10:37:10 write(6, "\10\33[K", 4)  = 4
22369 10:37:10 select(8, [3 5], [], NULL, NULL) = 1 (in [5])
22369 10:37:10 read(5, "f", 16384)      = 1
22369 10:37:10 select(8, [3 5], [3], NULL, NULL) = 1 (out [3])
22369 10:37:10 write(3, "\241j\270\353{\313b\363\r\230\370UZT\227\275b\17\345\244\215\273\277\326\206\250\345f\276x*X"..., 48) = 48
22369 10:37:10 select(8, [3 5], [], NULL, NULL) = 1 (in [3])
22369 10:37:10 read(3, "%\271C\355u \177\253\374\27\206\37H\254P\177\21\334s4\314_\316\357\200\242H&u\213\272\243"..., 8192) = 48
22369 10:37:10 select(8, [3 5], [6], NULL, NULL) = 1 (out [6])
22369 10:37:10 write(6, "f", 1)         = 1
22369 10:37:10 select(8, [3 5], [], NULL, NULL) = 1 (in [5])
22369 10:37:11 read(5, "i", 16384)      = 1
22369 10:37:11 select(8, [3 5], [3], NULL, NULL) = 1 (out [3])
22369 10:37:11 write(3, "]\263^l\232\22\324\373\300S\317\320\231\223\357\324\230\224q7\24\f\261\3\5/\202\306\326^\300\276"..., 48) = 48
22369 10:37:11 select(8, [3 5], [], NULL, NULL) = 1 (in [3])
22369 10:37:11 read(3, "\261\214d\240\306\246ev7G\300\277\266\325P\321\302\246\26\344e\341\214XW\7\5\371w\5\3\324"..., 8192) = 48
22369 10:37:11 select(8, [3 5], [6], NULL, NULL) = 1 (out [6])
22369 10:37:11 write(6, "i", 1)         = 1
22369 10:37:11 select(8, [3 5], [], NULL, NULL) = 1 (in [5])
22369 10:37:11 read(5, "g", 16384)      = 1
22369 10:37:11 select(8, [3 5], [3], NULL, NULL) = 1 (out [3])
22369 10:37:11 write(3, "jW[\206\360\320\374O\243\275\361\206\240\350\313\206O\32\313Y\377\266\355dQT\243\2017\37n\306"..., 48) = 48
22369 10:37:11 select(8, [3 5], [], NULL, NULL) = 1 (in [3])
22369 10:37:11 read(3, "\331b\"\27\22\333)=\6\250\341\211\262M\244]\374fx\ncd\371\257\3563\215\302t\377\237\365"..., 8192) = 48
22369 10:37:11 select(8, [3 5], [6], NULL, NULL) = 1 (out [6])
22369 10:37:11 write(6, "g", 1)         = 1
22369 10:37:11 select(8, [3 5], [], NULL, NULL) = 1 (in [5])
22369 10:37:13 read(5, "\33[D", 16384)  = 3
22369 10:37:13 select(8, [3 5], [3], NULL, NULL) = 1 (out [3])
22369 10:37:13 write(3, "C\272\245\324\f\254\6\323\347\35{\7\363\371\332\256\216z\371\333\372\372B\367\274\221\240\250\34\\-K"..., 48) = 48
22369 10:37:13 select(8, [3 5], [], NULL, NULL) = 1 (in [3])
22369 10:37:13 read(3, "\f\16\346\17}C\376XVB\244\327\224\t\367^%\207\356\217|\344\1\207\302\240\307\330\227\362\316\270"..., 8192) = 48
22369 10:37:13 select(8, [3 5], [6], NULL, NULL) = 1 (out [6])
22369 10:37:13 write(6, "\10", 1)       = 1
22369 10:37:13 select(8, [3 5], [], NULL, NULL) = 1 (in [5])
22369 10:37:13 read(5, "\33[D", 16384)  = 3
22369 10:37:13 select(8, [3 5], [3], NULL, NULL) = 1 (out [3])
22369 10:37:13 write(3, "G^U\37017\22F\336Q\301\207\250#\202\10\340\240\23\252Y\255\252\272,\n\33471\33\364\214"..., 48) = 48
22369 10:37:13 select(8, [3 5], [], NULL, NULL) = 1 (in [3])
22369 10:37:13 read(3, "\272|\201p\351\222)\357\177\30\275\\+\223b\221NA\345\303Blo\17\361\317s\353\34y\240q"..., 8192) = 48
22369 10:37:13 select(8, [3 5], [6], NULL, NULL) = 1 (out [6])
22369 10:37:13 write(6, "\10", 1)       = 1
22369 10:37:13 select(8, [3 5], [], NULL, NULL) = 1 (in [5])
22369 10:37:13 read(5, "\33[D", 16384)  = 3
22369 10:37:13 select(8, [3 5], [3], NULL, NULL) = 1 (out [3])
22369 10:37:13 write(3, "\335\212\34\25=\t\250]\254\362\271\302F\337:\230>\367-I\177>\257\2304Y\224\354\353\220\237y"..., 48) = 48
22369 10:37:13 select(8, [3 5], [], NULL, NULL) = 1 (in [3])
22369 10:37:13 read(3, "\0\37i9\4}-\251\t\345\333>\f\315\251\212\363 \236\0226.{\236\211.I\240\tc\314\35"..., 8192) = 48
22369 10:37:13 select(8, [3 5], [6], NULL, NULL) = 1 (out [6])
22369 10:37:13 write(6, "\10", 1)       = 1
22369 10:37:13 select(8, [3 5], [], NULL, NULL) = 1 (in [5])
22369 10:37:14 read(5, "\10", 16384)    = 1
22369 10:37:14 select(8, [3 5], [3], NULL, NULL) = 1 (out [3])
22369 10:37:14 write(3, "\205\16\301\34K\344I\213\275\336*\226/\331\224\340\360f\17\331\250\205\341\200\217\250\241\21D\256\251\5"..., 48) = 48
22369 10:37:14 select(8, [3 5], [], NULL, NULL) = 1 (in [3])
22369 10:37:14 read(3, "\335g\302_-\360\vx\34\230X\355\260\221\207\302V\355J=@\235\320\233\255\245\301\326\255\274\327\330"..., 8192) = 48
22369 10:37:14 select(8, [3 5], [6], NULL, NULL) = 1 (out [6])
22369 10:37:14 write(6, "\10\33[1Pfig\10\10\10", 11) = 11
22369 10:37:14 select(8, [3 5], [], NULL, NULL) = 1 (in [5])
22369 10:37:14 read(5, "\10", 16384)    = 1
22369 10:37:14 select(8, [3 5], [3], NULL, NULL) = 1 (out [3])
22369 10:37:14 write(3, "\235y\222\242w\346\363S\276\4I\363\357]s\24\300\262x\22\256< \361\222?\203r\345\252\222\317"..., 48) = 48
22369 10:37:14 select(8, [3 5], [], NULL, NULL) = 1 (in [3])
22369 10:37:14 read(3, "\360\326)\277j\200+\341Gm\305\361\2651J=\371\21\35\352\304?\255\"\206\27\236\333\242\2005\5"..., 8192) = 48
22369 10:37:14 select(8, [3 5], [6], NULL, NULL) = 1 (out [6])
22369 10:37:14 write(6, "\10\33[1Pfig\10\10\10", 11) = 11
22369 10:37:14 select(8, [3 5], [], NULL, NULL) = 1 (in [5])
22369 10:37:15 read(5, "d", 16384)      = 1
22369 10:37:15 select(8, [3 5], [3], NULL, NULL) = 1 (out [3])
22369 10:37:15 write(3, "r\310\351\326D\272\37\233\252b\215\252\226\303\352_J\31m\342g\204u\241\320$\3\325K\6\36w"..., 48) = 48
22369 10:37:15 select(8, [3 5], [], NULL, NULL) = 1 (in [3])
22369 10:37:15 read(3, "\214&\370\262H\243\243g\261xlwJg\\\272\7@\v\267l\251\241\372N\203\36\35\333\263\336\335"..., 8192) = 48
22369 10:37:15 select(8, [3 5], [6], NULL, NULL) = 1 (out [6])
22369 10:37:15 write(6, "dfig\10\10\10", 7) = 7
22369 10:37:15 select(8, [3 5], [], NULL, NULL) = 1 (in [5])
22369 10:37:15 read(5, "d", 16384)      = 1
22369 10:37:15 select(8, [3 5], [3], NULL, NULL) = 1 (out [3])
22369 10:37:15 write(3, "\373\234\27\266\213\1\245\315m,\375\30\226\215Z\355\302\3276\0215\276\277\f\206k\220]\324n{\270"..., 48) = 48
22369 10:37:15 select(8, [3 5], [], NULL, NULL) = 1 (in [3])
22369 10:37:15 read(3, "A\r\3365\200iiF6\327\201\241\37\342\242\356j$\230\247\37S\266\244\ve\254E\"B\362\233"..., 8192) = 48
22369 10:37:15 select(8, [3 5], [6], NULL, NULL) = 1 (out [6])
22369 10:37:15 write(6, "dfig\10\10\10", 7) = 7
22369 10:37:15 select(8, [3 5], [], NULL, NULL) = 1 (in [5])
22369 10:37:15 read(5, "d", 16384)      = 1
22369 10:37:15 select(8, [3 5], [3], NULL, NULL) = 1 (out [3])
22369 10:37:15 write(3, "\332X\221\307Ao\5\246\246\207\276E\270\305\1\371 \233\365wm*\225\203#\252^{\2661\350L"..., 48) = 48
22369 10:37:15 select(8, [3 5], [], NULL, NULL) = 1 (in [3])
22369 10:37:15 read(3, "R\323\1\370\255\365:v~\274\f\270\224\256'?\216\177\226\34\236\260/\217,\333\204\363\35V\301\246"..., 8192) = 48
22369 10:37:15 select(8, [3 5], [6], NULL, NULL) = 1 (out [6])
22369 10:37:15 write(6, "dfig\10\10\10", 7) = 7
22369 10:37:15 select(8, [3 5], [], NULL, NULL) = 1 (in [5])
22369 10:37:16 read(5, "\33[C", 16384)  = 3
22369 10:37:16 select(8, [3 5], [3], NULL, NULL) = 1 (out [3])
22369 10:37:16 write(3, "\307\222\361\371`{\241Y\341R\267\31\362MQ\27\250\374>\215#\245\273i\316sk\274RO\353\34"..., 48) = 48
22369 10:37:16 select(8, [3 5], [], NULL, NULL) = 1 (in [3])
22369 10:37:16 read(3, "\226;\343\353\231\26\26~C\3204\246|\323\243\277\322\30\276V\360\224L\27\3679_}N\35x\32"..., 8192) = 48
22369 10:37:16 select(8, [3 5], [6], NULL, NULL) = 1 (out [6])
22369 10:37:16 write(6, "\33[C", 3)     = 3
22369 10:37:16 select(8, [3 5], [], NULL, NULL) = 1 (in [5])
22369 10:37:17 read(5, "\33[C", 16384)  = 3
22369 10:37:17 select(8, [3 5], [3], NULL, NULL) = 1 (out [3])
22369 10:37:17 write(3, "\222q\235\210\362\374\350~Ve6[\263\261\343\262\230(\277\21\377\17]\215\272\200\233\363\331\2\256\0"..., 48) = 48
22369 10:37:17 select(8, [3 5], [], NULL, NULL) = 1 (in [3])
22369 10:37:17 read(3, "\323\6a\35\216u.\17\230\346x.#\7eLn\17\233\327|\27*\223\272\304\23\277S\"\333\322"..., 8192) = 48
22369 10:37:17 select(8, [3 5], [6], NULL, NULL) = 1 (out [6])
22369 10:37:17 write(6, "\33[C", 3)     = 3
22369 10:37:17 select(8, [3 5], [], NULL, NULL) = 1 (in [5])
22369 10:37:17 read(5, "\33[D", 16384)  = 3
22369 10:37:17 select(8, [3 5], [3], NULL, NULL) = 1 (out [3])
22369 10:37:17 write(3, "@\322\17\t\233\243\316@.\23\210\322\3\356\235\325Zt\225\23\230\206:!aKg\204\336%\372 "..., 48) = 48
22369 10:37:17 select(8, [3 5], [], NULL, NULL) = 1 (in [3])
22369 10:37:17 read(3, "\353L\10*\\\260[n\322ZY\316}\350l\373\247\3326Z\32\v\374\233=#!\323\212d\202\277"..., 8192) = 48
22369 10:37:17 select(8, [3 5], [6], NULL, NULL) = 1 (out [6])
22369 10:37:17 write(6, "\10", 1)       = 1
22369 10:37:17 select(8, [3 5], [], NULL, NULL) = 1 (in [5])
22369 10:37:17 read(5, "\33[D", 16384)  = 3
22369 10:37:17 select(8, [3 5], [3], NULL, NULL) = 1 (out [3])
22369 10:37:17 write(3, "x\256\340$\30\0049R\347\265\\\227\343\200\266|\240\215Y\207\n\253\2\4\223\33\350\356\374\304l*"..., 48) = 48
22369 10:37:17 select(8, [3 5], [], NULL, NULL) = 1 (in [3])
22369 10:37:17 read(3, "\301\211\26\242\340U\353\6\251\245\333\262I\300k\257mj\6\263\317\3\221\275\36\261\25&\f\360\236\335"..., 8192) = 48
22369 10:37:17 select(8, [3 5], [6], NULL, NULL) = 1 (out [6])
22369 10:37:17 write(6, "\10", 1)       = 1
22369 10:37:17 select(8, [3 5], [], NULL, NULL) = 1 (in [5])
22369 10:37:18 read(5, "\10", 16384)    = 1
22369 10:37:18 select(8, [3 5], [3], NULL, NULL) = 1 (out [3])
22369 10:37:18 write(3, "B}R\353B\210\3237\247\10\346#\346\357\316/\300;\242\26\313&\244(\324\270\204\3?T3Q"..., 48) = 48
22369 10:37:18 select(8, [3 5], [], NULL, NULL) = 1 (in [3])
22369 10:37:18 read(3, "'\257\201\256\32\250\354\220<\227\340\375B\203\275\374\310\226\240\331D\3M\207\314\336*\35\211\207\310\334"..., 8192) = 48
22369 10:37:18 select(8, [3 5], [6], NULL, NULL) = 1 (out [6])
22369 10:37:18 write(6, "\10\33[1Pfig\10\10\10", 11) = 11
22369 10:37:18 select(8, [3 5], [], NULL, NULL) = 1 (in [5])
22369 10:37:18 read(5, "\10", 16384)    = 1
22369 10:37:18 select(8, [3 5], [3], NULL, NULL) = 1 (out [3])
22369 10:37:18 write(3, ":9\v\311\332\223\302\"\n\21l\325u\212O6\374'J\264\26\343\372\343\272\305\303\2628P\302f"..., 48) = 48
22369 10:37:18 select(8, [3 5], [], NULL, NULL) = 1 (in [3])
22369 10:37:18 read(3, "!O\357\230*\246`4C\3\353,\277\233\3644\274G\260\333{\231+\254lgn\f@\23\341\276"..., 8192) = 48
22369 10:37:18 select(8, [3 5], [6], NULL, NULL) = 1 (out [6])
22369 10:37:18 write(6, "\10\33[1Pfig\10\10\10", 11) = 11
22369 10:37:18 select(8, [3 5], [], NULL, NULL) = 1 (in [5])
22369 10:37:18 read(5, "\10", 16384)    = 1
22369 10:37:18 select(8, [3 5], [3], NULL, NULL) = 1 (out [3])
22369 10:37:18 write(3, "\246G\210\377c\342\225\335;\23\262\305\276n\10\303\206\240\371\rl[H)\262\262\272\5\250\315\300\232"..., 48) = 48
22369 10:37:18 select(8, [3 5], [], NULL, NULL) = 1 (in [3])
22369 10:37:18 read(3, "\371\207\26\230Q\212\2O\251E*E \207\350\0\t\7\22\361D\260\0\227\370\314Y\257{K\276\346"..., 8192) = 48
22369 10:37:18 select(8, [3 5], [6], NULL, NULL) = 1 (out [6])
22369 10:37:18 write(6, "\10\33[1Pfig\10\10\10", 11) = 11
22369 10:37:18 select(8, [3 5], [], NULL, NULL) = 1 (in [5])
22369 10:37:19 read(5, "o", 16384)      = 1
22369 10:37:19 select(8, [3 5], [3], NULL, NULL) = 1 (out [3])
22369 10:37:19 write(3, "\351D\211\374\320\322\23739\244\16\345\17\276v\310\233\343\242\344\255\330\366\337iI#|y\324\3\32"..., 48) = 48
22369 10:37:19 select(8, [3 5], [], NULL, NULL) = 1 (in [3])
22369 10:37:19 read(3, "@\360\320\277\220\0024\f\210\251\316\271I\7@\252t\336\202\332\0*J\375\225\350\300\231\v\35\330\314"..., 8192) = 48
22369 10:37:19 select(8, [3 5], [6], NULL, NULL) = 1 (out [6])
22369 10:37:19 write(6, "ofig\10\10\10", 7) = 7
22369 10:37:19 select(8, [3 5], [], NULL, NULL) = 1 (in [5])
22369 10:37:19 read(5, "n", 16384)      = 1
22369 10:37:19 select(8, [3 5], [3], NULL, NULL) = 1 (out [3])
22369 10:37:19 write(3, "\237E\277\233\352\260\3270\271\345K2\275]\300\235\363r\330\323K\7\25;\335\331f\317\4+*\202"..., 48) = 48
22369 10:37:19 select(8, [3 5], [], NULL, NULL) = 1 (in [3])
22369 10:37:19 read(3, "T\242\273)){1e\231-\215B \321\305\0054\223\5\317$\264\233\204m\252\363J\214H\1["..., 8192) = 48
22369 10:37:19 select(8, [3 5], [6], NULL, NULL) = 1 (out [6])
22369 10:37:19 write(6, "nfig\10\10\10", 7) = 7
22369 10:37:19 select(8, [3 5], [], NULL, NULL) = 1 (in [5])
22369 10:37:21 read(5, "\33[3~", 16384) = 4
22369 10:37:21 select(8, [3 5], [3], NULL, NULL) = 1 (out [3])
22369 10:37:21 write(3, "\264P'\260\f\264\226\21\241\304\207\207cqr/\256\327K\210\232\205Q\213\313\274\2066\n\207K\261"..., 48) = 48
22369 10:37:21 select(8, [3 5], [], NULL, NULL) = 1 (in [3])
22369 10:37:21 read(3, "\0275\24\376*\246~Qb\26\330O\274>\23\270%?v\366\344\222\36n@\214*kHg|2"..., 8192) = 48
22369 10:37:21 select(8, [3 5], [6], NULL, NULL) = 1 (out [6])
22369 10:37:21 write(6, "\33[1Pig\10\10", 8) = 8
22369 10:37:21 select(8, [3 5], [], NULL, NULL) = 1 (in [5])
22369 10:37:22 read(5, "\33[3~", 16384) = 4
22369 10:37:22 select(8, [3 5], [3], NULL, NULL) = 1 (out [3])
22369 10:37:22 write(3, "\206Q\32\334\241\341N\365\7t\16\307\330\20^\363\253\372\327\2333\375\3\356[\362o\207\24\210!l"..., 48) = 48
22369 10:37:22 select(8, [3 5], [], NULL, NULL) = 1 (in [3])
22369 10:37:22 read(3, "h\340\375\252\342\3627\377!p\261\37\332s\353\335\323\1*\202m\370\340ZW\343\327/R\3071\343"..., 8192) = 48
22369 10:37:22 select(8, [3 5], [6], NULL, NULL) = 1 (out [6])
22369 10:37:22 write(6, "\33[1Pg\10", 6) = 6
22369 10:37:22 select(8, [3 5], [], NULL, NULL) = 1 (in [5])
22369 10:37:24 read(5, "f", 16384)      = 1
22369 10:37:24 select(8, [3 5], [3], NULL, NULL) = 1 (out [3])
22369 10:37:24 write(3, "\364{8d\323\274`~\246\365A\221Z\21\20\200\234,\247\244\304\362'Z1\244Z\376^\177c8"..., 48) = 48
22369 10:37:24 select(8, [3 5], [], NULL, NULL) = 1 (in [3])
22369 10:37:24 read(3, "\353\200\376>8\27\253\221]\240f\35CW\373\230e\224\342\260 j\2426T[\371\322\377\17\352m"..., 8192) = 48
22369 10:37:24 select(8, [3 5], [6], NULL, NULL) = 1 (out [6])
22369 10:37:24 write(6, "fg\10", 3)     = 3
22369 10:37:24 select(8, [3 5], [], NULL, NULL) = 1 (in [5])
22369 10:37:24 read(5, "i", 16384)      = 1
22369 10:37:24 select(8, [3 5], [3], NULL, NULL) = 1 (out [3])
22369 10:37:24 write(3, "\320'\25\270\3377\22\v\275\266\366^&L~\357u\344\266\313D\373\277k\222\375o\24\376F\333b"..., 48) = 48
22369 10:37:24 select(8, [3 5], [], NULL, NULL) = 1 (in [3])
22369 10:37:24 read(3, "\203\376\3479\325\244nG\217\243\333]\357/O\377\274\233\212\2576\203\325\333\n\241[\6\212\1`@"..., 8192) = 48
22369 10:37:24 select(8, [3 5], [6], NULL, NULL) = 1 (out [6])
22369 10:37:24 write(6, "ig\10", 3)     = 3
22369 10:37:24 select(8, [3 5], [], NULL, NULL) = 1 (in [5])
22369 10:37:26 read(5, "\33[C", 16384)  = 3
22369 10:37:26 select(8, [3 5], [3], NULL, NULL) = 1 (out [3])
22369 10:37:26 write(3, "\3732\327\206\26(4V\202\334\30c\234<d\263\252\203l\335\247\202uGG\0\241\203\276\23\34\340"..., 48) = 48
22369 10:37:26 select(8, [3 5], [], NULL, NULL) = 1 (in [3])
22369 10:37:26 read(3, "\274\3k\361i\261s\253*o\353\326!\335\217\301o^\376\335I\350\365\337wd\217\372h\1X\207"..., 8192) = 48
22369 10:37:26 select(8, [3 5], [6], NULL, NULL) = 1 (out [6])
22369 10:37:26 write(6, "\33[C", 3)     = 3
22369 10:37:26 select(8, [3 5], [], NULL, NULL) = 1 (in [5])
22369 10:37:32 read(5, "\r", 16384)     = 1
22369 10:37:32 select(8, [3 5], [3], NULL, NULL) = 1 (out [3])
22369 10:37:32 write(3, "\37119(\30}\"p!F\276x\237$\205\304\10G\203\235\36\264e~\3365\373\301x\200\207 "..., 48) = 48
22369 10:37:32 select(8, [3 5], [], NULL, NULL) = 1 (in [3])
22369 10:37:32 read(3, "\300\354\332\317\323\v\24?\272\233.Z\371\33\271K\331\237(\257S\"0\26S]\211\0\5\360\37\344"..., 8192) = 48
22369 10:37:32 select(8, [3 5], [6], NULL, NULL) = 1 (out [6])
22369 10:37:32 write(6, "\r\n", 2)      = 2
22369 10:37:32 select(8, [3 5], [], NULL, NULL) = 1 (in [3])
22369 10:37:32 read(3, "\232<\317`\1\243\260\331\272E7\262\273i\363\5\205\240\332\36s\t_\253'\317\2050\224-*\345"..., 8192) = 352
22369 10:37:32 select(8, [3 5], [6], NULL, NULL) = 2 (in [3], out [6])
22369 10:37:32 write(6, "eth0      Link encap:Ethernet  H"..., 245) = 245
22369 10:37:32 read(3, "\252\220\203\177\v\217\346\312\352\223j\227\221\t:I\236j\22\234\1\211|.\342A+\260\216\237;\210"..., 8192) = 1328
22369 10:37:32 select(8, [3 5], [6], NULL, NULL) = 1 (out [6])
22369 10:37:32 write(6, "          TX packets:6 errors:0 "..., 935) = 935
22369 10:37:32 select(8, [3 5], [], NULL, NULL) = 1 (in [3])
22369 10:37:32 read(3, "$\347\250\260= r\25\363m\271\35Kc\16l\213\4\350%\260\200\223j\333\324g\rG\16\213\264"..., 8192) = 1248
22369 10:37:32 select(8, [3 5], [6], NULL, NULL) = 1 (out [6])
22369 10:37:32 write(6, "          RX packets:48159798345"..., 1207) = 1207
22369 10:37:32 select(8, [3 5], [], NULL, NULL) = 1 (in [3])
22369 10:37:32 read(3, "\316\376\37cgt\203~\36CYP\344\223+\275W/\26\272P{\3453\267t\205\352>!\vd"..., 8192) = 64
22369 10:37:32 select(8, [3 5], [6], NULL, NULL) = 1 (out [6])
22369 10:37:32 write(6, "\33]0;root@PR-2-3:~\7", 18) = 18
22369 10:37:32 select(8, [3 5], [], NULL, NULL) = 1 (in [3])
22369 10:37:32 read(3, "\340\240#\211\2506\375\262V\v2erPK\202%'G\245#\200\31\r\326\26\0202!\r\206h"..., 8192) = 80
22369 10:37:32 select(8, [3 5], [6], NULL, NULL) = 1 (out [6])
22369 10:37:32 write(6, "(FUDE-0.4.2@x86_64)[root@PR-2-3 "..., 35) = 35
22369 10:37:32 select(8, [3 5], [], NULL, NULL) = 1 (in [5])
22369 10:37:50 read(5, "v", 16384)      = 1
22369 10:37:50 select(8, [3 5], [3], NULL, NULL) = 1 (out [3])
22369 10:37:50 write(3, "]\370\16\202\244\306\233B6X\301Z\216$\354a\3334\334\242\214yG\36,\246\210\306o2Y\300"..., 48) = 48
22369 10:37:50 select(8, [3 5], [], NULL, NULL) = 1 (in [3])
22369 10:37:50 read(3, "Bk\347ie\23\f\2q\37\177\353\302\342\0\216?W\255hf\321\211+x:\347\225\32\\\371\t"..., 8192) = 48
22369 10:37:50 select(8, [3 5], [6], NULL, NULL) = 1 (out [6])
22369 10:37:50 write(6, "v", 1)         = 1
22369 10:37:50 select(8, [3 5], [], NULL, NULL) = 1 (in [5])
22369 10:37:50 read(5, "i", 16384)      = 1
22369 10:37:50 select(8, [3 5], [3], NULL, NULL) = 1 (out [3])
22369 10:37:50 write(3, "\33\246;l2\33\f\32\227\32089\3303!L\260\2209\220_\333o\312\222\377\230U\332\252\36\220"..., 48) = 48
22369 10:37:50 select(8, [3 5], [], NULL, NULL) = 1 (in [3])
22369 10:37:50 read(3, "\201\33\207\232\4\f\377\262\213N!=[\357C\326B\203\251i\177\225\310\16\23\363\221\316\16{\317\336"..., 8192) = 48
22369 10:37:50 select(8, [3 5], [6], NULL, NULL) = 1 (out [6])
22369 10:37:50 write(6, "i", 1)         = 1
22369 10:37:50 select(8, [3 5], [], NULL, NULL) = 1 (in [5])
22369 10:37:50 read(5, "m", 16384)      = 1
22369 10:37:50 select(8, [3 5], [3], NULL, NULL) = 1 (out [3])
22369 10:37:50 write(3, "\207\352}\2438\347f,]\252\31%;\317\21\323A\317R4\267.\5\320\2T\365\2722M\200a"..., 48) = 48
22369 10:37:50 select(8, [3 5], [], NULL, NULL) = 1 (in [3])
22369 10:37:50 read(3, "\256Y\200rT\202\322m\316\n\30O\271\307\367P\375.\2SFo)'\350\247\373\221I\226zs"..., 8192) = 48
22369 10:37:50 select(8, [3 5], [6], NULL, NULL) = 1 (out [6])
22369 10:37:50 write(6, "m", 1)         = 1
22369 10:37:50 select(8, [3 5], [], NULL, NULL) = 1 (in [5])
22369 10:37:50 read(5, " ", 16384)      = 1
22369 10:37:50 select(8, [3 5], [3], NULL, NULL) = 1 (out [3])
22369 10:37:50 write(3, "\r\356\17X\3\320CMP\33\267g2\10\321\210\301\365\207\216\253\r\207\2%%$\2108\365\27\307"..., 48) = 48
22369 10:37:50 select(8, [3 5], [], NULL, NULL) = 1 (in [3])
22369 10:37:50 read(3, "\241\223\211\6\16\30\317\30h\35\237g\213S\367\3417&K\216C\272\357>\333J\236\336\266\230Go"..., 8192) = 48
22369 10:37:50 select(8, [3 5], [6], NULL, NULL) = 1 (out [6])
22369 10:37:50 write(6, " ", 1)         = 1
22369 10:37:50 select(8, [3 5], [], NULL, NULL) = 1 (in [5])
22369 10:37:51 read(5, "\r", 16384)     = 1
22369 10:37:51 select(8, [3 5], [3], NULL, NULL) = 1 (out [3])
22369 10:37:51 write(3, "F\240Vh\3473\230U\212\262\355\240\243\\\351\237\264\332`\2506z%\20\363(2\363%iM\22"..., 48) = 48
22369 10:37:51 select(8, [3 5], [], NULL, NULL) = 1 (in [3])
22369 10:37:51 read(3, "\316\222\222]8\326\342\250\24\321 \3\2626\331\262\21\222\377\305\233\t\260O\202\304\204\265\330\26\371."..., 8192) = 48
22369 10:37:51 select(8, [3 5], [6], NULL, NULL) = 1 (out [6])
22369 10:37:51 write(6, "\r\n", 2)      = 2
22369 10:37:51 select(8, [3 5], [], NULL, NULL) = 1 (in [3])
22369 10:37:51 read(3, "\355n\316\340\260w\222\275'\251,w\220\366\207\313\354\222r\1\320\212\4\213\36\353b\373\246\262\210\255"..., 8192) = 64
22369 10:37:51 select(8, [3 5], [6], NULL, NULL) = 1 (out [6])
22369 10:37:51 write(6, "\33[?1049h\33[?1h\33=", 15) = 15
22369 10:37:51 select(8, [3 5], [], NULL, NULL) = 1 (in [3])
22369 10:37:51 read(3, "_0e\254F\21\316\177\357\32\247\36&%.1P\341\363\262\360\5CE\3475\7B\0102y\227"..., 8192) = 96
22369 10:37:51 select(8, [3 5], [6], NULL, NULL) = 1 (out [6])
22369 10:37:51 write(6, "\33[1;46r\33[?12;25h\33[?12l\33[?25h\33[27"..., 47) = 47
22369 10:37:51 select(8, [3 5], [], NULL, NULL) = 1 (in [3])
22369 10:37:51 read(3, "\322\313\3508\r\304\237[\277$\236\253\335\221\34U\265\215z\340:\263O,\7\325\3505M?\32\364"..., 8192) = 3544
22369 10:37:51 select(8, [3 5], [6], NULL, NULL) = 1 (out [6])
22369 10:37:51 write(6, "\33[?25l\33[2;1H\33[1m\33[34m~          "..., 2047) = 2047
22369 10:37:51 select(8, [3 5], [], NULL, NULL) = 1 (in [3])
22369 10:37:51 read(3, "+\273\372\306\325\370\233\370\363\302\253\0\333\24p\366MB\10=\2459\334(e\242Z7\237P\254a"..., 8192) = 1736
22369 10:37:51 select(8, [3 5], [6], NULL, NULL) = 1 (out [6])
22369 10:37:51 write(6, "                                "..., 3094) = 3094
22369 10:37:51 select(8, [3 5], [], NULL, NULL) = 1 (in [5])
22369 10:37:51 read(5, "\33[>0;136;0c", 16384) = 11
22369 10:37:51 select(8, [3 5], [3], NULL, NULL) = 1 (out [3])
22369 10:37:51 write(3, "N\2P\353\304\353\365#\226\217\4\371V\364\2014\375\22m\23\306\17:C\252\273\370\371]F:\231"..., 48) = 48
22369 10:37:51 select(8, [3 5], [], NULL, NULL) = 1 (in [5])
22369 10:37:54 read(5, ":", 16384)      = 1
22369 10:37:54 select(8, [3 5], [3], NULL, NULL) = 1 (out [3])
22369 10:37:54 write(3, "\225\"\3344[I^\21\276\f\205\27\27\232(\267\245t\330 \263\16\233S\302\353c\323C\6l "..., 48) = 48
22369 10:37:54 select(8, [3 5], [], NULL, NULL) = 1 (in [3])
22369 10:37:54 read(3, "\260R\t\253\216\302\255e/\250\27\340)\214\237\376\rA[\216}\34\316\301\252U\313\333._\5\36"..., 8192) = 80
22369 10:37:54 select(8, [3 5], [6], NULL, NULL) = 1 (out [6])
22369 10:37:54 write(6, "\33[?25l\33[46;81H\33[K\33[46;1H:\33[?12l\33"..., 37) = 37
22369 10:37:54 select(8, [3 5], [], NULL, NULL) = 1 (in [5])
22369 10:37:55 read(5, "q", 16384)      = 1
22369 10:37:55 select(8, [3 5], [3], NULL, NULL) = 1 (out [3])
22369 10:37:55 write(3, "\204\vnA[\343\254P\334\243\34\30\327\245X\23\0\233<\274\303\242\240{\225\32R\363\210\n\353s"..., 48) = 48
22369 10:37:55 select(8, [3 5], [], NULL, NULL) = 1 (in [3])
22369 10:37:55 read(3, "\343\366\n\253\313\tu\216O\33cI\323l\215\3604\3031\334m\251\310v\0ka\330\16\210\34\360"..., 8192) = 48
22369 10:37:55 select(8, [3 5], [6], NULL, NULL) = 1 (out [6])
22369 10:37:55 write(6, "q", 1)         = 1
22369 10:37:55 select(8, [3 5], [], NULL, NULL) = 1 (in [5])
22369 10:37:55 read(5, "!", 16384)      = 1
22369 10:37:55 select(8, [3 5], [3], NULL, NULL) = 1 (out [3])
22369 10:37:55 write(3, "@`\345|r\373\21\345L\1\360^H\353\1MB\277e\227\352|K\337\2730\255\276\265H\2605"..., 48) = 48
22369 10:37:55 select(8, [3 5], [], NULL, NULL) = 1 (in [3])
22369 10:37:55 read(3, "\361\\\246\v\236\"\241\202NV:\266\352]\327\324vr\346\356\251\312\343/k\323\204\371h`\326\306"..., 8192) = 48
22369 10:37:55 select(8, [3 5], [6], NULL, NULL) = 1 (out [6])
22369 10:37:55 write(6, "!", 1)         = 1
22369 10:37:55 select(8, [3 5], [], NULL, NULL) = 1 (in [5])
22369 10:37:55 read(5, "\r", 16384)     = 1
22369 10:37:55 select(8, [3 5], [3], NULL, NULL) = 1 (out [3])
22369 10:37:55 write(3, "C6\202\5\266\3417\344ID\335S,\2130N\16\301\216\3410\221\351\17\374\257\343\220\251\330M\255"..., 48) = 48
22369 10:37:55 select(8, [3 5], [], NULL, NULL) = 1 (in [3])
22369 10:37:55 read(3, "\25\351|\321\305X\264inS\n\350\267z\330\356\336R\240\257\326\354\336y\237\274X\20\264\227xU"..., 8192) = 48
22369 10:37:55 select(8, [3 5], [6], NULL, NULL) = 1 (out [6])
22369 10:37:55 write(6, "\r", 1)        = 1
22369 10:37:55 select(8, [3 5], [], NULL, NULL) = 1 (in [3])
22369 10:37:55 read(3, "\344\375\272\302]eW\265\34\255*3\276\234t\242*\345\t\7|\25y\242\10\3\30\234\301\234k\205"..., 8192) = 128
22369 10:37:55 select(8, [3 5], [6], NULL, NULL) = 1 (out [6])
22369 10:37:55 write(6, "\33[?25l\33[46;1H\33[K\33[46;1H\33[?1l\33>\33["..., 50) = 50
22369 10:37:55 select(8, [3 5], [], NULL, NULL) = 1 (in [3])
22369 10:37:55 read(3, "\v8w\336w\4\374\227\30\366\333\352\357\f&\25\364w\316\203\263t\314Q\325\5\fQ\223b\240\26"..., 8192) = 112
22369 10:37:55 select(8, [3 5], [6], NULL, NULL) = 1 (out [6])
22369 10:37:55 write(6, "\33]0;root@PR-2-3:~\7", 18) = 18
22369 10:37:55 select(8, [3 5], [], NULL, NULL) = 1 (in [3])
22369 10:37:55 read(3, "\3431\1V\240\337e\220eE\326\tz\244\v{\n\320\253\3571\3278\367\34\271\5:x)]+"..., 8192) = 80
22369 10:37:55 select(8, [3 5], [6], NULL, NULL) = 1 (out [6])
22369 10:37:55 write(6, "(FUDE-0.4.2@x86_64)[root@PR-2-3 "..., 35) = 35
22369 10:37:55 select(8, [3 5], [], NULL, NULL) = 1 (in [5])
22369 10:37:56 read(5, "v", 16384)      = 1
22369 10:37:56 select(8, [3 5], [3], NULL, NULL) = 1 (out [3])
22369 10:37:56 write(3, "\377a=\202\"O\350\352\262!\251C\273/\346@\4\343\341\255/,\271\256Ti\236yH\266\364\216"..., 48) = 48
22369 10:37:56 select(8, [3 5], [], NULL, NULL) = 1 (in [3])
22369 10:37:56 read(3, "\213FzqS\232J\1\313)\321\240\321Z4>\r\362\366a\177\361\213\354j\270c\2353\17I\203"..., 8192) = 48
22369 10:37:56 select(8, [3 5], [6], NULL, NULL) = 1 (out [6])
22369 10:37:56 write(6, "v", 1)         = 1
22369 10:37:56 select(8, [3 5], [], NULL, NULL) = 1 (in [5])
22369 10:37:56 read(5, "i", 16384)      = 1
22369 10:37:56 select(8, [3 5], [3], NULL, NULL) = 1 (out [3])
22369 10:37:56 write(3, "O<\263\200\232\37'\313A\262{\303\246\312\223C\375\312\n$9\3532$D\261\355\214\3\4\235\227"..., 48) = 48
22369 10:37:56 select(8, [3 5], [], NULL, NULL) = 1 (in [3])
22369 10:37:56 read(3, "\331<\245\224\344\27\361\314\326\5\207\314\347\320\313\350\231F\32D\206d\306\20\227d\16\237\336l\373m"..., 8192) = 48
22369 10:37:56 select(8, [3 5], [6], NULL, NULL) = 1 (out [6])
22369 10:37:56 write(6, "i", 1)         = 1
22369 10:37:56 select(8, [3 5], [], NULL, NULL) = 1 (in [5])
22369 10:37:56 read(5, "m", 16384)      = 1
22369 10:37:56 select(8, [3 5], [3], NULL, NULL) = 1 (out [3])
22369 10:37:56 write(3, "\366\r\4\271<\322pR\317)\350U\263J\242\6~\334\203\307\230A\23m\276\24\377-\336W \2"..., 48) = 48
22369 10:37:56 select(8, [3 5], [], NULL, NULL) = 1 (in [3])
22369 10:37:56 read(3, "\315\365\312S\31M\301\214Z\305\266\361B\345\370\241\231GGO\233\35\237/\202j'\0024\226\374\3"..., 8192) = 48
22369 10:37:56 select(8, [3 5], [6], NULL, NULL) = 1 (out [6])
22369 10:37:56 write(6, "m", 1)         = 1
22369 10:37:56 select(8, [3 5], [], NULL, NULL) = 1 (in [5])
22369 10:37:56 read(5, " ", 16384)      = 1
22369 10:37:56 select(8, [3 5], [3], NULL, NULL) = 1 (out [3])
22369 10:37:56 write(3, "L\333\363:\35(:\372\224b\312z\236\352\335\273\31\364S\260\246\16\355K\223\23\305\275N\10\311\221"..., 48) = 48
22369 10:37:56 select(8, [3 5], [], NULL, NULL) = 1 (in [3])
22369 10:37:56 read(3, "\265\305\3214\351\271%\24$\f\2427\204\276`\325\310D\26\360\317\231\35i\335\220C`\261\17,\231"..., 8192) = 48
22369 10:37:56 select(8, [3 5], [6], NULL, NULL) = 1 (out [6])
22369 10:37:56 write(6, " ", 1)         = 1
22369 10:37:56 select(8, [3 5], [], NULL, NULL) = 1 (in [5])
22369 10:37:56 read(5, "1", 16384)      = 1
22369 10:37:56 select(8, [3 5], [3], NULL, NULL) = 1 (out [3])
22369 10:37:56 write(3, "\241\307\275E\235a\316J\255fK\323\371\331exS\265\17\33\352\243\240\270[\342\333{\247\351\225\366"..., 48) = 48
22369 10:37:56 select(8, [3 5], [], NULL, NULL) = 1 (in [3])
22369 10:37:56 read(3, "\263\346\t\211\213f\321\r\0040\370\214\0330c\265\313LC\203\232y\2470\324\353\215\345Q4\275\""..., 8192) = 48
22369 10:37:56 select(8, [3 5], [6], NULL, NULL) = 1 (out [6])
22369 10:37:56 write(6, "1", 1)         = 1
22369 10:37:56 select(8, [3 5], [], NULL, NULL) = 1 (in [5])
22369 10:37:56 read(5, "1", 16384)      = 1
22369 10:37:56 select(8, [3 5], [3], NULL, NULL) = 1 (out [3])
22369 10:37:56 write(3, "I\207\242c\264\261g\256|T\25\347\270\5T\314\215\225#\246(\237+'\321\25\v\206\0\204\237\354"..., 48) = 48
22369 10:37:56 select(8, [3 5], [], NULL, NULL) = 1 (in [3])
22369 10:37:56 read(3, "W\311\20\33l\361\320\36P\303\20d\221\6\20\363?\225\333V\224mL\"\316T\323\252\vy\253\213"..., 8192) = 48
22369 10:37:56 select(8, [3 5], [6], NULL, NULL) = 1 (out [6])
22369 10:37:56 write(6, "1", 1)         = 1
22369 10:37:56 select(8, [3 5], [], NULL, NULL) = 1 (in [5])
22369 10:37:57 read(5, "\r", 16384)     = 1
22369 10:37:57 select(8, [3 5], [3], NULL, NULL) = 1 (out [3])
22369 10:37:57 write(3, "7H\36K\346*g\377\346w\364\251^\210\240W\234\17\211+\352\237\344\272\334\252\264KX\314\353/"..., 48) = 48
22369 10:37:57 select(8, [3 5], [], NULL, NULL) = 1 (in [3])
22369 10:37:57 read(3, "\200N\361\267\267\200\362K\246\314\254\2554yY5U\6o\311\377)\16\3343q\213)d\314I\330"..., 8192) = 48
22369 10:37:57 select(8, [3 5], [6], NULL, NULL) = 1 (out [6])
22369 10:37:57 write(6, "\r\n", 2)      = 2
22369 10:37:57 select(8, [3 5], [], NULL, NULL) = 1 (in [3])
22369 10:37:57 read(3, "\301\220\211\324\225dvZ)ka\206\260\226\334\277\364\226\273\31\343\211\":\226Tv['\204'V"..., 8192) = 64
22369 10:37:57 select(8, [3 5], [6], NULL, NULL) = 1 (out [6])
22369 10:37:57 write(6, "\33[?1049h\33[?1h\33=", 15) = 15
22369 10:37:57 select(8, [3 5], [], NULL, NULL) = 1 (in [3])
22369 10:37:57 read(3, "\6O\337\23\372\247\335\33\374\220nz\223S\30z\312,My\t~\3760eav\0102\210\320\323"..., 8192) = 144
22369 10:37:57 select(8, [3 5], [6], NULL, NULL) = 1 (out [6])
22369 10:37:57 write(6, "\33[1;46r\33[?12;25h\33[?12l\33[?25h\33[27"..., 67) = 67
22369 10:37:57 select(8, [3 5], [], NULL, NULL) = 1 (in [3])
22369 10:37:57 read(3, "+o\225\204wi.\f}\17\363\253\314\v\366k\2\236\1\204\350\tq\27\34}Q\354\230\35\213\344"..., 8192) = 48
22369 10:37:57 select(8, [3 5], [6], NULL, NULL) = 1 (out [6])
22369 10:37:57 write(6, "\33[>c", 4)    = 4
22369 10:37:57 select(8, [3 5], [], NULL, NULL) = 1 (in [3])
22369 10:37:57 read(3, "\254\340\31VU\347\352\372F\201\\tK\247\20N\237na\332\32\337\31-\245\324\253BI\251q@"..., 8192) = 2096
22369 10:37:57 select(8, [3 5], [6], NULL, NULL) = 1 (out [6])
22369 10:37:57 write(6, "\33[2;1H\33[1m\33[34m~                "..., 2047) = 2047
22369 10:37:57 select(8, [3 5], [], NULL, NULL) = 1 (in [3])
22369 10:37:57 read(3, "\3768\222O\227\214\nh\245.U\305\254W.\r\321\204SxY\214\372\371\353\376\226\37F(#\""..., 8192) = 2656
22369 10:37:57 select(8, [3 5], [6], NULL, NULL) = 1 (out [6])
22369 10:37:57 write(6, "                                "..., 2615) = 2615
22369 10:37:57 select(8, [3 5], [], NULL, NULL) = 1 (in [5])
22369 10:37:57 read(5, "\33[>0;136;0c", 16384) = 11
22369 10:37:57 select(8, [3 5], [3], NULL, NULL) = 1 (out [3])
22369 10:37:57 write(3, "b\177m74\303\362\371[\16\r2ZV\2559l4\343\211\303\272VD\312\21!\353\334\361*\261"..., 48) = 48
22369 10:37:57 select(8, [3 5], [], NULL, NULL) = 1 (in [5])
22369 10:37:58 read(5, "i", 16384)      = 1
22369 10:37:58 select(8, [3 5], [3], NULL, NULL) = 1 (out [3])
22369 10:37:58 write(3, "\240\256\241\223{\177\3139=\255W\7\213\336\235'\204\204a\2122$p\250\303\32_\243k\"\16\362"..., 48) = 48
22369 10:37:58 select(8, [3 5], [], NULL, NULL) = 1 (in [3])
22369 10:37:58 read(3, "\361\266\346\r5\347bZ\327\315pS\1\245\300i\373\260\203\373\300\334%\271\223k?\241\314\6e\32"..., 8192) = 160
22369 10:37:58 select(8, [3 5], [6], NULL, NULL) = 1 (out [6])
22369 10:37:58 write(6, "\33[?25l\33[46;1H\33[1m-- INSERT --\33[m"..., 80) = 80
22369 10:37:58 select(8, [3 5], [], NULL, NULL) = 1 (in [5])
22369 10:37:58 read(5, "1", 16384)      = 1
22369 10:37:58 select(8, [3 5], [3], NULL, NULL) = 1 (out [3])
22369 10:37:58 write(3, "\256\225=\363%Cp^\334\304\344\343\316\0\22\320\265\332I}\2d4S\nZ\326&\215F\357\210"..., 48) = 48
22369 10:37:58 select(8, [3 5], [], NULL, NULL) = 1 (in [3])
22369 10:37:58 read(3, "\315\35\203d\263Y\322\373\257AS\n\232\323\301\347\221\v\337\221z\263\211\212\372 \302\264\302\33\17\261"..., 8192) = 80
22369 10:37:58 select(8, [3 5], [6], NULL, NULL) = 1 (out [6])
22369 10:37:58 write(6, "\33[?25l1\33[46;81H1,2\33[1;2H\33[?12l\33["..., 36) = 36
22369 10:37:58 select(8, [3 5], [], NULL, NULL) = 1 (in [5])
22369 10:37:58 read(5, "1", 16384)      = 1
22369 10:37:58 select(8, [3 5], [3], NULL, NULL) = 1 (out [3])
22369 10:37:58 write(3, "\372\322[\341\2332\273\0\25\31&I\275\n\303v\263Wt\200a\372-\223\7\241\3259\271\"d\305"..., 48) = 48
22369 10:37:58 select(8, [3 5], [], NULL, NULL) = 1 (in [3])
22369 10:37:58 read(3, "vxc\370\317o^u\3p\275hFE\375\351\3231^\2727m\274f\323\224\306\372w0\320s"..., 8192) = 80
22369 10:37:58 select(8, [3 5], [6], NULL, NULL) = 1 (out [6])
22369 10:37:58 write(6, "\33[?25l1\33[46;83H3\33[1;3H\33[?12l\33[?2"..., 34) = 34
22369 10:37:58 select(8, [3 5], [], NULL, NULL) = 1 (in [5])
22369 10:37:58 read(5, "1", 16384)      = 1
22369 10:37:58 select(8, [3 5], [3], NULL, NULL) = 1 (out [3])
22369 10:37:58 write(3, "\312\353\340N\21\245\335j\336\1\t%\2461X`F\334m\33\236?\34\305\320g\247\235\334}\244 "..., 48) = 48
22369 10:37:58 select(8, [3 5], [], NULL, NULL) = 1 (in [3])
22369 10:37:58 read(3, "\301\n{<\322\237\5\r=\213yQ\223\265j\257\307O\347\202\3714\312\271\314\360\200Bh\r\316*"..., 8192) = 80
22369 10:37:58 select(8, [3 5], [6], NULL, NULL) = 1 (out [6])
22369 10:37:58 write(6, "\33[?25l1\33[46;83H4\33[1;4H\33[?12l\33[?2"..., 34) = 34
22369 10:37:58 select(8, [3 5], [], NULL, NULL) = 1 (in [5])
22369 10:37:58 read(5, "1", 16384)      = 1
22369 10:37:58 select(8, [3 5], [3], NULL, NULL) = 1 (out [3])
22369 10:37:58 write(3, "\256\220\307\250Oj&K[\331\355\25\274\r\36\204\365/\0103\317L\4\n<P\225!\306\264\201 "..., 48) = 48
22369 10:37:58 select(8, [3 5], [], NULL, NULL) = 1 (in [3])
22369 10:37:58 read(3, "\n\205Q{\375\261E\273w\215r*7\37\f\201voYs\371\36\0\312F\341\277}\323#\274I"..., 8192) = 80
22369 10:37:58 select(8, [3 5], [6], NULL, NULL) = 1 (out [6])
22369 10:37:58 write(6, "\33[?25l1\33[46;83H5\33[1;5H\33[?12l\33[?2"..., 34) = 34
22369 10:37:58 select(8, [3 5], [], NULL, NULL) = 1 (in [5])
22369 10:37:58 read(5, "1", 16384)      = 1
22369 10:37:58 select(8, [3 5], [3], NULL, NULL) = 1 (out [3])
22369 10:37:58 write(3, "\17\211@\327H'3\231\312\0uW\204\2776\362\35u\306\210\342\313\216\275l\4=\214\201*\322\213"..., 48) = 48
22369 10:37:58 select(8, [3 5], [], NULL, NULL) = 1 (in [3])
22369 10:37:58 read(3, "\33L\336\200C\352\301\231\310\333\323\331\0363\374_\20\255\23\4\253\302\310\201tj\330D/\243{U"..., 8192) = 80
22369 10:37:58 select(8, [3 5], [6], NULL, NULL) = 1 (out [6])
22369 10:37:58 write(6, "\33[?25l1\33[46;83H6\33[1;6H\33[?12l\33[?2"..., 34) = 34
22369 10:37:58 select(8, [3 5], [], NULL, NULL) = 1 (in [5])
22369 10:37:59 read(5, "1", 16384)      = 1
22369 10:37:59 select(8, [3 5], [3], NULL, NULL) = 1 (out [3])
22369 10:37:59 write(3, "?\26a\355\\\276\335o#K\377X\317\306\356\267\215\t\223\354o\323\256\246\332\3560\323\264\225\305L"..., 48) = 48
22369 10:37:59 select(8, [3 5], [], NULL, NULL) = 1 (in [3])
22369 10:37:59 read(3, "H,E\346c\1\2\3\221:\214$\374\30\307)\305\356\332\\\230\304\n3\f\377\225\37\371\344\33\351"..., 8192) = 80
22369 10:37:59 select(8, [3 5], [6], NULL, NULL) = 1 (out [6])
22369 10:37:59 write(6, "\33[?25l1\33[46;83H7\33[1;7H\33[?12l\33[?2"..., 34) = 34
22369 10:37:59 select(8, [3 5], [], NULL, NULL) = 1 (in [5])
22369 10:37:59 read(5, "\r", 16384)     = 1
22369 10:37:59 select(8, [3 5], [3], NULL, NULL) = 1 (out [3])
22369 10:37:59 write(3, "\204H\200\224F\232\226\364\314\2470\351\337\377\2%\36ISj3?i3\206Q\341p\342t\363D"..., 48) = 48
22369 10:37:59 select(8, [3 5], [], NULL, NULL) = 1 (in [3])
22369 10:37:59 read(3, "\323\1\324v\255R\264\274\352\335rOw\206j\22\357\1i\241\315h\7\36\336\227t\2p\200\264\363"..., 8192) = 80
22369 10:37:59 select(8, [3 5], [6], NULL, NULL) = 1 (out [6])
22369 10:37:59 write(6, "\33[?25l\33[2;1H\33[K\33[46;81H2,1\33[2;1H"..., 44) = 44
22369 10:37:59 select(8, [3 5], [], NULL, NULL) = 1 (in [5])
22369 10:37:59 read(5, "2", 16384)      = 1
22369 10:37:59 select(8, [3 5], [3], NULL, NULL) = 1 (out [3])
22369 10:37:59 write(3, ",22\26@\270\312o3\21\300\0324Y&\305\347\375\235\371u\320\366\244\257\223\241`\7D\341K"..., 48) = 48
22369 10:37:59 select(8, [3 5], [], NULL, NULL) = 1 (in [3])
22369 10:37:59 read(3, "Z\20\301\305\200r\217\t9\216\25\231-\261\272\235pd9\266g\355M^\7\r\270\301\227u\272X"..., 8192) = 80
22369 10:37:59 select(8, [3 5], [6], NULL, NULL) = 1 (out [6])
22369 10:37:59 write(6, "\33[?25l2\33[46;83H2\33[2;2H\33[?12l\33[?2"..., 34) = 34
22369 10:37:59 select(8, [3 5], [], NULL, NULL) = 1 (in [5])
22369 10:37:59 read(5, "2", 16384)      = 1
22369 10:37:59 select(8, [3 5], [3], NULL, NULL) = 1 (out [3])
22369 10:37:59 write(3, "\314L\373\220\374\352\0\325p\261\223\265Wg\254\306\321;\37\374;-\0\241\327\360\324e_P>{"..., 48) = 48
22369 10:37:59 select(8, [3 5], [], NULL, NULL) = 1 (in [3])
22369 10:37:59 read(3, "w\245\21\251\247K8\266\212\346U\320?50\337\272\301,i\215\355@%;\33b\370\25\10\227W"..., 8192) = 80
22369 10:37:59 select(8, [3 5], [6], NULL, NULL) = 1 (out [6])
22369 10:37:59 write(6, "\33[?25l2\33[46;83H3\33[2;3H\33[?12l\33[?2"..., 34) = 34
22369 10:37:59 select(8, [3 5], [], NULL, NULL) = 1 (in [5])
22369 10:38:00 read(5, "2", 16384)      = 1
22369 10:38:00 select(8, [3 5], [3], NULL, NULL) = 1 (out [3])
22369 10:38:00 write(3, "\2318\340)\222\315\212\36\222\33@\340f\311\206\303\300n\350\215/\355\347f\216\237\30y\231\306\301\252"..., 48) = 48
22369 10:38:00 select(8, [3 5], [], NULL, NULL) = 1 (in [3])
22369 10:38:00 read(3, "\301\251\230Q)\251\341x4)bg\307\247\256u\3312\275\242N\211\205\273\302\373\307|\10l\354*"..., 8192) = 80
22369 10:38:00 select(8, [3 5], [6], NULL, NULL) = 1 (out [6])
22369 10:38:00 write(6, "\33[?25l2\33[46;83H4\33[2;4H\33[?12l\33[?2"..., 34) = 34
22369 10:38:00 select(8, [3 5], [], NULL, NULL) = 1 (in [5])
22369 10:38:00 read(5, "2", 16384)      = 1
22369 10:38:00 select(8, [3 5], [3], NULL, NULL) = 1 (out [3])
22369 10:38:00 write(3, "\322\272\347\303\372\t\274\204\2350a%S\364\246\246\353\374g6\202\350\2\260 \255\17\257\204~\250|"..., 48) = 48
22369 10:38:00 select(8, [3 5], [], NULL, NULL) = 1 (in [3])
22369 10:38:00 read(3, "\363\30+\250\373i\357u\177\337=\315\333\364\243\324\246\335\312\244\303\367\301c)\272\247\254\372?\325\210"..., 8192) = 80
22369 10:38:00 select(8, [3 5], [6], NULL, NULL) = 1 (out [6])
22369 10:38:00 write(6, "\33[?25l2\33[46;83H5\33[2;5H\33[?12l\33[?2"..., 34) = 34
22369 10:38:00 select(8, [3 5], [], NULL, NULL) = 1 (in [5])
22369 10:38:00 read(5, "2", 16384)      = 1
22369 10:38:00 select(8, [3 5], [3], NULL, NULL) = 1 (out [3])
22369 10:38:00 write(3, "is\336\320\334\2\361|'ZMZ\246s\23\\\5jz\31\350\214\250\334\267\2\231\272\t\276h\342"..., 48) = 48
22369 10:38:00 select(8, [3 5], [], NULL, NULL) = 1 (in [3])
22369 10:38:00 read(3, "\332\363#0\373\20\242\270\327\373Nx!Z\220\201 _\354\343]\\\361\356\6\254\264B\255<\302\275"..., 8192) = 80
22369 10:38:00 select(8, [3 5], [6], NULL, NULL) = 1 (out [6])
22369 10:38:00 write(6, "\33[?25l2\33[46;83H6\33[2;6H\33[?12l\33[?2"..., 34) = 34
22369 10:38:00 select(8, [3 5], [], NULL, NULL) = 1 (in [5])
22369 10:38:00 read(5, "\r", 16384)     = 1
22369 10:38:00 select(8, [3 5], [3], NULL, NULL) = 1 (out [3])
22369 10:38:00 write(3, "\273;\367\241\253\31\5F\232\26^\230\377\203\1:\36\222\260\321\321\"\rs\315\232\224\202\371^X_"..., 48) = 48
22369 10:38:00 select(8, [3 5], [], NULL, NULL) = 1 (in [3])
22369 10:38:00 read(3, "\340}\351[\337\371\203\250\232o\221\r\273\371S\313C\200bN\3,\305`\333\25\313\274\273\1777\210"..., 8192) = 80
22369 10:38:00 select(8, [3 5], [6], NULL, NULL) = 1 (out [6])
22369 10:38:00 write(6, "\33[?25l\33[3;1H\33[K\33[46;81H3,1\33[3;1H"..., 44) = 44
22369 10:38:00 select(8, [3 5], [], NULL, NULL) = 1 (in [5])
22369 10:38:01 read(5, "3", 16384)      = 1
22369 10:38:01 select(8, [3 5], [3], NULL, NULL) = 1 (out [3])
22369 10:38:01 write(3, "\263\347\266.\17\266\272\342\3036\21:\326Y\301\263\356\274yh\22\372\374\20P\253[8/\307\336\351"..., 48) = 48
22369 10:38:01 select(8, [3 5], [], NULL, NULL) = 1 (in [3])
22369 10:38:01 read(3, "g@\177d\321\311\7\213[fDd\335\265\3\"\361w[\4\363\2=M\217\233\214=\200p%\357"..., 8192) = 80
22369 10:38:01 select(8, [3 5], [6], NULL, NULL) = 1 (out [6])
22369 10:38:01 write(6, "\33[?25l3\33[46;83H2\33[3;2H\33[?12l\33[?2"..., 34) = 34
22369 10:38:01 select(8, [3 5], [], NULL, NULL) = 1 (in [5])
22369 10:38:01 read(5, "3", 16384)      = 1
22369 10:38:01 select(8, [3 5], [3], NULL, NULL) = 1 (out [3])
22369 10:38:01 write(3, "\3528\300\35\315\301I\265\341\235\307<\224^B\324\326\t\223\324\23\277\370\253\307!\24\24\357;\203W"..., 48) = 48
22369 10:38:01 select(8, [3 5], [], NULL, NULL) = 1 (in [3])
22369 10:38:01 read(3, "\6L\317\245\222\241\273G\231\313\372\224I\301\231\200\f\327\301p\5]\203\211P\375\36\35{\352\225\4"..., 8192) = 80
22369 10:38:01 select(8, [3 5], [6], NULL, NULL) = 1 (out [6])
22369 10:38:01 write(6, "\33[?25l3\33[46;83H3\33[3;3H\33[?12l\33[?2"..., 34) = 34
22369 10:38:01 select(8, [3 5], [], NULL, NULL) = 1 (in [5])
22369 10:38:01 read(5, "3", 16384)      = 1
22369 10:38:01 select(8, [3 5], [3], NULL, NULL) = 1 (out [3])
22369 10:38:01 write(3, "\363\376\16#@\25\177\33\377p,jYd\10\363\316p\370\251\361e\270Vvo\201\221YoA\370"..., 48) = 48
22369 10:38:01 select(8, [3 5], [], NULL, NULL) = 1 (in [3])
22369 10:38:01 read(3, "\310\213\363m\343\321\342e\220\372\372\343\366e\346\226\260z\220\3\"\330!Qb\327\24\324\220\373X2"..., 8192) = 80
22369 10:38:01 select(8, [3 5], [6], NULL, NULL) = 1 (out [6])
22369 10:38:01 write(6, "\33[?25l3\33[46;83H4\33[3;4H\33[?12l\33[?2"..., 34) = 34
22369 10:38:01 select(8, [3 5], [], NULL, NULL) = 1 (in [5])
22369 10:38:02 read(5, "3", 16384)      = 1
22369 10:38:02 select(8, [3 5], [3], NULL, NULL) = 1 (out [3])
22369 10:38:02 write(3, "w\20W<P\5\350\353Ve\20|7\"\36\232\274\237\331$\241<\231w\206\330\202\266\206\270\207\263"..., 48) = 48
22369 10:38:02 select(8, [3 5], [], NULL, NULL) = 1 (in [3])
22369 10:38:02 read(3, "\274\324\2\3p\271\32\302\263$\2\237\212\3434P+\37\25\240\241\355F+\301G\367\302\257\364\214>"..., 8192) = 80
22369 10:38:02 select(8, [3 5], [6], NULL, NULL) = 1 (out [6])
22369 10:38:02 write(6, "\33[?25l3\33[46;83H5\33[3;5H\33[?12l\33[?2"..., 34) = 34
22369 10:38:02 select(8, [3 5], [], NULL, NULL) = 1 (in [5])
22369 10:38:02 read(5, "3", 16384)      = 1
22369 10:38:02 select(8, [3 5], [3], NULL, NULL) = 1 (out [3])
22369 10:38:02 write(3, "\305(\7\365\245vf;\337\224?H\363\214\255\265\275\256E\245P\277\300@o\347\25\267M\322q\33"..., 48) = 48
22369 10:38:02 select(8, [3 5], [], NULL, NULL) = 1 (in [3])
22369 10:38:02 read(3, "\0105\20\22423\221\376\326\276\27\ft\353\211\311poOLG\343V\37\273E\272\367\230I\200\331"..., 8192) = 80
22369 10:38:02 select(8, [3 5], [6], NULL, NULL) = 1 (out [6])
22369 10:38:02 write(6, "\33[?25l3\33[46;83H6\33[3;6H\33[?12l\33[?2"..., 34) = 34
22369 10:38:02 select(8, [3 5], [], NULL, NULL) = 1 (in [5])
22369 10:38:03 read(5, "\r", 16384)     = 1
22369 10:38:03 select(8, [3 5], [3], NULL, NULL) = 1 (out [3])
22369 10:38:03 write(3, "]\340\256/\332\244L\233Fr;\367\354\343\253\25\365\300\345\16T\261\335\24\260\230\244\252\236a&\265"..., 48) = 48
22369 10:38:03 select(8, [3 5], [], NULL, NULL) = 1 (in [3])
22369 10:38:03 read(3, "f#@\3475\2)\v\230\10\33 \3\211Z\340\372A/\34\315r?]\253*z\300\25;\345\366"..., 8192) = 80
22369 10:38:03 select(8, [3 5], [6], NULL, NULL) = 1 (out [6])
22369 10:38:03 write(6, "\33[?25l\33[4;1H\33[K\33[46;81H4,1\33[4;1H"..., 44) = 44
22369 10:38:03 select(8, [3 5], [], NULL, NULL) = 1 (in [5])
22369 10:38:04 read(5, "\33", 16384)    = 1
22369 10:38:04 select(8, [3 5], [3], NULL, NULL) = 1 (out [3])
22369 10:38:04 write(3, "\232ks\253\16~\375?\364\374mr\372\267\3017\344\262\330\341\255\330%\23\225\27\252!\v\344KQ"..., 48) = 48
22369 10:38:04 select(8, [3 5], [], NULL, NULL) = 1 (in [3])
22369 10:38:04 read(3, "d\25\266-\214\355\202\310\251\270w\242S\17J\201c\2477h\261\3776\363Vi\02598\314\346e"..., 8192) = 64
22369 10:38:04 select(8, [3 5], [6], NULL, NULL) = 1 (out [6])
22369 10:38:04 write(6, "\33[46;1H\33[K\33[4;1H", 16) = 16
22369 10:38:04 select(8, [3 5], [], NULL, NULL) = 1 (in [5])
22369 10:38:05 read(5, ":", 16384)      = 1
22369 10:38:05 select(8, [3 5], [3], NULL, NULL) = 1 (out [3])
22369 10:38:05 write(3, "\23\241T\367\2D\263\335\356?=\335\f\261\315\213\301|\16\203\22\223\356\7\34\370\212c\304B\340R"..., 48) = 48
22369 10:38:05 select(8, [3 5], [], NULL, NULL) = 1 (in [3])
22369 10:38:05 read(3, "\237$\265\246\2412A\354%V\rk\177c\221\246O\2\210\227U\10\225\34,n\\DO`\250\31"..., 8192) = 128
22369 10:38:05 select(8, [3 5], [6], NULL, NULL) = 1 (out [6])
22369 10:38:05 write(6, "\33[?25l\33[46;81H4,0-1\33[9CAll\33[4;1H"..., 81) = 81
22369 10:38:05 select(8, [3 5], [], NULL, NULL) = 1 (in [5])
22369 10:38:05 read(5, "w", 16384)      = 1
22369 10:38:05 select(8, [3 5], [3], NULL, NULL) = 1 (out [3])
22369 10:38:05 write(3, "\254Q\232\213\246p\220q\5\230  \266u\333\3\304\327\t\2sx\235\237\300\255\235\303\302\302R]"..., 48) = 48
22369 10:38:05 select(8, [3 5], [], NULL, NULL) = 1 (in [3])
22369 10:38:05 read(3, "\0242\"!o\34\326\20\27=&\251*S4\17\323\327Jd\30s\324\302\241bZ<]1;t"..., 8192) = 48
22369 10:38:05 select(8, [3 5], [6], NULL, NULL) = 1 (out [6])
22369 10:38:05 write(6, "w", 1)         = 1
22369 10:38:05 select(8, [3 5], [], NULL, NULL) = 1 (in [5])
22369 10:38:05 read(5, "q", 16384)      = 1
22369 10:38:05 select(8, [3 5], [3], NULL, NULL) = 1 (out [3])
22369 10:38:05 write(3, "q/\273\255\204\357\344\r\321\257w\255;\v\36\314\253\374Tyek4\35\25b\357\336\221\f\257\265"..., 48) = 48
22369 10:38:05 select(8, [3 5], [], NULL, NULL) = 1 (in [3])
22369 10:38:05 read(3, "x\334\36v\4\334w\3659\250mOQ\260?\321\335\235bk\244R0E\2\206\242\336\372U\3407"..., 8192) = 48
22369 10:38:05 select(8, [3 5], [6], NULL, NULL) = 1 (out [6])
22369 10:38:05 write(6, "q", 1)         = 1
22369 10:38:05 select(8, [3 5], [], NULL, NULL) = 1 (in [5])
22369 10:38:05 read(5, "\r", 16384)     = 1
22369 10:38:05 select(8, [3 5], [3], NULL, NULL) = 1 (out [3])
22369 10:38:05 write(3, "C>v\370\357\225@\320\247$\201T\27\314\241-!\313\356\351ic1J\375\345\2\35,\202\316&"..., 48) = 48
22369 10:38:05 select(8, [3 5], [], NULL, NULL) = 1 (in [3])
22369 10:38:05 read(3, "\373bt\216!\264\3\303\362\367\217Y|L\16\25U\21jJDm|\335\302k\3176\273\220\355\211"..., 8192) = 48
22369 10:38:05 select(8, [3 5], [6], NULL, NULL) = 1 (out [6])
22369 10:38:05 write(6, "\r\33[?25l\"11\"", 11) = 11
22369 10:38:05 select(8, [3 5], [], NULL, NULL) = 1 (in [3])
22369 10:38:05 read(3, "\217x\211\271U\177h\210\247\345\342\276,\366\30\313\375\233\374u\255\31\210\255\327(\271A\317\321\3748"..., 8192) = 64
22369 10:38:05 select(8, [3 5], [6], NULL, NULL) = 1 (out [6])
22369 10:38:05 write(6, " 4L, 20C written", 16) = 16
22369 10:38:05 select(8, [3 5], [], NULL, NULL) = 1 (in [3])
22369 10:38:05 read(3, "D3Xb\24\213\33[/\235\rVv\347xk\311\364\25\227\210ja\377\322\327\330\257\"\276\350\376"..., 8192) = 112
22369 10:38:05 select(8, [3 5], [6], NULL, NULL) = 1 (out [6])
22369 10:38:05 write(6, "\r\r\r\n\33[?1l\33>\33[?12l\33[?25h\33[?1049l", 31) = 31
22369 10:38:05 select(8, [3 5], [], NULL, NULL) = 1 (in [3])
22369 10:38:05 read(3, "\340<\236\253Q\27,\260\375=\333\16\36@E\246%\350\231\265\262v\300_\320K\350\3\\\373\273E"..., 8192) = 64
22369 10:38:05 select(8, [3 5], [6], NULL, NULL) = 1 (out [6])
22369 10:38:05 write(6, "\33]0;root@PR-2-3:~\7", 18) = 18
22369 10:38:05 select(8, [3 5], [], NULL, NULL) = 1 (in [3])
22369 10:38:05 read(3, "\202,\247%\32\\\202\0\347\343\37:\260Fr\321\4\22\353\375\311d\203\315\30}\256\35\321~s\222"..., 8192) = 80
22369 10:38:05 select(8, [3 5], [6], NULL, NULL) = 1 (out [6])
22369 10:38:05 write(6, "(FUDE-0.4.2@x86_64)[root@PR-2-3 "..., 35) = 35
22369 10:38:05 select(8, [3 5], [], NULL, NULL) = 1 (in [5])
22369 10:38:06 read(5, "e", 16384)      = 1
22369 10:38:06 select(8, [3 5], [3], NULL, NULL) = 1 (out [3])
22369 10:38:06 write(3, "6`fK\262\371Lz\371\2063\237;\6\217\332\23\324\277\f\364~\365GAu\300\23{\311\244\333"..., 48) = 48
22369 10:38:06 select(8, [3 5], [], NULL, NULL) = 1 (in [3])
22369 10:38:06 read(3, "h#<O\302\256b8\221\316\365\225t\252nO\377\231\270\241M\341\316\271fycF\3718fs"..., 8192) = 48
22369 10:38:06 select(8, [3 5], [6], NULL, NULL) = 1 (out [6])
22369 10:38:06 write(6, "e", 1)         = 1
22369 10:38:06 select(8, [3 5], [], NULL, NULL) = 1 (in [5])
22369 10:38:06 read(5, "x", 16384)      = 1
22369 10:38:06 select(8, [3 5], [3], NULL, NULL) = 1 (out [3])
22369 10:38:06 write(3, "\267F\365\35\337\247 \257\300\31\225\2767\220'\32\22\263\221\314\32\345\306\313\325\\\371S\306A\v)"..., 48) = 48
22369 10:38:06 select(8, [3 5], [], NULL, NULL) = 1 (in [3])
22369 10:38:06 read(3, "Q\216\317t\212\270\340\r\27\2408Ed(4\216i\352\7q\5I\35@\377\244\3624\355\301\226~"..., 8192) = 48
22369 10:38:06 select(8, [3 5], [6], NULL, NULL) = 1 (out [6])
22369 10:38:06 write(6, "x", 1)         = 1
22369 10:38:06 select(8, [3 5], [], NULL, NULL) = 1 (in [5])
22369 10:38:06 read(5, "i", 16384)      = 1
22369 10:38:06 select(8, [3 5], [3], NULL, NULL) = 1 (out [3])
22369 10:38:06 write(3, "P\367|p\34\354\36`\267\177E\tE\211q4E\20u\6Mx\255(K\35\351#\226\201H."..., 48) = 48
22369 10:38:06 select(8, [3 5], [], NULL, NULL) = 1 (in [3])
22369 10:38:06 read(3, "\26\360\17{9\10\305\265u\220\316\201\244{\351\3\356L UpD\257\30x\r*S/\217pW"..., 8192) = 48
22369 10:38:06 select(8, [3 5], [6], NULL, NULL) = 1 (out [6])
22369 10:38:06 write(6, "i", 1)         = 1
22369 10:38:06 select(8, [3 5], [], NULL, NULL) = 1 (in [5])
22369 10:38:06 read(5, "t", 16384)      = 1
22369 10:38:06 select(8, [3 5], [3], NULL, NULL) = 1 (out [3])
22369 10:38:06 write(3, "\2\2\316\221\32O\363c4\333A\31\353\25\346\0342\275\2426\2604M\322\25\244\240`\26{\1\367"..., 48) = 48
22369 10:38:06 select(8, [3 5], [], NULL, NULL) = 1 (in [3])
22369 10:38:06 read(3, "\25\200\263W\334\7\320\215q\377\372Y\21\327\364#\253o#K\241k\nn-\232\370d*\356\303\316"..., 8192) = 48
22369 10:38:06 select(8, [3 5], [6], NULL, NULL) = 1 (out [6])
22369 10:38:06 write(6, "t", 1)         = 1
22369 10:38:06 select(8, [3 5], [], NULL, NULL) = 1 (in [5])
22369 10:38:07 read(5, "\r", 16384)     = 1
22369 10:38:07 select(8, [3 5], [3], NULL, NULL) = 1 (out [3])
22369 10:38:07 write(3, "\261\315<+\362\222\21?>\226t\301}\221\264\340\325\22eg\351?\246\367@\204]\306\367sx\251"..., 48) = 48
22369 10:38:07 select(8, [3 5], [], NULL, NULL) = 1 (in [3])
22369 10:38:07 read(3, "\272\242`T0\335\204L\0\213\362\26\220\336\362\260\245|\360\304h\305\335H\3\204c\275\243\335\302Y"..., 8192) = 48
22369 10:38:07 select(8, [3 5], [6], NULL, NULL) = 1 (out [6])
22369 10:38:07 write(6, "\r\n", 2)      = 2
22369 10:38:07 select(8, [3 5], [], NULL, NULL) = 1 (in [3])
22369 10:38:07 read(3, "\227T u\365\312,0\325b4 \226$>\224\371\364\354]\346\322j\f\364o\345\25=\313\2255"..., 8192) = 48
22369 10:38:07 select(8, [3 5], [6], NULL, NULL) = 1 (out [6])
22369 10:38:07 write(6, "logout\r\n", 8) = 8
22369 10:38:07 select(8, [3 5], [], NULL, NULL) = 1 (in [3])
22369 10:38:07 read(3, "WS\f'\2234\227\375' Q\277Yj\241\271\273N\224p\324@\310U1\301\356X\353\364c\34"..., 8192) = 48
22369 10:38:07 select(8, [3 5], [6], NULL, NULL) = 1 (out [6])
22369 10:38:07 write(6, "\33[H\33[2J", 7) = 7
22369 10:38:07 select(8, [3 5], [], NULL, NULL) = 1 (in [3])
22369 10:38:07 read(3, "\221\243g\23\205\3\351\342\36q\275'\255\3\244\233(\7\232\313\222\263\252E\354\333\250\364#\257&\251"..., 8192) = 128
22369 10:38:07 close(6)                 = 0
22369 10:38:07 close(5)                 = 0
22369 10:38:07 ioctl(0, SNDCTL_TMR_STOP or TCSETSW, {B38400 opost isig icanon echo ...}) = 0
22369 10:38:07 close(7)                 = 0
22369 10:38:07 select(8, [3], [3], NULL, NULL) = 1 (out [3])
22369 10:38:07 write(3, "\352/\377\33v~\252S\307\366j\4\317\256\236\244\377\30`\261\376\210\3/\341\301F\177]\220\26A", 32) = 32
22369 10:38:07 rt_sigaction(SIGWINCH, NULL, {0x7f2b08273c80, [], SA_RESTORER, 0x7f2b05dce920}, 8) = 0
22369 10:38:07 rt_sigaction(SIGWINCH, {SIG_DFL, [], SA_RESTORER, 0x7f2b05dce920}, NULL, 8) = 0
22369 10:38:07 write(3, "F\262sk\230\222gp\222xA\254\22J\201\311\240\236\223U\340a\16 \357\1\326\r\274W\0071"..., 64) = 64
22369 10:38:07 ioctl(0, SNDCTL_TMR_TIMEBASE or TCGETS, {B38400 opost isig icanon echo ...}) = 0
22369 10:38:07 ioctl(1, SNDCTL_TMR_TIMEBASE or TCGETS, {B38400 opost isig icanon echo ...}) = 0
22369 10:38:07 ioctl(2, SNDCTL_TMR_TIMEBASE or TCGETS, {B38400 opost isig icanon echo ...}) = 0
22369 10:38:07 write(2, "Connection to 192.167.2.3 closed"..., 35) = 35
22369 10:38:07 shutdown(3, 2 /* send and receive */) = 0
22369 10:38:07 close(3)                 = 0
22369 10:38:07 exit_group(0)            = ?
