22282 09:58:51 read(3, "S", 1)          = 1
22282 09:58:51 read(3, "S", 1)          = 1
22282 09:58:51 read(3, "H", 1)          = 1
22282 09:58:51 read(3, "-", 1)          = 1
22282 09:58:51 read(3, "2", 1)          = 1
22282 09:58:51 read(3, ".", 1)          = 1
22282 09:58:51 read(3, "0", 1)          = 1
22282 09:58:51 read(3, "-", 1)          = 1
22282 09:58:51 read(3, "O", 1)          = 1
22282 09:58:51 read(3, "p", 1)          = 1
22282 09:58:51 read(3, "e", 1)          = 1
22282 09:58:51 read(3, "n", 1)          = 1
22282 09:58:51 read(3, "S", 1)          = 1
22282 09:58:51 read(3, "S", 1)          = 1
22282 09:58:51 read(3, "H", 1)          = 1
22282 09:58:51 read(3, "_", 1)          = 1
22282 09:58:51 read(3, "4", 1)          = 1
22282 09:58:51 read(3, ".", 1)          = 1
22282 09:58:51 read(3, "3", 1)          = 1
22282 09:58:51 read(3, "\n", 1)         = 1
22282 09:58:51 write(3, "SSH-2.0-OpenSSH_5.3\r\n", 21) = 21
22282 09:58:51 fcntl(3, F_GETFL)        = 0x2 (flags O_RDWR)
22282 09:58:51 fcntl(3, F_SETFL, O_RDWR|O_NONBLOCK) = 0
22282 09:58:51 write(3, "\0\0\3\24\10\24\202\34&b\334.`\207\177\241\273\365\312&\333\261\0\0\0~diffie"..., 792) = 792
22282 09:58:51 select(4, [3], NULL, NULL, NULL) = 1 (in [3])
22282 09:58:51 read(3, "\0\0\2\274\7\24\311\373\243~G\246?\32\275\316\252\276\27\246\354\227\0\0\0Ydiffie"..., 8192) = 704
22282 09:58:51 write(3, "\0\0\0\24\6\"\0\0\4\0\0\0\4\0\0\0 \0\0\0\0\0\0\0", 24) = 24
22282 09:58:51 select(4, [3], NULL, NULL, NULL) = 1 (in [3])
22282 09:58:51 read(3, "\0\0\0\224\10\37\0\0\0\201\0\312\255\335\354\26g\374h\265\372\25\325<N\0252\335$V\32\32"..., 8192) = 152
22282 09:58:51 write(3, "\0\0\0\214\6 \0\0\0\200\6\243\323,8;\1\234\370\331\200\204j\21\277\311W\375ZY\236("..., 144) = 144
22282 09:58:51 select(4, [3], NULL, NULL, NULL) = 1 (in [3])
22282 09:58:51 read(3, "\0\0\2\274\t!\0\0\1\25\0\0\0\7ssh-rsa\0\0\0\1#\0\0\1\1\0\255"..., 8192) = 720
22282 09:58:51 stat("/etc/ssh/ssh_known_hosts2", 0x7fffe73e3580) = -1 ENOENT (No such file or directory)
22282 09:58:51 stat("/root/.ssh/known_hosts2", 0x7fffe73e3580) = -1 ENOENT (No such file or directory)
22282 09:58:51 open("/root/.ssh/known_hosts", O_RDONLY) = 5
22282 09:58:51 fstat(5, {st_mode=S_IFREG|0644, st_size=250163, ...}) = 0
22282 09:58:51 mmap(NULL, 4096, PROT_READ|PROT_WRITE, MAP_PRIVATE|MAP_ANONYMOUS, -1, 0) = 0x7ffec369b000
22282 09:58:51 read(5, "192.168.7.1 ssh-rsa AAAAB3NzaC1y"..., 4096) = 4096
22282 09:58:51 read(5, "+vy9D39zEl96l3/VdBYnRYMLh0SnL0Nb"..., 4096) = 4096
22282 09:58:51 close(5)                 = 0
22282 09:58:51 munmap(0x7ffec369b000, 4096) = 0
22282 09:58:51 write(3, "\0\0\0\f\n\25\0\0\0\0\0\0\0\0\0\0", 16) = 16
22282 09:58:51 write(3, "\264g\277Q}\210*!\237\357\271]nl\346\2710\31\23\302\303\306\n\250\351PP7\17\212\33\274"..., 48) = 48
22282 09:58:51 select(4, [3], NULL, NULL, NULL) = 1 (in [3])
22282 09:58:51 read(3, "\240\6\215\373\23R\305\32j\214\10\230\233g\247\224\272\25\266\345\314\333hr\331\222\203-{\23<\7"..., 8192) = 48
22282 09:58:51 write(3, "@\t\300\265:\2656\314\202\236\267\3443a\33\207\25\227%@\247\37\345\210\206<\26A6\376Q\217"..., 64) = 64
22282 09:58:51 select(4, [3], NULL, NULL, NULL) = 1 (in [3])
22282 09:58:51 read(3, "2\325\277\231\305U\262f\23%\320\325U\317_\246\34(7\306\20\322\300\0370\1Q\374m\313\205\306"..., 8192) = 80
22282 09:58:51 getpeername(3, {sa_family=AF_INET, sin_port=htons(22), sin_addr=inet_addr("192.167.2.3")}, [16]) = 0
22282 09:58:51 open("/etc/protocols", O_RDONLY|O_CLOEXEC) = 5
22282 09:58:51 fstat(5, {st_mode=S_IFREG|0644, st_size=6455, ...}) = 0
22282 09:58:51 mmap(NULL, 4096, PROT_READ|PROT_WRITE, MAP_PRIVATE|MAP_ANONYMOUS, -1, 0) = 0x7ffec369b000
22282 09:58:51 read(5, "# /etc/protocols:\n# $Id: protoco"..., 4096) = 4096
22282 09:58:51 close(5)                 = 0
22282 09:58:51 munmap(0x7ffec369b000, 4096) = 0
22282 09:58:51 getsockopt(3, SOL_IP, IP_OPTIONS, "", [0]) = 0
22282 09:58:51 socket(PF_FILE, SOCK_STREAM|SOCK_CLOEXEC|SOCK_NONBLOCK, 0) = 5
22282 09:58:51 connect(5, {sa_family=AF_FILE, path="/var/run/nscd/socket"}, 110) = -1 ENOENT (No such file or directory)
22282 09:58:51 close(5)                 = 0
22282 09:58:51 socket(PF_FILE, SOCK_STREAM|SOCK_CLOEXEC|SOCK_NONBLOCK, 0) = 5
22282 09:58:51 connect(5, {sa_family=AF_FILE, path="/var/run/nscd/socket"}, 110) = -1 ENOENT (No such file or directory)
22282 09:58:51 close(5)                 = 0
22282 09:58:51 open("/etc/resolv.conf", O_RDONLY) = 5
22282 09:58:51 fstat(5, {st_mode=S_IFREG|0644, st_size=228, ...}) = 0
22282 09:58:51 mmap(NULL, 4096, PROT_READ|PROT_WRITE, MAP_PRIVATE|MAP_ANONYMOUS, -1, 0) = 0x7ffec369b000
22282 09:58:51 read(5, "# Generated by NetworkManager\n\n\n"..., 4096) = 228
22282 09:58:51 read(5, "", 4096)        = 0
22282 09:58:51 close(5)                 = 0
22282 09:58:51 munmap(0x7ffec369b000, 4096) = 0
22282 09:58:51 uname({sys="Linux", node="zabbixserver-6-21", ...}) = 0
22282 09:58:51 open("/etc/host.conf", O_RDONLY) = 5
22282 09:58:51 fstat(5, {st_mode=S_IFREG|0644, st_size=9, ...}) = 0
22282 09:58:51 mmap(NULL, 4096, PROT_READ|PROT_WRITE, MAP_PRIVATE|MAP_ANONYMOUS, -1, 0) = 0x7ffec369b000
22282 09:58:51 read(5, "multi on\n", 4096) = 9
22282 09:58:51 read(5, "", 4096)        = 0
22282 09:58:51 close(5)                 = 0
22282 09:58:51 munmap(0x7ffec369b000, 4096) = 0
22282 09:58:51 futex(0x7ffec1567384, FUTEX_WAKE_PRIVATE, 2147483647) = 0
22282 09:58:51 open("/etc/hosts", O_RDONLY|O_CLOEXEC) = 5
22282 09:58:51 fstat(5, {st_mode=S_IFREG|0644, st_size=217, ...}) = 0
22282 09:58:51 mmap(NULL, 4096, PROT_READ|PROT_WRITE, MAP_PRIVATE|MAP_ANONYMOUS, -1, 0) = 0x7ffec369b000
22282 09:58:51 read(5, "127.0.0.1   localhost localhost."..., 4096) = 217
22282 09:58:51 read(5, "", 4096)        = 0
22282 09:58:51 close(5)                 = 0
22282 09:58:51 munmap(0x7ffec369b000, 4096) = 0
22282 09:58:51 open("/opt/FUDE-1.0/fude/lib/libnss_dns.so.2", O_RDONLY) = -1 ENOENT (No such file or directory)
22282 09:58:51 open("/opt/FUDE-1.0/utils/lib/libnss_dns.so.2", O_RDONLY) = -1 ENOENT (No such file or directory)
22282 09:58:51 open("/opt/FUDE-1.0/log/lib/libnss_dns.so.2", O_RDONLY) = -1 ENOENT (No such file or directory)
22282 09:58:51 open("/opt/FUDE-1.0/netsnmp/lib/libnss_dns.so.2", O_RDONLY) = -1 ENOENT (No such file or directory)
22282 09:58:51 open("/opt/FUDE-1.0/python/lib/libnss_dns.so.2", O_RDONLY) = -1 ENOENT (No such file or directory)
22282 09:58:51 open("/opt/FUDE-1.0/boost/lib/libnss_dns.so.2", O_RDONLY) = -1 ENOENT (No such file or directory)
22282 09:58:51 open("/opt/FUDE-1.0/cppunit/lib/libnss_dns.so.2", O_RDONLY) = -1 ENOENT (No such file or directory)
22282 09:58:51 open("/opt/FUDE-1.0/TAO/ACE_wrappers/lib/libnss_dns.so.2", O_RDONLY) = -1 ENOENT (No such file or directory)
22282 09:58:51 open("tls/x86_64/libnss_dns.so.2", O_RDONLY) = -1 ENOENT (No such file or directory)
22282 09:58:51 open("tls/libnss_dns.so.2", O_RDONLY) = -1 ENOENT (No such file or directory)
22282 09:58:51 open("x86_64/libnss_dns.so.2", O_RDONLY) = -1 ENOENT (No such file or directory)
22282 09:58:51 open("libnss_dns.so.2", O_RDONLY) = -1 ENOENT (No such file or directory)
22282 09:58:51 open("/etc/ld.so.cache", O_RDONLY) = 5
22282 09:58:51 fstat(5, {st_mode=S_IFREG|0644, st_size=207633, ...}) = 0
22282 09:58:51 mmap(NULL, 207633, PROT_READ, MAP_PRIVATE, 5, 0) = 0x7ffec3669000
22282 09:58:51 close(5)                 = 0
22282 09:58:51 open("/lib64/libnss_dns.so.2", O_RDONLY) = 5
22282 09:58:51 read(5, "\177ELF\2\1\1\0\0\0\0\0\0\0\0\0\3\0>\0\1\0\0\0\0\20\0\0\0\0\0\0"..., 832) = 832
22282 09:58:51 fstat(5, {st_mode=S_IFREG|0755, st_size=27424, ...}) = 0
22282 09:58:51 mmap(NULL, 2117880, PROT_READ|PROT_EXEC, MAP_PRIVATE|MAP_DENYWRITE, 5, 0) = 0x7ffebfac6000
22282 09:58:51 mprotect(0x7ffebfacb000, 2093056, PROT_NONE) = 0
22282 09:58:51 mmap(0x7ffebfcca000, 8192, PROT_READ|PROT_WRITE, MAP_PRIVATE|MAP_FIXED|MAP_DENYWRITE, 5, 0x4000) = 0x7ffebfcca000
22282 09:58:51 close(5)                 = 0
22282 09:58:51 mprotect(0x7ffebfcca000, 4096, PROT_READ) = 0
22282 09:58:51 munmap(0x7ffec3669000, 207633) = 0
22282 09:58:51 futex(0x7ffec0b6b2e8, FUTEX_WAKE_PRIVATE, 2147483647) = 0
22282 09:58:51 futex(0x7ffec0b6b270, FUTEX_WAKE_PRIVATE, 2147483647) = 0
22282 09:58:51 futex(0x7ffec21f3fd0, FUTEX_WAKE_PRIVATE, 2147483647) = 0
22282 09:58:51 stat("/etc/gss/mech", 0x7fffe73e35e0) = -1 ENOENT (No such file or directory)
22282 09:58:51 stat("/etc/gss/mech", 0x7fffe73e3530) = -1 ENOENT (No such file or directory)
22282 09:58:51 futex(0x7ffec1fb2200, FUTEX_WAKE_PRIVATE, 2147483647) = 0
22282 09:58:51 futex(0x7ffec1fb2600, FUTEX_WAKE_PRIVATE, 2147483647) = 0
22282 09:58:51 stat("/etc/krb5.conf", {st_mode=S_IFREG|0644, st_size=449, ...}) = 0
22282 09:58:51 open("/etc/krb5.conf", O_RDONLY) = 5
22282 09:58:51 fcntl(5, F_SETFD, FD_CLOEXEC) = 0
22282 09:58:51 fstat(5, {st_mode=S_IFREG|0644, st_size=449, ...}) = 0
22282 09:58:51 mmap(NULL, 4096, PROT_READ|PROT_WRITE, MAP_PRIVATE|MAP_ANONYMOUS, -1, 0) = 0x7ffec369b000
22282 09:58:51 read(5, "[logging]\n default = FILE:/var/l"..., 4096) = 449
22282 09:58:51 read(5, "", 4096)        = 0
22282 09:58:51 close(5)                 = 0
22282 09:58:51 munmap(0x7ffec369b000, 4096) = 0
22282 09:58:51 open("/dev/urandom", O_RDONLY) = 5
22282 09:58:51 fcntl(5, F_SETFD, FD_CLOEXEC) = 0
22282 09:58:51 fstat(5, {st_mode=S_IFCHR|0666, st_rdev=makedev(1, 9), ...}) = 0
22282 09:58:51 read(5, "\221\215\270\320\257\\*s\6kc\340B\236+^{\25\211\34", 20) = 20
22282 09:58:51 close(5)                 = 0
22282 09:58:51 futex(0x7ffec1cd32d0, FUTEX_WAKE_PRIVATE, 2147483647) = 0
22282 09:58:51 socket(PF_NETLINK, SOCK_RAW, 0) = 5
22282 09:58:51 bind(5, {sa_family=AF_NETLINK, pid=0, groups=00000000}, 12) = 0
22282 09:58:51 getsockname(5, {sa_family=AF_NETLINK, pid=22282, groups=00000000}, [12]) = 0
22282 09:58:51 sendto(5, "\24\0\0\0\26\0\1\3\333\201\250Z\0\0\0\0\0\0\0\0", 20, 0, {sa_family=AF_NETLINK, pid=0, groups=00000000}, 12) = 20
22282 09:58:51 recvmsg(5, {msg_name(12)={sa_family=AF_NETLINK, pid=0, groups=00000000}, msg_iov(1)=[{"0\0\0\0\24\0\2\0\333\201\250Z\nW\0\0\2\10\200\376\1\0\0\0\10\0\1\0\177\0\0\1"..., 4096}], msg_controllen=0, msg_flags=0}, 0) = 108
22282 09:58:51 recvmsg(5, {msg_name(12)={sa_family=AF_NETLINK, pid=0, groups=00000000}, msg_iov(1)=[{"@\0\0\0\24\0\2\0\333\201\250Z\nW\0\0\n\200\200\376\1\0\0\0\24\0\1\0\0\0\0\0"..., 4096}], msg_controllen=0, msg_flags=0}, 0) = 128
22282 09:58:51 recvmsg(5, {msg_name(12)={sa_family=AF_NETLINK, pid=0, groups=00000000}, msg_iov(1)=[{"\24\0\0\0\3\0\2\0\333\201\250Z\nW\0\0\0\0\0\0\1\0\0\0\24\0\1\0\0\0\0\0"..., 4096}], msg_controllen=0, msg_flags=0}, 0) = 20
22282 09:58:51 close(5)                 = 0
22282 09:58:51 open("/etc/hosts", O_RDONLY|O_CLOEXEC) = 5
22282 09:58:51 fstat(5, {st_mode=S_IFREG|0644, st_size=217, ...}) = 0
22282 09:58:51 mmap(NULL, 4096, PROT_READ|PROT_WRITE, MAP_PRIVATE|MAP_ANONYMOUS, -1, 0) = 0x7ffec369b000
22282 09:58:51 read(5, "127.0.0.1   localhost localhost."..., 4096) = 217
22282 09:58:51 read(5, "", 4096)        = 0
22282 09:58:51 close(5)                 = 0
22282 09:58:51 munmap(0x7ffec369b000, 4096) = 0
22282 09:58:51 stat("/etc/krb5.conf", {st_mode=S_IFREG|0644, st_size=449, ...}) = 0
22282 09:58:51 open("/etc/krb5.conf", O_RDONLY) = 5
22282 09:58:51 fcntl(5, F_SETFD, FD_CLOEXEC) = 0
22282 09:58:51 fstat(5, {st_mode=S_IFREG|0644, st_size=449, ...}) = 0
22282 09:58:51 mmap(NULL, 4096, PROT_READ|PROT_WRITE, MAP_PRIVATE|MAP_ANONYMOUS, -1, 0) = 0x7ffec369b000
22282 09:58:51 read(5, "[logging]\n default = FILE:/var/l"..., 4096) = 449
22282 09:58:51 read(5, "", 4096)        = 0
22282 09:58:51 close(5)                 = 0
22282 09:58:51 munmap(0x7ffec369b000, 4096) = 0
22282 09:58:51 open("/dev/urandom", O_RDONLY) = 5
22282 09:58:51 fcntl(5, F_SETFD, FD_CLOEXEC) = 0
22282 09:58:51 fstat(5, {st_mode=S_IFCHR|0666, st_rdev=makedev(1, 9), ...}) = 0
22282 09:58:51 read(5, "x\225Q\373A\272\315q\374\314\344\362\315\\\346&\321)w/", 20) = 20
22282 09:58:51 close(5)                 = 0
22282 09:58:51 socket(PF_NETLINK, SOCK_RAW, 0) = 5
22282 09:58:51 bind(5, {sa_family=AF_NETLINK, pid=0, groups=00000000}, 12) = 0
22282 09:58:51 getsockname(5, {sa_family=AF_NETLINK, pid=22282, groups=00000000}, [12]) = 0
22282 09:58:51 sendto(5, "\24\0\0\0\26\0\1\3\333\201\250Z\0\0\0\0\0\0\0\0", 20, 0, {sa_family=AF_NETLINK, pid=0, groups=00000000}, 12) = 20
22282 09:58:51 recvmsg(5, {msg_name(12)={sa_family=AF_NETLINK, pid=0, groups=00000000}, msg_iov(1)=[{"0\0\0\0\24\0\2\0\333\201\250Z\nW\0\0\2\10\200\376\1\0\0\0\10\0\1\0\177\0\0\1"..., 4096}], msg_controllen=0, msg_flags=0}, 0) = 108
22282 09:58:51 recvmsg(5, {msg_name(12)={sa_family=AF_NETLINK, pid=0, groups=00000000}, msg_iov(1)=[{"@\0\0\0\24\0\2\0\333\201\250Z\nW\0\0\n\200\200\376\1\0\0\0\24\0\1\0\0\0\0\0"..., 4096}], msg_controllen=0, msg_flags=0}, 0) = 128
22282 09:58:51 recvmsg(5, {msg_name(12)={sa_family=AF_NETLINK, pid=0, groups=00000000}, msg_iov(1)=[{"\24\0\0\0\3\0\2\0\333\201\250Z\nW\0\0\0\0\0\0\1\0\0\0\24\0\1\0\0\0\0\0"..., 4096}], msg_controllen=0, msg_flags=0}, 0) = 20
22282 09:58:51 close(5)                 = 0
22282 09:58:51 open("/etc/hosts", O_RDONLY|O_CLOEXEC) = 5
22282 09:58:51 fstat(5, {st_mode=S_IFREG|0644, st_size=217, ...}) = 0
22282 09:58:51 mmap(NULL, 4096, PROT_READ|PROT_WRITE, MAP_PRIVATE|MAP_ANONYMOUS, -1, 0) = 0x7ffec369b000
22282 09:58:51 read(5, "127.0.0.1   localhost localhost."..., 4096) = 217
22282 09:58:51 read(5, "", 4096)        = 0
22282 09:58:51 close(5)                 = 0
22282 09:58:51 munmap(0x7ffec369b000, 4096) = 0
22282 09:58:51 stat("/etc/krb5.conf", {st_mode=S_IFREG|0644, st_size=449, ...}) = 0
22282 09:58:51 open("/etc/krb5.conf", O_RDONLY) = 5
22282 09:58:51 fcntl(5, F_SETFD, FD_CLOEXEC) = 0
22282 09:58:51 fstat(5, {st_mode=S_IFREG|0644, st_size=449, ...}) = 0
22282 09:58:51 mmap(NULL, 4096, PROT_READ|PROT_WRITE, MAP_PRIVATE|MAP_ANONYMOUS, -1, 0) = 0x7ffec369b000
22282 09:58:51 read(5, "[logging]\n default = FILE:/var/l"..., 4096) = 449
22282 09:58:51 read(5, "", 4096)        = 0
22282 09:58:51 close(5)                 = 0
22282 09:58:51 munmap(0x7ffec369b000, 4096) = 0
22282 09:58:51 open("/dev/urandom", O_RDONLY) = 5
22282 09:58:51 fcntl(5, F_SETFD, FD_CLOEXEC) = 0
22282 09:58:51 fstat(5, {st_mode=S_IFCHR|0666, st_rdev=makedev(1, 9), ...}) = 0
22282 09:58:51 read(5, "\35\351\25\375wy[\234\226\305\303B\16\273\5j\254\6\253b", 20) = 20
22282 09:58:51 close(5)                 = 0
22282 09:58:51 socket(PF_NETLINK, SOCK_RAW, 0) = 5
22282 09:58:51 bind(5, {sa_family=AF_NETLINK, pid=0, groups=00000000}, 12) = 0
22282 09:58:51 getsockname(5, {sa_family=AF_NETLINK, pid=22282, groups=00000000}, [12]) = 0
22282 09:58:51 sendto(5, "\24\0\0\0\26\0\1\3\333\201\250Z\0\0\0\0\0\0\0\0", 20, 0, {sa_family=AF_NETLINK, pid=0, groups=00000000}, 12) = 20
22282 09:58:51 recvmsg(5, {msg_name(12)={sa_family=AF_NETLINK, pid=0, groups=00000000}, msg_iov(1)=[{"0\0\0\0\24\0\2\0\333\201\250Z\nW\0\0\2\10\200\376\1\0\0\0\10\0\1\0\177\0\0\1"..., 4096}], msg_controllen=0, msg_flags=0}, 0) = 108
22282 09:58:51 recvmsg(5, {msg_name(12)={sa_family=AF_NETLINK, pid=0, groups=00000000}, msg_iov(1)=[{"@\0\0\0\24\0\2\0\333\201\250Z\nW\0\0\n\200\200\376\1\0\0\0\24\0\1\0\0\0\0\0"..., 4096}], msg_controllen=0, msg_flags=0}, 0) = 128
22282 09:58:51 recvmsg(5, {msg_name(12)={sa_family=AF_NETLINK, pid=0, groups=00000000}, msg_iov(1)=[{"\24\0\0\0\3\0\2\0\333\201\250Z\nW\0\0\0\0\0\0\1\0\0\0\24\0\1\0\0\0\0\0"..., 4096}], msg_controllen=0, msg_flags=0}, 0) = 20
22282 09:58:51 close(5)                 = 0
22282 09:58:51 open("/etc/hosts", O_RDONLY|O_CLOEXEC) = 5
22282 09:58:51 fstat(5, {st_mode=S_IFREG|0644, st_size=217, ...}) = 0
22282 09:58:51 mmap(NULL, 4096, PROT_READ|PROT_WRITE, MAP_PRIVATE|MAP_ANONYMOUS, -1, 0) = 0x7ffec369b000
22282 09:58:51 read(5, "127.0.0.1   localhost localhost."..., 4096) = 217
22282 09:58:51 read(5, "", 4096)        = 0
22282 09:58:51 close(5)                 = 0
22282 09:58:51 munmap(0x7ffec369b000, 4096) = 0
22282 09:58:51 stat("/etc/krb5.conf", {st_mode=S_IFREG|0644, st_size=449, ...}) = 0
22282 09:58:51 open("/etc/krb5.conf", O_RDONLY) = 5
22282 09:58:51 fcntl(5, F_SETFD, FD_CLOEXEC) = 0
22282 09:58:51 fstat(5, {st_mode=S_IFREG|0644, st_size=449, ...}) = 0
22282 09:58:51 mmap(NULL, 4096, PROT_READ|PROT_WRITE, MAP_PRIVATE|MAP_ANONYMOUS, -1, 0) = 0x7ffec369b000
22282 09:58:51 read(5, "[logging]\n default = FILE:/var/l"..., 4096) = 449
22282 09:58:51 read(5, "", 4096)        = 0
22282 09:58:51 close(5)                 = 0
22282 09:58:51 munmap(0x7ffec369b000, 4096) = 0
22282 09:58:51 open("/dev/urandom", O_RDONLY) = 5
22282 09:58:51 fcntl(5, F_SETFD, FD_CLOEXEC) = 0
22282 09:58:51 fstat(5, {st_mode=S_IFCHR|0666, st_rdev=makedev(1, 9), ...}) = 0
22282 09:58:51 read(5, "\31j\3\10qV\303\354\230Pj\3253\222V\322'\25\5\270", 20) = 20
22282 09:58:51 close(5)                 = 0
22282 09:58:51 socket(PF_NETLINK, SOCK_RAW, 0) = 5
22282 09:58:51 bind(5, {sa_family=AF_NETLINK, pid=0, groups=00000000}, 12) = 0
22282 09:58:51 getsockname(5, {sa_family=AF_NETLINK, pid=22282, groups=00000000}, [12]) = 0
22282 09:58:51 sendto(5, "\24\0\0\0\26\0\1\3\333\201\250Z\0\0\0\0\0\0\0\0", 20, 0, {sa_family=AF_NETLINK, pid=0, groups=00000000}, 12) = 20
22282 09:58:51 recvmsg(5, {msg_name(12)={sa_family=AF_NETLINK, pid=0, groups=00000000}, msg_iov(1)=[{"0\0\0\0\24\0\2\0\333\201\250Z\nW\0\0\2\10\200\376\1\0\0\0\10\0\1\0\177\0\0\1"..., 4096}], msg_controllen=0, msg_flags=0}, 0) = 108
22282 09:58:51 recvmsg(5, {msg_name(12)={sa_family=AF_NETLINK, pid=0, groups=00000000}, msg_iov(1)=[{"@\0\0\0\24\0\2\0\333\201\250Z\nW\0\0\n\200\200\376\1\0\0\0\24\0\1\0\0\0\0\0"..., 4096}], msg_controllen=0, msg_flags=0}, 0) = 128
22282 09:58:51 recvmsg(5, {msg_name(12)={sa_family=AF_NETLINK, pid=0, groups=00000000}, msg_iov(1)=[{"\24\0\0\0\3\0\2\0\333\201\250Z\nW\0\0\0\0\0\0\1\0\0\0\24\0\1\0\0\0\0\0"..., 4096}], msg_controllen=0, msg_flags=0}, 0) = 20
22282 09:58:51 close(5)                 = 0
22282 09:58:51 open("/etc/hosts", O_RDONLY|O_CLOEXEC) = 5
22282 09:58:51 fstat(5, {st_mode=S_IFREG|0644, st_size=217, ...}) = 0
22282 09:58:51 mmap(NULL, 4096, PROT_READ|PROT_WRITE, MAP_PRIVATE|MAP_ANONYMOUS, -1, 0) = 0x7ffec369b000
22282 09:58:51 read(5, "127.0.0.1   localhost localhost."..., 4096) = 217
22282 09:58:51 read(5, "", 4096)        = 0
22282 09:58:51 close(5)                 = 0
22282 09:58:51 munmap(0x7ffec369b000, 4096) = 0
22282 09:58:51 stat("/root/.ssh/identity", 0x7fffe73e34a0) = -1 ENOENT (No such file or directory)
22282 09:58:51 stat("/root/.ssh/id_rsa", {st_mode=S_IFREG|0600, st_size=887, ...}) = 0
22282 09:58:51 open("/root/.ssh/id_rsa", O_RDONLY) = 5
22282 09:58:51 fstat(5, {st_mode=S_IFREG|0600, st_size=887, ...}) = 0
22282 09:58:51 getuid()                 = 0
22282 09:58:51 fcntl(5, F_GETFL)        = 0x8000 (flags O_RDONLY|O_LARGEFILE)
22282 09:58:51 fstat(5, {st_mode=S_IFREG|0600, st_size=887, ...}) = 0
22282 09:58:51 mmap(NULL, 4096, PROT_READ|PROT_WRITE, MAP_PRIVATE|MAP_ANONYMOUS, -1, 0) = 0x7ffec369b000
22282 09:58:51 lseek(5, 0, SEEK_CUR)    = 0
22282 09:58:51 read(5, "-----BEGIN RSA PRIVATE KEY-----\n"..., 4096) = 887
22282 09:58:51 close(5)                 = 0
22282 09:58:51 munmap(0x7ffec369b000, 4096) = 0
22282 09:58:51 write(3, "\224\365\236\26\376p\0277\220%LbP\336\337\340\254\247p\334\3571\301G$\335\\m\34\224.\215"..., 384) = 384
22282 09:58:51 select(4, [3], NULL, NULL, NULL) = 1 (in [3])
22282 09:58:51 read(3, "\337\376R\215/k\306\2\33\313j\272C;+\232=\275\330\310\323\214\322\2506J\10d34\314\237", 8192) = 32
22282 09:58:51 dup(0)                   = 5
22282 09:58:51 dup(1)                   = 6
22282 09:58:51 dup(2)                   = 7
22282 09:58:51 ioctl(5, SNDCTL_TMR_TIMEBASE or TCGETS, {B38400 opost isig icanon echo ...}) = 0
22282 09:58:51 ioctl(6, SNDCTL_TMR_TIMEBASE or TCGETS, {B38400 opost isig icanon echo ...}) = 0
22282 09:58:51 ioctl(7, SNDCTL_TMR_TIMEBASE or TCGETS, {B38400 opost isig icanon echo ...}) = 0
22282 09:58:51 fcntl(5, F_SETFD, FD_CLOEXEC) = 0
22282 09:58:51 fcntl(6, F_SETFD, FD_CLOEXEC) = 0
22282 09:58:51 fcntl(7, F_SETFD, FD_CLOEXEC) = 0
22282 09:58:51 ioctl(6, SNDCTL_TMR_TIMEBASE or TCGETS, {B38400 opost isig icanon echo ...}) = 0
22282 09:58:51 rt_sigaction(SIGHUP, NULL, {SIG_DFL, [], 0}, 8) = 0
22282 09:58:51 rt_sigaction(SIGHUP, {SIG_IGN, [], SA_RESTORER, 0x7ffec1209920}, NULL, 8) = 0
22282 09:58:51 rt_sigaction(SIGHUP, NULL, {SIG_IGN, [], SA_RESTORER, 0x7ffec1209920}, 8) = 0
22282 09:58:51 rt_sigaction(SIGHUP, {0x7ffec36ae5e0, [], SA_RESTORER, 0x7ffec1209920}, NULL, 8) = 0
22282 09:58:51 rt_sigaction(SIGINT, NULL, {SIG_DFL, [], 0}, 8) = 0
22282 09:58:51 rt_sigaction(SIGINT, {SIG_IGN, [], SA_RESTORER, 0x7ffec1209920}, NULL, 8) = 0
22282 09:58:51 rt_sigaction(SIGINT, NULL, {SIG_IGN, [], SA_RESTORER, 0x7ffec1209920}, 8) = 0
22282 09:58:51 rt_sigaction(SIGINT, {0x7ffec36ae5e0, [], SA_RESTORER, 0x7ffec1209920}, NULL, 8) = 0
22282 09:58:51 rt_sigaction(SIGQUIT, NULL, {SIG_DFL, [], 0}, 8) = 0
22282 09:58:51 rt_sigaction(SIGQUIT, {SIG_IGN, [], SA_RESTORER, 0x7ffec1209920}, NULL, 8) = 0
22282 09:58:51 rt_sigaction(SIGQUIT, NULL, {SIG_IGN, [], SA_RESTORER, 0x7ffec1209920}, 8) = 0
22282 09:58:51 rt_sigaction(SIGQUIT, {0x7ffec36ae5e0, [], SA_RESTORER, 0x7ffec1209920}, NULL, 8) = 0
22282 09:58:51 rt_sigaction(SIGTERM, NULL, {SIG_DFL, [], 0}, 8) = 0
22282 09:58:51 rt_sigaction(SIGTERM, {SIG_IGN, [], SA_RESTORER, 0x7ffec1209920}, NULL, 8) = 0
22282 09:58:51 rt_sigaction(SIGTERM, NULL, {SIG_IGN, [], SA_RESTORER, 0x7ffec1209920}, 8) = 0
22282 09:58:51 rt_sigaction(SIGTERM, {0x7ffec36ae5e0, [], SA_RESTORER, 0x7ffec1209920}, NULL, 8) = 0
22282 09:58:51 rt_sigaction(SIGWINCH, NULL, {SIG_DFL, [], 0}, 8) = 0
22282 09:58:51 rt_sigaction(SIGWINCH, {0x7ffec36aec80, [], SA_RESTORER, 0x7ffec1209920}, NULL, 8) = 0
22282 09:58:51 ioctl(0, SNDCTL_TMR_TIMEBASE or TCGETS, {B38400 opost isig icanon echo ...}) = 0
22282 09:58:51 ioctl(0, SNDCTL_TMR_STOP or TCSETSW, {B38400 -opost -isig -icanon -echo ...}) = 0
22282 09:58:51 select(8, [3], [3], NULL, NULL) = 1 (out [3])
22282 09:58:51 write(3, "\213$\310;\270\345\373\352\254\303\2467c\361~\365\240\207\330\201XV\24{\340\215\375\346\224\243\243\320"..., 64) = 64
22282 09:58:51 select(8, [3], [], NULL, NULL) = 1 (in [3])
22282 09:58:51 read(3, "\243i\362\24\317\343\310\252\37]<\374l\313\2672\263\223\10*\21\304\337\212%\v(C}\275\357\256"..., 8192) = 48
22282 09:58:51 ioctl(0, TIOCGWINSZ, {ws_row=46, ws_col=98, ws_xpixel=0, ws_ypixel=0}) = 0
22282 09:58:51 getsockopt(3, SOL_TCP, TCP_NODELAY, [-9142578616775737344], [4]) = 0
22282 09:58:51 setsockopt(3, SOL_TCP, TCP_NODELAY, [1], 4) = 0
22282 09:58:51 getsockname(3, {sa_family=AF_INET, sin_port=htons(40413), sin_addr=inet_addr("192.168.6.21")}, [16]) = 0
22282 09:58:51 setsockopt(3, SOL_IP, IP_TOS, [16], 4) = 0
22282 09:58:51 select(8, [3], [3], NULL, NULL) = 1 (out [3])
22282 09:58:51 write(3, "\2452:\"\342\313g\230\3505|\267\t\376\36\"H\222\257\2715\205\334+\267+\266\321n#2\33"..., 448) = 448
22282 09:58:51 select(8, [3], [], NULL, NULL) = 1 (in [3])
22282 09:58:51 read(3, "EX\261\n\312w\335\327\302\304\223\36\317\215+\251\265w\220V\306\357tJ\220+D\313\233\210y\376"..., 8192) = 208
22282 09:58:51 select(8, [3 5], [6], NULL, NULL) = 1 (out [6])
22282 09:58:51 write(6, "Last login: Wed Mar 14 09:45:28 "..., 57) = 57
22282 09:58:51 select(8, [3 5], [], NULL, NULL) = 1 (in [3])
22282 09:58:51 read(3, "\304~v\354\371C<\231\350DX\215\323\365k\10\375\"\202\346/C3>\371\372\17<\214\241\372t"..., 8192) = 64
22282 09:58:51 select(8, [3 5], [6], NULL, NULL) = 1 (out [6])
22282 09:58:51 write(6, "\33]0;root@PR-2-3:~\7", 18) = 18
22282 09:58:51 select(8, [3 5], [], NULL, NULL) = 1 (in [3])
22282 09:58:51 read(3, "\261i\321\177\317\236\32P\334#\34\230\23\0329\21\361I%f\231E\346\316\r\211\374-W\263\313\252"..., 8192) = 80
22282 09:58:51 select(8, [3 5], [6], NULL, NULL) = 1 (out [6])
22282 09:58:51 write(6, "(FUDE-0.4.2@x86_64)[root@PR-2-3 "..., 35) = 35
22282 09:58:51 select(8, [3 5], [], NULL, NULL) = 1 (in [5])
22282 09:58:53 read(5, "i", 16384)      = 1
22282 09:58:53 select(8, [3 5], [3], NULL, NULL) = 1 (out [3])
22282 09:58:53 write(3, "<\375\1\365\16\334\35\264\335\26>\326\242=\n\222i\204\336\344T\274\353\300\231D\302\360\371\255s/"..., 48) = 48
22282 09:58:53 select(8, [3 5], [], NULL, NULL) = 1 (in [3])
22282 09:58:53 read(3, "|}\361\272Y\272\5\352n\376\264\262lT\324c\177\24043\32\250S^\366\27r\222\3431\257v"..., 8192) = 48
22282 09:58:53 select(8, [3 5], [6], NULL, NULL) = 1 (out [6])
22282 09:58:53 write(6, "i", 1)         = 1
22282 09:58:53 select(8, [3 5], [], NULL, NULL) = 1 (in [5])
22282 09:58:53 read(5, "f", 16384)      = 1
22282 09:58:53 select(8, [3 5], [3], NULL, NULL) = 1 (out [3])
22282 09:58:53 write(3, "\257\302\201\35j\20^(\370\366\366\337\361\261\242@\333\\\333\2\267-F\250\266\277\231\272]Ji."..., 48) = 48
22282 09:58:53 select(8, [3 5], [], NULL, NULL) = 1 (in [3])
22282 09:58:53 read(3, "\232\"\321i\347\35\325+\205\317\360X\243\216\16\316\344\365!\345\257\344|=~ \301A\371\37\3051"..., 8192) = 48
22282 09:58:53 select(8, [3 5], [6], NULL, NULL) = 1 (out [6])
22282 09:58:53 write(6, "f", 1)         = 1
22282 09:58:53 select(8, [3 5], [], NULL, NULL) = 1 (in [5])
22282 09:58:54 read(5, "c", 16384)      = 1
22282 09:58:54 select(8, [3 5], [3], NULL, NULL) = 1 (out [3])
22282 09:58:54 write(3, "\370P\n\334\216\25I\3130#\320\226j\1\234\302\227=\235K\247|*B\301($\210\37{_\241"..., 48) = 48
22282 09:58:54 select(8, [3 5], [], NULL, NULL) = 1 (in [3])
22282 09:58:54 read(3, "\254n\314\343\265\342H\320N\231\323`r\26R\312\350\222\346\265\212c1#\\r\34\r6 \34\365"..., 8192) = 48
22282 09:58:54 select(8, [3 5], [6], NULL, NULL) = 1 (out [6])
22282 09:58:54 write(6, "c", 1)         = 1
22282 09:58:54 select(8, [3 5], [], NULL, NULL) = 1 (in [5])
22282 09:58:54 read(5, "o", 16384)      = 1
22282 09:58:54 select(8, [3 5], [3], NULL, NULL) = 1 (out [3])
22282 09:58:54 write(3, "\302\215w\270\370\230\214\244\363D\302\233\265\277\233V\320+.6\321\221#\215\365m\325\331\326W2\0"..., 48) = 48
22282 09:58:54 select(8, [3 5], [], NULL, NULL) = 1 (in [3])
22282 09:58:54 read(3, "\253\336\20\341F\216\6\335:\23\r\313Y.\245\211\344\220U\245\243ff@\337\271\34\37\362k\5\212"..., 8192) = 48
22282 09:58:54 select(8, [3 5], [6], NULL, NULL) = 1 (out [6])
22282 09:58:54 write(6, "o", 1)         = 1
22282 09:58:54 select(8, [3 5], [], NULL, NULL) = 1 (in [5])
22282 09:58:54 read(5, "n", 16384)      = 1
22282 09:58:54 select(8, [3 5], [3], NULL, NULL) = 1 (out [3])
22282 09:58:54 write(3, "\346\302\4+\275\345\0217\202\314:\246\203\2L_\3629i\24\213\346n#\17Z\374\324&\272\246^"..., 48) = 48
22282 09:58:54 select(8, [3 5], [], NULL, NULL) = 1 (in [3])
22282 09:58:54 read(3, "\1Gjn\344\213\233%\2559_\346L\352~K\21\201(\320\366[+P8|\1\20\227\21\235\r"..., 8192) = 48
22282 09:58:54 select(8, [3 5], [6], NULL, NULL) = 1 (out [6])
22282 09:58:54 write(6, "n", 1)         = 1
22282 09:58:54 select(8, [3 5], [], NULL, NULL) = 1 (in [5])
22282 09:58:54 read(5, "f", 16384)      = 1
22282 09:58:54 select(8, [3 5], [3], NULL, NULL) = 1 (out [3])
22282 09:58:54 write(3, "\27\321)C\220\302\334hg_p!H7VV!Z\342\272\5\36\\\245\26]P\231\367xu6"..., 48) = 48
22282 09:58:54 select(8, [3 5], [], NULL, NULL) = 1 (in [3])
22282 09:58:54 read(3, "\234-a\235\22i)y8\320\3650\271\223\7\f\304\264\220I\377\20\205?\260\27\2725T>o\360"..., 8192) = 48
22282 09:58:54 select(8, [3 5], [6], NULL, NULL) = 1 (out [6])
22282 09:58:54 write(6, "f", 1)         = 1
22282 09:58:54 select(8, [3 5], [], NULL, NULL) = 1 (in [5])
22282 09:58:54 read(5, "i", 16384)      = 1
22282 09:58:54 select(8, [3 5], [3], NULL, NULL) = 1 (out [3])
22282 09:58:54 write(3, "\34\7+j\326!\356\312\35\353h\272\2026)*(\237\312\231T\275\213\261\364|p9\321\35\3\24"..., 48) = 48
22282 09:58:54 select(8, [3 5], [], NULL, NULL) = 1 (in [3])
22282 09:58:54 read(3, "F\304\350\323\v.&I\30\0)\21\341\t\374$T\206\277(4\332\24(\n\336\16t%b\32\335"..., 8192) = 48
22282 09:58:54 select(8, [3 5], [6], NULL, NULL) = 1 (out [6])
22282 09:58:54 write(6, "i", 1)         = 1
22282 09:58:54 select(8, [3 5], [], NULL, NULL) = 1 (in [5])
22282 09:58:54 read(5, "g", 16384)      = 1
22282 09:58:54 select(8, [3 5], [3], NULL, NULL) = 1 (out [3])
22282 09:58:54 write(3, "[\212\206\351m2mk\262\30\326\233\20\5\10\24\242\351{8\0\246\307\257\317\232\331Ht\255\363\221"..., 48) = 48
22282 09:58:54 select(8, [3 5], [], NULL, NULL) = 1 (in [3])
22282 09:58:54 read(3, "\243n\277\25\221\rrA&W-\345\324\f\220P6\337(\320\336\3274\274No\256\374\310\4=3"..., 8192) = 48
22282 09:58:54 select(8, [3 5], [6], NULL, NULL) = 1 (out [6])
22282 09:58:54 write(6, "g", 1)         = 1
22282 09:58:54 select(8, [3 5], [], NULL, NULL) = 1 (in [5])
22282 09:58:55 read(5, "\r", 16384)     = 1
22282 09:58:55 select(8, [3 5], [3], NULL, NULL) = 1 (out [3])
22282 09:58:55 write(3, "\212\341\25\344T\242]\31!0\32uM\214=\227\3051\210\243&\17\r!\327\204\366\24\17-\327["..., 48) = 48
22282 09:58:55 select(8, [3 5], [], NULL, NULL) = 1 (in [3])
22282 09:58:55 read(3, "\264\226\247\346\301\360_\34a\377\10\346\351\7\313\354S\5\366\260\300\311c\3\267\0075\316\251\25\275\267"..., 8192) = 48
22282 09:58:55 select(8, [3 5], [6], NULL, NULL) = 1 (out [6])
22282 09:58:55 write(6, "\r\n", 2)      = 2
22282 09:58:55 select(8, [3 5], [], NULL, NULL) = 1 (in [3])
22282 09:58:55 read(3, "8.Oi\17\364\6\214\2L\342\361\253\32\250/^\\\322B\255\352\352\26\246\215]\215\267\317\224["..., 8192) = 688
22282 09:58:55 select(8, [3 5], [6], NULL, NULL) = 1 (out [6])
22282 09:58:55 write(6, "eth0      Link encap:Ethernet  H"..., 565) = 565
22282 09:58:55 select(8, [3 5], [], NULL, NULL) = 1 (in [3])
22282 09:58:55 read(3, "\252C\343\5\r\362^t\226c|2\17\332\24w\313^V\363\274\217\300\251\177\241afy\364R/"..., 8192) = 2208
22282 09:58:55 select(8, [3 5], [6], NULL, NULL) = 1 (out [6])
22282 09:58:55 write(6, "          inet6 addr: fe80::2e0:"..., 1822) = 1822
22282 09:58:55 select(8, [3 5], [], NULL, NULL) = 1 (in [3])
22282 09:58:55 read(3, "\362\315\365\202\1R\321\343\317P\302~\256\260\341\210\2519\226\237.\351\26\323\nN\313\250\\6\311O"..., 8192) = 64
22282 09:58:55 select(8, [3 5], [6], NULL, NULL) = 1 (out [6])
22282 09:58:55 write(6, "\33]0;root@PR-2-3:~\7", 18) = 18
22282 09:58:55 select(8, [3 5], [], NULL, NULL) = 1 (in [3])
22282 09:58:55 read(3, "\306\262\317\340\277\360\177E}\273\213e\335\207=\301\272:;\277\27\233ht\241\2|9U*\300\300"..., 8192) = 80
22282 09:58:55 select(8, [3 5], [6], NULL, NULL) = 1 (out [6])
22282 09:58:55 write(6, "(FUDE-0.4.2@x86_64)[root@PR-2-3 "..., 35) = 35
22282 09:58:55 select(8, [3 5], [], NULL, NULL) = 1 (in [5])
22282 09:58:56 read(5, "i", 16384)      = 1
22282 09:58:56 select(8, [3 5], [3], NULL, NULL) = 1 (out [3])
22282 09:58:56 write(3, "|\2477\221\375&cpf=!L\273\361\2555%\256\16\25\274\0\204@B\215\23\267\245\347\304\235"..., 48) = 48
22282 09:58:56 select(8, [3 5], [], NULL, NULL) = 1 (in [3])
22282 09:58:56 read(3, "5D\275\332\1\2\355q(\237f\0\252\267\224\300_g\361\363\35\215\220{\313\267\235\34\251\241\354P"..., 8192) = 48
22282 09:58:56 select(8, [3 5], [6], NULL, NULL) = 1 (out [6])
22282 09:58:56 write(6, "i", 1)         = 1
22282 09:58:56 select(8, [3 5], [], NULL, NULL) = 1 (in [5])
22282 09:58:57 read(5, "f", 16384)      = 1
22282 09:58:57 select(8, [3 5], [3], NULL, NULL) = 1 (out [3])
22282 09:58:57 write(3, "\7\2q\"1\33\326(\274l\261K\33\3d\352\371\337&i5\251\251\214D\2704o]\2274h"..., 48) = 48
22282 09:58:57 select(8, [3 5], [], NULL, NULL) = 1 (in [3])
22282 09:58:57 read(3, "\"{\21\252\210\230\213\251\v\366s\35T\203\35\370\343&\352\227\5\336\311\320N\237j\306`\241\253\350"..., 8192) = 48
22282 09:58:57 select(8, [3 5], [6], NULL, NULL) = 1 (out [6])
22282 09:58:57 write(6, "f", 1)         = 1
22282 09:58:57 select(8, [3 5], [], NULL, NULL) = 1 (in [5])
22282 09:58:58 read(5, "c", 16384)      = 1
22282 09:58:58 select(8, [3 5], [3], NULL, NULL) = 1 (out [3])
22282 09:58:58 write(3, "j\322?\330I\323\221x#\23\217Y\362\3514\201\t\357(\367\345lw\366U(\t\320H\211\r\322"..., 48) = 48
22282 09:58:58 select(8, [3 5], [], NULL, NULL) = 1 (in [3])
22282 09:58:58 read(3, "-7-\274\320\270\vy)'\203\370\26\4g\214\362\327a]d\261^tE\276\255\217\224Ga\343"..., 8192) = 48
22282 09:58:58 select(8, [3 5], [6], NULL, NULL) = 1 (out [6])
22282 09:58:58 write(6, "c", 1)         = 1
22282 09:58:58 select(8, [3 5], [], NULL, NULL) = 1 (in [5])
22282 09:58:58 read(5, "o", 16384)      = 1
22282 09:58:58 select(8, [3 5], [3], NULL, NULL) = 1 (out [3])
22282 09:58:58 write(3, "\212\220\224\7\233K\272Z1\205u\270\353\21#D\365Zy\370\f\"\223R\353\323\2461\354!\37b"..., 48) = 48
22282 09:58:58 select(8, [3 5], [], NULL, NULL) = 1 (in [3])
22282 09:58:58 read(3, "\20\34\205\0\201\364\314Z\22\0\330\4k\0S\264\305\300\211y\377\337\245e\251\274\304\206e.\227\32"..., 8192) = 48
22282 09:58:58 select(8, [3 5], [6], NULL, NULL) = 1 (out [6])
22282 09:58:58 write(6, "o", 1)         = 1
22282 09:58:58 select(8, [3 5], [], NULL, NULL) = 1 (in [5])
22282 09:58:58 read(5, "n", 16384)      = 1
22282 09:58:58 select(8, [3 5], [3], NULL, NULL) = 1 (out [3])
22282 09:58:58 write(3, "g~]%\364\227o\214\23=\357\2L(\26+\353\335<\221\3633N\244\250\316A\37v*Lw"..., 48) = 48
22282 09:58:58 select(8, [3 5], [], NULL, NULL) = 1 (in [3])
22282 09:58:58 read(3, "\312\331\212\322\256\376\33\323x,6\224Gsn\251K\325b\246c\3256\213~\204\207\367\374Z\245\314"..., 8192) = 48
22282 09:58:58 select(8, [3 5], [6], NULL, NULL) = 1 (out [6])
22282 09:58:58 write(6, "n", 1)         = 1
22282 09:58:58 select(8, [3 5], [], NULL, NULL) = 1 (in [5])
22282 09:58:58 read(5, "f", 16384)      = 1
22282 09:58:58 select(8, [3 5], [3], NULL, NULL) = 1 (out [3])
22282 09:58:58 write(3, "h7\23r\253\264\240\351\225\22(\263e\327\341\274J\2036\35\25\334y\311q\242\330\26\226\4M\234"..., 48) = 48
22282 09:58:58 select(8, [3 5], [], NULL, NULL) = 1 (in [3])
22282 09:58:58 read(3, "\27\17\20F\210\213\275\246\353\324{\365`YN\352\24)f\4\10\370O C\255Gb\3427rX"..., 8192) = 48
22282 09:58:58 select(8, [3 5], [6], NULL, NULL) = 1 (out [6])
22282 09:58:58 write(6, "f", 1)         = 1
22282 09:58:58 select(8, [3 5], [], NULL, NULL) = 1 (in [5])
22282 09:58:58 read(5, "i", 16384)      = 1
22282 09:58:58 select(8, [3 5], [3], NULL, NULL) = 1 (out [3])
22282 09:58:58 write(3, "i\332\231\316\320\317$'\371\340iw\331\277\333\fP\0077\1\322P\f\310D\271b;\n\5\\\3"..., 48) = 48
22282 09:58:58 select(8, [3 5], [], NULL, NULL) = 1 (in [3])
22282 09:58:58 read(3, "U\225\273\252U\2269\247&\343\4j\350\3251\7 \303\370\r~\316\374>h7-S\303\3578\307"..., 8192) = 48
22282 09:58:58 select(8, [3 5], [6], NULL, NULL) = 1 (out [6])
22282 09:58:58 write(6, "i", 1)         = 1
22282 09:58:58 select(8, [3 5], [], NULL, NULL) = 1 (in [5])
22282 09:58:58 read(5, "g", 16384)      = 1
22282 09:58:58 select(8, [3 5], [3], NULL, NULL) = 1 (out [3])
22282 09:58:58 write(3, "\260\206))\226p\253\220d\304\240\266\364y\337\270\23\333\253o\340\337\375|6\206\307W\300\222ZR"..., 48) = 48
22282 09:58:58 select(8, [3 5], [], NULL, NULL) = 1 (in [3])
22282 09:58:58 read(3, "\316\270+\213\273y\373\371\31\304\317\231z\322\323\223\240}\353\2401%\204\324\237\341\233\233:\321\327\310"..., 8192) = 48
22282 09:58:58 select(8, [3 5], [6], NULL, NULL) = 1 (out [6])
22282 09:58:58 write(6, "g", 1)         = 1
22282 09:58:58 select(8, [3 5], [], NULL, NULL) = 1 (in [5])
22282 09:58:59 read(5, "\33[D", 16384)  = 3
22282 09:58:59 select(8, [3 5], [3], NULL, NULL) = 1 (out [3])
22282 09:58:59 write(3, "\372\n\234\17\27g\304\22\7\376\271m\247\226\352\253\216=L\22\332\337\277\253\0329\34\32p/\22\374"..., 48) = 48
22282 09:58:59 select(8, [3 5], [], NULL, NULL) = 1 (in [3])
22282 09:58:59 read(3, "\2210\235\265O\257\371\360\32\6\355\312m\25\275#\337a\204]\223\333\271\316\241\3054\230\301\3009\6"..., 8192) = 48
22282 09:58:59 select(8, [3 5], [6], NULL, NULL) = 1 (out [6])
22282 09:58:59 write(6, "\10", 1)       = 1
22282 09:58:59 select(8, [3 5], [], NULL, NULL) = 1 (in [5])
22282 09:58:59 read(5, "\33[D", 16384)  = 3
22282 09:58:59 select(8, [3 5], [3], NULL, NULL) = 1 (out [3])
22282 09:58:59 write(3, "Y\210\\\314Y`\366^;\7HJ\374T\341\30V\310\26k\316\330\315\25\2322\34\233\237\"n\354"..., 48) = 48
22282 09:58:59 select(8, [3 5], [], NULL, NULL) = 1 (in [3])
22282 09:58:59 read(3, ">s\241\257\22\210]\36\365L\273 y(q\241\2\303\265\320\17\350\32\4\252\37\3677${q\242"..., 8192) = 48
22282 09:58:59 select(8, [3 5], [6], NULL, NULL) = 1 (out [6])
22282 09:58:59 write(6, "\10", 1)       = 1
22282 09:58:59 select(8, [3 5], [], NULL, NULL) = 1 (in [5])
22282 09:59:01 read(5, "\10", 16384)    = 1
22282 09:59:01 select(8, [3 5], [3], NULL, NULL) = 1 (out [3])
22282 09:59:01 write(3, "\252\231js\275\24\0160\6\4\376\350R)\0\206!\207\17UBX\241u\220\274}D\260D\270\261"..., 48) = 48
22282 09:59:01 select(8, [3 5], [], NULL, NULL) = 1 (in [3])
22282 09:59:01 read(3, "\344\373\334A\272\264\211\"\24\f\212\355\244\237\31\310r\224\315\215\302\31#\375>\304\306\313\17\376\302\235"..., 8192) = 48
22282 09:59:01 select(8, [3 5], [6], NULL, NULL) = 1 (out [6])
22282 09:59:01 write(6, "\10\33[1Pig\10\10", 9) = 9
22282 09:59:01 select(8, [3 5], [], NULL, NULL) = 1 (in [5])
22282 09:59:02 read(5, "g", 16384)      = 1
22282 09:59:02 select(8, [3 5], [3], NULL, NULL) = 1 (out [3])
22282 09:59:02 write(3, "\315\324\267)e\0=\7\227]>\372\264+!\7\337\207\221\3653N\343\245\255\301!\334HD\10\215"..., 48) = 48
22282 09:59:02 select(8, [3 5], [], NULL, NULL) = 1 (in [3])
22282 09:59:02 read(3, "\226\345\353Pw'.J\263_\201\334./\313\4SIn\n\0Dr\246\332\333\35\213\245\245\234q"..., 8192) = 48
22282 09:59:02 select(8, [3 5], [6], NULL, NULL) = 1 (out [6])
22282 09:59:02 write(6, "gig\10\10", 5) = 5
22282 09:59:02 select(8, [3 5], [], NULL, NULL) = 1 (in [5])
22282 09:59:04 read(5, "\10", 16384)    = 1
22282 09:59:04 select(8, [3 5], [3], NULL, NULL) = 1 (out [3])
22282 09:59:04 write(3, "0=\246guP\32:\30d\361\225\32?\344y\361i\213K:/L\320\253X\205\230\272\357>7"..., 48) = 48
22282 09:59:04 select(8, [3 5], [], NULL, NULL) = 1 (in [3])
22282 09:59:04 read(3, "n\347!X\322\305\177e$lg\252U\363R#5\236\201\"\272\255\263o\377\231S\177\7\352\213\27"..., 8192) = 48
22282 09:59:04 select(8, [3 5], [6], NULL, NULL) = 1 (out [6])
22282 09:59:04 write(6, "\10\33[1Pig\10\10", 9) = 9
22282 09:59:04 select(8, [3 5], [], NULL, NULL) = 1 (in [5])
22282 09:59:05 read(5, "f", 16384)      = 1
22282 09:59:05 select(8, [3 5], [3], NULL, NULL) = 1 (out [3])
22282 09:59:05 write(3, "\217\24\f-3I\330\323c\22\256O\327!\272@Y0\10\217(\247.\37\357,Y\6\305\264\363K"..., 48) = 48
22282 09:59:05 select(8, [3 5], [], NULL, NULL) = 1 (in [3])
22282 09:59:05 read(3, "!\0179\232W\200\276\270\235\7\231]\230TG6\314\10\263\221{\362\215\246\200\373x\36\246\r\306\314"..., 8192) = 48
22282 09:59:05 select(8, [3 5], [6], NULL, NULL) = 1 (out [6])
22282 09:59:05 write(6, "fig\10\10", 5) = 5
22282 09:59:05 select(8, [3 5], [], NULL, NULL) = 1 (in [5])
22282 09:59:07 read(5, "\33[C", 16384)  = 3
22282 09:59:07 select(8, [3 5], [3], NULL, NULL) = 1 (out [3])
22282 09:59:07 write(3, "\0103L~\207\335\f\202TV\314v3]\300\23\375T\26@\213\354\240\361\350\20\3\345y\21\244\275"..., 48) = 48
22282 09:59:07 select(8, [3 5], [], NULL, NULL) = 1 (in [3])
22282 09:59:07 read(3, "Q\0351v\311'$\243\263\16\177OeOR7\323\25\214-\331I\20\200\204\356\216\360\377\362\3003"..., 8192) = 48
22282 09:59:07 select(8, [3 5], [6], NULL, NULL) = 1 (out [6])
22282 09:59:07 write(6, "\33[C", 3)     = 3
22282 09:59:07 select(8, [3 5], [], NULL, NULL) = 1 (in [5])
22282 09:59:07 read(5, "\33[C", 16384)  = 3
22282 09:59:07 select(8, [3 5], [3], NULL, NULL) = 1 (out [3])
22282 09:59:07 write(3, "\315\356Z\355\337\22\317O\217\221\0\265\363z]\237s\271\240\203M\213?[\242UV\35n)\3653"..., 48) = 48
22282 09:59:07 select(8, [3 5], [], NULL, NULL) = 1 (in [3])
22282 09:59:07 read(3, "H\330\374\247\307\277\316\3`\342\206\17\300\36\37p\36hx$\30FMy8!\333nB\363\323\t"..., 8192) = 48
22282 09:59:07 select(8, [3 5], [6], NULL, NULL) = 1 (out [6])
22282 09:59:07 write(6, "\33[C", 3)     = 3
22282 09:59:07 select(8, [3 5], [], NULL, NULL) = 1 (in [5])
22282 09:59:08 read(5, "\10", 16384)    = 1
22282 09:59:08 select(8, [3 5], [3], NULL, NULL) = 1 (out [3])
22282 09:59:08 write(3, "\274\336\371\355\271\341\357\265\367\221\\\347\337\371\340w_X\336\\+\35\267?N\304^\307@\274u\267"..., 48) = 48
22282 09:59:08 select(8, [3 5], [], NULL, NULL) = 1 (in [3])
22282 09:59:08 read(3, "\246 \232\ryH\20 \304\30-T\2364p\21\373\261\210U\200`\3405N\177\230\22Ef\310\335"..., 8192) = 48
22282 09:59:08 select(8, [3 5], [6], NULL, NULL) = 1 (out [6])
22282 09:59:08 write(6, "\10\33[K", 4)  = 4
22282 09:59:08 select(8, [3 5], [], NULL, NULL) = 1 (in [5])
22282 09:59:09 read(5, "y", 16384)      = 1
22282 09:59:09 select(8, [3 5], [3], NULL, NULL) = 1 (out [3])
22282 09:59:09 write(3, "\314\320\0205\227y\36I\nSD9)\260;8\341e\271\320:\351@\315\326\370wp\t<\220`"..., 48) = 48
22282 09:59:09 select(8, [3 5], [], NULL, NULL) = 1 (in [3])
22282 09:59:09 read(3, "\363\2751\335\236\377\257V\353\232\20\323\271\v\5v\230\223\310\332w\305T\3606\377\32\315\204T\271\333"..., 8192) = 48
22282 09:59:09 select(8, [3 5], [6], NULL, NULL) = 1 (out [6])
22282 09:59:09 write(6, "y", 1)         = 1
22282 09:59:09 select(8, [3 5], [], NULL, NULL) = 1 (in [5])
22282 09:59:09 read(5, "\10", 16384)    = 1
22282 09:59:09 select(8, [3 5], [3], NULL, NULL) = 1 (out [3])
22282 09:59:09 write(3, "\275\223\220\205\7g\20\300Ra\265/\16\225:\353H\306T\331\204\357+\216\27\256\16\253?\f(\243"..., 48) = 48
22282 09:59:09 select(8, [3 5], [], NULL, NULL) = 1 (in [3])
22282 09:59:09 read(3, "\376NG\16\231\356\346|\3714@\32\356w\3657\370}\360\335\10\226\352\321\235r\303\265\2078Iy"..., 8192) = 48
22282 09:59:09 select(8, [3 5], [6], NULL, NULL) = 1 (out [6])
22282 09:59:09 write(6, "\10\33[K", 4)  = 4
22282 09:59:09 select(8, [3 5], [], NULL, NULL) = 1 (in [5])
22282 09:59:11 read(5, "g", 16384)      = 1
22282 09:59:11 select(8, [3 5], [3], NULL, NULL) = 1 (out [3])
22282 09:59:11 write(3, "x\213\207ug\313\251g\352(\322\350!Y\361[\236\270\233\227\267\273\10<o\320\254e\4V.\24"..., 48) = 48
22282 09:59:11 select(8, [3 5], [], NULL, NULL) = 1 (in [3])
22282 09:59:11 read(3, "\351\26\322\331\241\362\27\260~9\222\247\230'SHN\266b\247\345n\227\244]\336>\325,3pl"..., 8192) = 48
22282 09:59:11 select(8, [3 5], [6], NULL, NULL) = 1 (out [6])
22282 09:59:11 write(6, "g", 1)         = 1
22282 09:59:11 select(8, [3 5], [], NULL, NULL) = 1 (in [5])
22282 09:59:12 read(5, "\r", 16384)     = 1
22282 09:59:12 select(8, [3 5], [3], NULL, NULL) = 1 (out [3])
22282 09:59:12 write(3, "\321\331\317\337\220\27\241\245\v\206\314\t$\255\262\0\33y\266h\27~\235\220\357g\360\202\332\276_b"..., 48) = 48
22282 09:59:12 select(8, [3 5], [], NULL, NULL) = 1 (in [3])
22282 09:59:12 read(3, "(\340\351\237^v\213\276\234X\322\202\220c\2000\33\323V\310\\|\335g\230\337\253\272fe\364\324"..., 8192) = 48
22282 09:59:12 select(8, [3 5], [6], NULL, NULL) = 1 (out [6])
22282 09:59:12 write(6, "\r\n", 2)      = 2
22282 09:59:12 select(8, [3 5], [], NULL, NULL) = 1 (in [3])
22282 09:59:12 read(3, "/\31l\245h,\21\231\237e\\@L+\214-n\23\33\214)\364\330x\370\332\337w\267\205\20\341"..., 8192) = 352
22282 09:59:12 select(8, [3 5], [6], NULL, NULL) = 2 (in [3], out [6])
22282 09:59:12 write(6, "eth0      Link encap:Ethernet  H"..., 245) = 245
22282 09:59:12 read(3, "\243\263\2l\fJ\265\365\243>\231\325\257\305\257\266\251\266\332\341\330\357\257\224\352S\334\313\242\231\32`"..., 8192) = 1008
22282 09:59:12 select(8, [3 5], [6], NULL, NULL) = 2 (in [3], out [6])
22282 09:59:12 write(6, "          TX packets:6 errors:0 "..., 720) = 720
22282 09:59:12 read(3, "\224\316\355\37S\330o\257\244\234\342\322\177\32\32\221)7\272\26\375\223\5\2676\240\333@\324\2709\327"..., 8192) = 1376
22282 09:59:12 select(8, [3 5], [6], NULL, NULL) = 2 (in [3], out [6])
22282 09:59:12 write(6, "          Interrupt:50 \r\n\r\neth2 "..., 978) = 978
22282 09:59:12 read(3, "\252\327\365\0\337#$\30\317S\360^\321\f[nI\16\346\206\216\1SX\350Q\2\25Z`\3\376"..., 8192) = 656
22282 09:59:12 select(8, [3 5], [6], NULL, NULL) = 1 (out [6])
22282 09:59:12 write(6, "lo        Link encap:Local Loopb"..., 444) = 444
22282 09:59:12 select(8, [3 5], [], NULL, NULL) = 1 (in [3])
22282 09:59:12 read(3, "l\367\270wu\242s\264\21qJ\17\301#\215(J<?p\351\302}\334\237\25\245\32\211\247C\365"..., 8192) = 112
22282 09:59:12 select(8, [3 5], [6], NULL, NULL) = 1 (out [6])
22282 09:59:12 write(6, "\33]0;root@PR-2-3:~\7", 18) = 18
22282 09:59:12 select(8, [3 5], [], NULL, NULL) = 1 (in [3])
22282 09:59:12 read(3, "\334a}\4up\333B\27j\312\27\256$\311\276\357$:d\323\26\331\372\365\246N\35'om\327"..., 8192) = 80
22282 09:59:12 select(8, [3 5], [6], NULL, NULL) = 1 (out [6])
22282 09:59:12 write(6, "(FUDE-0.4.2@x86_64)[root@PR-2-3 "..., 35) = 35
22282 09:59:12 select(8, [3 5], [], NULL, NULL) = 1 (in [5])
22282 09:59:15 read(5, "e", 16384)      = 1
22282 09:59:15 select(8, [3 5], [3], NULL, NULL) = 1 (out [3])
22282 09:59:15 write(3, "r\307Lr\312F\315\316\273\336\vtE-=}\342\332\230\24\0351\211\347\271\370}\20e\307\302y"..., 48) = 48
22282 09:59:15 select(8, [3 5], [], NULL, NULL) = 1 (in [3])
22282 09:59:15 read(3, "\"\177\240\274\240I\316\332F\2\217FTc\333r\275\343\231*\352\253\222\336G\307\301\2025\235\312\307"..., 8192) = 48
22282 09:59:15 select(8, [3 5], [6], NULL, NULL) = 1 (out [6])
22282 09:59:15 write(6, "e", 1)         = 1
22282 09:59:15 select(8, [3 5], [], NULL, NULL) = 1 (in [5])
22282 09:59:16 read(5, "x", 16384)      = 1
22282 09:59:16 select(8, [3 5], [3], NULL, NULL) = 1 (out [3])
22282 09:59:16 write(3, "P\207n\323\370\21y\\o\202u\30\34_\33\333\220\35F\350b\364_\314\v\v{\216\25!\350\n"..., 48) = 48
22282 09:59:16 select(8, [3 5], [], NULL, NULL) = 1 (in [3])
22282 09:59:16 read(3, "}\2372\205\t5\252\356;\tbJ\217dO\351\362\320S;\375\334\355\2(8\346\261\264\250\361\0"..., 8192) = 48
22282 09:59:16 select(8, [3 5], [6], NULL, NULL) = 1 (out [6])
22282 09:59:16 write(6, "x", 1)         = 1
22282 09:59:16 select(8, [3 5], [], NULL, NULL) = 1 (in [5])
22282 09:59:16 read(5, "i", 16384)      = 1
22282 09:59:16 select(8, [3 5], [3], NULL, NULL) = 1 (out [3])
22282 09:59:16 write(3, "\344}\332A\307\20\357\213\221\270\256=\0\276\260\0242|8\325UU\363[\3445\340\253\371*A\225"..., 48) = 48
22282 09:59:16 select(8, [3 5], [], NULL, NULL) = 1 (in [3])
22282 09:59:16 read(3, "e\336(Z\327\217\327\207\301\362!\205\2034\252\245\323\0\373U>ep\305\320:\342\366\3068\320\251"..., 8192) = 48
22282 09:59:16 select(8, [3 5], [6], NULL, NULL) = 1 (out [6])
22282 09:59:16 write(6, "i", 1)         = 1
22282 09:59:16 select(8, [3 5], [], NULL, NULL) = 1 (in [5])
22282 09:59:16 read(5, "t", 16384)      = 1
22282 09:59:16 select(8, [3 5], [3], NULL, NULL) = 1 (out [3])
22282 09:59:16 write(3, "S&\357(\35r\31og\24\t:\202\340H\203\t\220Ar<\36\214\2114Di\256\6\226\304\335"..., 48) = 48
22282 09:59:16 select(8, [3 5], [], NULL, NULL) = 1 (in [3])
22282 09:59:16 read(3, "M\1\271\245\0\22\372h\227?q@a\217\4]\31J\276\226\266\313y\"\r\344\7\275\23\360\213f"..., 8192) = 48
22282 09:59:16 select(8, [3 5], [6], NULL, NULL) = 1 (out [6])
22282 09:59:16 write(6, "t", 1)         = 1
22282 09:59:16 select(8, [3 5], [], NULL, NULL) = 1 (in [5])
22282 09:59:16 read(5, "\r", 16384)     = 1
22282 09:59:16 select(8, [3 5], [3], NULL, NULL) = 1 (out [3])
22282 09:59:16 write(3, "m\315\223\242$\236.l\303\3267\326B=\210Qs:(1x[\243m\360RE\342C\205^\34"..., 48) = 48
22282 09:59:16 select(8, [3 5], [], NULL, NULL) = 1 (in [3])
22282 09:59:16 read(3, "\265\303\204A\r\305\225{\224\302\"\201\367\33t\323\271x\264\255\3261\r\365@/m\244a\251&\274"..., 8192) = 48
22282 09:59:16 select(8, [3 5], [6], NULL, NULL) = 1 (out [6])
22282 09:59:16 write(6, "\r\n", 2)      = 2
22282 09:59:16 select(8, [3 5], [], NULL, NULL) = 1 (in [3])
22282 09:59:16 read(3, "\3129\315>\23`&\271\4\351P^\207&g@6\200\\o%K\20\330@\302\361\313(XE\251"..., 8192) = 48
22282 09:59:16 select(8, [3 5], [6], NULL, NULL) = 1 (out [6])
22282 09:59:16 write(6, "logout\r\n", 8) = 8
22282 09:59:16 select(8, [3 5], [], NULL, NULL) = 1 (in [3])
22282 09:59:16 read(3, "b^\244\300''e\n\271\341\204ry\242|\241N\35v\240a\264\203\335\230\315\252\336\30v\276\254"..., 8192) = 48
22282 09:59:16 select(8, [3 5], [6], NULL, NULL) = 1 (out [6])
22282 09:59:16 write(6, "\33[H\33[2J", 7) = 7
22282 09:59:16 select(8, [3 5], [], NULL, NULL) = 1 (in [3])
22282 09:59:16 read(3, "\357\245\206\327\376\16o\340\210\6R\34\366W51\236\t\276\16\202\233\35?\336\r\312\\c\20g\300"..., 8192) = 128
22282 09:59:16 close(6)                 = 0
22282 09:59:16 close(5)                 = 0
22282 09:59:16 ioctl(0, SNDCTL_TMR_STOP or TCSETSW, {B38400 opost isig icanon echo ...}) = 0
22282 09:59:16 close(7)                 = 0
22282 09:59:16 select(8, [3], [3], NULL, NULL) = 1 (out [3])
22282 09:59:16 write(3, "$\245\257\347\272\370\300\246MUH6qqJ\223\301Dh\247\5\247\366\340\37\335\364\2\340;\233\27", 32) = 32
22282 09:59:16 rt_sigaction(SIGWINCH, NULL, {0x7ffec36aec80, [], SA_RESTORER, 0x7ffec1209920}, 8) = 0
22282 09:59:16 rt_sigaction(SIGWINCH, {SIG_DFL, [], SA_RESTORER, 0x7ffec1209920}, NULL, 8) = 0
22282 09:59:16 write(3, "\21\332B\320@\214\202\22V\32\314\200\372\"\21'\271Yc,=\2124xq\263\260\343\367\371+\274"..., 64) = 64
22282 09:59:16 ioctl(0, SNDCTL_TMR_TIMEBASE or TCGETS, {B38400 opost isig icanon echo ...}) = 0
22282 09:59:16 ioctl(1, SNDCTL_TMR_TIMEBASE or TCGETS, {B38400 opost isig icanon echo ...}) = 0
22282 09:59:16 ioctl(2, SNDCTL_TMR_TIMEBASE or TCGETS, {B38400 opost isig icanon echo ...}) = 0
22282 09:59:16 write(2, "Connection to 192.167.2.3 closed"..., 35) = 35
22282 09:59:16 shutdown(3, 2 /* send and receive */) = 0
22282 09:59:16 close(3)                 = 0
22282 09:59:16 exit_group(0)            = ?
