22880 14:33:47 select(4, [3], NULL, NULL, NULL) = 1 (in [3])
22880 14:33:47 read(3, "\227,\313\370\"\1-`O\340S\266\316\260\231\311\214\247E\331$\377j\2\323\223\36n\v\215}\234"..., 8192) = 48
22880 14:33:47 write(3, "\355\6V\1)\6\360\270/G\246\7\271\235]\37\307\23\222\375\202_/\235\310\254\276\376we\210B"..., 64) = 64
22880 14:33:47 select(4, [3], NULL, NULL, NULL) = 1 (in [3])
22880 14:33:47 read(3, "\350\377'c \326\334\350/F\25\331\332{8w\301\36I\266\210\262A{\322\311&D\376\37;\227"..., 8192) = 80
22880 14:33:47 getpeername(3, {sa_family=AF_INET, sin_port=htons(22), sin_addr=inet_addr("192.167.2.3")}, [16]) = 0
22880 14:33:47 open("/etc/protocols", O_RDONLY|O_CLOEXEC) = 5
22880 14:33:47 fstat(5, {st_mode=S_IFREG|0644, st_size=6455, ...}) = 0
22880 14:33:47 mmap(NULL, 4096, PROT_READ|PROT_WRITE, MAP_PRIVATE|MAP_ANONYMOUS, -1, 0) = 0x7fe1db4a6000
22880 14:33:47 read(5, "# /etc/protocols:\n# $Id: protoco"..., 4096) = 4096
22880 14:33:47 close(5)                 = 0
22880 14:33:47 munmap(0x7fe1db4a6000, 4096) = 0
22880 14:33:47 getsockopt(3, SOL_IP, IP_OPTIONS, "", [0]) = 0
22880 14:33:47 socket(PF_FILE, SOCK_STREAM|SOCK_CLOEXEC|SOCK_NONBLOCK, 0) = 5
22880 14:33:47 connect(5, {sa_family=AF_FILE, path="/var/run/nscd/socket"}, 110) = -1 ENOENT (No such file or directory)
22880 14:33:47 close(5)                 = 0
22880 14:33:47 socket(PF_FILE, SOCK_STREAM|SOCK_CLOEXEC|SOCK_NONBLOCK, 0) = 5
22880 14:33:47 connect(5, {sa_family=AF_FILE, path="/var/run/nscd/socket"}, 110) = -1 ENOENT (No such file or directory)
22880 14:33:47 close(5)                 = 0
22880 14:33:47 open("/etc/resolv.conf", O_RDONLY) = 5
22880 14:33:47 fstat(5, {st_mode=S_IFREG|0644, st_size=228, ...}) = 0
22880 14:33:47 mmap(NULL, 4096, PROT_READ|PROT_WRITE, MAP_PRIVATE|MAP_ANONYMOUS, -1, 0) = 0x7fe1db4a6000
22880 14:33:47 read(5, "# Generated by NetworkManager\n\n\n"..., 4096) = 228
22880 14:33:47 read(5, "", 4096)        = 0
22880 14:33:47 close(5)                 = 0
22880 14:33:47 munmap(0x7fe1db4a6000, 4096) = 0
22880 14:33:47 uname({sys="Linux", node="zabbixserver-6-21", ...}) = 0
22880 14:33:47 open("/etc/host.conf", O_RDONLY) = 5
22880 14:33:47 fstat(5, {st_mode=S_IFREG|0644, st_size=9, ...}) = 0
22880 14:33:47 mmap(NULL, 4096, PROT_READ|PROT_WRITE, MAP_PRIVATE|MAP_ANONYMOUS, -1, 0) = 0x7fe1db4a6000
22880 14:33:47 read(5, "multi on\n", 4096) = 9
22880 14:33:47 read(5, "", 4096)        = 0
22880 14:33:47 close(5)                 = 0
22880 14:33:47 munmap(0x7fe1db4a6000, 4096) = 0
22880 14:33:47 futex(0x7fe1d9372384, FUTEX_WAKE_PRIVATE, 2147483647) = 0
22880 14:33:47 open("/etc/hosts", O_RDONLY|O_CLOEXEC) = 5
22880 14:33:47 fstat(5, {st_mode=S_IFREG|0644, st_size=217, ...}) = 0
22880 14:33:47 mmap(NULL, 4096, PROT_READ|PROT_WRITE, MAP_PRIVATE|MAP_ANONYMOUS, -1, 0) = 0x7fe1db4a6000
22880 14:33:47 read(5, "127.0.0.1   localhost localhost."..., 4096) = 217
22880 14:33:47 read(5, "", 4096)        = 0
22880 14:33:47 close(5)                 = 0
22880 14:33:47 munmap(0x7fe1db4a6000, 4096) = 0
22880 14:33:47 open("/opt/FUDE-1.0/fude/lib/libnss_dns.so.2", O_RDONLY) = -1 ENOENT (No such file or directory)
22880 14:33:47 open("/opt/FUDE-1.0/utils/lib/libnss_dns.so.2", O_RDONLY) = -1 ENOENT (No such file or directory)
22880 14:33:47 open("/opt/FUDE-1.0/log/lib/libnss_dns.so.2", O_RDONLY) = -1 ENOENT (No such file or directory)
22880 14:33:47 open("/opt/FUDE-1.0/netsnmp/lib/libnss_dns.so.2", O_RDONLY) = -1 ENOENT (No such file or directory)
22880 14:33:47 open("/opt/FUDE-1.0/python/lib/libnss_dns.so.2", O_RDONLY) = -1 ENOENT (No such file or directory)
22880 14:33:47 open("/opt/FUDE-1.0/boost/lib/libnss_dns.so.2", O_RDONLY) = -1 ENOENT (No such file or directory)
22880 14:33:47 open("/opt/FUDE-1.0/cppunit/lib/libnss_dns.so.2", O_RDONLY) = -1 ENOENT (No such file or directory)
22880 14:33:47 open("/opt/FUDE-1.0/TAO/ACE_wrappers/lib/libnss_dns.so.2", O_RDONLY) = -1 ENOENT (No such file or directory)
22880 14:33:47 open("tls/x86_64/libnss_dns.so.2", O_RDONLY) = -1 ENOENT (No such file or directory)
22880 14:33:47 open("tls/libnss_dns.so.2", O_RDONLY) = -1 ENOENT (No such file or directory)
22880 14:33:47 open("x86_64/libnss_dns.so.2", O_RDONLY) = -1 ENOENT (No such file or directory)
22880 14:33:47 open("libnss_dns.so.2", O_RDONLY) = -1 ENOENT (No such file or directory)
22880 14:33:47 open("/etc/ld.so.cache", O_RDONLY) = 5
22880 14:33:47 fstat(5, {st_mode=S_IFREG|0644, st_size=207633, ...}) = 0
22880 14:33:47 mmap(NULL, 207633, PROT_READ, MAP_PRIVATE, 5, 0) = 0x7fe1db474000
22880 14:33:47 close(5)                 = 0
22880 14:33:47 open("/lib64/libnss_dns.so.2", O_RDONLY) = 5
22880 14:33:47 read(5, "\177ELF\2\1\1\0\0\0\0\0\0\0\0\0\3\0>\0\1\0\0\0\0\20\0\0\0\0\0\0"..., 832) = 832
22880 14:33:47 fstat(5, {st_mode=S_IFREG|0755, st_size=27424, ...}) = 0
22880 14:33:47 mmap(NULL, 2117880, PROT_READ|PROT_EXEC, MAP_PRIVATE|MAP_DENYWRITE, 5, 0) = 0x7fe1d78d1000
22880 14:33:47 mprotect(0x7fe1d78d6000, 2093056, PROT_NONE) = 0
22880 14:33:47 mmap(0x7fe1d7ad5000, 8192, PROT_READ|PROT_WRITE, MAP_PRIVATE|MAP_FIXED|MAP_DENYWRITE, 5, 0x4000) = 0x7fe1d7ad5000
22880 14:33:47 close(5)                 = 0
22880 14:33:47 mprotect(0x7fe1d7ad5000, 4096, PROT_READ) = 0
22880 14:33:47 munmap(0x7fe1db474000, 207633) = 0
22880 14:33:47 futex(0x7fe1d89762e8, FUTEX_WAKE_PRIVATE, 2147483647) = 0
22880 14:33:47 futex(0x7fe1d8976270, FUTEX_WAKE_PRIVATE, 2147483647) = 0
22880 14:33:47 futex(0x7fe1d9ffefd0, FUTEX_WAKE_PRIVATE, 2147483647) = 0
22880 14:33:47 stat("/etc/gss/mech", 0x7fff5b752c80) = -1 ENOENT (No such file or directory)
22880 14:33:47 stat("/etc/gss/mech", 0x7fff5b752bd0) = -1 ENOENT (No such file or directory)
22880 14:33:47 futex(0x7fe1d9dbd200, FUTEX_WAKE_PRIVATE, 2147483647) = 0
22880 14:33:47 futex(0x7fe1d9dbd600, FUTEX_WAKE_PRIVATE, 2147483647) = 0
22880 14:33:47 stat("/etc/krb5.conf", {st_mode=S_IFREG|0644, st_size=449, ...}) = 0
22880 14:33:47 open("/etc/krb5.conf", O_RDONLY) = 5
22880 14:33:47 fcntl(5, F_SETFD, FD_CLOEXEC) = 0
22880 14:33:47 fstat(5, {st_mode=S_IFREG|0644, st_size=449, ...}) = 0
22880 14:33:47 mmap(NULL, 4096, PROT_READ|PROT_WRITE, MAP_PRIVATE|MAP_ANONYMOUS, -1, 0) = 0x7fe1db4a6000
22880 14:33:47 read(5, "[logging]\n default = FILE:/var/l"..., 4096) = 449
22880 14:33:47 read(5, "", 4096)        = 0
22880 14:33:47 close(5)                 = 0
22880 14:33:47 munmap(0x7fe1db4a6000, 4096) = 0
22880 14:33:47 open("/dev/urandom", O_RDONLY) = 5
22880 14:33:47 fcntl(5, F_SETFD, FD_CLOEXEC) = 0
22880 14:33:47 fstat(5, {st_mode=S_IFCHR|0666, st_rdev=makedev(1, 9), ...}) = 0
22880 14:33:47 read(5, "\1\326\203\260g\206\213uh<\327[\222\206)\220E\256M\371", 20) = 20
22880 14:33:47 close(5)                 = 0
22880 14:33:47 futex(0x7fe1d9ade2d0, FUTEX_WAKE_PRIVATE, 2147483647) = 0
22880 14:33:47 socket(PF_NETLINK, SOCK_RAW, 0) = 5
22880 14:33:47 bind(5, {sa_family=AF_NETLINK, pid=0, groups=00000000}, 12) = 0
22880 14:33:47 getsockname(5, {sa_family=AF_NETLINK, pid=22880, groups=00000000}, [12]) = 0
22880 14:33:47 sendto(5, "\24\0\0\0\26\0\1\3K\302\250Z\0\0\0\0\0\0\0\0", 20, 0, {sa_family=AF_NETLINK, pid=0, groups=00000000}, 12) = 20
22880 14:33:47 recvmsg(5, {msg_name(12)={sa_family=AF_NETLINK, pid=0, groups=00000000}, msg_iov(1)=[{"0\0\0\0\24\0\2\0K\302\250Z`Y\0\0\2\10\200\376\1\0\0\0\10\0\1\0\177\0\0\1"..., 4096}], msg_controllen=0, msg_flags=0}, 0) = 108
22880 14:33:47 recvmsg(5, {msg_name(12)={sa_family=AF_NETLINK, pid=0, groups=00000000}, msg_iov(1)=[{"@\0\0\0\24\0\2\0K\302\250Z`Y\0\0\n\200\200\376\1\0\0\0\24\0\1\0\0\0\0\0"..., 4096}], msg_controllen=0, msg_flags=0}, 0) = 128
22880 14:33:47 recvmsg(5, {msg_name(12)={sa_family=AF_NETLINK, pid=0, groups=00000000}, msg_iov(1)=[{"\24\0\0\0\3\0\2\0K\302\250Z`Y\0\0\0\0\0\0\1\0\0\0\24\0\1\0\0\0\0\0"..., 4096}], msg_controllen=0, msg_flags=0}, 0) = 20
22880 14:33:47 close(5)                 = 0
22880 14:33:47 open("/etc/hosts", O_RDONLY|O_CLOEXEC) = 5
22880 14:33:47 fstat(5, {st_mode=S_IFREG|0644, st_size=217, ...}) = 0
22880 14:33:47 mmap(NULL, 4096, PROT_READ|PROT_WRITE, MAP_PRIVATE|MAP_ANONYMOUS, -1, 0) = 0x7fe1db4a6000
22880 14:33:47 read(5, "127.0.0.1   localhost localhost."..., 4096) = 217
22880 14:33:47 read(5, "", 4096)        = 0
22880 14:33:47 close(5)                 = 0
22880 14:33:47 munmap(0x7fe1db4a6000, 4096) = 0
22880 14:33:47 stat("/etc/krb5.conf", {st_mode=S_IFREG|0644, st_size=449, ...}) = 0
22880 14:33:47 open("/etc/krb5.conf", O_RDONLY) = 5
22880 14:33:47 fcntl(5, F_SETFD, FD_CLOEXEC) = 0
22880 14:33:47 fstat(5, {st_mode=S_IFREG|0644, st_size=449, ...}) = 0
22880 14:33:47 mmap(NULL, 4096, PROT_READ|PROT_WRITE, MAP_PRIVATE|MAP_ANONYMOUS, -1, 0) = 0x7fe1db4a6000
22880 14:33:47 read(5, "[logging]\n default = FILE:/var/l"..., 4096) = 449
22880 14:33:47 read(5, "", 4096)        = 0
22880 14:33:47 close(5)                 = 0
22880 14:33:47 munmap(0x7fe1db4a6000, 4096) = 0
22880 14:33:47 open("/dev/urandom", O_RDONLY) = 5
22880 14:33:47 fcntl(5, F_SETFD, FD_CLOEXEC) = 0
22880 14:33:47 fstat(5, {st_mode=S_IFCHR|0666, st_rdev=makedev(1, 9), ...}) = 0
22880 14:33:47 read(5, "}\217Q~m;q\22.\27\372\3531\216\22\301\372ET\321", 20) = 20
22880 14:33:47 close(5)                 = 0
22880 14:33:47 socket(PF_NETLINK, SOCK_RAW, 0) = 5
22880 14:33:47 bind(5, {sa_family=AF_NETLINK, pid=0, groups=00000000}, 12) = 0
22880 14:33:47 getsockname(5, {sa_family=AF_NETLINK, pid=22880, groups=00000000}, [12]) = 0
22880 14:33:47 sendto(5, "\24\0\0\0\26\0\1\3K\302\250Z\0\0\0\0\0\0\0\0", 20, 0, {sa_family=AF_NETLINK, pid=0, groups=00000000}, 12) = 20
22880 14:33:47 recvmsg(5, {msg_name(12)={sa_family=AF_NETLINK, pid=0, groups=00000000}, msg_iov(1)=[{"0\0\0\0\24\0\2\0K\302\250Z`Y\0\0\2\10\200\376\1\0\0\0\10\0\1\0\177\0\0\1"..., 4096}], msg_controllen=0, msg_flags=0}, 0) = 108
22880 14:33:47 recvmsg(5, {msg_name(12)={sa_family=AF_NETLINK, pid=0, groups=00000000}, msg_iov(1)=[{"@\0\0\0\24\0\2\0K\302\250Z`Y\0\0\n\200\200\376\1\0\0\0\24\0\1\0\0\0\0\0"..., 4096}], msg_controllen=0, msg_flags=0}, 0) = 128
22880 14:33:47 recvmsg(5, {msg_name(12)={sa_family=AF_NETLINK, pid=0, groups=00000000}, msg_iov(1)=[{"\24\0\0\0\3\0\2\0K\302\250Z`Y\0\0\0\0\0\0\1\0\0\0\24\0\1\0\0\0\0\0"..., 4096}], msg_controllen=0, msg_flags=0}, 0) = 20
22880 14:33:47 close(5)                 = 0
22880 14:33:47 open("/etc/hosts", O_RDONLY|O_CLOEXEC) = 5
22880 14:33:47 fstat(5, {st_mode=S_IFREG|0644, st_size=217, ...}) = 0
22880 14:33:47 mmap(NULL, 4096, PROT_READ|PROT_WRITE, MAP_PRIVATE|MAP_ANONYMOUS, -1, 0) = 0x7fe1db4a6000
22880 14:33:47 read(5, "127.0.0.1   localhost localhost."..., 4096) = 217
22880 14:33:47 read(5, "", 4096)        = 0
22880 14:33:47 close(5)                 = 0
22880 14:33:47 munmap(0x7fe1db4a6000, 4096) = 0
22880 14:33:47 stat("/etc/krb5.conf", {st_mode=S_IFREG|0644, st_size=449, ...}) = 0
22880 14:33:47 open("/etc/krb5.conf", O_RDONLY) = 5
22880 14:33:47 fcntl(5, F_SETFD, FD_CLOEXEC) = 0
22880 14:33:47 fstat(5, {st_mode=S_IFREG|0644, st_size=449, ...}) = 0
22880 14:33:47 mmap(NULL, 4096, PROT_READ|PROT_WRITE, MAP_PRIVATE|MAP_ANONYMOUS, -1, 0) = 0x7fe1db4a6000
22880 14:33:47 read(5, "[logging]\n default = FILE:/var/l"..., 4096) = 449
22880 14:33:47 read(5, "", 4096)        = 0
22880 14:33:47 close(5)                 = 0
22880 14:33:47 munmap(0x7fe1db4a6000, 4096) = 0
22880 14:33:47 open("/dev/urandom", O_RDONLY) = 5
22880 14:33:47 fcntl(5, F_SETFD, FD_CLOEXEC) = 0
22880 14:33:47 fstat(5, {st_mode=S_IFCHR|0666, st_rdev=makedev(1, 9), ...}) = 0
22880 14:33:47 read(5, "\246\232\310\0372m\262sk\6\367\300\356\251\6h\230\344T\200", 20) = 20
22880 14:33:47 close(5)                 = 0
22880 14:33:47 socket(PF_NETLINK, SOCK_RAW, 0) = 5
22880 14:33:47 bind(5, {sa_family=AF_NETLINK, pid=0, groups=00000000}, 12) = 0
22880 14:33:47 getsockname(5, {sa_family=AF_NETLINK, pid=22880, groups=00000000}, [12]) = 0
22880 14:33:47 sendto(5, "\24\0\0\0\26\0\1\3K\302\250Z\0\0\0\0\0\0\0\0", 20, 0, {sa_family=AF_NETLINK, pid=0, groups=00000000}, 12) = 20
22880 14:33:47 recvmsg(5, {msg_name(12)={sa_family=AF_NETLINK, pid=0, groups=00000000}, msg_iov(1)=[{"0\0\0\0\24\0\2\0K\302\250Z`Y\0\0\2\10\200\376\1\0\0\0\10\0\1\0\177\0\0\1"..., 4096}], msg_controllen=0, msg_flags=0}, 0) = 108
22880 14:33:47 recvmsg(5, {msg_name(12)={sa_family=AF_NETLINK, pid=0, groups=00000000}, msg_iov(1)=[{"@\0\0\0\24\0\2\0K\302\250Z`Y\0\0\n\200\200\376\1\0\0\0\24\0\1\0\0\0\0\0"..., 4096}], msg_controllen=0, msg_flags=0}, 0) = 128
22880 14:33:47 recvmsg(5, {msg_name(12)={sa_family=AF_NETLINK, pid=0, groups=00000000}, msg_iov(1)=[{"\24\0\0\0\3\0\2\0K\302\250Z`Y\0\0\0\0\0\0\1\0\0\0\24\0\1\0\0\0\0\0"..., 4096}], msg_controllen=0, msg_flags=0}, 0) = 20
22880 14:33:47 close(5)                 = 0
22880 14:33:47 open("/etc/hosts", O_RDONLY|O_CLOEXEC) = 5
22880 14:33:47 fstat(5, {st_mode=S_IFREG|0644, st_size=217, ...}) = 0
22880 14:33:47 mmap(NULL, 4096, PROT_READ|PROT_WRITE, MAP_PRIVATE|MAP_ANONYMOUS, -1, 0) = 0x7fe1db4a6000
22880 14:33:47 read(5, "127.0.0.1   localhost localhost."..., 4096) = 217
22880 14:33:47 read(5, "", 4096)        = 0
22880 14:33:47 close(5)                 = 0
22880 14:33:47 munmap(0x7fe1db4a6000, 4096) = 0
22880 14:33:47 stat("/etc/krb5.conf", {st_mode=S_IFREG|0644, st_size=449, ...}) = 0
22880 14:33:47 open("/etc/krb5.conf", O_RDONLY) = 5
22880 14:33:47 fcntl(5, F_SETFD, FD_CLOEXEC) = 0
22880 14:33:47 fstat(5, {st_mode=S_IFREG|0644, st_size=449, ...}) = 0
22880 14:33:47 mmap(NULL, 4096, PROT_READ|PROT_WRITE, MAP_PRIVATE|MAP_ANONYMOUS, -1, 0) = 0x7fe1db4a6000
22880 14:33:47 read(5, "[logging]\n default = FILE:/var/l"..., 4096) = 449
22880 14:33:47 read(5, "", 4096)        = 0
22880 14:33:47 close(5)                 = 0
22880 14:33:47 munmap(0x7fe1db4a6000, 4096) = 0
22880 14:33:47 open("/dev/urandom", O_RDONLY) = 5
22880 14:33:47 fcntl(5, F_SETFD, FD_CLOEXEC) = 0
22880 14:33:47 fstat(5, {st_mode=S_IFCHR|0666, st_rdev=makedev(1, 9), ...}) = 0
22880 14:33:47 read(5, "\350\3115b'c\300\t x\271\307\203=\376\224\206\252\323\341", 20) = 20
22880 14:33:47 close(5)                 = 0
22880 14:33:47 socket(PF_NETLINK, SOCK_RAW, 0) = 5
22880 14:33:47 bind(5, {sa_family=AF_NETLINK, pid=0, groups=00000000}, 12) = 0
22880 14:33:47 getsockname(5, {sa_family=AF_NETLINK, pid=22880, groups=00000000}, [12]) = 0
22880 14:33:47 sendto(5, "\24\0\0\0\26\0\1\3K\302\250Z\0\0\0\0\0\0\0\0", 20, 0, {sa_family=AF_NETLINK, pid=0, groups=00000000}, 12) = 20
22880 14:33:47 recvmsg(5, {msg_name(12)={sa_family=AF_NETLINK, pid=0, groups=00000000}, msg_iov(1)=[{"0\0\0\0\24\0\2\0K\302\250Z`Y\0\0\2\10\200\376\1\0\0\0\10\0\1\0\177\0\0\1"..., 4096}], msg_controllen=0, msg_flags=0}, 0) = 108
22880 14:33:47 recvmsg(5, {msg_name(12)={sa_family=AF_NETLINK, pid=0, groups=00000000}, msg_iov(1)=[{"@\0\0\0\24\0\2\0K\302\250Z`Y\0\0\n\200\200\376\1\0\0\0\24\0\1\0\0\0\0\0"..., 4096}], msg_controllen=0, msg_flags=0}, 0) = 128
22880 14:33:47 recvmsg(5, {msg_name(12)={sa_family=AF_NETLINK, pid=0, groups=00000000}, msg_iov(1)=[{"\24\0\0\0\3\0\2\0K\302\250Z`Y\0\0\0\0\0\0\1\0\0\0\24\0\1\0\0\0\0\0"..., 4096}], msg_controllen=0, msg_flags=0}, 0) = 20
22880 14:33:47 close(5)                 = 0
22880 14:33:47 open("/etc/hosts", O_RDONLY|O_CLOEXEC) = 5
22880 14:33:47 fstat(5, {st_mode=S_IFREG|0644, st_size=217, ...}) = 0
22880 14:33:47 mmap(NULL, 4096, PROT_READ|PROT_WRITE, MAP_PRIVATE|MAP_ANONYMOUS, -1, 0) = 0x7fe1db4a6000
22880 14:33:47 read(5, "127.0.0.1   localhost localhost."..., 4096) = 217
22880 14:33:47 read(5, "", 4096)        = 0
22880 14:33:47 close(5)                 = 0
22880 14:33:47 munmap(0x7fe1db4a6000, 4096) = 0
22880 14:33:47 stat("/root/.ssh/identity", 0x7fff5b752b40) = -1 ENOENT (No such file or directory)
22880 14:33:47 stat("/root/.ssh/id_rsa", {st_mode=S_IFREG|0600, st_size=887, ...}) = 0
22880 14:33:47 open("/root/.ssh/id_rsa", O_RDONLY) = 5
22880 14:33:47 fstat(5, {st_mode=S_IFREG|0600, st_size=887, ...}) = 0
22880 14:33:47 getuid()                 = 0
22880 14:33:47 fcntl(5, F_GETFL)        = 0x8000 (flags O_RDONLY|O_LARGEFILE)
22880 14:33:47 fstat(5, {st_mode=S_IFREG|0600, st_size=887, ...}) = 0
22880 14:33:47 mmap(NULL, 4096, PROT_READ|PROT_WRITE, MAP_PRIVATE|MAP_ANONYMOUS, -1, 0) = 0x7fe1db4a6000
22880 14:33:47 lseek(5, 0, SEEK_CUR)    = 0
22880 14:33:47 read(5, "-----BEGIN RSA PRIVATE KEY-----\n"..., 4096) = 887
22880 14:33:47 close(5)                 = 0
22880 14:33:47 munmap(0x7fe1db4a6000, 4096) = 0
22880 14:33:47 write(3, "\177\376zX}\34`\327~\262O\234\242\375\37\300g>m\261\364\274ZsG9\32\254\263\372q\256"..., 384) = 384
22880 14:33:47 select(4, [3], NULL, NULL, NULL) = 1 (in [3])
22880 14:33:47 read(3, "?\331\377\7!\264>\305r(\367\363\317\345\27\263Y8\251Qp\222\7y\302\271\240O\177\270\266\24", 8192) = 32
22880 14:33:47 dup(0)                   = 5
22880 14:33:47 dup(1)                   = 6
22880 14:33:47 dup(2)                   = 7
22880 14:33:47 ioctl(5, SNDCTL_TMR_TIMEBASE or TCGETS, {B38400 opost isig icanon echo ...}) = 0
22880 14:33:47 ioctl(6, SNDCTL_TMR_TIMEBASE or TCGETS, {B38400 opost isig icanon echo ...}) = 0
22880 14:33:47 ioctl(7, SNDCTL_TMR_TIMEBASE or TCGETS, {B38400 opost isig icanon echo ...}) = 0
22880 14:33:47 fcntl(5, F_SETFD, FD_CLOEXEC) = 0
22880 14:33:47 fcntl(6, F_SETFD, FD_CLOEXEC) = 0
22880 14:33:47 fcntl(7, F_SETFD, FD_CLOEXEC) = 0
22880 14:33:47 ioctl(6, SNDCTL_TMR_TIMEBASE or TCGETS, {B38400 opost isig icanon echo ...}) = 0
22880 14:33:47 rt_sigaction(SIGHUP, NULL, {SIG_DFL, [], 0}, 8) = 0
22880 14:33:47 rt_sigaction(SIGHUP, {SIG_IGN, [], SA_RESTORER, 0x7fe1d9014920}, NULL, 8) = 0
22880 14:33:47 rt_sigaction(SIGHUP, NULL, {SIG_IGN, [], SA_RESTORER, 0x7fe1d9014920}, 8) = 0
22880 14:33:47 rt_sigaction(SIGHUP, {0x7fe1db4b95e0, [], SA_RESTORER, 0x7fe1d9014920}, NULL, 8) = 0
22880 14:33:47 rt_sigaction(SIGINT, NULL, {SIG_DFL, [], 0}, 8) = 0
22880 14:33:47 rt_sigaction(SIGINT, {SIG_IGN, [], SA_RESTORER, 0x7fe1d9014920}, NULL, 8) = 0
22880 14:33:47 rt_sigaction(SIGINT, NULL, {SIG_IGN, [], SA_RESTORER, 0x7fe1d9014920}, 8) = 0
22880 14:33:47 rt_sigaction(SIGINT, {0x7fe1db4b95e0, [], SA_RESTORER, 0x7fe1d9014920}, NULL, 8) = 0
22880 14:33:47 rt_sigaction(SIGQUIT, NULL, {SIG_DFL, [], 0}, 8) = 0
22880 14:33:47 rt_sigaction(SIGQUIT, {SIG_IGN, [], SA_RESTORER, 0x7fe1d9014920}, NULL, 8) = 0
22880 14:33:47 rt_sigaction(SIGQUIT, NULL, {SIG_IGN, [], SA_RESTORER, 0x7fe1d9014920}, 8) = 0
22880 14:33:47 rt_sigaction(SIGQUIT, {0x7fe1db4b95e0, [], SA_RESTORER, 0x7fe1d9014920}, NULL, 8) = 0
22880 14:33:47 rt_sigaction(SIGTERM, NULL, {SIG_DFL, [], 0}, 8) = 0
22880 14:33:47 rt_sigaction(SIGTERM, {SIG_IGN, [], SA_RESTORER, 0x7fe1d9014920}, NULL, 8) = 0
22880 14:33:47 rt_sigaction(SIGTERM, NULL, {SIG_IGN, [], SA_RESTORER, 0x7fe1d9014920}, 8) = 0
22880 14:33:47 rt_sigaction(SIGTERM, {0x7fe1db4b95e0, [], SA_RESTORER, 0x7fe1d9014920}, NULL, 8) = 0
22880 14:33:47 rt_sigaction(SIGWINCH, NULL, {SIG_DFL, [], 0}, 8) = 0
22880 14:33:47 rt_sigaction(SIGWINCH, {0x7fe1db4b9c80, [], SA_RESTORER, 0x7fe1d9014920}, NULL, 8) = 0
22880 14:33:47 ioctl(0, SNDCTL_TMR_TIMEBASE or TCGETS, {B38400 opost isig icanon echo ...}) = 0
22880 14:33:47 ioctl(0, SNDCTL_TMR_STOP or TCSETSW, {B38400 -opost -isig -icanon -echo ...}) = 0
22880 14:33:47 select(8, [3], [3], NULL, NULL) = 1 (out [3])
22880 14:33:47 write(3, "\237\21ue\275\200\254\334\316\251s\304\350\351\227BQ*\320\235\267r\353\212v\331\33248\337Z\325"..., 64) = 64
22880 14:33:47 select(8, [3], [], NULL, NULL) = 1 (in [3])
22880 14:33:47 read(3, "\267\266\271\243\355\216c\251\"\272\363ZO\3419\20\342$<u\207$\333\350\304\264>\347\343x\356="..., 8192) = 48
22880 14:33:47 ioctl(0, TIOCGWINSZ, {ws_row=46, ws_col=98, ws_xpixel=0, ws_ypixel=0}) = 0
22880 14:33:47 getsockopt(3, SOL_TCP, TCP_NODELAY, [-7638819062167896064], [4]) = 0
22880 14:33:47 setsockopt(3, SOL_TCP, TCP_NODELAY, [1], 4) = 0
22880 14:33:47 getsockname(3, {sa_family=AF_INET, sin_port=htons(59823), sin_addr=inet_addr("192.168.6.21")}, [16]) = 0
22880 14:33:47 setsockopt(3, SOL_IP, IP_TOS, [16], 4) = 0
22880 14:33:47 select(8, [3], [3], NULL, NULL) = 1 (out [3])
22880 14:33:47 write(3, "\16\275\357\347U\253\217\323\224\305'\7\231X\225zPB\24\377\322\270/:\271h\375\262Y;6\267"..., 448) = 448
22880 14:33:47 select(8, [3], [], NULL, NULL) = 1 (in [3])
22880 14:33:47 read(3, "M\342\236\303,3W\23s4R{B\2139\270\4\305\"\24\366E\373\325\232\4\375\202\263>ug"..., 8192) = 112
22880 14:33:47 select(8, [3 5], [], NULL, NULL) = 1 (in [3])
22880 14:33:47 read(3, "%\341\320:%\266m,\245\\`\34VZ_\270\244\310\256\277\220c\345h\212\304\355\31l\227i\212"..., 8192) = 96
22880 14:33:47 select(8, [3 5], [6], NULL, NULL) = 1 (out [6])
22880 14:33:47 write(6, "Last login: Wed Mar 14 10:41:02 "..., 57) = 57
22880 14:33:47 select(8, [3 5], [], NULL, NULL) = 1 (in [3])
22880 14:33:47 read(3, "Tzjo\f\366\271\16\271C9\272\270\365\237\227\3501\333I\365\21\220\360#\276\260\332\256g\261\3"..., 8192) = 64
22880 14:33:47 select(8, [3 5], [6], NULL, NULL) = 1 (out [6])
22880 14:33:47 write(6, "\33]0;root@PR-2-3:~\7", 18) = 18
22880 14:33:47 select(8, [3 5], [], NULL, NULL) = 1 (in [3])
22880 14:33:47 read(3, "0\17\374<y\267\300\275y\16j\4\37\267a)\4\7\244\325b\206`%\244L\20\353b,l\314"..., 8192) = 80
22880 14:33:47 select(8, [3 5], [6], NULL, NULL) = 1 (out [6])
22880 14:33:47 write(6, "(FUDE-0.4.2@x86_64)[root@PR-2-3 "..., 35) = 35
22880 14:33:47 select(8, [3 5], [], NULL, NULL) = 1 (in [5])
22880 14:34:00 read(5, "v", 16384)      = 1
22880 14:34:00 select(8, [3 5], [3], NULL, NULL) = 1 (out [3])
22880 14:34:00 write(3, "Ko?\374\211\377.\202l\35\22<K:\267\341\2;\330\211\361\373C\330X\35\361\261p\361\364\0"..., 48) = 48
22880 14:34:00 select(8, [3 5], [], NULL, NULL) = 1 (in [3])
22880 14:34:00 read(3, "C6\242\230 Kp\f&\34Z\276ur\271\257\255\362 9\204\206HE\34\3356\266\315K@y"..., 8192) = 48
22880 14:34:00 select(8, [3 5], [6], NULL, NULL) = 1 (out [6])
22880 14:34:00 write(6, "v", 1)         = 1
22880 14:34:00 select(8, [3 5], [], NULL, NULL) = 1 (in [5])
22880 14:34:00 read(5, "i", 16384)      = 1
22880 14:34:00 select(8, [3 5], [3], NULL, NULL) = 1 (out [3])
22880 14:34:00 write(3, "\"\360\321\235\v\31\314O\311H{2\n\327j\262\374OqF\240\241\253\324\217\320\263\224\274\201\353w"..., 48) = 48
22880 14:34:00 select(8, [3 5], [], NULL, NULL) = 1 (in [3])
22880 14:34:00 read(3, "\5h\262\314E\267\272\270\301\\k\223\200\1'\341\305\343\325#\266\37\34\367]e\336\244=\232\v~"..., 8192) = 48
22880 14:34:00 select(8, [3 5], [6], NULL, NULL) = 1 (out [6])
22880 14:34:00 write(6, "i", 1)         = 1
22880 14:34:00 select(8, [3 5], [], NULL, NULL) = 1 (in [5])
22880 14:34:00 read(5, "i", 16384)      = 1
22880 14:34:00 select(8, [3 5], [3], NULL, NULL) = 1 (out [3])
22880 14:34:00 write(3, "\336Z\260\03607J\312\276<\200\342\35S\254\217L\323\247XKT\23<\2<\234|\337\2364f"..., 48) = 48
22880 14:34:00 select(8, [3 5], [], NULL, NULL) = 1 (in [3])
22880 14:34:00 read(3, "9f\fC\366\310\24\32L1\351M'\337\235o\365\2237\221\34CIiOl=\243k\335&E"..., 8192) = 48
22880 14:34:00 select(8, [3 5], [6], NULL, NULL) = 1 (out [6])
22880 14:34:00 write(6, "i", 1)         = 1
22880 14:34:00 select(8, [3 5], [], NULL, NULL) = 1 (in [5])
22880 14:34:00 read(5, "m", 16384)      = 1
22880 14:34:00 select(8, [3 5], [3], NULL, NULL) = 1 (out [3])
22880 14:34:00 write(3, "N\202\312\32z\0162\204\26|(z\306\234\251\31\356o\24ds\24\203\255T.\7\337\0169\347\t"..., 48) = 48
22880 14:34:00 select(8, [3 5], [], NULL, NULL) = 1 (in [3])
22880 14:34:00 read(3, "k\371\206c\5\31\213[#\5\306W\34\0274\177\23\214\26\256K\371\272\f\324J\240\275\320h}b"..., 8192) = 48
22880 14:34:00 select(8, [3 5], [6], NULL, NULL) = 1 (out [6])
22880 14:34:00 write(6, "m", 1)         = 1
22880 14:34:00 select(8, [3 5], [], NULL, NULL) = 1 (in [5])
22880 14:34:01 read(5, " ", 16384)      = 1
22880 14:34:01 select(8, [3 5], [3], NULL, NULL) = 1 (out [3])
22880 14:34:01 write(3, "\375\24\313\340?\345\30\341\365 o\340\307\216\377\233\225\203\220\300\337\3272\7\377q4\243\253q\370\247"..., 48) = 48
22880 14:34:01 select(8, [3 5], [], NULL, NULL) = 1 (in [3])
22880 14:34:01 read(3, "j+U\342l\2\361r\264\316g>\3Yq\16\345!;\6PAH\271f\345\3\204\252\377\247]"..., 8192) = 48
22880 14:34:01 select(8, [3 5], [6], NULL, NULL) = 1 (out [6])
22880 14:34:01 write(6, " ", 1)         = 1
22880 14:34:01 select(8, [3 5], [], NULL, NULL) = 1 (in [5])
22880 14:34:01 read(5, "1", 16384)      = 1
22880 14:34:01 select(8, [3 5], [3], NULL, NULL) = 1 (out [3])
22880 14:34:01 write(3, "\314c[t\362%\355Y\277S\264\313\355g\372\312\360L\23\222\31\22\221\213\330\262\324k-\26\366~"..., 48) = 48
22880 14:34:01 select(8, [3 5], [], NULL, NULL) = 1 (in [3])
22880 14:34:01 read(3, "\310\312\317q\2679n\34\232_HN\275e\256Q`\260lF(u\232.s\0275\352\253\262;G"..., 8192) = 48
22880 14:34:01 select(8, [3 5], [6], NULL, NULL) = 1 (out [6])
22880 14:34:01 write(6, "1", 1)         = 1
22880 14:34:01 select(8, [3 5], [], NULL, NULL) = 1 (in [5])
22880 14:34:01 read(5, "1", 16384)      = 1
22880 14:34:01 select(8, [3 5], [3], NULL, NULL) = 1 (out [3])
22880 14:34:01 write(3, "\33Xd+A<\25\263\327\216\1e\264\"\346\272[\3261&U\20\356\232\335\3\">\270\34\334\24"..., 48) = 48
22880 14:34:01 select(8, [3 5], [], NULL, NULL) = 1 (in [3])
22880 14:34:01 read(3, "\344\224\266\310\274\366RA\302q\210n\375E\35\262\333\351\242\267\357\200O0~N\322w\276\20*M"..., 8192) = 48
22880 14:34:01 select(8, [3 5], [6], NULL, NULL) = 1 (out [6])
22880 14:34:01 write(6, "1", 1)         = 1
22880 14:34:01 select(8, [3 5], [], NULL, NULL) = 1 (in [5])
22880 14:34:04 read(5, "\10", 16384)    = 1
22880 14:34:04 select(8, [3 5], [3], NULL, NULL) = 1 (out [3])
22880 14:34:04 write(3, "Q~A\21\23\225r\5p\233o_\232g\210?\305\360\205\7\320'f\16c\271I\340\321\244\30,"..., 48) = 48
22880 14:34:04 select(8, [3 5], [], NULL, NULL) = 1 (in [3])
22880 14:34:04 read(3, "\340\26518\253\205\333\226&\t\371\343\246\226\207\345\352C\336Ra\206V-\276\350\360'\364D\374\35"..., 8192) = 48
22880 14:34:04 select(8, [3 5], [6], NULL, NULL) = 1 (out [6])
22880 14:34:04 write(6, "\10\33[K", 4)  = 4
22880 14:34:04 select(8, [3 5], [], NULL, NULL) = 1 (in [5])
22880 14:34:05 read(5, "\10", 16384)    = 1
22880 14:34:05 select(8, [3 5], [3], NULL, NULL) = 1 (out [3])
22880 14:34:05 write(3, "\335\214\317=H\337\220N\275@N\26\301`K\261\302/&\36\366hY\273%\201I<\333\237&~"..., 48) = 48
22880 14:34:05 select(8, [3 5], [], NULL, NULL) = 1 (in [3])
22880 14:34:05 read(3, "vQ\311P`\302\6R\316%>\232\361\7m\367\276\337`\213\301s\4\372W2\256!\254\201\27\305"..., 8192) = 48
22880 14:34:05 select(8, [3 5], [6], NULL, NULL) = 1 (out [6])
22880 14:34:05 write(6, "\10\33[K", 4)  = 4
22880 14:34:05 select(8, [3 5], [], NULL, NULL) = 1 (in [5])
22880 14:34:05 read(5, "\10", 16384)    = 1
22880 14:34:05 select(8, [3 5], [3], NULL, NULL) = 1 (out [3])
22880 14:34:05 write(3, "\377\v<\362\35\271\26\0.\271mSCl\350J\fo\21\312y\2710-\274\325\275\r\375|T\226"..., 48) = 48
22880 14:34:05 select(8, [3 5], [], NULL, NULL) = 1 (in [3])
22880 14:34:05 read(3, "\243\336\6Kd\221\373W\331\367\23\226\220\202\254\356\375\315\327S\10L\331\307\355\350\362\230\301\334D\r"..., 8192) = 48
22880 14:34:05 select(8, [3 5], [6], NULL, NULL) = 1 (out [6])
22880 14:34:05 write(6, "\10\33[K", 4)  = 4
22880 14:34:05 select(8, [3 5], [], NULL, NULL) = 1 (in [5])
22880 14:34:05 read(5, "\10", 16384)    = 1
22880 14:34:05 select(8, [3 5], [3], NULL, NULL) = 1 (out [3])
22880 14:34:05 write(3, "\5\230X\n\272\312S\315u\336\35\226ND\302n\254\216Y\302\\\2048!>\34\20+;\315\277;"..., 48) = 48
22880 14:34:05 select(8, [3 5], [], NULL, NULL) = 1 (in [3])
22880 14:34:05 read(3, "3\3779\374'\207j\2332\217\226\365\266\253$h\24\225ic\372\234\350\16\264\346>_\30\21\321\347"..., 8192) = 48
22880 14:34:05 select(8, [3 5], [6], NULL, NULL) = 1 (out [6])
22880 14:34:05 write(6, "\10\33[K", 4)  = 4
22880 14:34:05 select(8, [3 5], [], NULL, NULL) = 1 (in [5])
22880 14:34:05 read(5, "\10", 16384)    = 1
22880 14:34:05 select(8, [3 5], [3], NULL, NULL) = 1 (out [3])
22880 14:34:05 write(3, "\7\220\3\244\307\21^\326\333\307\274&\302\221\215\6\263/\342s\247m'L\344\356\30\377C-\340s"..., 48) = 48
22880 14:34:05 select(8, [3 5], [], NULL, NULL) = 1 (in [3])
22880 14:34:05 read(3, "\356\357\"\0354\262 W\314\341\30W\7%\210,\355\351\200G\366\274\331\224\36i\36A\314\301\216j"..., 8192) = 48
22880 14:34:05 select(8, [3 5], [6], NULL, NULL) = 1 (out [6])
22880 14:34:05 write(6, "\10\33[K", 4)  = 4
22880 14:34:05 select(8, [3 5], [], NULL, NULL) = 1 (in [5])
22880 14:34:05 read(5, "\10", 16384)    = 1
22880 14:34:05 select(8, [3 5], [3], NULL, NULL) = 1 (out [3])
22880 14:34:05 write(3, "\no\31\243(K\"%\327\334\236\32\204Qr\317\34\234sWSS\3033\22!\356\301\257\317\220\250"..., 48) = 48
22880 14:34:05 select(8, [3 5], [], NULL, NULL) = 1 (in [3])
22880 14:34:05 read(3, "\32\340\354\254\31<2\357\350\273\272$y\350\224\334hH\24+\211\355+^\332\0275\3200\"\254\312"..., 8192) = 48
22880 14:34:05 select(8, [3 5], [6], NULL, NULL) = 1 (out [6])
22880 14:34:05 write(6, "\10\33[K", 4)  = 4
22880 14:34:05 select(8, [3 5], [], NULL, NULL) = 1 (in [5])
22880 14:34:06 read(5, "\10", 16384)    = 1
22880 14:34:06 select(8, [3 5], [3], NULL, NULL) = 1 (out [3])
22880 14:34:06 write(3, "\22u\333\v\326 \365\20\240<G\303\272\217\25~\363\374Qb\231\354\212:\21\332\357\341S\310\376\214"..., 48) = 48
22880 14:34:06 select(8, [3 5], [], NULL, NULL) = 1 (in [3])
22880 14:34:06 read(3, "K\24CU\200tvu\326r\303\2336\341N\256\315=\372\266:\\\315yiN\246\257\230\260p\23"..., 8192) = 48
22880 14:34:06 select(8, [3 5], [6], NULL, NULL) = 1 (out [6])
22880 14:34:06 write(6, "\10\33[K", 4)  = 4
22880 14:34:06 select(8, [3 5], [], NULL, NULL) = 1 (in [5])
22880 14:34:06 read(5, "v", 16384)      = 1
22880 14:34:06 select(8, [3 5], [3], NULL, NULL) = 1 (out [3])
22880 14:34:06 write(3, "\357\212\200\24\333\0\231G\302,\371\372,t\350\234\276\352\25E\212\250\317\241<f%\2706kj\245"..., 48) = 48
22880 14:34:06 select(8, [3 5], [], NULL, NULL) = 1 (in [3])
22880 14:34:06 read(3, "\323\23j\376\332\266Mc\213\3215Tz\201\215\0\323\360\344\341\232\327\30\255\233E\253\300\245\265\316\247"..., 8192) = 48
22880 14:34:06 select(8, [3 5], [6], NULL, NULL) = 1 (out [6])
22880 14:34:06 write(6, "v", 1)         = 1
22880 14:34:06 select(8, [3 5], [], NULL, NULL) = 1 (in [5])
22880 14:34:06 read(5, "i", 16384)      = 1
22880 14:34:06 select(8, [3 5], [3], NULL, NULL) = 1 (out [3])
22880 14:34:06 write(3, "oY\376\37\34\306\360\24\203\212\21\266j\345u\320\3125y\1\365[Jv\277\302\332l\200\340\303\\"..., 48) = 48
22880 14:34:06 select(8, [3 5], [], NULL, NULL) = 1 (in [3])
22880 14:34:06 read(3, "\343,\2608\372\336\241\221\213\213\2\332;9\347\30xr\34k}wC\365\317\205-\23\350\2-("..., 8192) = 48
22880 14:34:06 select(8, [3 5], [6], NULL, NULL) = 1 (out [6])
22880 14:34:06 write(6, "i", 1)         = 1
22880 14:34:06 select(8, [3 5], [], NULL, NULL) = 1 (in [5])
22880 14:34:06 read(5, "m", 16384)      = 1
22880 14:34:06 select(8, [3 5], [3], NULL, NULL) = 1 (out [3])
22880 14:34:06 write(3, "\r\1N\177\260h\"N\206\265\324\272\316\354\277\240\325[\305\22(\245\352\211\264^\304kn\267\236d"..., 48) = 48
22880 14:34:06 select(8, [3 5], [], NULL, NULL) = 1 (in [3])
22880 14:34:06 read(3, "\327N\31\206\373vjUQ\342\31\201\210p\347 \364\25I\264\374\266\7H\251\314\317M\242\321\327\261"..., 8192) = 48
22880 14:34:06 select(8, [3 5], [6], NULL, NULL) = 1 (out [6])
22880 14:34:06 write(6, "m", 1)         = 1
22880 14:34:06 select(8, [3 5], [], NULL, NULL) = 1 (in [5])
22880 14:34:06 read(5, " ", 16384)      = 1
22880 14:34:06 select(8, [3 5], [3], NULL, NULL) = 1 (out [3])
22880 14:34:06 write(3, "\335\217Q0\327\313\tef\243\210\262\206\372-G\317Nq\325O\271\222I\34\353)\375^f\224K"..., 48) = 48
22880 14:34:06 select(8, [3 5], [], NULL, NULL) = 1 (in [3])
22880 14:34:06 read(3, "{O\340w\333Z>M)\302\2602\352\302X\273\251JB\341`\305j\376\205\nP\352\376\305or"..., 8192) = 48
22880 14:34:06 select(8, [3 5], [6], NULL, NULL) = 1 (out [6])
22880 14:34:06 write(6, " ", 1)         = 1
22880 14:34:06 select(8, [3 5], [], NULL, NULL) = 1 (in [5])
22880 14:34:07 read(5, "6", 16384)      = 1
22880 14:34:07 select(8, [3 5], [3], NULL, NULL) = 1 (out [3])
22880 14:34:07 write(3, "[\nx2LQ\347\234\220\232\366\3618Gr\354\221\324\267i\0229\2\270-\346\240\241\364\327P\34"..., 48) = 48
22880 14:34:07 select(8, [3 5], [], NULL, NULL) = 1 (in [3])
22880 14:34:07 read(3, "\312\333\314DD=\267,\np\260/a\321x\370\233\325\f\303\263\37Y\352f){\260\256\333VC"..., 8192) = 48
22880 14:34:07 select(8, [3 5], [6], NULL, NULL) = 1 (out [6])
22880 14:34:07 write(6, "6", 1)         = 1
22880 14:34:07 select(8, [3 5], [], NULL, NULL) = 1 (in [5])
22880 14:34:08 read(5, "6", 16384)      = 1
22880 14:34:08 select(8, [3 5], [3], NULL, NULL) = 1 (out [3])
22880 14:34:08 write(3, "j=\367\235v\326\350\250\247\31\177 M\20\2049\232|H\33\247\336\354\276\331\312\256\265\nk$g"..., 48) = 48
22880 14:34:08 select(8, [3 5], [], NULL, NULL) = 1 (in [3])
22880 14:34:08 read(3, "\335\311\352x\224\210_\36\267\371\243\206ahH\201\331\177\274\314\317G\3212X\347B}\357RJ\223"..., 8192) = 48
22880 14:34:08 select(8, [3 5], [6], NULL, NULL) = 1 (out [6])
22880 14:34:08 write(6, "6", 1)         = 1
22880 14:34:08 select(8, [3 5], [], NULL, NULL) = 1 (in [5])
22880 14:34:08 read(5, "6", 16384)      = 1
22880 14:34:08 select(8, [3 5], [3], NULL, NULL) = 1 (out [3])
22880 14:34:08 write(3, "\312?E\34v8N\2039\370\323\261Q>h\33c<\256c\365M-\205\357\2669\17\354\225j\220"..., 48) = 48
22880 14:34:08 select(8, [3 5], [], NULL, NULL) = 1 (in [3])
22880 14:34:08 read(3, "\n\356`\301\325f_(]\3\377)\332?\255\241.\202*\33\262\313\274 \355\t4\326\260\32\32%"..., 8192) = 48
22880 14:34:08 select(8, [3 5], [6], NULL, NULL) = 1 (out [6])
22880 14:34:08 write(6, "6", 1)         = 1
22880 14:34:08 select(8, [3 5], [], NULL, NULL) = 1 (in [5])
22880 14:34:09 read(5, ".", 16384)      = 1
22880 14:34:09 select(8, [3 5], [3], NULL, NULL) = 1 (out [3])
22880 14:34:09 write(3, "h\314\211R\362\305I\v6Sb\355u\333\245\315\327\33\270G\316\34\311\372\210\3228~\215l\307E"..., 48) = 48
22880 14:34:09 select(8, [3 5], [], NULL, NULL) = 1 (in [3])
22880 14:34:09 read(3, "\210\267\323\221\376\300\3622+\305\2463\267\324\v\4\34}\311WH)\304\306\31&\347\272\20\2328\2"..., 8192) = 48
22880 14:34:09 select(8, [3 5], [6], NULL, NULL) = 1 (out [6])
22880 14:34:09 write(6, ".", 1)         = 1
22880 14:34:09 select(8, [3 5], [], NULL, NULL) = 1 (in [5])
22880 14:34:09 read(5, "t", 16384)      = 1
22880 14:34:09 select(8, [3 5], [3], NULL, NULL) = 1 (out [3])
22880 14:34:09 write(3, "z\27\6\"\177&\22\331>\315\353\364>\2012,u+\352\270\256>\265i,\240\256a\356\230J\261"..., 48) = 48
22880 14:34:09 select(8, [3 5], [], NULL, NULL) = 1 (in [3])
22880 14:34:09 read(3, "%Yn\224\360\361\4\352S\0\253\350\260\246\201\340\321?\316\215\256\0\262V\223o`\"\376v\266/"..., 8192) = 48
22880 14:34:09 select(8, [3 5], [6], NULL, NULL) = 1 (out [6])
22880 14:34:09 write(6, "t", 1)         = 1
22880 14:34:09 select(8, [3 5], [], NULL, NULL) = 1 (in [5])
22880 14:34:10 read(5, "x", 16384)      = 1
22880 14:34:10 select(8, [3 5], [3], NULL, NULL) = 1 (out [3])
22880 14:34:10 write(3, "=\303\255s)u.!m\207\373\305g75\270\\\n\37\22\213d\214\35\217\352\350`\252\16\275\237"..., 48) = 48
22880 14:34:10 select(8, [3 5], [], NULL, NULL) = 1 (in [3])
22880 14:34:10 read(3, "\v@\274\36\242\317\350?\201\333\260\2220E\21\251,\353\25\372A\364\345\257\214\3\224\320\232Z\334\225"..., 8192) = 48
22880 14:34:10 select(8, [3 5], [6], NULL, NULL) = 1 (out [6])
22880 14:34:10 write(6, "x", 1)         = 1
22880 14:34:10 select(8, [3 5], [], NULL, NULL) = 1 (in [5])
22880 14:34:10 read(5, "t", 16384)      = 1
22880 14:34:10 select(8, [3 5], [3], NULL, NULL) = 1 (out [3])
22880 14:34:10 write(3, "\375\346N\31G~\313>\16\202\347\302\254\36\362\265\200C*\344\247Wz|\251\342W\r\320\374/\22"..., 48) = 48
22880 14:34:10 select(8, [3 5], [], NULL, NULL) = 1 (in [3])
22880 14:34:10 read(3, "\271\211\212\261\305}\360\0s\337q\256\207~\22\354\4\20_\266\\{Y\33\2\353K\4\365/S\252"..., 8192) = 48
22880 14:34:10 select(8, [3 5], [6], NULL, NULL) = 1 (out [6])
22880 14:34:10 write(6, "t", 1)         = 1
22880 14:34:10 select(8, [3 5], [], NULL, NULL) = 1 (in [5])
22880 14:34:11 read(5, "\r", 16384)     = 1
22880 14:34:11 select(8, [3 5], [3], NULL, NULL) = 1 (out [3])
22880 14:34:11 write(3, "\310\360\3430 \306\241\253\341\271\335\3342\356Qs\375\313\334\7D\307r\332\5\201\4\31(\310np"..., 48) = 48
22880 14:34:11 select(8, [3 5], [], NULL, NULL) = 1 (in [3])
22880 14:34:11 read(3, "\227\256s\320i<\212b\f2\362\357\234\204\303a\17\233V\t\274\274%-\346\211\367\243e\240cJ"..., 8192) = 48
22880 14:34:11 select(8, [3 5], [6], NULL, NULL) = 1 (out [6])
22880 14:34:11 write(6, "\r\n", 2)      = 2
22880 14:34:11 select(8, [3 5], [], NULL, NULL) = 1 (in [3])
22880 14:34:12 read(3, "f\236X\352\276\352\212\262\216UR\21\207\343\354d\236&\204\271\375\226|\253(>\24\177\362\335\324\330"..., 8192) = 64
22880 14:34:12 select(8, [3 5], [6], NULL, NULL) = 1 (out [6])
22880 14:34:12 write(6, "\33[?1049h\33[?1h\33=", 15) = 15
22880 14:34:12 select(8, [3 5], [], NULL, NULL) = 1 (in [3])
22880 14:34:12 read(3, "\2155\246\34I\24m^?F\4\200\30f\255 \2674\341\371_\25\27D\374U\221\245DL\271P"..., 8192) = 112
22880 14:34:12 select(8, [3 5], [6], NULL, NULL) = 1 (out [6])
22880 14:34:12 write(6, "\33[1;46r\33[?12;25h\33[?12l\33[?25h\33[27"..., 76) = 76
22880 14:34:12 select(8, [3 5], [], NULL, NULL) = 1 (in [3])
22880 14:34:12 read(3, "\205\24\20,\202\321.\27\372#\306\343\302\1\227\217\3360P\272\275#\234\275\351 \0\375\350xl\265"..., 8192) = 48
22880 14:34:12 select(8, [3 5], [6], NULL, NULL) = 1 (out [6])
22880 14:34:12 write(6, "\33[>c", 4)    = 4
22880 14:34:12 select(8, [3 5], [], NULL, NULL) = 1 (in [3])
22880 14:34:12 read(3, "z\323\2~Od\370\nC\3346\203\305\1t\306\220\5\325\203B\200\267.\5~\325t\363C\347k"..., 8192) = 3544
22880 14:34:12 select(8, [3 5], [6], NULL, NULL) = 1 (out [6])
22880 14:34:12 write(6, "\33[2;1H\33[1m\33[34m~                "..., 2047) = 2047
22880 14:34:12 select(8, [3 5], [], NULL, NULL) = 1 (in [3])
22880 14:34:12 read(3, "If\222\220\343\352\31u\277A\331\214-\3008\330\\\315\243\307d\344\357\365\0I\365\274\3312\327\323"..., 8192) = 1256
22880 14:34:12 select(8, [3 5], [6], NULL, NULL) = 1 (out [6])
22880 14:34:12 write(6, "                                "..., 2615) = 2615
22880 14:34:12 select(8, [3 5], [], NULL, NULL) = 1 (in [5])
22880 14:34:12 read(5, "\33[>0;136;0c", 16384) = 11
22880 14:34:12 select(8, [3 5], [3], NULL, NULL) = 1 (out [3])
22880 14:34:12 write(3, "\354\343\245I\376\350\337C\235H*\240\367u\266\5\207Dje\272xk\242\327\361\267\326\217\222\332\367"..., 48) = 48
22880 14:34:12 select(8, [3 5], [], NULL, NULL) = 1 (in [5])
22880 14:34:12 read(5, "i", 16384)      = 1
22880 14:34:12 select(8, [3 5], [3], NULL, NULL) = 1 (out [3])
22880 14:34:12 write(3, "\273\30\225\260\355\362\37|O\31\321\206\26\21lr\337]\367/\301#q\376L\20y\374\\\240G\344"..., 48) = 48
22880 14:34:12 select(8, [3 5], [], NULL, NULL) = 1 (in [3])
22880 14:34:12 read(3, "X\2409\265\205\3208%\325n\351\211U\206\17W\255+\20\275\204\31\362\33m\223\224M\273\352@\341"..., 8192) = 160
22880 14:34:12 select(8, [3 5], [6], NULL, NULL) = 1 (out [6])
22880 14:34:12 write(6, "\33[?25l\33[46;1H\33[1m-- INSERT --\33[m"..., 80) = 80
22880 14:34:12 select(8, [3 5], [], NULL, NULL) = 1 (in [5])
22880 14:34:13 read(5, "1", 16384)      = 1
22880 14:34:13 select(8, [3 5], [3], NULL, NULL) = 1 (out [3])
22880 14:34:13 write(3, "b\210H\260\263\256\357U\251\276a\335\211;-v\355\16\335\243\302M\3102YX\0\304|\217\332\""..., 48) = 48
22880 14:34:13 select(8, [3 5], [], NULL, NULL) = 1 (in [3])
22880 14:34:13 read(3, "\344\313\257./\f\237$\250\0\327\266\367\356w\351?\264^\310l\221\306\225e\310\354@9x\311V"..., 8192) = 80
22880 14:34:13 select(8, [3 5], [6], NULL, NULL) = 1 (out [6])
22880 14:34:13 write(6, "\33[?25l1\33[46;81H1,2\33[1;2H\33[?12l\33["..., 36) = 36
22880 14:34:13 select(8, [3 5], [], NULL, NULL) = 1 (in [5])
22880 14:34:13 read(5, "1", 16384)      = 1
22880 14:34:13 select(8, [3 5], [3], NULL, NULL) = 1 (out [3])
22880 14:34:13 write(3, "}Z\327\320\252\267\263w\320\22o\310\271\377\4\273<J\231}e\331O\4A\322\312\377X_\177\332"..., 48) = 48
22880 14:34:13 select(8, [3 5], [], NULL, NULL) = 1 (in [3])
22880 14:34:13 read(3, "~\253\362S@rHTgR\204\334\277\271\210%p/Js\n-l}b\272\342L\214w\245\377"..., 8192) = 80
22880 14:34:13 select(8, [3 5], [6], NULL, NULL) = 1 (out [6])
22880 14:34:13 write(6, "\33[?25l1\33[46;83H3\33[1;3H\33[?12l\33[?2"..., 34) = 34
22880 14:34:13 select(8, [3 5], [], NULL, NULL) = 1 (in [5])
22880 14:34:13 read(5, "1", 16384)      = 1
22880 14:34:13 select(8, [3 5], [3], NULL, NULL) = 1 (out [3])
22880 14:34:13 write(3, "\364\235|z\316\\=\262\356\350_\375\33\314\215D\320\34\203\177<\265Q\3\211)\343\213\324\313f\204"..., 48) = 48
22880 14:34:13 select(8, [3 5], [], NULL, NULL) = 1 (in [3])
22880 14:34:13 read(3, "\271\265\246CBa\27\334\202U_\247\264m\200\206\v\247\21W\215\245\222\276~:\263\331\202\f\366y"..., 8192) = 80
22880 14:34:13 select(8, [3 5], [6], NULL, NULL) = 1 (out [6])
22880 14:34:13 write(6, "\33[?25l1\33[46;83H4\33[1;4H\33[?12l\33[?2"..., 34) = 34
22880 14:34:13 select(8, [3 5], [], NULL, NULL) = 1 (in [5])
22880 14:34:13 read(5, "1", 16384)      = 1
22880 14:34:13 select(8, [3 5], [3], NULL, NULL) = 1 (out [3])
22880 14:34:13 write(3, "\231\5\376\315\265\271~x\6\37\5O\311\326\21\273A?\361\274\310\312WM\366\3028\7\374G \n"..., 48) = 48
22880 14:34:13 select(8, [3 5], [], NULL, NULL) = 1 (in [3])
22880 14:34:13 read(3, "\260f\367\326\207\21[\301\267#8\257\25\250i^\362\371\346w\t\201C\24\267\332_\265\231\231^\316"..., 8192) = 80
22880 14:34:13 select(8, [3 5], [6], NULL, NULL) = 1 (out [6])
22880 14:34:13 write(6, "\33[?25l1\33[46;83H5\33[1;5H\33[?12l\33[?2"..., 34) = 34
22880 14:34:13 select(8, [3 5], [], NULL, NULL) = 1 (in [5])
22880 14:34:14 read(5, "\r", 16384)     = 1
22880 14:34:14 select(8, [3 5], [3], NULL, NULL) = 1 (out [3])
22880 14:34:14 write(3, "\230\266\322\357t\317\205\36\346\212\214\300\353F\25\261\223:oZ\342\203\333o\316\214\321\t1\302\264\2"..., 48) = 48
22880 14:34:14 select(8, [3 5], [], NULL, NULL) = 1 (in [3])
22880 14:34:14 read(3, "Vxt\210^\202\235\274>\225\275\314\372\214\17q\261_\267\303\202\27\2449\275\221\331\3249:\260\212"..., 8192) = 80
22880 14:34:14 select(8, [3 5], [6], NULL, NULL) = 1 (out [6])
22880 14:34:14 write(6, "\33[?25l\33[2;1H\33[K\33[46;81H2,1\33[2;1H"..., 44) = 44
22880 14:34:14 select(8, [3 5], [], NULL, NULL) = 1 (in [5])
22880 14:34:14 read(5, "2", 16384)      = 1
22880 14:34:14 select(8, [3 5], [3], NULL, NULL) = 1 (out [3])
22880 14:34:14 write(3, "\307N\337\1\"S\334\v\325p\327\201_\3212B\323p\206\376\365\4NT;\355|1\234X\334$"..., 48) = 48
22880 14:34:14 select(8, [3 5], [], NULL, NULL) = 1 (in [3])
22880 14:34:14 read(3, "3\266\257\364@i\333\346\301\351o\v\17z\216\232\200\241\2725\354@\251/e\277?\222\"F<j"..., 8192) = 80
22880 14:34:14 select(8, [3 5], [6], NULL, NULL) = 1 (out [6])
22880 14:34:14 write(6, "\33[?25l2\33[46;83H2\33[2;2H\33[?12l\33[?2"..., 34) = 34
22880 14:34:14 select(8, [3 5], [], NULL, NULL) = 1 (in [5])
22880 14:34:14 read(5, "2", 16384)      = 1
22880 14:34:14 select(8, [3 5], [3], NULL, NULL) = 1 (out [3])
22880 14:34:14 write(3, "\fp\250}\326\20H\312\233Q\211#\204?\200\6\317]>\341\220\301\331\260h\331\252\17\f\275?\363"..., 48) = 48
22880 14:34:14 select(8, [3 5], [], NULL, NULL) = 1 (in [3])
22880 14:34:14 read(3, "\376\347\221\302\317\3\24V6rI\34\321\243\372[\220\216\355\370\371\226\333\336\366\5G\371\351O[\300"..., 8192) = 80
22880 14:34:14 select(8, [3 5], [6], NULL, NULL) = 1 (out [6])
22880 14:34:14 write(6, "\33[?25l2\33[46;83H3\33[2;3H\33[?12l\33[?2"..., 34) = 34
22880 14:34:14 select(8, [3 5], [], NULL, NULL) = 1 (in [5])
22880 14:34:14 read(5, "2", 16384)      = 1
22880 14:34:14 select(8, [3 5], [3], NULL, NULL) = 1 (out [3])
22880 14:34:14 write(3, "\356\30u\r?`\346s\276u\306\233\v\30r\27\3659\321\320\215\331\20\227\316vV|^\210^\212"..., 48) = 48
22880 14:34:14 select(8, [3 5], [], NULL, NULL) = 1 (in [3])
22880 14:34:14 read(3, "nV\332\335(\236\306T\270~d\375\"\342dF\221g\223\350\6\336\364\204\0379\213\314\1m\241E"..., 8192) = 80
22880 14:34:14 select(8, [3 5], [6], NULL, NULL) = 1 (out [6])
22880 14:34:14 write(6, "\33[?25l2\33[46;83H4\33[2;4H\33[?12l\33[?2"..., 34) = 34
22880 14:34:14 select(8, [3 5], [], NULL, NULL) = 1 (in [5])
22880 14:34:15 read(5, "2", 16384)      = 1
22880 14:34:15 select(8, [3 5], [3], NULL, NULL) = 1 (out [3])
22880 14:34:15 write(3, "\r\363\22\376<2O\301\346,TtL\2567\353\302I\343\320\267\374:\363\204\350\0\357\240\270\254\343"..., 48) = 48
22880 14:34:15 select(8, [3 5], [], NULL, NULL) = 1 (in [3])
22880 14:34:15 read(3, "\306.\\S\253\271\5>t\245\\sd\265\230\204'Kq\246\343I<-x\327\352\216\324\0\34\207"..., 8192) = 80
22880 14:34:15 select(8, [3 5], [6], NULL, NULL) = 1 (out [6])
22880 14:34:15 write(6, "\33[?25l2\33[46;83H5\33[2;5H\33[?12l\33[?2"..., 34) = 34
22880 14:34:15 select(8, [3 5], [], NULL, NULL) = 1 (in [5])
22880 14:34:22 read(5, "\33", 16384)    = 1
22880 14:34:22 select(8, [3 5], [3], NULL, NULL) = 1 (out [3])
22880 14:34:22 write(3, "/)B\211\226\357\241(\34>t\332f'\211]\256\215 \27\203:\213\34\355\372\360\206\317\5^,"..., 48) = 48
22880 14:34:22 select(8, [3 5], [], NULL, NULL) = 1 (in [3])
22880 14:34:22 read(3, "''\306q\244\27/\225/\302\240.SM\221v\16B\277\367]\233\237\305\307J\350\304\331\374#7"..., 8192) = 64
22880 14:34:22 select(8, [3 5], [6], NULL, NULL) = 1 (out [6])
22880 14:34:22 write(6, "\33[46;1H\33[K\33[2;4H", 16) = 16
22880 14:34:22 select(8, [3 5], [], NULL, NULL) = 1 (in [3])
22880 14:34:23 read(3, "\221\300A\215\346\236x\270\206Pz\230\263&:x\271\177\264\251\257(\30\263\300m\375\363V\232S&"..., 8192) = 128
22880 14:34:23 select(8, [3 5], [6], NULL, NULL) = 1 (out [6])
22880 14:34:23 write(6, "\33[?25l\33[46;81H2,4\33[11CAll\33[2;4H\33"..., 43) = 43
22880 14:34:23 select(8, [3 5], [], NULL, NULL) = 1 (in [5])
22880 14:34:26 read(5, ":", 16384)      = 1
22880 14:34:26 select(8, [3 5], [3], NULL, NULL) = 1 (out [3])
22880 14:34:26 write(3, "\225\313\227U\275\223\5!\2\343\20\304\204Ue@ag}-O$\310\\\37c\f\255Y\237c\327"..., 48) = 48
22880 14:34:26 select(8, [3 5], [], NULL, NULL) = 1 (in [3])
22880 14:34:26 read(3, "\314\321t\367\267M\211K\207\277\251\357\266\220=a\207\20\340}Hg\215\205\223\32\341R\3436\206_"..., 8192) = 112
22880 14:34:26 select(8, [3 5], [6], NULL, NULL) = 1 (out [6])
22880 14:34:26 write(6, "\33[?25l\33[46;81H\33[K\33[46;1H:\33[?12l\33"..., 37) = 37
22880 14:34:26 select(8, [3 5], [], NULL, NULL) = 1 (in [5])
22880 14:34:28 read(5, "w", 16384)      = 1
22880 14:34:28 select(8, [3 5], [3], NULL, NULL) = 1 (out [3])
22880 14:34:28 write(3, "y\331-:5y\333j\343W\201g\266\375\346I\21G;\364\246\\p\246[\243\313\212\33\231\26\37"..., 48) = 48
22880 14:34:28 select(8, [3 5], [], NULL, NULL) = 1 (in [3])
22880 14:34:28 read(3, "\327\323\3632\256\255f\262\26\203\323\273\225Ul\310\340\335\232\243\0024\366%B\374\326\267\200\347~;"..., 8192) = 48
22880 14:34:28 select(8, [3 5], [6], NULL, NULL) = 1 (out [6])
22880 14:34:28 write(6, "w", 1)         = 1
22880 14:34:28 select(8, [3 5], [], NULL, NULL) = 1 (in [5])
22880 14:34:28 read(5, "q", 16384)      = 1
22880 14:34:28 select(8, [3 5], [3], NULL, NULL) = 1 (out [3])
22880 14:34:28 write(3, "Q\343U\31\354\357\277.\255X\234\2268\f_\217^\355\2Ns|\5\330\306\274\10\342y\264\203\23"..., 48) = 48
22880 14:34:28 select(8, [3 5], [], NULL, NULL) = 1 (in [3])
22880 14:34:28 read(3, "\3439\251\303ZQ\210\255\322P\217\333\257q\213GY\314B%\230/'\231\t\362w\340X!)d"..., 8192) = 48
22880 14:34:28 select(8, [3 5], [6], NULL, NULL) = 1 (out [6])
22880 14:34:28 write(6, "q", 1)         = 1
22880 14:34:28 select(8, [3 5], [], NULL, NULL) = 1 (in [5])
22880 14:34:31 read(5, "\r", 16384)     = 1
22880 14:34:31 select(8, [3 5], [3], NULL, NULL) = 1 (out [3])
22880 14:34:31 write(3, "\366.Y\305\341\6\270\224I\310\225;\315\267Z\235\341\17\3133'\314:\234\23\34\340;\231\2\226L"..., 48) = 48
22880 14:34:31 select(8, [3 5], [], NULL, NULL) = 1 (in [3])
22880 14:34:31 read(3, "8)\355\246\246@q\301\\\27\215:\333X\361\220\363t\36\351\311H\225\342b\34,\26\350\357o\336"..., 8192) = 64
22880 14:34:31 select(8, [3 5], [6], NULL, NULL) = 1 (out [6])
22880 14:34:31 write(6, "\r\33[?25l\"666.txt\"", 16) = 16
22880 14:34:31 select(8, [3 5], [], NULL, NULL) = 1 (in [3])
22880 14:34:31 read(3, "\352\207\313\270\351R\362\356\6^F\246b<\5\341\261U\250\343\20@\30\1\274\270\17\355\357\2\364\312"..., 8192) = 64
22880 14:34:31 select(8, [3 5], [6], NULL, NULL) = 1 (out [6])
22880 14:34:31 write(6, " [New] 2L, 10C written", 22) = 22
22880 14:34:31 select(8, [3 5], [], NULL, NULL) = 1 (in [3])
22880 14:34:31 read(3, "4\216\v;\363\360\34\36\333\332\213\376\25\332\243\300j\207o\240{\16\320\f\32\260*\4\266\3316\214"..., 8192) = 112
22880 14:34:31 select(8, [3 5], [6], NULL, NULL) = 1 (out [6])
22880 14:34:31 write(6, "\r\r\r\n\33[?1l\33>\33[?12l\33[?25h\33[?1049l", 31) = 31
22880 14:34:31 select(8, [3 5], [], NULL, NULL) = 1 (in [3])
22880 14:34:31 read(3, "\206\7\247 \305\202\354P$\24\236w\7!o\324gt4<\267\254\355[\237p\251\301\225]\32M"..., 8192) = 112
22880 14:34:31 select(8, [3 5], [6], NULL, NULL) = 1 (out [6])
22880 14:34:31 write(6, "\33]0;root@PR-2-3:~\7", 18) = 18
22880 14:34:31 select(8, [3 5], [], NULL, NULL) = 1 (in [3])
22880 14:34:31 read(3, "l\235T\3\322{x\330\26\301\1779\323\225\254V\237Ol\244\361pP<\3134\204\"\33Ib\10"..., 8192) = 80
22880 14:34:31 select(8, [3 5], [6], NULL, NULL) = 1 (out [6])
22880 14:34:31 write(6, "(FUDE-0.4.2@x86_64)[root@PR-2-3 "..., 35) = 35
22880 14:34:31 select(8, [3 5], [], NULL, NULL