22180 09:20:57 select(8, [3 5], [], NULL, NULL) = 1 (in [5])
22180 09:20:58 read(5, "i", 16384)      = 1
22180 09:20:58 select(8, [3 5], [3], NULL, NULL) = 1 (out [3])
22180 09:20:58 write(3, "7l\2\317\320Y\327e\355b\37n\234n\257\342g\f\231\224\257\25,\v3\213(\275\215e0\257"..., 48) = 48
22180 09:20:58 select(8, [3 5], [], NULL, NULL) = 1 (in [3])
22180 09:20:58 read(3, "\346\vO\300\277A[\342J#\265\3116g\233\f\317\201\336.%\301\265d:\353O\377\305tn9"..., 8192) = 48
22180 09:20:58 select(8, [3 5], [6], NULL, NULL) = 1 (out [6])
22180 09:20:58 write(6, "i", 1)         = 1
22180 09:20:58 select(8, [3 5], [], NULL, NULL) = 1 (in [5])
22180 09:20:59 read(5, "f", 16384)      = 1
22180 09:20:59 select(8, [3 5], [3], NULL, NULL) = 1 (out [3])
22180 09:20:59 write(3, "\t\241W8\306\314!u/\243\343+]9\332\245r\231\35\370X\303X\262^\0302\316\242M\0054"..., 48) = 48
22180 09:20:59 select(8, [3 5], [], NULL, NULL) = 1 (in [3])
22180 09:20:59 read(3, "'\5\25\37\246\220n\205%\34\236\315\f\241\334:\23\226\25\304\372a1\373\227\226\356f\254~ j"..., 8192) = 48
22180 09:20:59 select(8, [3 5], [6], NULL, NULL) = 1 (out [6])
22180 09:20:59 write(6, "f", 1)         = 1
22180 09:20:59 select(8, [3 5], [], NULL, NULL) = 1 (in [5])
22180 09:20:59 read(5, "c", 16384)      = 1
22180 09:20:59 select(8, [3 5], [3], NULL, NULL) = 1 (out [3])
22180 09:20:59 write(3, "M\34Nn\262\36\347M\372\253\357\212\0x\17<G<\303\t\331\336\20\250!\320\363\201\225\352\5\f"..., 48) = 48
22180 09:20:59 select(8, [3 5], [], NULL, NULL) = 1 (in [3])
22180 09:20:59 read(3, "\37\27\2242\303j\361\346m\373\21\237\215\370\270|\7\320\301\260mD\21r\356\2447\261\305\362\257."..., 8192) = 48
22180 09:20:59 select(8, [3 5], [6], NULL, NULL) = 1 (out [6])
22180 09:20:59 write(6, "c", 1)         = 1
22180 09:20:59 select(8, [3 5], [], NULL, NULL) = 1 (in [5])
22180 09:21:00 read(5, "o", 16384)      = 1
22180 09:21:00 select(8, [3 5], [3], NULL, NULL) = 1 (out [3])
22180 09:21:00 write(3, "\315\221\365)\312\201.Lzm\23\212de\246\n\314\21\237\203\246\307<v\217\373\231\360\363\37\213\36"..., 48) = 48
22180 09:21:00 select(8, [3 5], [], NULL, NULL) = 1 (in [3])
22180 09:21:00 read(3, "\1\250\234\204I\354\333<4\210\351+\346g\371\302\351f\341\341={E'\342\221\366\30m72\201"..., 8192) = 48
22180 09:21:00 select(8, [3 5], [6], NULL, NULL) = 1 (out [6])
22180 09:21:00 write(6, "o", 1)         = 1
22180 09:21:00 select(8, [3 5], [], NULL, NULL) = 1 (in [5])
22180 09:21:00 read(5, "n", 16384)      = 1
22180 09:21:00 select(8, [3 5], [3], NULL, NULL) = 1 (out [3])
22180 09:21:00 write(3, "+S\3265v\345\23e:f\307\334.\244\n\30336\260\fk\366H\241$#\343#\326\371\271-"..., 48) = 48
22180 09:21:00 select(8, [3 5], [], NULL, NULL) = 1 (in [3])
22180 09:21:00 read(3, "P\263\304@Z3KfY\354\236\245\2305\346\220\204\6\6`\265\323&\263\36\265\254\212\247#\"\260"..., 8192) = 48
22180 09:21:00 select(8, [3 5], [6], NULL, NULL) = 1 (out [6])
22180 09:21:00 write(6, "n", 1)         = 1
22180 09:21:00 select(8, [3 5], [], NULL, NULL) = 1 (in [5])
22180 09:21:01 read(5, "f", 16384)      = 1
22180 09:21:01 select(8, [3 5], [3], NULL, NULL) = 1 (out [3])
22180 09:21:01 write(3, "\372\35:\221\275MM\270\301\17\217\366\256r\364p\302\327Y\257c\1\252\217\17\253 iw-\212\206"..., 48) = 48
22180 09:21:01 select(8, [3 5], [], NULL, NULL) = 1 (in [3])
22180 09:21:01 read(3, "\6\215\272i\375\214.\205\336R:\267\300\302\1\6\202?\301\5\305\20\0V0&s\201q\t'\3"..., 8192) = 48
22180 09:21:01 select(8, [3 5], [6], NULL, NULL) = 1 (out [6])
22180 09:21:01 write(6, "f", 1)         = 1
22180 09:21:01 select(8, [3 5], [], NULL, NULL) = 1 (in [5])
22180 09:21:01 read(5, "i", 16384)      = 1
22180 09:21:01 select(8, [3 5], [3], NULL, NULL) = 1 (out [3])
22180 09:21:01 write(3, "\224C\212\22~\351\321\360~\200\210\341\227\241\316\377\312i\333`\340\22h\303U\254\375\275}h2\323"..., 48) = 48
22180 09:21:01 select(8, [3 5], [], NULL, NULL) = 1 (in [3])
22180 09:21:01 read(3, "\274\23\357v\0\225\264\200\314|d#6\243\240\233?1\";\250\357\311\233J\245\35o\314`\35h"..., 8192) = 48
22180 09:21:01 select(8, [3 5], [6], NULL, NULL) = 1 (out [6])
22180 09:21:01 write(6, "i", 1)         = 1
22180 09:21:01 select(8, [3 5], [], NULL, NULL) = 1 (in [5])
22180 09:21:01 read(5, "g", 16384)      = 1
22180 09:21:01 select(8, [3 5], [3], NULL, NULL) = 1 (out [3])
22180 09:21:01 write(3, "3\233\343\34\367~\355\374\30\3131\2433\365\332\226\250'Go\rA\25l\\t<Mo'\362}"..., 48) = 48
22180 09:21:01 select(8, [3 5], [], NULL, NULL) = 1 (in [3])
22180 09:21:01 read(3, "\313\273{P\353\23]\350,w\344\230\355P\375\231\32\1[nt\22x\25\37\306\2\236\273;c%"..., 8192) = 48
22180 09:21:01 select(8, [3 5], [6], NULL, NULL) = 1 (out [6])
22180 09:21:01 write(6, "g", 1)         = 1
22180 09:21:01 select(8, [3 5], [], NULL, NULL) = 1 (in [5])
22180 09:21:02 read(5, "\r", 16384)     = 1
22180 09:21:02 select(8, [3 5], [3], NULL, NULL) = 1 (out [3])
22180 09:21:02 write(3, "\274)\6\303\4\323x\244\264\204+m\223\366\301}T[vW\310y^\231\24w?{\3019\301\237"..., 48) = 48
22180 09:21:02 select(8, [3 5], [], NULL, NULL) = 1 (in [3])
22180 09:21:02 read(3, "}L\341\2g\233M\26\321\211\334\313\204C\347\246S\25\f\235Y\326@Bo+\270\4\226\30\225*"..., 8192) = 48
22180 09:21:02 select(8, [3 5], [6], NULL, NULL) = 1 (out [6])
22180 09:21:02 write(6, "\r\n", 2)      = 2
22180 09:21:02 select(8, [3 5], [], NULL, NULL) = 1 (in [3])
22180 09:21:02 read(3, "V\0330\371\245\232\377\221\234\31\23\327\326=9\321\211\204\261\220|\21\3\231\266\330\37\0\372\241\302\221"..., 8192) = 784
22180 09:21:02 select(8, [3 5], [6], NULL, NULL) = 1 (out [6])
22180 09:21:02 write(6, "eth0      Link encap:Ethernet  H"..., 431) = 431
22180 09:21:02 select(8, [3 5], [], NULL, NULL) = 1 (in [3])
22180 09:21:02 read(3, "f\304#Oi\347Y\257\261\341\250\240)\225\200\355)\377\316\254\3\336?\6\274vW\316\265 yj"..., 8192) = 400
22180 09:21:02 select(8, [3 5], [6], NULL, NULL) = 2 (in [3], out [6])
22180 09:21:02 write(6, "eth1      Link encap:Ethernet  H"..., 258) = 258
22180 09:21:02 read(3, "L\f\234LZ\311wB\267\23\310\204\343\236\215\25\3058\274\34\370\177\246\213c\21\334o\24\367O\304"..., 8192) = 512
22180 09:21:02 select(8, [3 5], [6], NULL, NULL) = 2 (in [3], out [6])
22180 09:21:02 write(6, "          RX packets:6121002526 "..., 301) = 301
22180 09:21:02 read(3, "\341><\334GG\245\320\4\376\27K\220\361\367\23}\300?\261\206\206\353./o\213\351\274\373\377n"..., 8192) = 240
22180 09:21:02 select(8, [3 5], [6], NULL, NULL) = 2 (in [3], out [6])
22180 09:21:02 write(6, "\r\neth2      Link encap:Ethernet "..., 120) = 120
22180 09:21:02 read(3, "\212\366\244\267\r>.\261\224\226\244b4\334\352\311\234\307:\257\201\274e\335t\2048\343o\276\"X"..., 8192) = 672
22180 09:21:02 select(8, [3 5], [6], NULL, NULL) = 1 (out [6])
22180 09:21:02 write(6, "          UP BROADCAST RUNNING P"..., 385) = 385
22180 09:21:02 select(8, [3 5], [], NULL, NULL) = 1 (in [3])
22180 09:21:02 read(3, "\351Yo\340a\26\253V\275p\217\227\305f\32/\320\261\250vR\23\261\363\236!\35m\266/\363#"..., 8192) = 96
22180 09:21:02 select(8, [3 5], [6], NULL, NULL) = 2 (in [3], out [6])
22180 09:21:02 write(6, "eth3      Link encap:Ethernet  H"..., 59) = 59
22180 09:21:02 read(3, "\v@;\230\363\374\300\307qo(,\322\250\217\30\371\214\236\230\304NU\324\20\25bO\375L!S"..., 8192) = 416
22180 09:21:02 select(8, [3 5], [6], NULL, NULL) = 2 (in [3], out [6])
22180 09:21:02 write(6, "          inet6 addr: fe80::600:"..., 255) = 255
22180 09:21:02 read(3, ")\2767o\341G\177\362\336\350\256\364W`\231\331\372\341\313\257\307\232hk\37\224e\230t\25\310\347"..., 8192) = 304
22180 09:21:02 select(8, [3 5], [6], NULL, NULL) = 2 (in [3], out [6])
22180 09:21:02 write(6, "          collisions:0 txqueuele"..., 134) = 134
22180 09:21:02 read(3, "ps5L\31]\211\na\5O\2642\f$\272[T\16\236\6\215\244<j1FJ\314\321\7:"..., 8192) = 464
22180 09:21:02 select(8, [3 5], [6], NULL, NULL) = 2 (in [3], out [6])
22180 09:21:02 write(6, "lo        Link encap:Local Loopb"..., 252) = 252
22180 09:21:02 read(3, "\3\3703\376K\35\331\22\246\f\f\357C\2221,\314>NZ\245\3378\310\37\334\266\321Y\344\332\376"..., 8192) = 352
22180 09:21:02 select(8, [3 5], [6], NULL, NULL) = 1 (out [6])
22180 09:21:02 write(6, "          TX packets:23497363323"..., 192) = 192
22180 09:21:02 select(8, [3 5], [], NULL, NULL) = 1 (in [3])
22180 09:21:02 read(3, "\324\20\331\305&\276f\251WGd\346t\36\355\336\r\335i\265\10\237\306;\312\306!M7\250]\4"..., 8192) = 112
22180 09:21:02 select(8, [3 5], [6], NULL, NULL) = 1 (out [6])
22180 09:21:02 write(6, "\33]0;root@PR-2-3:~\7", 18) = 18
22180 09:21:02 select(8, [3 5], [], NULL, NULL) = 1 (in [3])
22180 09:21:02 read(3, "\27238\362q\212\252\271\336\213U\3476U\356\0\221\366h\263|\n\337\255\34O.~\244nL\231"..., 8192) = 80
22180 09:21:02 select(8, [3 5], [6], NULL, NULL) = 1 (out [6])
22180 09:21:02 write(6, "(FUDE-0.4.2@x86_64)[root@PR-2-3 "..., 35) = 35
22180 09:21:02 select(8, [3 5], [], NULL, NULL) = 1 (in [5])
22180 09:21:04 read(5, "e", 16384)      = 1
22180 09:21:04 select(8, [3 5], [3], NULL, NULL) = 1 (out [3])
22180 09:21:04 write(3, "\344\215\3604\377\375\v\375\352l#\317\367 \3\t\16\332\343\31id\327\0012\317\34\253V\20\334\325"..., 48) = 48
22180 09:21:04 select(8, [3 5], [], NULL, NULL) = 1 (in [3])
22180 09:21:04 read(3, "\354\273|\10\262\r\257z\252njXG\340\343\347@!\372\356\256`\346x\271\353\231\274N\225;\274"..., 8192) = 48
22180 09:21:04 select(8, [3 5], [6], NULL, NULL) = 1 (out [6])
22180 09:21:04 write(6, "e", 1)         = 1
22180 09:21:04 select(8, [3 5], [], NULL, NULL) = 1 (in [5])
22180 09:21:04 read(5, "x", 16384)      = 1
22180 09:21:04 select(8, [3 5], [3], NULL, NULL) = 1 (out [3])
22180 09:21:04 write(3, "&\304\320\23\337\267|( p\371.\263\vy\342`Nyz\367a\324S\375v\216\24_\0\3310"..., 48) = 48
22180 09:21:04 select(8, [3 5], [], NULL, NULL) = 1 (in [3])
22180 09:21:04 read(3, "\224\264C\204)\333\247q\227\343\210\235G&\367\266\223\262`\265&\306\335x\353\r<\n&+k\242"..., 8192) = 48
22180 09:21:04 select(8, [3 5], [6], NULL, NULL) = 1 (out [6])
22180 09:21:04 write(6, "x", 1)         = 1
22180 09:21:04 select(8, [3 5], [], NULL, NULL) = 1 (in [5])
22180 09:21:04 read(5, "i", 16384)      = 1
22180 09:21:04 select(8, [3 5], [3], NULL, NULL) = 1 (out [3])
22180 09:21:04 write(3, "#\f~\273B\347)9\364\2\f\261}__\24\366wn\216e\226\351\212\263\316\307\301N\331_\201"..., 48) = 48
22180 09:21:04 select(8, [3 5], [], NULL, NULL) = 1 (in [3])
22180 09:21:04 read(3, "\204\330\252\260\337B\3678\23\32\353\314\"&\355\2204\240e\233\2261kz\367\34\327\335\212\23\275\303"..., 8192) = 48
22180 09:21:04 select(8, [3 5], [6], NULL, NULL) = 1 (out [6])
22180 09:21:04 write(6, "i", 1)         = 1
22180 09:21:04 select(8, [3 5], [], NULL, NULL) = 1 (in [5])
22180 09:21:05 read(5, "t", 16384)      = 1
22180 09:21:05 select(8, [3 5], [3], NULL, NULL) = 1 (out [3])
22180 09:21:05 write(3, "\24\3754x\216\341\311q\275\377\245\316\273\256\273\253\211Z\335\326\354\"\265\331\366\267\216\210o\211#3"..., 48) = 48
22180 09:21:05 select(8, [3 5], [], NULL, NULL) = 1 (in [3])
22180 09:21:05 read(3, "\235k\237\365Y\377\34\225\226\367\335\230(\230\372k\224\3438;a\361\354-`'\345\3172\246\305<"..., 8192) = 48
22180 09:21:05 select(8, [3 5], [6], NULL, NULL) = 1 (out [6])
22180 09:21:05 write(6, "t", 1)         = 1
22180 09:21:05 select(8, [3 5], [], NULL, NULL) = 1 (in [5])
22180 09:21:05 read(5, "\r", 16384)     = 1
22180 09:21:05 select(8, [3 5], [3], NULL, NULL) = 1 (out [3])
22180 09:21:05 write(3, "6O\362\313@\300\370\222\235THa\375\363\300\365e\347\374\241l\237\33&,O\313W\317aJu"..., 48) = 48
22180 09:21:05 select(8, [3 5], [], NULL, NULL) = 1 (in [3])
22180 09:21:05 read(3, "\177\374\376fg\201\16\f\212jR\3zs\362\313\265\234\360\243`'\371\236\7\241q\37\331\350^H"..., 8192) = 96
22180 09:21:05 select(8, [3 5], [6], NULL, NULL) = 1 (out [6])
22180 09:21:05 write(6, "\r\nlogout\r\n", 10) = 10
22180 09:21:05 select(8, [3 5], [], NULL, NULL) = 1 (in [3])
22180 09:21:05 read(3, " \235\373 [Q>-,\321T\252\266\255g\27\333\300N1\226\31jEe\261\265\22[\22\324e"..., 8192) = 48
22180 09:21:05 select(8, [3 5], [6], NULL, NULL) = 1 (out [6])
22180 09:21:05 write(6, "\33[H\33[2J", 7) = 7
22180 09:21:05 select(8, [3 5], [], NULL, NULL) = 1 (in [3])
22180 09:21:05 read(3, "\332.\4\210\334\201]\247\205\3E\2739\7\327k\304\363\221\330\"\260\326C\364\332\214c.b\276a"..., 8192) = 128
22180 09:21:05 close(6)                 = 0
22180 09:21:05 close(5)                 = 0
22180 09:21:05 ioctl(0, SNDCTL_TMR_STOP or TCSETSW, {B38400 opost isig icanon echo ...}) = 0
22180 09:21:05 close(7)                 = 0
22180 09:21:05 select(8, [3], [3], NULL, NULL) = 1 (out [3])
22180 09:21:05 write(3, "\233\300o\266\371\37;\303\355\307\200\257\301\263\34\24@E\343\24\365\340\214uv\344`w\233#\335\32", 32) = 32
22180 09:21:05 rt_sigaction(SIGWINCH, NULL, {0x7f1615631c80, [], SA_RESTORER, 0x7f161318c920}, 8) = 0
22180 09:21:05 rt_sigaction(SIGWINCH, {SIG_DFL, [], SA_RESTORER, 0x7f161318c920}, NULL, 8) = 0
22180 09:21:05 write(3, "\"\337GN\2 \367\263t.r\333\200\362\212\35E\242'\363y\352\336\17+ln\272\241\352%\355"..., 64) = 64
22180 09:21:05 ioctl(0, SNDCTL_TMR_TIMEBASE or TCGETS, {B38400 opost isig icanon echo ...}) = 0
22180 09:21:05 ioctl(1, SNDCTL_TMR_TIMEBASE or TCGETS, {B38400 opost isig icanon echo ...}) = 0
22180 09:21:05 ioctl(2, SNDCTL_TMR_TIMEBASE or TCGETS, {B38400 opost isig icanon echo ...}) = 0
22180 09:21:05 write(2, "Connection to 192.167.2.3 closed"..., 35) = 35
22180 09:21:05 shutdown(3, 2 /* send and receive */) = 0
22180 09:21:05 close(3)                 = 0
22180 09:21:05 exit_group(0)            = ?
