10024 18:55:40 select(4, [3], NULL, NULL, NULL) = 1 (in [3])
10024 18:55:40 read(3, "N\375\351iO3}\303V-%\264R\216\365\7VO\207a\325\0\24\230\325G\10\376\333\352\356/"..., 8192) = 48
10024 18:55:40 write(3, "i\330\256\317D.;\364\206>qz\3079\327\36\17\323\0W\340\377\344l?\356;\32\325\2012B"..., 64) = 64
10024 18:55:40 select(4, [3], NULL, NULL, NULL) = 1 (in [3])
10024 18:55:40 read(3, "S\322\367#\211\354\217\351\351i\262\275gE\335\344@L\342\17z\320\315\247oTP\237\4%\232H"..., 8192) = 80
10024 18:55:40 getpeername(3, {sa_family=AF_INET, sin_port=htons(22), sin_addr=inet_addr("192.167.2.3")}, [16]) = 0
10024 18:55:40 open("/etc/protocols", O_RDONLY|O_CLOEXEC) = 5
10024 18:55:40 fstat(5, {st_mode=S_IFREG|0644, st_size=6455, ...}) = 0
10024 18:55:40 mmap(NULL, 4096, PROT_READ|PROT_WRITE, MAP_PRIVATE|MAP_ANONYMOUS, -1, 0) = 0x7fd358446000
10024 18:55:40 read(5, "# /etc/protocols:\n# $Id: protoco"..., 4096) = 4096
10024 18:55:40 close(5)                 = 0
10024 18:55:40 munmap(0x7fd358446000, 4096) = 0
10024 18:55:40 getsockopt(3, SOL_IP, IP_OPTIONS, "", [0]) = 0
10024 18:55:40 socket(PF_FILE, SOCK_STREAM|SOCK_CLOEXEC|SOCK_NONBLOCK, 0) = 5
10024 18:55:40 connect(5, {sa_family=AF_FILE, path="/var/run/nscd/socket"}, 110) = -1 ENOENT (No such file or directory)
10024 18:55:40 close(5)                 = 0
10024 18:55:40 socket(PF_FILE, SOCK_STREAM|SOCK_CLOEXEC|SOCK_NONBLOCK, 0) = 5
10024 18:55:40 connect(5, {sa_family=AF_FILE, path="/var/run/nscd/socket"}, 110) = -1 ENOENT (No such file or directory)
10024 18:55:40 close(5)                 = 0
10024 18:55:40 open("/etc/resolv.conf", O_RDONLY) = 5
10024 18:55:40 fstat(5, {st_mode=S_IFREG|0644, st_size=228, ...}) = 0
10024 18:55:40 mmap(NULL, 4096, PROT_READ|PROT_WRITE, MAP_PRIVATE|MAP_ANONYMOUS, -1, 0) = 0x7fd358446000
10024 18:55:40 read(5, "# Generated by NetworkManager\n\n\n"..., 4096) = 228
10024 18:55:40 read(5, "", 4096)        = 0
10024 18:55:40 close(5)                 = 0
10024 18:55:40 munmap(0x7fd358446000, 4096) = 0
10024 18:55:40 uname({sys="Linux", node="zabbixserver-6-21", ...}) = 0
10024 18:55:40 open("/etc/host.conf", O_RDONLY) = 5
10024 18:55:40 fstat(5, {st_mode=S_IFREG|0644, st_size=9, ...}) = 0
10024 18:55:40 mmap(NULL, 4096, PROT_READ|PROT_WRITE, MAP_PRIVATE|MAP_ANONYMOUS, -1, 0) = 0x7fd358446000
10024 18:55:40 read(5, "multi on\n", 4096) = 9
10024 18:55:40 read(5, "", 4096)        = 0
10024 18:55:40 close(5)                 = 0
10024 18:55:40 munmap(0x7fd358446000, 4096) = 0
10024 18:55:40 futex(0x7fd356312384, FUTEX_WAKE_PRIVATE, 2147483647) = 0
10024 18:55:40 open("/etc/hosts", O_RDONLY|O_CLOEXEC) = 5
10024 18:55:40 fstat(5, {st_mode=S_IFREG|0644, st_size=217, ...}) = 0
10024 18:55:40 mmap(NULL, 4096, PROT_READ|PROT_WRITE, MAP_PRIVATE|MAP_ANONYMOUS, -1, 0) = 0x7fd358446000
10024 18:55:40 read(5, "127.0.0.1   localhost localhost."..., 4096) = 217
10024 18:55:40 read(5, "", 4096)        = 0
10024 18:55:40 close(5)                 = 0
10024 18:55:40 munmap(0x7fd358446000, 4096) = 0
10024 18:55:40 open("/opt/FUDE-1.0/fude/lib/libnss_dns.so.2", O_RDONLY) = -1 ENOENT (No such file or directory)
10024 18:55:40 open("/opt/FUDE-1.0/utils/lib/libnss_dns.so.2", O_RDONLY) = -1 ENOENT (No such file or directory)
10024 18:55:40 open("/opt/FUDE-1.0/log/lib/libnss_dns.so.2", O_RDONLY) = -1 ENOENT (No such file or directory)
10024 18:55:40 open("/opt/FUDE-1.0/netsnmp/lib/libnss_dns.so.2", O_RDONLY) = -1 ENOENT (No such file or directory)
10024 18:55:40 open("/opt/FUDE-1.0/python/lib/libnss_dns.so.2", O_RDONLY) = -1 ENOENT (No such file or directory)
10024 18:55:40 open("/opt/FUDE-1.0/boost/lib/libnss_dns.so.2", O_RDONLY) = -1 ENOENT (No such file or directory)
10024 18:55:40 open("/opt/FUDE-1.0/cppunit/lib/libnss_dns.so.2", O_RDONLY) = -1 ENOENT (No such file or directory)
10024 18:55:40 open("/opt/FUDE-1.0/TAO/ACE_wrappers/lib/libnss_dns.so.2", O_RDONLY) = -1 ENOENT (No such file or directory)
10024 18:55:40 open("tls/x86_64/libnss_dns.so.2", O_RDONLY) = -1 ENOENT (No such file or directory)
10024 18:55:40 open("tls/libnss_dns.so.2", O_RDONLY) = -1 ENOENT (No such file or directory)
10024 18:55:40 open("x86_64/libnss_dns.so.2", O_RDONLY) = -1 ENOENT (No such file or directory)
10024 18:55:40 open("libnss_dns.so.2", O_RDONLY) = -1 ENOENT (No such file or directory)
10024 18:55:40 open("/etc/ld.so.cache", O_RDONLY) = 5
10024 18:55:40 fstat(5, {st_mode=S_IFREG|0644, st_size=207633, ...}) = 0
10024 18:55:40 mmap(NULL, 207633, PROT_READ, MAP_PRIVATE, 5, 0) = 0x7fd358414000
10024 18:55:40 close(5)                 = 0
10024 18:55:40 open("/lib64/libnss_dns.so.2", O_RDONLY) = 5
10024 18:55:40 read(5, "\177ELF\2\1\1\0\0\0\0\0\0\0\0\0\3\0>\0\1\0\0\0\0\20\0\0\0\0\0\0"..., 832) = 832
10024 18:55:40 fstat(5, {st_mode=S_IFREG|0755, st_size=27424, ...}) = 0
10024 18:55:40 mmap(NULL, 2117880, PROT_READ|PROT_EXEC, MAP_PRIVATE|MAP_DENYWRITE, 5, 0) = 0x7fd354871000
10024 18:55:40 mprotect(0x7fd354876000, 2093056, PROT_NONE) = 0
10024 18:55:40 mmap(0x7fd354a75000, 8192, PROT_READ|PROT_WRITE, MAP_PRIVATE|MAP_FIXED|MAP_DENYWRITE, 5, 0x4000) = 0x7fd354a75000
10024 18:55:40 close(5)                 = 0
10024 18:55:40 mprotect(0x7fd354a75000, 4096, PROT_READ) = 0
10024 18:55:40 munmap(0x7fd358414000, 207633) = 0
10024 18:55:40 futex(0x7fd3559162e8, FUTEX_WAKE_PRIVATE, 2147483647) = 0
10024 18:55:40 futex(0x7fd355916270, FUTEX_WAKE_PRIVATE, 2147483647) = 0
10024 18:55:40 futex(0x7fd356f9efd0, FUTEX_WAKE_PRIVATE, 2147483647) = 0
10024 18:55:40 stat("/etc/gss/mech", 0x7fff40c7d950) = -1 ENOENT (No such file or directory)
10024 18:55:40 stat("/etc/gss/mech", 0x7fff40c7d8a0) = -1 ENOENT (No such file or directory)
10024 18:55:40 futex(0x7fd356d5d200, FUTEX_WAKE_PRIVATE, 2147483647) = 0
10024 18:55:40 futex(0x7fd356d5d600, FUTEX_WAKE_PRIVATE, 2147483647) = 0
10024 18:55:40 stat("/etc/krb5.conf", {st_mode=S_IFREG|0644, st_size=449, ...}) = 0
10024 18:55:40 open("/etc/krb5.conf", O_RDONLY) = 5
10024 18:55:40 fcntl(5, F_SETFD, FD_CLOEXEC) = 0
10024 18:55:40 fstat(5, {st_mode=S_IFREG|0644, st_size=449, ...}) = 0
10024 18:55:40 mmap(NULL, 4096, PROT_READ|PROT_WRITE, MAP_PRIVATE|MAP_ANONYMOUS, -1, 0) = 0x7fd358446000
10024 18:55:40 read(5, "[logging]\n default = FILE:/var/l"..., 4096) = 449
10024 18:55:40 read(5, "", 4096)        = 0
10024 18:55:40 close(5)                 = 0
10024 18:55:40 munmap(0x7fd358446000, 4096) = 0
10024 18:55:40 open("/dev/urandom", O_RDONLY) = 5
10024 18:55:40 fcntl(5, F_SETFD, FD_CLOEXEC) = 0
10024 18:55:40 fstat(5, {st_mode=S_IFCHR|0666, st_rdev=makedev(1, 9), ...}) = 0
10024 18:55:40 read(5, "\322\333A\331\316\250\312\277\334\10\312\372\235{y\251I\24<\241", 20) = 20
10024 18:55:40 close(5)                 = 0
10024 18:55:40 futex(0x7fd356a7e2d0, FUTEX_WAKE_PRIVATE, 2147483647) = 0
10024 18:55:40 socket(PF_NETLINK, SOCK_RAW, 0) = 5
10024 18:55:40 bind(5, {sa_family=AF_NETLINK, pid=0, groups=00000000}, 12) = 0
10024 18:55:40 getsockname(5, {sa_family=AF_NETLINK, pid=10024, groups=00000000}, [12]) = 0
10024 18:55:40 sendto(5, "\24\0\0\0\26\0\1\3,\"\235Z\0\0\0\0\0\0\0\0", 20, 0, {sa_family=AF_NETLINK, pid=0, groups=00000000}, 12) = 20
10024 18:55:40 recvmsg(5, {msg_name(12)={sa_family=AF_NETLINK, pid=0, groups=00000000}, msg_iov(1)=[{"0\0\0\0\24\0\2\0,\"\235Z('\0\0\2\10\200\376\1\0\0\0\10\0\1\0\177\0\0\1"..., 4096}], msg_controllen=0, msg_flags=0}, 0) = 108
10024 18:55:40 recvmsg(5, {msg_name(12)={sa_family=AF_NETLINK, pid=0, groups=00000000}, msg_iov(1)=[{"@\0\0\0\24\0\2\0,\"\235Z('\0\0\n\200\200\376\1\0\0\0\24\0\1\0\0\0\0\0"..., 4096}], msg_controllen=0, msg_flags=0}, 0) = 128
10024 18:55:40 recvmsg(5, {msg_name(12)={sa_family=AF_NETLINK, pid=0, groups=00000000}, msg_iov(1)=[{"\24\0\0\0\3\0\2\0,\"\235Z('\0\0\0\0\0\0\1\0\0\0\24\0\1\0\0\0\0\0"..., 4096}], msg_controllen=0, msg_flags=0}, 0) = 20
10024 18:55:40 close(5)                 = 0
10024 18:55:40 open("/etc/hosts", O_RDONLY|O_CLOEXEC) = 5
10024 18:55:40 fstat(5, {st_mode=S_IFREG|0644, st_size=217, ...}) = 0
10024 18:55:40 mmap(NULL, 4096, PROT_READ|PROT_WRITE, MAP_PRIVATE|MAP_ANONYMOUS, -1, 0) = 0x7fd358446000
10024 18:55:40 read(5, "127.0.0.1   localhost localhost."..., 4096) = 217
10024 18:55:40 read(5, "", 4096)        = 0
10024 18:55:40 close(5)                 = 0
10024 18:55:40 munmap(0x7fd358446000, 4096) = 0
10024 18:55:40 stat("/etc/krb5.conf", {st_mode=S_IFREG|0644, st_size=449, ...}) = 0
10024 18:55:40 open("/etc/krb5.conf", O_RDONLY) = 5
10024 18:55:40 fcntl(5, F_SETFD, FD_CLOEXEC) = 0
10024 18:55:40 fstat(5, {st_mode=S_IFREG|0644, st_size=449, ...}) = 0
10024 18:55:40 mmap(NULL, 4096, PROT_READ|PROT_WRITE, MAP_PRIVATE|MAP_ANONYMOUS, -1, 0) = 0x7fd358446000
10024 18:55:40 read(5, "[logging]\n default = FILE:/var/l"..., 4096) = 449
10024 18:55:40 read(5, "", 4096)        = 0
10024 18:55:40 close(5)                 = 0
10024 18:55:40 munmap(0x7fd358446000, 4096) = 0
10024 18:55:40 open("/dev/urandom", O_RDONLY) = 5
10024 18:55:40 fcntl(5, F_SETFD, FD_CLOEXEC) = 0
10024 18:55:40 fstat(5, {st_mode=S_IFCHR|0666, st_rdev=makedev(1, 9), ...}) = 0
10024 18:55:40 read(5, "\23dSXf\251s\204;\f\3429\230\2542\320\310\36Z\302", 20) = 20
10024 18:55:40 close(5)                 = 0
10024 18:55:40 socket(PF_NETLINK, SOCK_RAW, 0) = 5
10024 18:55:40 bind(5, {sa_family=AF_NETLINK, pid=0, groups=00000000}, 12) = 0
10024 18:55:40 getsockname(5, {sa_family=AF_NETLINK, pid=10024, groups=00000000}, [12]) = 0
10024 18:55:40 sendto(5, "\24\0\0\0\26\0\1\3,\"\235Z\0\0\0\0\0\0\0\0", 20, 0, {sa_family=AF_NETLINK, pid=0, groups=00000000}, 12) = 20
10024 18:55:40 recvmsg(5, {msg_name(12)={sa_family=AF_NETLINK, pid=0, groups=00000000}, msg_iov(1)=[{"0\0\0\0\24\0\2\0,\"\235Z('\0\0\2\10\200\376\1\0\0\0\10\0\1\0\177\0\0\1"..., 4096}], msg_controllen=0, msg_flags=0}, 0) = 108
10024 18:55:40 recvmsg(5, {msg_name(12)={sa_family=AF_NETLINK, pid=0, groups=00000000}, msg_iov(1)=[{"@\0\0\0\24\0\2\0,\"\235Z('\0\0\n\200\200\376\1\0\0\0\24\0\1\0\0\0\0\0"..., 4096}], msg_controllen=0, msg_flags=0}, 0) = 128
10024 18:55:40 recvmsg(5, {msg_name(12)={sa_family=AF_NETLINK, pid=0, groups=00000000}, msg_iov(1)=[{"\24\0\0\0\3\0\2\0,\"\235Z('\0\0\0\0\0\0\1\0\0\0\24\0\1\0\0\0\0\0"..., 4096}], msg_controllen=0, msg_flags=0}, 0) = 20
10024 18:55:40 close(5)                 = 0
10024 18:55:40 open("/etc/hosts", O_RDONLY|O_CLOEXEC) = 5
10024 18:55:40 fstat(5, {st_mode=S_IFREG|0644, st_size=217, ...}) = 0
10024 18:55:40 mmap(NULL, 4096, PROT_READ|PROT_WRITE, MAP_PRIVATE|MAP_ANONYMOUS, -1, 0) = 0x7fd358446000
10024 18:55:40 read(5, "127.0.0.1   localhost localhost."..., 4096) = 217
10024 18:55:40 read(5, "", 4096)        = 0
10024 18:55:40 close(5)                 = 0
10024 18:55:40 munmap(0x7fd358446000, 4096) = 0
10024 18:55:40 stat("/etc/krb5.conf", {st_mode=S_IFREG|0644, st_size=449, ...}) = 0
10024 18:55:40 open("/etc/krb5.conf", O_RDONLY) = 5
10024 18:55:40 fcntl(5, F_SETFD, FD_CLOEXEC) = 0
10024 18:55:40 fstat(5, {st_mode=S_IFREG|0644, st_size=449, ...}) = 0
10024 18:55:40 mmap(NULL, 4096, PROT_READ|PROT_WRITE, MAP_PRIVATE|MAP_ANONYMOUS, -1, 0) = 0x7fd358446000
10024 18:55:40 read(5, "[logging]\n default = FILE:/var/l"..., 4096) = 449
10024 18:55:40 read(5, "", 4096)        = 0
10024 18:55:40 close(5)                 = 0
10024 18:55:40 munmap(0x7fd358446000, 4096) = 0
10024 18:55:40 open("/dev/urandom", O_RDONLY) = 5
10024 18:55:40 fcntl(5, F_SETFD, FD_CLOEXEC) = 0
10024 18:55:40 fstat(5, {st_mode=S_IFCHR|0666, st_rdev=makedev(1, 9), ...}) = 0
10024 18:55:40 read(5, "\366\247\263<\275\326\221N\202)\205\20Y<\361f#\243\305\375", 20) = 20
10024 18:55:40 close(5)                 = 0
10024 18:55:40 socket(PF_NETLINK, SOCK_RAW, 0) = 5
10024 18:55:40 bind(5, {sa_family=AF_NETLINK, pid=0, groups=00000000}, 12) = 0
10024 18:55:40 getsockname(5, {sa_family=AF_NETLINK, pid=10024, groups=00000000}, [12]) = 0
10024 18:55:40 sendto(5, "\24\0\0\0\26\0\1\3,\"\235Z\0\0\0\0\0\0\0\0", 20, 0, {sa_family=AF_NETLINK, pid=0, groups=00000000}, 12) = 20
10024 18:55:40 recvmsg(5, {msg_name(12)={sa_family=AF_NETLINK, pid=0, groups=00000000}, msg_iov(1)=[{"0\0\0\0\24\0\2\0,\"\235Z('\0\0\2\10\200\376\1\0\0\0\10\0\1\0\177\0\0\1"..., 4096}], msg_controllen=0, msg_flags=0}, 0) = 108
10024 18:55:40 recvmsg(5, {msg_name(12)={sa_family=AF_NETLINK, pid=0, groups=00000000}, msg_iov(1)=[{"@\0\0\0\24\0\2\0,\"\235Z('\0\0\n\200\200\376\1\0\0\0\24\0\1\0\0\0\0\0"..., 4096}], msg_controllen=0, msg_flags=0}, 0) = 128
10024 18:55:40 recvmsg(5, {msg_name(12)={sa_family=AF_NETLINK, pid=0, groups=00000000}, msg_iov(1)=[{"\24\0\0\0\3\0\2\0,\"\235Z('\0\0\0\0\0\0\1\0\0\0\24\0\1\0\0\0\0\0"..., 4096}], msg_controllen=0, msg_flags=0}, 0) = 20
10024 18:55:40 close(5)                 = 0
10024 18:55:40 open("/etc/hosts", O_RDONLY|O_CLOEXEC) = 5
10024 18:55:40 fstat(5, {st_mode=S_IFREG|0644, st_size=217, ...}) = 0
10024 18:55:40 mmap(NULL, 4096, PROT_READ|PROT_WRITE, MAP_PRIVATE|MAP_ANONYMOUS, -1, 0) = 0x7fd358446000
10024 18:55:40 read(5, "127.0.0.1   localhost localhost."..., 4096) = 217
10024 18:55:40 read(5, "", 4096)        = 0
10024 18:55:40 close(5)                 = 0
10024 18:55:40 munmap(0x7fd358446000, 4096) = 0
10024 18:55:40 stat("/etc/krb5.conf", {st_mode=S_IFREG|0644, st_size=449, ...}) = 0
10024 18:55:40 open("/etc/krb5.conf", O_RDONLY) = 5
10024 18:55:40 fcntl(5, F_SETFD, FD_CLOEXEC) = 0
10024 18:55:40 fstat(5, {st_mode=S_IFREG|0644, st_size=449, ...}) = 0
10024 18:55:40 mmap(NULL, 4096, PROT_READ|PROT_WRITE, MAP_PRIVATE|MAP_ANONYMOUS, -1, 0) = 0x7fd358446000
10024 18:55:40 read(5, "[logging]\n default = FILE:/var/l"..., 4096) = 449
10024 18:55:40 read(5, "", 4096)        = 0
10024 18:55:40 close(5)                 = 0
10024 18:55:40 munmap(0x7fd358446000, 4096) = 0
10024 18:55:40 open("/dev/urandom", O_RDONLY) = 5
10024 18:55:40 fcntl(5, F_SETFD, FD_CLOEXEC) = 0
10024 18:55:40 fstat(5, {st_mode=S_IFCHR|0666, st_rdev=makedev(1, 9), ...}) = 0
10024 18:55:40 read(5, "B\177\247,a\\\270gr!\324R\247\37\267\264E6\242\327", 20) = 20
10024 18:55:40 close(5)                 = 0
10024 18:55:40 socket(PF_NETLINK, SOCK_RAW, 0) = 5
10024 18:55:40 bind(5, {sa_family=AF_NETLINK, pid=0, groups=00000000}, 12) = 0
10024 18:55:40 getsockname(5, {sa_family=AF_NETLINK, pid=10024, groups=00000000}, [12]) = 0
10024 18:55:40 sendto(5, "\24\0\0\0\26\0\1\3,\"\235Z\0\0\0\0\0\0\0\0", 20, 0, {sa_family=AF_NETLINK, pid=0, groups=00000000}, 12) = 20
10024 18:55:40 recvmsg(5, {msg_name(12)={sa_family=AF_NETLINK, pid=0, groups=00000000}, msg_iov(1)=[{"0\0\0\0\24\0\2\0,\"\235Z('\0\0\2\10\200\376\1\0\0\0\10\0\1\0\177\0\0\1"..., 4096}], msg_controllen=0, msg_flags=0}, 0) = 108
10024 18:55:40 recvmsg(5, {msg_name(12)={sa_family=AF_NETLINK, pid=0, groups=00000000}, msg_iov(1)=[{"@\0\0\0\24\0\2\0,\"\235Z('\0\0\n\200\200\376\1\0\0\0\24\0\1\0\0\0\0\0"..., 4096}], msg_controllen=0, msg_flags=0}, 0) = 128
10024 18:55:40 recvmsg(5, {msg_name(12)={sa_family=AF_NETLINK, pid=0, groups=00000000}, msg_iov(1)=[{"\24\0\0\0\3\0\2\0,\"\235Z('\0\0\0\0\0\0\1\0\0\0\24\0\1\0\0\0\0\0"..., 4096}], msg_controllen=0, msg_flags=0}, 0) = 20
10024 18:55:40 close(5)                 = 0
10024 18:55:40 open("/etc/hosts", O_RDONLY|O_CLOEXEC) = 5
10024 18:55:40 fstat(5, {st_mode=S_IFREG|0644, st_size=217, ...}) = 0
10024 18:55:40 mmap(NULL, 4096, PROT_READ|PROT_WRITE, MAP_PRIVATE|MAP_ANONYMOUS, -1, 0) = 0x7fd358446000
10024 18:55:40 read(5, "127.0.0.1   localhost localhost."..., 4096) = 217
10024 18:55:40 read(5, "", 4096)        = 0
10024 18:55:40 close(5)                 = 0
10024 18:55:40 munmap(0x7fd358446000, 4096) = 0
10024 18:55:40 stat("/root/.ssh/identity", 0x7fff40c7d810) = -1 ENOENT (No such file or directory)
10024 18:55:40 stat("/root/.ssh/id_rsa", {st_mode=S_IFREG|0600, st_size=887, ...}) = 0
10024 18:55:40 open("/root/.ssh/id_rsa", O_RDONLY) = 5
10024 18:55:40 fstat(5, {st_mode=S_IFREG|0600, st_size=887, ...}) = 0
10024 18:55:40 getuid()                 = 0
10024 18:55:40 fcntl(5, F_GETFL)        = 0x8000 (flags O_RDONLY|O_LARGEFILE)
10024 18:55:40 fstat(5, {st_mode=S_IFREG|0600, st_size=887, ...}) = 0
10024 18:55:40 mmap(NULL, 4096, PROT_READ|PROT_WRITE, MAP_PRIVATE|MAP_ANONYMOUS, -1, 0) = 0x7fd358446000
10024 18:55:40 lseek(5, 0, SEEK_CUR)    = 0
10024 18:55:40 read(5, "-----BEGIN RSA PRIVATE KEY-----\n"..., 4096) = 887
10024 18:55:40 close(5)                 = 0
10024 18:55:40 munmap(0x7fd358446000, 4096) = 0
10024 18:55:40 write(3, "\361\213\263\374\356H\16ts\203\306b7N\217\346\366o\356\244\255=Ys\341\202|\240\10*jz"..., 384) = 384
10024 18:55:40 select(4, [3], NULL, NULL, NULL) = 1 (in [3])
10024 18:55:40 read(3, "\316\362\231-\1L\236\365@\366X\247\177\342\265j\26\373\342\r\331\n|\272\334\"o{\204\374t\301"..., 8192) = 80
10024 18:55:40 stat("/root/.ssh/id_dsa", 0x7fff40c7d810) = -1 ENOENT (No such file or directory)
10024 18:55:40 open("/dev/tty", O_RDWR) = 5
10024 18:55:40 close(5)                 = 0
10024 18:55:40 open("/dev/tty", O_RDWR) = 5
10024 18:55:40 rt_sigaction(SIGALRM, {0x7fd35848d430, [], SA_RESTORER, 0x7fd355fb4920}, {SIG_DFL, [], 0}, 8) = 0
10024 18:55:40 rt_sigaction(SIGHUP, {0x7fd35848d430, [], SA_RESTORER, 0x7fd355fb4920}, {SIG_DFL, [], 0}, 8) = 0
10024 18:55:40 rt_sigaction(SIGINT, {0x7fd35848d430, [], SA_RESTORER, 0x7fd355fb4920}, {SIG_DFL, [], 0}, 8) = 0
10024 18:55:40 rt_sigaction(SIGPIPE, {0x7fd35848d430, [], SA_RESTORER, 0x7fd355fb4920}, {SIG_IGN, [], SA_RESTORER, 0x7fd355fb4920}, 8) = 0
10024 18:55:40 rt_sigaction(SIGQUIT, {0x7fd35848d430, [], SA_RESTORER, 0x7fd355fb4920}, {SIG_DFL, [], 0}, 8) = 0
10024 18:55:40 rt_sigaction(SIGTERM, {0x7fd35848d430, [], SA_RESTORER, 0x7fd355fb4920}, {SIG_DFL, [], 0}, 8) = 0
10024 18:55:40 rt_sigaction(SIGTSTP, {0x7fd35848d430, [], SA_RESTORER, 0x7fd355fb4920}, {SIG_DFL, [], 0}, 8) = 0
10024 18:55:40 rt_sigaction(SIGTTIN, {0x7fd35848d430, [], SA_RESTORER, 0x7fd355fb4920}, {SIG_DFL, [], 0}, 8) = 0
10024 18:55:40 rt_sigaction(SIGTTOU, {0x7fd35848d430, [], SA_RESTORER, 0x7fd355fb4920}, {SIG_DFL, [], 0}, 8) = 0
10024 18:55:40 ioctl(5, SNDCTL_TMR_TIMEBASE or TCGETS, {B38400 opost isig icanon echo ...}) = 0
10024 18:55:40 ioctl(5, SNDCTL_TMR_CONTINUE or TCSETSF, {B38400 opost isig icanon -echo ...}) = 0
10024 18:55:40 write(5, "root@192.167.2.3's password: ", 29) = 29
10024 18:55:40 read(5, "1", 1)          = 1
10024 18:55:40 read(5, "2", 1)          = 1
10024 18:55:40 read(5, "3", 1)          = 1
10024 18:55:40 read(5, "4", 1)          = 1
10024 18:55:40 read(5, "5", 1)          = 1
10024 18:55:40 read(5, "6", 1)          = 1
10024 18:55:40 read(5, "\n", 1)         = 1
10024 18:55:40 write(5, "\n", 1)        = 1
10024 18:55:40 ioctl(5, SNDCTL_TMR_CONTINUE or TCSETSF, {B38400 opost isig icanon echo ...}) = 0
10024 18:55:40 rt_sigaction(SIGALRM, {SIG_DFL, [], SA_RESTORER, 0x7fd355fb4920}, NULL, 8) = 0
10024 18:55:40 rt_sigaction(SIGHUP, {SIG_DFL, [], SA_RESTORER, 0x7fd355fb4920}, NULL, 8) = 0
10024 18:55:40 rt_sigaction(SIGINT, {SIG_DFL, [], SA_RESTORER, 0x7fd355fb4920}, NULL, 8) = 0
10024 18:55:40 rt_sigaction(SIGQUIT, {SIG_DFL, [], SA_RESTORER, 0x7fd355fb4920}, NULL, 8) = 0
10024 18:55:40 rt_sigaction(SIGPIPE, {SIG_IGN, [], SA_RESTORER, 0x7fd355fb4920}, NULL, 8) = 0
10024 18:55:40 rt_sigaction(SIGTERM, {SIG_DFL, [], SA_RESTORER, 0x7fd355fb4920}, NULL, 8) = 0
10024 18:55:40 rt_sigaction(SIGTSTP, {SIG_DFL, [], SA_RESTORER, 0x7fd355fb4920}, NULL, 8) = 0
10024 18:55:40 rt_sigaction(SIGTTIN, {SIG_DFL, [], SA_RESTORER, 0x7fd355fb4920}, NULL, 8) = 0
10024 18:55:40 close(5)                 = 0
10024 18:55:40 write(3, "\32w|\276\345\226\220=i_\263R>\3063\30\203\331^9iGN\334\372<\267\253J\361\340\352"..., 144) = 144
10024 18:55:40 select(4, [3], NULL, NULL, NULL) = 1 (in [3])
10024 18:55:40 read(3, "\233C\351\333\276\305\375\357\344\347\201\331eF\200C\337.\2\274^\261pi\354\207\25\213\34\350\372\322", 8192) = 32
10024 18:55:40 dup(0)                   = 5
10024 18:55:40 dup(1)                   = 6
10024 18:55:40 dup(2)                   = 7
10024 18:55:40 ioctl(5, SNDCTL_TMR_TIMEBASE or TCGETS, {B38400 opost isig icanon echo ...}) = 0
10024 18:55:40 ioctl(6, SNDCTL_TMR_TIMEBASE or TCGETS, {B38400 opost isig icanon echo ...}) = 0
10024 18:55:40 ioctl(7, SNDCTL_TMR_TIMEBASE or TCGETS, {B38400 opost isig icanon echo ...}) = 0
10024 18:55:40 fcntl(5, F_SETFD, FD_CLOEXEC) = 0
10024 18:55:40 fcntl(6, F_SETFD, FD_CLOEXEC) = 0
10024 18:55:40 fcntl(7, F_SETFD, FD_CLOEXEC) = 0
10024 18:55:40 ioctl(6, SNDCTL_TMR_TIMEBASE or TCGETS, {B38400 opost isig icanon echo ...}) = 0
10024 18:55:40 rt_sigaction(SIGHUP, NULL, {SIG_DFL, [], SA_RESTORER, 0x7fd355fb4920}, 8) = 0
10024 18:55:40 rt_sigaction(SIGHUP, {SIG_IGN, [], SA_RESTORER, 0x7fd355fb4920}, NULL, 8) = 0
10024 18:55:40 rt_sigaction(SIGHUP, NULL, {SIG_IGN, [], SA_RESTORER, 0x7fd355fb4920}, 8) = 0
10024 18:55:40 rt_sigaction(SIGHUP, {0x7fd3584595e0, [], SA_RESTORER, 0x7fd355fb4920}, NULL, 8) = 0
10024 18:55:40 rt_sigaction(SIGINT, NULL, {SIG_DFL, [], SA_RESTORER, 0x7fd355fb4920}, 8) = 0
10024 18:55:40 rt_sigaction(SIGINT, {SIG_IGN, [], SA_RESTORER, 0x7fd355fb4920}, NULL, 8) = 0
10024 18:55:40 rt_sigaction(SIGINT, NULL, {SIG_IGN, [], SA_RESTORER, 0x7fd355fb4920}, 8) = 0
10024 18:55:40 rt_sigaction(SIGINT, {0x7fd3584595e0, [], SA_RESTORER, 0x7fd355fb4920}, NULL, 8) = 0
10024 18:55:40 rt_sigaction(SIGQUIT, NULL, {SIG_DFL, [], SA_RESTORER, 0x7fd355fb4920}, 8) = 0
10024 18:55:40 rt_sigaction(SIGQUIT, {SIG_IGN, [], SA_RESTORER, 0x7fd355fb4920}, NULL, 8) = 0
10024 18:55:40 rt_sigaction(SIGQUIT, NULL, {SIG_IGN, [], SA_RESTORER, 0x7fd355fb4920}, 8) = 0
10024 18:55:40 rt_sigaction(SIGQUIT, {0x7fd3584595e0, [], SA_RESTORER, 0x7fd355fb4920}, NULL, 8) = 0
10024 18:55:40 rt_sigaction(SIGTERM, NULL, {SIG_DFL, [], SA_RESTORER, 0x7fd355fb4920}, 8) = 0
10024 18:55:40 rt_sigaction(SIGTERM, {SIG_IGN, [], SA_RESTORER, 0x7fd355fb4920}, NULL, 8) = 0
10024 18:55:40 rt_sigaction(SIGTERM, NULL, {SIG_IGN, [], SA_RESTORER, 0x7fd355fb4920}, 8) = 0
10024 18:55:40 rt_sigaction(SIGTERM, {0x7fd3584595e0, [], SA_RESTORER, 0x7fd355fb4920}, NULL, 8) = 0
10024 18:55:40 rt_sigaction(SIGWINCH, NULL, {SIG_DFL, [], 0}, 8) = 0
10024 18:55:40 rt_sigaction(SIGWINCH, {0x7fd358459c80, [], SA_RESTORER, 0x7fd355fb4920}, NULL, 8) = 0
10024 18:55:40 ioctl(0, SNDCTL_TMR_TIMEBASE or TCGETS, {B38400 opost isig icanon echo ...}) = 0
10024 18:55:40 ioctl(0, SNDCTL_TMR_STOP or TCSETSW, {B38400 -opost -isig -icanon -echo ...}) = 0
10024 18:55:40 select(8, [3], [3], NULL, NULL) = 1 (out [3])
10024 18:55:40 write(3, "\240\276\217~!\272\331\300\235l\331\32,\0\255\344\222\370\340\206\332%2\177\276s\3641~\376Y\177"..., 64) = 64
10024 18:55:40 select(8, [3], [], NULL, NULL) = 1 (in [3])
10024 18:55:40 read(3, "\207Gl\235\277sae\216\237)\363$\t\242c\177\213\212h\275\25\17m\273P)W\325\n\205|"..., 8192) = 48
10024 18:55:40 ioctl(0, TIOCGWINSZ, {ws_row=46, ws_col=99, ws_xpixel=0, ws_ypixel=0}) = 0
10024 18:55:40 getsockopt(3, SOL_TCP, TCP_NODELAY, [1335342548218019840], [4]) = 0
10024 18:55:40 setsockopt(3, SOL_TCP, TCP_NODELAY, [1], 4) = 0
10024 18:55:40 getsockname(3, {sa_family=AF_INET, sin_port=htons(39054), sin_addr=inet_addr("192.168.6.21")}, [16]) = 0
10024 18:55:40 setsockopt(3, SOL_IP, IP_TOS, [16], 4) = 0
10024 18:55:40 select(8, [3], [3], NULL, NULL) = 1 (out [3])
10024 18:55:40 write(3, ",\323_\31\341\355RK\376\274r\363\336m\226\260\227\351\330'\315\20@\20\341\221R\3\236\260\351\220"..., 448) = 448
10024 18:55:40 select(8, [3], [], NULL, NULL) = 1 (in [3])
10024 18:55:40 read(3, "S\237$\367^\322\225\222\342\265k\360\231?\340\222\254r\313@9\337S\243L\10b8\265\365\353@"..., 8192) = 112
10024 18:55:40 select(8, [3 5], [], NULL, NULL) = 1 (in [3])
10024 18:55:40 read(3, "$\226\36\r\177\2376\244\273\25\313C_\22\307\v\32\10\243\26?\302\305\230\300\247\"5l\nRq"..., 8192) = 96
10024 18:55:40 select(8, [3 5], [6], NULL, NULL) = 1 (out [6])
10024 18:55:40 write(6, "Last login: Mon Mar  5 18:45:38 "..., 57) = 57
10024 18:55:40 select(8, [3 5], [], NULL, NULL) = 1 (in [3])
10024 18:55:40 read(3, "\222\370\351\356\302+\7p\3076\302s\204Tc(5W\362\310l\212\213\377\315D*\27U\277\231\250"..., 8192) = 112
10024 18:55:40 select(8, [3 5], [6], NULL, NULL) = 1 (out [6])
10024 18:55:40 write(6, "\33]0;root@PR-2-3:~\7", 18) = 18
10024 18:55:40 select(8, [3 5], [], NULL, NULL) = 1 (in [3])
10024 18:55:40 read(3, "\311\225\243\23;\315c\345\324/\200\332\271\5\"\30\240&y\310d\375\f\250\22\321\22:6\200b\33"..., 8192) = 80
10024 18:55:40 select(8, [3 5], [6], NULL, NULL) = 1 (out [6])
10024 18:55:40 write(6, "(FUDE-0.4.2@x86_64)[root@PR-2-3 "..., 35) = 35
10024 18:55:40 select(8, [3 5], [], NULL, NULL) = 1 (in [5])
10024 18:55:41 read(5, "i", 16384)      = 1
10024 18:55:41 select(8, [3 5], [3], NULL, NULL) = 1 (out [3])
10024 18:55:41 write(3, "Me\n~\t\326\260\347G\4\353\360I\\\314L\216F\360#\n\274\210\301O\211\214\317o9##"..., 48) = 48
10024 18:55:41 select(8, [3 5], [], NULL, NULL) = 1 (in [3])
10024 18:55:41 read(3, "\313'Q\2252\273\334\325\312k\317\346\330\245X\377'r!\353\26\331y\362\27cgy\357\324M\217"..., 8192) = 48
10024 18:55:41 select(8, [3 5], [6], NULL, NULL) = 1 (out [6])
10024 18:55:41 write(6, "i", 1)         = 1
10024 18:55:41 select(8, [3 5], [], NULL, NULL) = 1 (in [5])
10024 18:55:41 read(5, "f", 16384)      = 1
10024 18:55:41 select(8, [3 5], [3], NULL, NULL) = 1 (out [3])
10024 18:55:41 write(3, "a\374\22Q\272\246\300;\20\245(<\263\225\370\352O\36\262\271\315G}\34g\205\353\300\222{:F"..., 48) = 48
10024 18:55:41 select(8, [3 5], [], NULL, NULL) = 1 (in [3])
10024 18:55:41 read(3, "\353\36x(\327\2541\22s\352\206\261\324\343` \312D\263\343\334+{%\314\366\372\351E\220\243\316"..., 8192) = 48
10024 18:55:41 select(8, [3 5], [6], NULL, NULL) = 1 (out [6])
10024 18:55:41 write(6, "f", 1)         = 1
10024 18:55:41 select(8, [3 5], [], NULL, NULL) = 1 (in [5])
10024 18:55:41 read(5, "c", 16384)      = 1
10024 18:55:41 select(8, [3 5], [3], NULL, NULL) = 1 (out [3])
10024 18:55:41 write(3, "K\306~0\253\360XA\207L\351\203\322\222\360\333\316\337\230\202)6\256\355|\326\7\247?\240\304T"..., 48) = 48
10024 18:55:41 select(8, [3 5], [], NULL, NULL) = 1 (in [3])
10024 18:55:41 read(3, "[\274\337O\352\0073\364\366$t\36a\224 o\300V\267\363\274\261\220\277i\2047\277+\304\354\361"..., 8192) = 48
10024 18:55:41 select(8, [3 5], [6], NULL, NULL) = 1 (out [6])
10024 18:55:41 write(6, "c", 1)         = 1
10024 18:55:41 select(8, [3 5], [], NULL, NULL) = 1 (in [5])
10024 18:55:41 read(5, "o", 16384)      = 1
10024 18:55:41 select(8, [3 5], [3], NULL, NULL) = 1 (out [3])
10024 18:55:41 write(3, "\3019R4\347G\230^\3310\257 \206\375\325\312\276\273\204S3\216\2318\343\300\10N\21\377\276\342"..., 48) = 48
10024 18:55:41 select(8, [3 5], [], NULL, NULL) = 1 (in [3])
10024 18:55:41 read(3, "D\316\247~\347;\207\366`\v\303K\321\335\362bIt \7[[0\354c\30\322JTdEb"..., 8192) = 48
10024 18:55:41 select(8, [3 5], [6], NULL, NULL) = 1 (out [6])
10024 18:55:41 write(6, "o", 1)         = 1
10024 18:55:41 select(8, [3 5], [], NULL, NULL) = 1 (in [5])
10024 18:55:41 read(5, "n", 16384)      = 1
10024 18:55:41 select(8, [3 5], [3], NULL, NULL) = 1 (out [3])
10024 18:55:41 write(3, "\267z]d\227\375g\246Ll$t\t\311\201\245\262\217\36\227*\24\346\224\274\212\266\270\233\36d\324"..., 48) = 48
10024 18:55:41 select(8, [3 5], [], NULL, NULL) = 1 (in [3])
10024 18:55:41 read(3, "\357\n\230\266wz\377\326!\307\26\355\27\264\355k^\313\272\233\24\206\23\300\266\347\215\370\36\323\245\37"..., 8192) = 48
10024 18:55:41 select(8, [3 5], [6], NULL, NULL) = 1 (out [6])
10024 18:55:41 write(6, "n", 1)         = 1
10024 18:55:41 select(8, [3 5], [], NULL, NULL) = 1 (in [5])
10024 18:55:42 read(5, "f", 16384)      = 1
10024 18:55:42 select(8, [3 5], [3], NULL, NULL) = 1 (out [3])
10024 18:55:42 write(3, "+s\217w\223w\26N\7\206>2\256g\340\321\240U\256e\330\277[\201\320\257\267+\340b\274*"..., 48) = 48
10024 18:55:42 select(8, [3 5], [], NULL, NULL) = 1 (in [3])
10024 18:55:42 read(3, "5\337\250Ni\216\223\263\273\2401\247\30\376.\236\"\276\200f\366T:\263F/\t\177\237\267L\245"..., 8192) = 48
10024 18:55:42 select(8, [3 5], [6], NULL, NULL) = 1 (out [6])
10024 18:55:42 write(6, "f", 1)         = 1
10024 18:55:42 select(8, [3 5], [], NULL, NULL) = 1 (in [5])
10024 18:55:42 read(5, "i", 16384)      = 1
10024 18:55:42 select(8, [3 5], [3], NULL, NULL) = 1 (out [3])
10024 18:55:42 write(3, "\352\317q\360sU\242\336 ^\356\340\263\214\6\336\251\356-:^0\212&\235<\307\222!\212v\276"..., 48) = 48
10024 18:55:42 select(8, [3 5], [], NULL, NULL) = 1 (in [3])
10024 18:55:42 read(3, "\1\252\356\303\360\356\271\177\334\264^\202\346Z\232\226?[R\224CP\330\207\2\356Y,R^_Q"..., 8192) = 48
10024 18:55:42 select(8, [3 5], [6], NULL, NULL) = 1 (out [6])
10024 18:55:42 write(6, "i", 1)         = 1
10024 18:55:42 select(8, [3 5], [], NULL, NULL) = 1 (in [5])
10024 18:55:42 read(5, "g", 16384)      = 1
10024 18:55:42 select(8, [3 5], [3], NULL, NULL) = 1 (out [3])
10024 18:55:42 write(3, "5kN\177\275?\275&\245\335\213\301\t`\7L\216\32\377Q!\304\331\347\245W\33\356\260g\231#"..., 48) = 48
10024 18:55:42 select(8, [3 5], [], NULL, NULL) = 1 (in [3])
10024 18:55:42 read(3, "\353P(\222K\2\231\3$\274\26}\274G!/z\361\342\245\31\264\r\205L\337G0@\300%\32"..., 8192) = 48
10024 18:55:42 select(8, [3 5], [6], NULL, NULL) = 1 (out [6])
10024 18:55:42 write(6, "g", 1)         = 1
10024 18:55:42 select(8, [3 5], [], NULL, NULL) = 1 (in [5])
10024 18:55:42 read(5, "\r", 16384)     = 1
10024 18:55:42 select(8, [3 5], [3], NULL, NULL) = 1 (out [3])
10024 18:55:42 write(3, "_\271\353E\32\377\325\262\206\363z\30\333.\"\345\\\255\215\340O}-N\353\23\350a\333\4\333c"..., 48) = 48
10024 18:55:42 select(8, [3 5], [], NULL, NULL) = 1 (in [3])
10024 18:55:42 read(3, "I\v\317=\252\214\f\32MU\353D$\303|3g8\264h\37\316\255\364\232\351\2078\333\0107\307"..., 8192) = 48
10024 18:55:42 select(8, [3 5], [6], NULL, NULL) = 1 (out [6])
10024 18:55:42 write(6, "\r\n", 2)      = 2
10024 18:55:42 select(8, [3 5], [], NULL, NULL) = 1 (in [3])
10024 18:55:42 read(3, "\2322n\254i\342\360Vc\326\235\271a\27e\22ya\357\346\32\24f\224\207\310\330\360&\377\313\223"..., 8192) = 288
10024 18:55:42 select(8, [3 5], [6], NULL, NULL) = 2 (in [3], out [6])
10024 18:55:42 write(6, "eth0      Link encap:Ethernet  H"..., 183) = 183
10024 18:55:42 read(3, "$p\342\203\2747,~\335>nQu\5\322\251o\225Ak\361\371\30\\\v=v:}\330\27("..., 8192) = 1296
10024 18:55:42 select(8, [3 5], [6], NULL, NULL) = 2 (in [3], out [6])
10024 18:55:42 write(6, "          RX packets:0 errors:0 "..., 927) = 927
10024 18:55:42 read(3, "\355\263\v\23\322/\252(b\272Q\31L\351 \213n\326\364\232\324\371\212%\357]\\\225\3059\364\371"..., 8192) = 1824
10024 18:55:42 select(8, [3 5], [6], NULL, NULL) = 1 (out [6])
10024 18:55:42 write(6, "          UP BROADCAST RUNNING P"..., 1277) = 1277
10024 18:55:42 select(8, [3 5], [], NULL, NULL) = 1 (in [3])
10024 18:55:42 read(3, "\206:\253\21U?<\232\203\6\21\241ly\331\357\344\227WJ(\306\177\361\303\375\302\225\37\375\367V"..., 8192) = 64
10024 18:55:42 select(8, [3 5], [6], NULL, NULL) = 1 (out [6])
10024 18:55:42 write(6, "\33]0;root@PR-2-3:~\7", 18) = 18
10024 18:55:42 select(8, [3 5], [], NULL, NULL) = 1 (in [3])
10024 18:55:42 read(3, "\2777\234eE\255:\266\217\327\252\272\332\4\364<\2316\312\347~i:\37Vh\357(/\314\331!"..., 8192) = 80
10024 18:55:42 select(8, [3 5], [6], NULL, NULL) = 1 (out [6])
10024 18:55:42 write(6, "(FUDE-0.4.2@x86_64)[root@PR-2-3 "..., 35) = 35
10024 18:55:42 select(8, [3 5], [], NULL, NULL) = 1 (in [5])
10024 18:55:44 read(5, "d", 16384)      = 1
10024 18:55:44 select(8, [3 5], [3], NULL, NULL) = 1 (out [3])
10024 18:55:44 write(3, "\357\336\303\3k:\374\ff`?\261-*\252Yw\350\307\235\326VAh\220\\\254\27!\22\223\365"..., 48) = 48
10024 18:55:44 select(8, [3 5], [], NULL, NULL) = 1 (in [3])
10024 18:55:44 read(3, "~D\276\370Z*\351\362\345\330\232\257\204\355\256[\347g\257\270\372@\331[\321bM\374\327F<\255"..., 8192) = 48
10024 18:55:44 select(8, [3 5], [6], NULL, NULL) = 1 (out [6])
10024 18:55:44 write(6, "d", 1)         = 1
10024 18:55:44 select(8, [3 5], [], NULL, NULL) = 1 (in [5])
10024 18:55:44 read(5, "f", 16384)      = 1
10024 18:55:44 select(8, [3 5], [3], NULL, NULL) = 1 (out [3])
10024 18:55:44 write(3, "\3564\316\326\212*\360\36`q\0031\217D\264\215Z\1{\272\3108\301\1\310\244\212a\227\277\232\264"..., 48) = 48
10024 18:55:44 select(8, [3 5], [], NULL, NULL) = 1 (in [3])
10024 18:55:44 read(3, "\332MjI\4i<\2327Ae&,;\304|\224h\367\230\343MN\300\375\226\240\332y\177 \304"..., 8192) = 48
10024 18:55:44 select(8, [3 5], [6], NULL, NULL) = 1 (out [6])
10024 18:55:44 write(6, "f", 1)         = 1
10024 18:55:44 select(8, [3 5], [], NULL, NULL) = 1 (in [5])
10024 18:55:44 read(5, "\r", 16384)     = 1
10024 18:55:44 select(8, [3 5], [3], NULL, NULL) = 1 (out [3])
10024 18:55:44 write(3, "\213+\f\347\364\242@\37\360qfS6\262\312\243\241II\0238\35\22\234\337\20\0253I\213\312\213"..., 48) = 48
10024 18:55:44 select(8, [3 5], [], NULL, NULL) = 1 (in [3])
10024 18:55:44 read(3, "I\222\30\367}\31k_\306\316\30\356\272[\255\312\245\337z\203\21z\235\341\257\324\256\354\350Z\353\201"..., 8192) = 48
10024 18:55:44 select(8, [3 5], [6], NULL, NULL) = 1 (out [6])
10024 18:55:44 write(6, "\r\n", 2)      = 2
10024 18:55:44 select(8, [3 5], [], NULL, NULL) = 1 (in [3])
10024 18:55:44 read(3, "\20\23\320\237\303\266\375\272\25_\251gL\r&\247\251\0\303M\220\312\267\211\36523\206\221\251\24T"..., 8192) = 432
10024 18:55:44 select(8, [3 5], [6], NULL, NULL) = 2 (in [3], out [6])
10024 18:55:44 write(6, "Filesystem           1K-blocks  "..., 256) = 256
10024 18:55:44 read(3, "\254\355{\3\224\327[\"\7E<\277\2662\20y$\3647\3376x\233\360\232\334\325\365Z\323\336\303"..., 8192) = 112
10024 18:55:44 select(8, [3 5], [6], NULL, NULL) = 1 (out [6])
10024 18:55:44 write(6, "\33]0;root@PR-2-3:~\7", 18) = 18
10024 18:55:44 select(8, [3 5], [], NULL, NULL) = 1 (in [3])
10024 18:55:44 read(3, "{\nQ\260\244u\3417\207N\30%\363\304\0\327 \374\302\f~\34\362\317\344\254\34\320\r 2\313"..., 8192) = 80
10024 18:55:44 select(8, [3 5], [6], NULL, NULL) = 1 (out [6])
10024 18:55:44 write(6, "(FUDE-0.4.2@x86_64)[root@PR-2-3 "..., 35) = 35
10024 18:55:44 select(8, [3 5], [], NULL, NULL) = 1 (in [5])
10024 18:55:44 read(5, "i", 16384)      = 1
10024 18:55:44 select(8, [3 5], [3], NULL, NULL) = 1 (out [3])
10024 18:55:44 write(3, "&\26\203\360^\257\206\3235\374\34\226X\370\32Px\366\2438P\245\357\201p\332\263\366\5\323sb"..., 48) = 48
10024 18:55:44 select(8, [3 5], [], NULL, NULL) = 1 (in [3])
10024 18:55:44 read(3, "LI\261\347TfNe\367\253\3546a\251\355\304(\370\366\203\272\313C\5 G<*\342\7e\n"..., 8192) = 48
10024 18:55:44 select(8, [3 5], [6], NULL, NULL) = 1 (out [6])
10024 18:55:44 write(6, "i", 1)         = 1
10024 18:55:44 select(8, [3 5], [], NULL, NULL) = 1 (in [5])
10024 18:55:45 read(5, "f", 16384)      = 1
10024 18:55:45 select(8, [3 5], [3], NULL, NULL) = 1 (out [3])
10024 18:55:45 write(3, "\266\22+\v\315\307Mg:\201\303\375\2443i\25\3344$\370\256\t\0\t\257\253\301\353\336\364\23\f"..., 48) = 48
10024 18:55:45 select(8, [3 5], [], NULL, NULL) = 1 (in [3])
10024 18:55:45 read(3, "\342\333Q+\325\220\33\34\354>t\355\234\252Uh\204\35\227\235\355\347e\265.\210V\373\336j\312\255"..., 8192) = 48
10024 18:55:45 select(8, [3 5], [6], NULL, NULL) = 1 (out [6])
10024 18:55:45 write(6, "f", 1)         = 1
10024 18:55:45 select(8, [3 5], [], NULL, NULL) = 1 (in [5])
10024 18:55:45 read(5, "c", 16384)      = 1
10024 18:55:45 select(8, [3 5], [3], NULL, NULL) = 1 (out [3])
10024 18:55:45 write(3, "\214\334=ow\312\360Uo\265\246\23'\304\21\347qm\31\17V\0\251z\217\323\240\235\215\362\366\230"..., 48) = 48
10024 18:55:45 select(8, [3 5], [], NULL, NULL) = 1 (in [3])
10024 18:55:45 read(3, "\4\272-\302\373x\315n\367;C\20|\7\210\227\3609\31\370\261\235\30\16\242\2421i\220\17)\244"..., 8192) = 48
10024 18:55:45 select(8, [3 5], [6], NULL, NULL) = 1 (out [6])
10024 18:55:45 write(6, "c", 1)         = 1
10024 18:55:45 select(8, [3 5], [], NULL, NULL) = 1 (in [5])
10024 18:55:45 read(5, "o", 16384)      = 1
10024 18:55:45 select(8, [3 5], [3], NULL, NULL) = 1 (out [3])
10024 18:55:45 write(3, "\334Kx*\375\333aAOt\324\20.g\224\20^a(f\220k\334mfN7\273*\337\217\35"..., 48) = 48
10024 18:55:45 select(8, [3 5], [], NULL, NULL) = 1 (in [3])
10024 18:55:45 read(3, "\304\262A\236\372\200\5:x\34>+d\251.\342S\206\32\323H{\205\363\1\344_\260V\351\374\340"..., 8192) = 48
10024 18:55:45 select(8, [3 5], [6], NULL, NULL) = 1 (out [6])
10024 18:55:45 write(6, "o", 1)         = 1
10024 18:55:45 select(8, [3 5], [], NULL, NULL) = 1 (in [5])
10024 18:55:45 read(5, "n", 16384)      = 1
10024 18:55:45 select(8, [3 5], [3], NULL, NULL) = 1 (out [3])
10024 18:55:45 write(3, "\0=XC\230\240\352A\276\252\262:\204\341|5\265\243\263\206.\274\265Z43\241\\\217}\225\365"..., 48) = 48
10024 18:55:45 select(8, [3 5], [], NULL, NULL) = 1 (in [3])
10024 18:55:45 read(3, "*\327u#U|I\273\340=\335\376\203\304\374\7\20e\316\220\347h\243U\236\235\205\357\277\20s\237"..., 8192) = 48
10024 18:55:45 select(8, [3 5], [6], NULL, NULL) = 1 (out [6])
10024 18:55:45 write(6, "n", 1)         = 1
10024 18:55:45 select(8, [3 5], [], NULL, NULL) = 1 (in [5])
10024 18:55:46 read(5, "\10", 16384)    = 1
10024 18:55:46 select(8, [3 5], [3], NULL, NULL) = 1 (out [3])
10024 18:55:46 write(3, "m`:\361\215n\257\375,\345\325\36j(\331\214\227\210(\213b\16\377\366\227>g\344.\372\246\312"..., 48) = 48
10024 18:55:46 select(8, [3 5], [], NULL, NULL) = 1 (in [3])
10024 18:55:46 read(3, "\253r\213l\215\212\277\321\375\243\331g\262\204\220\323IO\372\360\5V\10\350\305J\332p\242G/\32"..., 8192) = 48
10024 18:55:46 select(8, [3 5], [6], NULL, NULL) = 1 (out [6])
10024 18:55:46 write(6, "\10\33[K", 4)  = 4
10024 18:55:46 select(8, [3 5], [], NULL, NULL) = 1 (in [5])
10024 18:55:53 read(5, "\33[D", 16384)  = 3
10024 18:55:53 select(8, [3 5], [3], NULL, NULL) = 1 (out [3])
10024 18:55:53 write(3, "\223siz\"\253\236hqt\303\305Z\320[\346\353E?\372\204\"\0\264\323+8\251\35\232\25\10"..., 48) = 48
10024 18:55:53 select(8, [3 5], [], NULL, NULL) = 1 (in [3])
10024 18:55:53 read(3, "\321\373\"\v\271\240\233R\260\211\f\272\23\365\334\211\30F\261\\\226\2565a\312\203\367\335\352\346`\34"..., 8192) = 48
10024 18:55:53 select(8, [3 5], [6], NULL, NULL) = 1 (out [6])
10024 18:55:53 write(6, "\10", 1)       = 1
10024 18:55:53 select(8, [3 5], [], NULL, NULL) = 1 (in [5])
10024 18:55:54 read(5, "g", 16384)      = 1
10024 18:55:54 select(8, [3 5], [3], NULL, NULL) = 1 (out [3])
10024 18:55:54 write(3, "\335<\321y\202g\311)\357\262G\234D\207E\271Pnyn\204\302.\341\207\f\205 \325\200\230\34"..., 48) = 48
10024 18:55:54 select(8, [3 5], [], NULL, NULL) = 1 (in [3])
10024 18:55:54 read(3, "\331h\257\370\27\255J\305\221\2503\254\33\276\35RjO\311\201\250\203\270\233\242\277\23\207Z\247\260\356"..., 8192) = 48
10024 18:55:54 select(8, [3 5], [6], NULL, NULL) = 1 (out [6])
10024 18:55:54 write(6, "go\10", 3)     = 3
10024 18:55:54 select(8, [3 5], [], NULL, NULL) = 1 (in [5])
10024 18:55:54 read(5, "g", 16384)      = 1
10024 18:55:54 select(8, [3 5], [3], NULL, NULL) = 1 (out [3])
10024 18:55:54 write(3, "\3125\241\264\344\336\260\343\213O\315\277\35hK\355\343\213p\302\304\215\323\214c\365\263P\323<'t"..., 48) = 48
10024 18:55:54 select(8, [3 5], [], NULL, NULL) = 1 (in [3])
10024 18:55:54 read(3, "\342\253)\27TU\206\35-\203H\340\352\10l1\5V^\326!f|\302b\330`\36\370(\261e"..., 8192) = 48
10024 18:55:54 select(8, [3 5], [6], NULL, NULL) = 1 (out [6])
10024 18:55:54 write(6, "go\10", 3)     = 3
10024 18:55:54 select(8, [3 5], [], NULL, NULL) = 1 (in [5])
10024 18:55:55 read(5, "g", 16384)      = 1
10024 18:55:55 select(8, [3 5], [3], NULL, NULL) = 1 (out [3])
10024 18:55:55 write(3, "2o~\312\0\216\300T\216\335=\350\30\v\vc<\271\363$\205\252\234\221\343\332\270W\275Q\305\22"..., 48) = 48
10024 18:55:55 select(8, [3 5], [], NULL, NULL) = 1 (in [3])
10024 18:55:55 read(3, "rO(\261S\226\212m\352\21\215\216\v\225@\1MEa\224EJkI\16u\326\33\2u]\322"..., 8192) = 48
10024 18:55:55 select(8, [3 5], [6], NULL, NULL) = 1 (out [6])
10024 18:55:55 write(6, "go\10", 3)     = 3
10024 18:55:55 select(8, [3 5], [], NULL, NULL) = 1 (in [5])
10024 18:55:56 read(5, "\33[C", 16384)  = 3
10024 18:55:56 select(8, [3 5], [3], NULL, NULL) = 1 (out [3])
10024 18:55:56 write(3, "j\257\37\300\4gPJ8\212T~\20>\234\361&m\211\330\213\t\326Jr\243\317*1\327\245\23"..., 48) = 48
10024 18:55:56 select(8, [3 5], [], NULL, NULL) = 1 (in [3])
10024 18:55:56 read(3, "B?\207Z\277\35~\207p\f|\352\301l\203\316\303v\3208b\205\351l7\2631\237\217\330\272\31"..., 8192) = 48
10024 18:55:56 select(8, [3 5], [6], NULL, NULL) = 1 (out [6])
10024 18:55:56 write(6, "\33[C", 3)     = 3
10024 18:55:56 select(8, [3 5], [], NULL, NULL) = 1 (in [5])
10024 18:56:22 read(5, "\r", 16384)     = 1
10024 18:56:22 select(8, [3 5], [3], NULL, NULL) = 1 (out [3])
10024 18:56:22 write(3, "\34\\\244a\372\313\371:<\222\226U:3`6z\233\207.\"\362\264\10\240\366|\35\304\20\0164"..., 48) = 48
10024 18:56:22 select(8, [3 5], [], NULL, NULL) = 1 (in [3])
10024 18:56:22 read(3, "4\17)\313\357f\220{\346\312]\334U\356\3720y\372\236c\322\252\256\305\215\321\204\311k\313\2\303"..., 8192) = 48
10024 18:56:22 select(8, [3 5], [6], NULL, NULL) = 1 (out [6])
10024 18:56:22 write(6, "\r\n", 2)      = 2
10024 18:56:22 select(8, [3 5], [], NULL, NULL) = 1 (in [3])
10024 18:56:22 read(3, "\31\213D\3q\7\233\362S\334`\3217\30\322\237\231\314\t8\310}\03609\222\361\265z\33$\361"..., 8192) = 80
10024 18:56:22 select(8, [3 5], [6], NULL, NULL) = 1 (out [6])
10024 18:56:22 write(6, "-bash: ifcgggo: command not foun"..., 35) = 35
10024 18:56:22 select(8, [3 5], [], NULL, NULL) = 1 (in [3])
10024 18:56:22 read(3, "qv\225\316|\2238\237l\235\260\370\3407\3102q\\Z\312\364\\\7%$6\367O\310\"\307>"..., 8192) = 112
10024 18:56:22 select(8, [3 5], [6], NULL, NULL) = 1 (out [6])
10024 18:56:22 write(6, "\33]0;root@PR-2-3:~\7", 18) = 18
10024 18:56:22 select(8, [3 5], [], NULL, NULL) = 1 (in [3])
10024 18:56:22 read(3, "\203\201\t\237\10\202\354\7\323r\27\256q\253\362N\251\6\25\215p\347\37\321\240\204\364\200\366_,X"..., 8192) = 80
10024 18:56:22 select(8, [3 5], [6], NULL, NULL) = 1 (out [6])
10024 18:56:22 write(6, "(FUDE-0.4.2@x86_64)[root@PR-2-3 "..., 35) = 35
10024 18:56:22 select(8, [3 5], [], NULL, NULL) = 1 (in [5])
10024 18:56:24 read(5, "e", 16384)      = 1
10024 18:56:24 select(8, [3 5], [3], NULL, NULL) = 1 (out [3])
10024 18:56:24 write(3, "\237\335\n=\264\4Z\257\0\231\333l\335 \351;\337\365n@z\262\243\355i\305@\245x\374\335O"..., 48) = 48
10024 18:56:24 select(8, [3 5], [], NULL, NULL) = 1 (in [3])
10024 18:56:24 read(3, "i\262\10t\34\216\325\254\222\243\351\222d\232\25\35\303\351\301t\23\206\37L`\4\327'n\267\307\265"..., 8192) = 48
10024 18:56:24 select(8, [3 5], [6], NULL, NULL) = 1 (out [6])
10024 18:56:24 write(6, "e", 1)         = 1
10024 18:56:24 select(8, [3 5], [], NULL, NULL) = 1 (in [5])
10024 18:56:24 read(5, "x", 16384)      = 1
10024 18:56:24 select(8, [3 5], [3], NULL, NULL) = 1 (out [3])
10024 18:56:24 write(3, "nl\263\331x\351\22\210Z\234&yvZIj\5)U|\306=\365\316n\270tsHJ\"\264"..., 48) = 48
10024 18:56:24 select(8, [3 5], [], NULL, NULL) = 1 (in [3])
10024 18:56:24 read(3, "\371S\2051\10\310\272\17!\253c^\220\245\212\217B\233[\371\17y\326%\2033 \323\31H\204\326"..., 8192) = 48
10024 18:56:24 select(8, [3 5], [6], NULL, NULL) = 1 (out [6])
10024 18:56:24 write(6, "x", 1)         = 1
10024 18:56:24 select(8, [3 5], [], NULL, NULL) = 1 (in [5])
10024 18:56:24 read(5, "i", 16384)      = 1
10024 18:56:24 select(8, [3 5], [3], NULL, NULL) = 1 (out [3])
10024 18:56:24 write(3, "0t\r\320\337\321\213\302{\210\377\314|wN\333Ff>\267\25\4\315z\27\3077`\352\363\4\222"..., 48) = 48
10024 18:56:24 select(8, [3 5], [], NULL, NULL) = 1 (in [3])
10024 18:56:24 read(3, "\314T\2718\311T\v\223\256\325\312\331\266a(\1\245\274\216`>\4&~\300f)M\326?\260\276"..., 8192) = 48
10024 18:56:24 select(8, [3 5], [6], NULL, NULL) = 1 (out [6])
10024 18:56:24 write(6, "i", 1)         = 1
10024 18:56:24 select(8, [3 5], [], NULL, NULL) = 1 (in [5])
10024 18:56:24 read(5, "t", 16384)      = 1
10024 18:56:24 select(8, [3 5], [3], NULL, NULL) = 1 (out [3])
10024 18:56:24 write(3, "x\22\34C\306\343d\304\240\370@\2\257Oi\213]JU\217\365\214\232\254\22\346%\312\234\344\320\304"..., 48) = 48
10024 18:56:24 select(8, [3 5], [], NULL, NULL) = 1 (in [3])
10024 18:56:24 read(3, "\32\254\260\246\357\364\310\222\306W\241\347\266u\6<\337Q^\350\351\300}\6\0\305[\234S\355\26\200"..., 8192) = 48
10024 18:56:24 select(8, [3 5], [6], NULL, NULL) = 1 (out [6])
10024 18:56:24 write(6, "t", 1)         = 1
10024 18:56:24 select(8, [3 5], [], NULL, NULL) = 1 (in [5])
10024 18:56:24 read(5, "\r", 16384)     = 1
10024 18:56:24 select(8, [3 5], [3], NULL, NULL) = 1 (out [3])
10024 18:56:24 write(3, "\4\326U\277;$\211\363\322\336\300\20\224D\255\300m$|\317<-\23k\227 K\207\321 h#"..., 48) = 48
10024 18:56:24 select(8, [3 5], [], NULL, NULL) = 1 (in [3])
10024 18:56:24 read(3, "\334\215\340)<NT\325\356\f\340Mq\372)T\1\2555\321\4v@\3U\307\226\330oq8\v"..., 8192) = 96
10024 18:56:24 select(8, [3 5], [6], NULL, NULL) = 1 (out [6])
10024 18:56:24 write(6, "\r\nlogout\r\n", 10) = 10
10024 18:56:24 select(8, [3 5], [], NULL, NULL) = 1 (in [3])
10024 18:56:24 read(3, "\t\315:\3\222p<\253\332\321OY\n\216\207(\276\225\235\221\307\355x,`\232\7.\224\214R\315"..., 8192) = 48
10024 18:56:24 select(8, [3 5], [6], NULL, NULL) = 1 (out [6])
10024 18:56:24 write(6, "\33[H\33[2J", 7) = 7
10024 18:56:24 select(8, [3 5], [], NULL, NULL) = 1 (in [3])
10024 18:56:24 read(3, "\265~%\366Ea\240>[\207\20\\\365G\230\207\205y\315\3059\4\323\3h\317S\303p\232\350\377"..., 8192) = 128
10024 18:56:24 close(6)                 = 0
10024 18:56:24 close(5)                 = 0
10024 18:56:24 ioctl(0, SNDCTL_TMR_STOP or TCSETSW, {B38400 opost isig icanon echo ...}) = 0
10024 18:56:24 close(7)                 = 0
10024 18:56:24 select(8, [3], [3], NULL, NULL) = 1 (out [3])
10024 18:56:24 write(3, "\205\260\16\264\177\322\315\356\275\201\251\36\227+\221B \16\343\254\254\272*\304%\205\25X\177\350f\334", 32) = 32
10024 18:56:24 rt_sigaction(SIGWINCH, NULL, {0x7fd358459c80, [], SA_RESTORER, 0x7fd355fb4920}, 8) = 0
10024 18:56:24 rt_sigaction(SIGWINCH, {SIG_DFL, [], SA_RESTORER, 0x7fd355fb4920}, NULL, 8) = 0
10024 18:56:24 write(3, "\351e_\37\366\374\236=b\325\34&\30xj\7\244\3502\2558\365\341|0G\265\274|\323_>"..., 64) = 64
10024 18:56:24 ioctl(0, SNDCTL_TMR_TIMEBASE or TCGETS, {B38400 opost isig icanon echo ...}) = 0
10024 18:56:24 ioctl(1, SNDCTL_TMR_TIMEBASE or TCGETS, {B38400 opost isig icanon echo ...}) = 0
10024 18:56:24 ioctl(2, SNDCTL_TMR_TIMEBASE or TCGETS, {B38400 opost isig icanon echo ...}) = 0
10024 18:56:24 write(2, "Connection to 192.167.2.3 closed"..., 35) = 35
10024 18:56:24 shutdown(3, 2 /* send and receive */) = 0
10024 18:56:24 close(3)                 = 0
10024 18:56:24 exit_group(127)          = ?
