31916 17:12:44 select(4, [3], NULL, NULL, NULL) = 1 (in [3])
31916 17:12:44 read(3, "\7X\352yn\10\30\16\3754\361Z\373\363a\244t\223\261\200\335\374\3325\31\226\357,\242\365\376\341"..., 8192) = 48
31916 17:12:44 write(3, "\"2<7(\340\1\362\30\377l(\314\264\3078\26P\24a\322\323\343\rw\21\375m3\350\201\230"..., 64) = 64
31916 17:12:44 select(4, [3], NULL, NULL, NULL) = 1 (in [3])
31916 17:12:44 read(3, "W\0=]Y\177\211\232\255\36\373\304\215\202\210\261\366>\350\232G\237j\346\373u\217O/\33\314\341"..., 8192) = 80
31916 17:12:44 getpeername(3, {sa_family=AF_INET, sin_port=htons(22), sin_addr=inet_addr("192.167.2.3")}, [16]) = 0
31916 17:12:44 open("/etc/protocols", O_RDONLY|O_CLOEXEC) = 5
31916 17:12:44 fstat(5, {st_mode=S_IFREG|0644, st_size=6455, ...}) = 0
31916 17:12:44 mmap(NULL, 4096, PROT_READ|PROT_WRITE, MAP_PRIVATE|MAP_ANONYMOUS, -1, 0) = 0x7fd667da9000
31916 17:12:44 read(5, "# /etc/protocols:\n# $Id: protoco"..., 4096) = 4096
31916 17:12:44 close(5)                 = 0
31916 17:12:44 munmap(0x7fd667da9000, 4096) = 0
31916 17:12:44 getsockopt(3, SOL_IP, IP_OPTIONS, "", [0]) = 0
31916 17:12:44 socket(PF_FILE, SOCK_STREAM|SOCK_CLOEXEC|SOCK_NONBLOCK, 0) = 5
31916 17:12:44 connect(5, {sa_family=AF_FILE, path="/var/run/nscd/socket"}, 110) = -1 ENOENT (No such file or directory)
31916 17:12:44 close(5)                 = 0
31916 17:12:44 socket(PF_FILE, SOCK_STREAM|SOCK_CLOEXEC|SOCK_NONBLOCK, 0) = 5
31916 17:12:44 connect(5, {sa_family=AF_FILE, path="/var/run/nscd/socket"}, 110) = -1 ENOENT (No such file or directory)
31916 17:12:44 close(5)                 = 0
31916 17:12:44 open("/etc/resolv.conf", O_RDONLY) = 5
31916 17:12:44 fstat(5, {st_mode=S_IFREG|0644, st_size=228, ...}) = 0
31916 17:12:44 mmap(NULL, 4096, PROT_READ|PROT_WRITE, MAP_PRIVATE|MAP_ANONYMOUS, -1, 0) = 0x7fd667da9000
31916 17:12:44 read(5, "# Generated by NetworkManager\n\n\n"..., 4096) = 228
31916 17:12:44 read(5, "", 4096)        = 0
31916 17:12:44 close(5)                 = 0
31916 17:12:44 munmap(0x7fd667da9000, 4096) = 0
31916 17:12:44 uname({sys="Linux", node="zabbixserver-6-21", ...}) = 0
31916 17:12:44 open("/etc/host.conf", O_RDONLY) = 5
31916 17:12:44 fstat(5, {st_mode=S_IFREG|0644, st_size=9, ...}) = 0
31916 17:12:44 mmap(NULL, 4096, PROT_READ|PROT_WRITE, MAP_PRIVATE|MAP_ANONYMOUS, -1, 0) = 0x7fd667da9000
31916 17:12:44 read(5, "multi on\n", 4096) = 9
31916 17:12:44 read(5, "", 4096)        = 0
31916 17:12:44 close(5)                 = 0
31916 17:12:44 munmap(0x7fd667da9000, 4096) = 0
31916 17:12:44 futex(0x7fd665c75384, FUTEX_WAKE_PRIVATE, 2147483647) = 0
31916 17:12:44 open("/etc/hosts", O_RDONLY|O_CLOEXEC) = 5
31916 17:12:44 fstat(5, {st_mode=S_IFREG|0644, st_size=217, ...}) = 0
31916 17:12:44 mmap(NULL, 4096, PROT_READ|PROT_WRITE, MAP_PRIVATE|MAP_ANONYMOUS, -1, 0) = 0x7fd667da9000
31916 17:12:44 read(5, "127.0.0.1   localhost localhost."..., 4096) = 217
31916 17:12:44 read(5, "", 4096)        = 0
31916 17:12:44 close(5)                 = 0
31916 17:12:44 munmap(0x7fd667da9000, 4096) = 0
31916 17:12:44 open("/opt/FUDE-1.0/fude/lib/libnss_dns.so.2", O_RDONLY) = -1 ENOENT (No such file or directory)
31916 17:12:44 open("/opt/FUDE-1.0/utils/lib/libnss_dns.so.2", O_RDONLY) = -1 ENOENT (No such file or directory)
31916 17:12:44 open("/opt/FUDE-1.0/log/lib/libnss_dns.so.2", O_RDONLY) = -1 ENOENT (No such file or directory)
31916 17:12:44 open("/opt/FUDE-1.0/netsnmp/lib/libnss_dns.so.2", O_RDONLY) = -1 ENOENT (No such file or directory)
31916 17:12:44 open("/opt/FUDE-1.0/python/lib/libnss_dns.so.2", O_RDONLY) = -1 ENOENT (No such file or directory)
31916 17:12:44 open("/opt/FUDE-1.0/boost/lib/libnss_dns.so.2", O_RDONLY) = -1 ENOENT (No such file or directory)
31916 17:12:44 open("/opt/FUDE-1.0/cppunit/lib/libnss_dns.so.2", O_RDONLY) = -1 ENOENT (No such file or directory)
31916 17:12:44 open("/opt/FUDE-1.0/TAO/ACE_wrappers/lib/libnss_dns.so.2", O_RDONLY) = -1 ENOENT (No such file or directory)
31916 17:12:44 open("tls/x86_64/libnss_dns.so.2", O_RDONLY) = -1 ENOENT (No such file or directory)
31916 17:12:44 open("tls/libnss_dns.so.2", O_RDONLY) = -1 ENOENT (No such file or directory)
31916 17:12:44 open("x86_64/libnss_dns.so.2", O_RDONLY) = -1 ENOENT (No such file or directory)
31916 17:12:44 open("libnss_dns.so.2", O_RDONLY) = -1 ENOENT (No such file or directory)
31916 17:12:44 open("/etc/ld.so.cache", O_RDONLY) = 5
31916 17:12:44 fstat(5, {st_mode=S_IFREG|0644, st_size=207633, ...}) = 0
31916 17:12:44 mmap(NULL, 207633, PROT_READ, MAP_PRIVATE, 5, 0) = 0x7fd667d77000
31916 17:12:44 close(5)                 = 0
31916 17:12:44 open("/lib64/libnss_dns.so.2", O_RDONLY) = 5
31916 17:12:44 read(5, "\177ELF\2\1\1\0\0\0\0\0\0\0\0\0\3\0>\0\1\0\0\0\0\20\0\0\0\0\0\0"..., 832) = 832
31916 17:12:44 fstat(5, {st_mode=S_IFREG|0755, st_size=27424, ...}) = 0
31916 17:12:44 mmap(NULL, 2117880, PROT_READ|PROT_EXEC, MAP_PRIVATE|MAP_DENYWRITE, 5, 0) = 0x7fd6641d4000
31916 17:12:44 mprotect(0x7fd6641d9000, 2093056, PROT_NONE) = 0
31916 17:12:44 mmap(0x7fd6643d8000, 8192, PROT_READ|PROT_WRITE, MAP_PRIVATE|MAP_FIXED|MAP_DENYWRITE, 5, 0x4000) = 0x7fd6643d8000
31916 17:12:44 close(5)                 = 0
31916 17:12:44 mprotect(0x7fd6643d8000, 4096, PROT_READ) = 0
31916 17:12:44 munmap(0x7fd667d77000, 207633) = 0
31916 17:12:44 futex(0x7fd6652792e8, FUTEX_WAKE_PRIVATE, 2147483647) = 0
31916 17:12:44 futex(0x7fd665279270, FUTEX_WAKE_PRIVATE, 2147483647) = 0
31916 17:12:44 futex(0x7fd666901fd0, FUTEX_WAKE_PRIVATE, 2147483647) = 0
31916 17:12:44 stat("/etc/gss/mech", 0x7fff9250e260) = -1 ENOENT (No such file or directory)
31916 17:12:44 stat("/etc/gss/mech", 0x7fff9250e1b0) = -1 ENOENT (No such file or directory)
31916 17:12:44 futex(0x7fd6666c0200, FUTEX_WAKE_PRIVATE, 2147483647) = 0
31916 17:12:44 futex(0x7fd6666c0600, FUTEX_WAKE_PRIVATE, 2147483647) = 0
31916 17:12:44 stat("/etc/krb5.conf", {st_mode=S_IFREG|0644, st_size=449, ...}) = 0
31916 17:12:44 open("/etc/krb5.conf", O_RDONLY) = 5
31916 17:12:44 fcntl(5, F_SETFD, FD_CLOEXEC) = 0
31916 17:12:44 fstat(5, {st_mode=S_IFREG|0644, st_size=449, ...}) = 0
31916 17:12:44 mmap(NULL, 4096, PROT_READ|PROT_WRITE, MAP_PRIVATE|MAP_ANONYMOUS, -1, 0) = 0x7fd667da9000
31916 17:12:44 read(5, "[logging]\n default = FILE:/var/l"..., 4096) = 449
31916 17:12:44 read(5, "", 4096)        = 0
31916 17:12:44 close(5)                 = 0
31916 17:12:44 munmap(0x7fd667da9000, 4096) = 0
31916 17:12:44 open("/dev/urandom", O_RDONLY) = 5
31916 17:12:44 fcntl(5, F_SETFD, FD_CLOEXEC) = 0
31916 17:12:44 fstat(5, {st_mode=S_IFCHR|0666, st_rdev=makedev(1, 9), ...}) = 0
31916 17:12:44 read(5, "`,\336\334\254\341\206\216\227\274\353\r\233\243\303\22\240MTr", 20) = 20
31916 17:12:44 close(5)                 = 0
31916 17:12:44 futex(0x7fd6663e12d0, FUTEX_WAKE_PRIVATE, 2147483647) = 0
31916 17:12:44 socket(PF_NETLINK, SOCK_RAW, 0) = 5
31916 17:12:44 bind(5, {sa_family=AF_NETLINK, pid=0, groups=00000000}, 12) = 0
31916 17:12:44 getsockname(5, {sa_family=AF_NETLINK, pid=31916, groups=00000000}, [12]) = 0
31916 17:12:44 sendto(5, "\24\0\0\0\26\0\1\3\214\25\231Z\0\0\0\0\0\0\0\0", 20, 0, {sa_family=AF_NETLINK, pid=0, groups=00000000}, 12) = 20
31916 17:12:44 recvmsg(5, {msg_name(12)={sa_family=AF_NETLINK, pid=0, groups=00000000}, msg_iov(1)=[{"0\0\0\0\24\0\2\0\214\25\231Z\254|\0\0\2\10\200\376\1\0\0\0\10\0\1\0\177\0\0\1"..., 4096}], msg_controllen=0, msg_flags=0}, 0) = 108
31916 17:12:44 recvmsg(5, {msg_name(12)={sa_family=AF_NETLINK, pid=0, groups=00000000}, msg_iov(1)=[{"@\0\0\0\24\0\2\0\214\25\231Z\254|\0\0\n\200\200\376\1\0\0\0\24\0\1\0\0\0\0\0"..., 4096}], msg_controllen=0, msg_flags=0}, 0) = 128
31916 17:12:44 recvmsg(5, {msg_name(12)={sa_family=AF_NETLINK, pid=0, groups=00000000}, msg_iov(1)=[{"\24\0\0\0\3\0\2\0\214\25\231Z\254|\0\0\0\0\0\0\1\0\0\0\24\0\1\0\0\0\0\0"..., 4096}], msg_controllen=0, msg_flags=0}, 0) = 20
31916 17:12:44 close(5)                 = 0
31916 17:12:44 open("/etc/hosts", O_RDONLY|O_CLOEXEC) = 5
31916 17:12:44 fstat(5, {st_mode=S_IFREG|0644, st_size=217, ...}) = 0
31916 17:12:44 mmap(NULL, 4096, PROT_READ|PROT_WRITE, MAP_PRIVATE|MAP_ANONYMOUS, -1, 0) = 0x7fd667da9000
31916 17:12:44 read(5, "127.0.0.1   localhost localhost."..., 4096) = 217
31916 17:12:44 read(5, "", 4096)        = 0
31916 17:12:44 close(5)                 = 0
31916 17:12:44 munmap(0x7fd667da9000, 4096) = 0
31916 17:12:44 stat("/etc/krb5.conf", {st_mode=S_IFREG|0644, st_size=449, ...}) = 0
31916 17:12:44 open("/etc/krb5.conf", O_RDONLY) = 5
31916 17:12:44 fcntl(5, F_SETFD, FD_CLOEXEC) = 0
31916 17:12:44 fstat(5, {st_mode=S_IFREG|0644, st_size=449, ...}) = 0
31916 17:12:44 mmap(NULL, 4096, PROT_READ|PROT_WRITE, MAP_PRIVATE|MAP_ANONYMOUS, -1, 0) = 0x7fd667da9000
31916 17:12:44 read(5, "[logging]\n default = FILE:/var/l"..., 4096) = 449
31916 17:12:44 read(5, "", 4096)        = 0
31916 17:12:44 close(5)                 = 0
31916 17:12:44 munmap(0x7fd667da9000, 4096) = 0
31916 17:12:44 open("/dev/urandom", O_RDONLY) = 5
31916 17:12:44 fcntl(5, F_SETFD, FD_CLOEXEC) = 0
31916 17:12:44 fstat(5, {st_mode=S_IFCHR|0666, st_rdev=makedev(1, 9), ...}) = 0
31916 17:12:44 read(5, "l\262\331}6\231!\312V\316R\263\16\v\241bU\5v\370", 20) = 20
31916 17:12:44 close(5)                 = 0
31916 17:12:44 socket(PF_NETLINK, SOCK_RAW, 0) = 5
31916 17:12:44 bind(5, {sa_family=AF_NETLINK, pid=0, groups=00000000}, 12) = 0
31916 17:12:44 getsockname(5, {sa_family=AF_NETLINK, pid=31916, groups=00000000}, [12]) = 0
31916 17:12:44 sendto(5, "\24\0\0\0\26\0\1\3\214\25\231Z\0\0\0\0\0\0\0\0", 20, 0, {sa_family=AF_NETLINK, pid=0, groups=00000000}, 12) = 20
31916 17:12:44 recvmsg(5, {msg_name(12)={sa_family=AF_NETLINK, pid=0, groups=00000000}, msg_iov(1)=[{"0\0\0\0\24\0\2\0\214\25\231Z\254|\0\0\2\10\200\376\1\0\0\0\10\0\1\0\177\0\0\1"..., 4096}], msg_controllen=0, msg_flags=0}, 0) = 108
31916 17:12:44 recvmsg(5, {msg_name(12)={sa_family=AF_NETLINK, pid=0, groups=00000000}, msg_iov(1)=[{"@\0\0\0\24\0\2\0\214\25\231Z\254|\0\0\n\200\200\376\1\0\0\0\24\0\1\0\0\0\0\0"..., 4096}], msg_controllen=0, msg_flags=0}, 0) = 128
31916 17:12:44 recvmsg(5, {msg_name(12)={sa_family=AF_NETLINK, pid=0, groups=00000000}, msg_iov(1)=[{"\24\0\0\0\3\0\2\0\214\25\231Z\254|\0\0\0\0\0\0\1\0\0\0\24\0\1\0\0\0\0\0"..., 4096}], msg_controllen=0, msg_flags=0}, 0) = 20
31916 17:12:44 close(5)                 = 0
31916 17:12:44 open("/etc/hosts", O_RDONLY|O_CLOEXEC) = 5
31916 17:12:44 fstat(5, {st_mode=S_IFREG|0644, st_size=217, ...}) = 0
31916 17:12:44 mmap(NULL, 4096, PROT_READ|PROT_WRITE, MAP_PRIVATE|MAP_ANONYMOUS, -1, 0) = 0x7fd667da9000
31916 17:12:44 read(5, "127.0.0.1   localhost localhost."..., 4096) = 217
31916 17:12:44 read(5, "", 4096)        = 0
31916 17:12:44 close(5)                 = 0
31916 17:12:44 munmap(0x7fd667da9000, 4096) = 0
31916 17:12:44 stat("/etc/krb5.conf", {st_mode=S_IFREG|0644, st_size=449, ...}) = 0
31916 17:12:44 open("/etc/krb5.conf", O_RDONLY) = 5
31916 17:12:44 fcntl(5, F_SETFD, FD_CLOEXEC) = 0
31916 17:12:44 fstat(5, {st_mode=S_IFREG|0644, st_size=449, ...}) = 0
31916 17:12:44 mmap(NULL, 4096, PROT_READ|PROT_WRITE, MAP_PRIVATE|MAP_ANONYMOUS, -1, 0) = 0x7fd667da9000
31916 17:12:44 read(5, "[logging]\n default = FILE:/var/l"..., 4096) = 449
31916 17:12:44 read(5, "", 4096)        = 0
31916 17:12:44 close(5)                 = 0
31916 17:12:44 munmap(0x7fd667da9000, 4096) = 0
31916 17:12:44 open("/dev/urandom", O_RDONLY) = 5
31916 17:12:44 fcntl(5, F_SETFD, FD_CLOEXEC) = 0
31916 17:12:44 fstat(5, {st_mode=S_IFCHR|0666, st_rdev=makedev(1, 9), ...}) = 0
31916 17:12:44 read(5, "\267}\327AU*[Lo\324b\177\33\234\343KEmkW", 20) = 20
31916 17:12:44 close(5)                 = 0
31916 17:12:44 socket(PF_NETLINK, SOCK_RAW, 0) = 5
31916 17:12:44 bind(5, {sa_family=AF_NETLINK, pid=0, groups=00000000}, 12) = 0
31916 17:12:44 getsockname(5, {sa_family=AF_NETLINK, pid=31916, groups=00000000}, [12]) = 0
31916 17:12:44 sendto(5, "\24\0\0\0\26\0\1\3\214\25\231Z\0\0\0\0\0\0\0\0", 20, 0, {sa_family=AF_NETLINK, pid=0, groups=00000000}, 12) = 20
31916 17:12:44 recvmsg(5, {msg_name(12)={sa_family=AF_NETLINK, pid=0, groups=00000000}, msg_iov(1)=[{"0\0\0\0\24\0\2\0\214\25\231Z\254|\0\0\2\10\200\376\1\0\0\0\10\0\1\0\177\0\0\1"..., 4096}], msg_controllen=0, msg_flags=0}, 0) = 108
31916 17:12:44 recvmsg(5, {msg_name(12)={sa_family=AF_NETLINK, pid=0, groups=00000000}, msg_iov(1)=[{"@\0\0\0\24\0\2\0\214\25\231Z\254|\0\0\n\200\200\376\1\0\0\0\24\0\1\0\0\0\0\0"..., 4096}], msg_controllen=0, msg_flags=0}, 0) = 128
31916 17:12:44 recvmsg(5, {msg_name(12)={sa_family=AF_NETLINK, pid=0, groups=00000000}, msg_iov(1)=[{"\24\0\0\0\3\0\2\0\214\25\231Z\254|\0\0\0\0\0\0\1\0\0\0\24\0\1\0\0\0\0\0"..., 4096}], msg_controllen=0, msg_flags=0}, 0) = 20
31916 17:12:44 close(5)                 = 0
31916 17:12:44 open("/etc/hosts", O_RDONLY|O_CLOEXEC) = 5
31916 17:12:44 fstat(5, {st_mode=S_IFREG|0644, st_size=217, ...}) = 0
31916 17:12:44 mmap(NULL, 4096, PROT_READ|PROT_WRITE, MAP_PRIVATE|MAP_ANONYMOUS, -1, 0) = 0x7fd667da9000
31916 17:12:44 read(5, "127.0.0.1   localhost localhost."..., 4096) = 217
31916 17:12:44 read(5, "", 4096)        = 0
31916 17:12:44 close(5)                 = 0
31916 17:12:44 munmap(0x7fd667da9000, 4096) = 0
31916 17:12:44 stat("/etc/krb5.conf", {st_mode=S_IFREG|0644, st_size=449, ...}) = 0
31916 17:12:44 open("/etc/krb5.conf", O_RDONLY) = 5
31916 17:12:44 fcntl(5, F_SETFD, FD_CLOEXEC) = 0
31916 17:12:44 fstat(5, {st_mode=S_IFREG|0644, st_size=449, ...}) = 0
31916 17:12:44 mmap(NULL, 4096, PROT_READ|PROT_WRITE, MAP_PRIVATE|MAP_ANONYMOUS, -1, 0) = 0x7fd667da9000
31916 17:12:44 read(5, "[logging]\n default = FILE:/var/l"..., 4096) = 449
31916 17:12:44 read(5, "", 4096)        = 0
31916 17:12:44 close(5)                 = 0
31916 17:12:44 munmap(0x7fd667da9000, 4096) = 0
31916 17:12:44 open("/dev/urandom", O_RDONLY) = 5
31916 17:12:44 fcntl(5, F_SETFD, FD_CLOEXEC) = 0
31916 17:12:44 fstat(5, {st_mode=S_IFCHR|0666, st_rdev=makedev(1, 9), ...}) = 0
31916 17:12:44 read(5, "5\307o\22\3635\376\307\316nA\354\270\261\7\255\311T~F", 20) = 20
31916 17:12:44 close(5)                 = 0
31916 17:12:44 socket(PF_NETLINK, SOCK_RAW, 0) = 5
31916 17:12:44 bind(5, {sa_family=AF_NETLINK, pid=0, groups=00000000}, 12) = 0
31916 17:12:44 getsockname(5, {sa_family=AF_NETLINK, pid=31916, groups=00000000}, [12]) = 0
31916 17:12:44 sendto(5, "\24\0\0\0\26\0\1\3\214\25\231Z\0\0\0\0\0\0\0\0", 20, 0, {sa_family=AF_NETLINK, pid=0, groups=00000000}, 12) = 20
31916 17:12:44 recvmsg(5, {msg_name(12)={sa_family=AF_NETLINK, pid=0, groups=00000000}, msg_iov(1)=[{"0\0\0\0\24\0\2\0\214\25\231Z\254|\0\0\2\10\200\376\1\0\0\0\10\0\1\0\177\0\0\1"..., 4096}], msg_controllen=0, msg_flags=0}, 0) = 108
31916 17:12:44 recvmsg(5, {msg_name(12)={sa_family=AF_NETLINK, pid=0, groups=00000000}, msg_iov(1)=[{"@\0\0\0\24\0\2\0\214\25\231Z\254|\0\0\n\200\200\376\1\0\0\0\24\0\1\0\0\0\0\0"..., 4096}], msg_controllen=0, msg_flags=0}, 0) = 128
31916 17:12:44 recvmsg(5, {msg_name(12)={sa_family=AF_NETLINK, pid=0, groups=00000000}, msg_iov(1)=[{"\24\0\0\0\3\0\2\0\214\25\231Z\254|\0\0\0\0\0\0\1\0\0\0\24\0\1\0\0\0\0\0"..., 4096}], msg_controllen=0, msg_flags=0}, 0) = 20
31916 17:12:44 close(5)                 = 0
31916 17:12:44 open("/etc/hosts", O_RDONLY|O_CLOEXEC) = 5
31916 17:12:44 fstat(5, {st_mode=S_IFREG|0644, st_size=217, ...}) = 0
31916 17:12:44 mmap(NULL, 4096, PROT_READ|PROT_WRITE, MAP_PRIVATE|MAP_ANONYMOUS, -1, 0) = 0x7fd667da9000
31916 17:12:44 read(5, "127.0.0.1   localhost localhost."..., 4096) = 217
31916 17:12:44 read(5, "", 4096)        = 0
31916 17:12:44 close(5)                 = 0
31916 17:12:44 munmap(0x7fd667da9000, 4096) = 0
31916 17:12:44 stat("/root/.ssh/identity", 0x7fff9250e120) = -1 ENOENT (No such file or directory)
31916 17:12:44 stat("/root/.ssh/id_rsa", {st_mode=S_IFREG|0600, st_size=887, ...}) = 0
31916 17:12:44 open("/root/.ssh/id_rsa", O_RDONLY) = 5
31916 17:12:44 fstat(5, {st_mode=S_IFREG|0600, st_size=887, ...}) = 0
31916 17:12:44 getuid()                 = 0
31916 17:12:44 fcntl(5, F_GETFL)        = 0x8000 (flags O_RDONLY|O_LARGEFILE)
31916 17:12:44 fstat(5, {st_mode=S_IFREG|0600, st_size=887, ...}) = 0
31916 17:12:44 mmap(NULL, 4096, PROT_READ|PROT_WRITE, MAP_PRIVATE|MAP_ANONYMOUS, -1, 0) = 0x7fd667da9000
31916 17:12:44 lseek(5, 0, SEEK_CUR)    = 0
31916 17:12:44 read(5, "-----BEGIN RSA PRIVATE KEY-----\n"..., 4096) = 887
31916 17:12:44 close(5)                 = 0
31916 17:12:44 munmap(0x7fd667da9000, 4096) = 0
31916 17:12:44 write(3, "'\244\306\2460\263W(\31\353!\325\362\325\220\362d\247\332\30\275B\210[\377\324\334\217\257\312JD"..., 384) = 384
31916 17:12:44 select(4, [3], NULL, NULL, NULL) = 1 (in [3])
31916 17:12:44 read(3, "\232l\300\231(\24\370\31>s\372\24\17\34$D\21*\273\316\nI*\17\24y\33y\2106\0070"..., 8192) = 80
31916 17:12:44 stat("/root/.ssh/id_dsa", 0x7fff9250e120) = -1 ENOENT (No such file or directory)
31916 17:12:44 open("/dev/tty", O_RDWR) = 5
31916 17:12:44 close(5)                 = 0
31916 17:12:44 open("/dev/tty", O_RDWR) = 5
31916 17:12:44 rt_sigaction(SIGALRM, {0x7fd667df0430, [], SA_RESTORER, 0x7fd665917920}, {SIG_DFL, [], 0}, 8) = 0
31916 17:12:44 rt_sigaction(SIGHUP, {0x7fd667df0430, [], SA_RESTORER, 0x7fd665917920}, {SIG_DFL, [], 0}, 8) = 0
31916 17:12:44 rt_sigaction(SIGINT, {0x7fd667df0430, [], SA_RESTORER, 0x7fd665917920}, {SIG_DFL, [], 0}, 8) = 0
31916 17:12:44 rt_sigaction(SIGPIPE, {0x7fd667df0430, [], SA_RESTORER, 0x7fd665917920}, {SIG_IGN, [], SA_RESTORER, 0x7fd665917920}, 8) = 0
31916 17:12:44 rt_sigaction(SIGQUIT, {0x7fd667df0430, [], SA_RESTORER, 0x7fd665917920}, {SIG_DFL, [], 0}, 8) = 0
31916 17:12:44 rt_sigaction(SIGTERM, {0x7fd667df0430, [], SA_RESTORER, 0x7fd665917920}, {SIG_DFL, [], 0}, 8) = 0
31916 17:12:44 rt_sigaction(SIGTSTP, {0x7fd667df0430, [], SA_RESTORER, 0x7fd665917920}, {SIG_DFL, [], 0}, 8) = 0
31916 17:12:44 rt_sigaction(SIGTTIN, {0x7fd667df0430, [], SA_RESTORER, 0x7fd665917920}, {SIG_DFL, [], 0}, 8) = 0
31916 17:12:44 rt_sigaction(SIGTTOU, {0x7fd667df0430, [], SA_RESTORER, 0x7fd665917920}, {SIG_DFL, [], 0}, 8) = 0
31916 17:12:44 ioctl(5, SNDCTL_TMR_TIMEBASE or TCGETS, {B38400 opost isig icanon echo ...}) = 0
31916 17:12:44 ioctl(5, SNDCTL_TMR_CONTINUE or TCSETSF, {B38400 opost isig icanon -echo ...}) = 0
31916 17:12:44 write(5, "root@192.167.2.3's password: ", 29) = 29
31916 17:12:44 read(5, "1", 1)          = 1
31916 17:12:44 read(5, "2", 1)          = 1
31916 17:12:44 read(5, "3", 1)          = 1
31916 17:12:44 read(5, "4", 1)          = 1
31916 17:12:44 read(5, "5", 1)          = 1
31916 17:12:44 read(5, "6", 1)          = 1
31916 17:12:44 read(5, "\n", 1)         = 1
31916 17:12:44 write(5, "\n", 1)        = 1
31916 17:12:44 ioctl(5, SNDCTL_TMR_CONTINUE or TCSETSF, {B38400 opost isig icanon echo ...}) = 0
31916 17:12:44 rt_sigaction(SIGALRM, {SIG_DFL, [], SA_RESTORER, 0x7fd665917920}, NULL, 8) = 0
31916 17:12:44 rt_sigaction(SIGHUP, {SIG_DFL, [], SA_RESTORER, 0x7fd665917920}, NULL, 8) = 0
31916 17:12:44 rt_sigaction(SIGINT, {SIG_DFL, [], SA_RESTORER, 0x7fd665917920}, NULL, 8) = 0
31916 17:12:44 rt_sigaction(SIGQUIT, {SIG_DFL, [], SA_RESTORER, 0x7fd665917920}, NULL, 8) = 0
31916 17:12:44 rt_sigaction(SIGPIPE, {SIG_IGN, [], SA_RESTORER, 0x7fd665917920}, NULL, 8) = 0
31916 17:12:44 rt_sigaction(SIGTERM, {SIG_DFL, [], SA_RESTORER, 0x7fd665917920}, NULL, 8) = 0
31916 17:12:44 rt_sigaction(SIGTSTP, {SIG_DFL, [], SA_RESTORER, 0x7fd665917920}, NULL, 8) = 0
31916 17:12:44 rt_sigaction(SIGTTIN, {SIG_DFL, [], SA_RESTORER, 0x7fd665917920}, NULL, 8) = 0
31916 17:12:44 close(5)                 = 0
31916 17:12:44 write(3, "<S\326\f\306\274\3213\254\320\263\317\361\32\377S\261l\240\4\267\351l\10\370\221\370\307\261l\360~"..., 144) = 144
31916 17:12:44 select(4, [3], NULL, NULL, NULL) = 1 (in [3])
31916 17:12:44 read(3, "\5l!\36\302'M\343\241x48\317\202&N\333\201\330A}*\234\306*Xf\30\337\241\276c", 8192) = 32
31916 17:12:44 dup(0)                   = 5
31916 17:12:44 dup(1)                   = 6
31916 17:12:44 dup(2)                   = 7
31916 17:12:44 ioctl(5, SNDCTL_TMR_TIMEBASE or TCGETS, {B38400 opost isig icanon echo ...}) = 0
31916 17:12:44 ioctl(6, SNDCTL_TMR_TIMEBASE or TCGETS, {B38400 opost isig icanon echo ...}) = 0
31916 17:12:44 ioctl(7, SNDCTL_TMR_TIMEBASE or TCGETS, {B38400 opost isig icanon echo ...}) = 0
31916 17:12:44 fcntl(5, F_SETFD, FD_CLOEXEC) = 0
31916 17:12:44 fcntl(6, F_SETFD, FD_CLOEXEC) = 0
31916 17:12:44 fcntl(7, F_SETFD, FD_CLOEXEC) = 0
31916 17:12:44 ioctl(6, SNDCTL_TMR_TIMEBASE or TCGETS, {B38400 opost isig icanon echo ...}) = 0
31916 17:12:44 rt_sigaction(SIGHUP, NULL, {SIG_DFL, [], SA_RESTORER, 0x7fd665917920}, 8) = 0
31916 17:12:44 rt_sigaction(SIGHUP, {SIG_IGN, [], SA_RESTORER, 0x7fd665917920}, NULL, 8) = 0
31916 17:12:44 rt_sigaction(SIGHUP, NULL, {SIG_IGN, [], SA_RESTORER, 0x7fd665917920}, 8) = 0
31916 17:12:44 rt_sigaction(SIGHUP, {0x7fd667dbc5e0, [], SA_RESTORER, 0x7fd665917920}, NULL, 8) = 0
31916 17:12:44 rt_sigaction(SIGINT, NULL, {SIG_DFL, [], SA_RESTORER, 0x7fd665917920}, 8) = 0
31916 17:12:44 rt_sigaction(SIGINT, {SIG_IGN, [], SA_RESTORER, 0x7fd665917920}, NULL, 8) = 0
31916 17:12:44 rt_sigaction(SIGINT, NULL, {SIG_IGN, [], SA_RESTORER, 0x7fd665917920}, 8) = 0
31916 17:12:44 rt_sigaction(SIGINT, {0x7fd667dbc5e0, [], SA_RESTORER, 0x7fd665917920}, NULL, 8) = 0
31916 17:12:44 rt_sigaction(SIGQUIT, NULL, {SIG_DFL, [], SA_RESTORER, 0x7fd665917920}, 8) = 0
31916 17:12:44 rt_sigaction(SIGQUIT, {SIG_IGN, [], SA_RESTORER, 0x7fd665917920}, NULL, 8) = 0
31916 17:12:44 rt_sigaction(SIGQUIT, NULL, {SIG_IGN, [], SA_RESTORER, 0x7fd665917920}, 8) = 0
31916 17:12:44 rt_sigaction(SIGQUIT, {0x7fd667dbc5e0, [], SA_RESTORER, 0x7fd665917920}, NULL, 8) = 0
31916 17:12:44 rt_sigaction(SIGTERM, NULL, {SIG_DFL, [], SA_RESTORER, 0x7fd665917920}, 8) = 0
31916 17:12:44 rt_sigaction(SIGTERM, {SIG_IGN, [], SA_RESTORER, 0x7fd665917920}, NULL, 8) = 0
31916 17:12:44 rt_sigaction(SIGTERM, NULL, {SIG_IGN, [], SA_RESTORER, 0x7fd665917920}, 8) = 0
31916 17:12:44 rt_sigaction(SIGTERM, {0x7fd667dbc5e0, [], SA_RESTORER, 0x7fd665917920}, NULL, 8) = 0
31916 17:12:44 rt_sigaction(SIGWINCH, NULL, {SIG_DFL, [], 0}, 8) = 0
31916 17:12:44 rt_sigaction(SIGWINCH, {0x7fd667dbcc80, [], SA_RESTORER, 0x7fd665917920}, NULL, 8) = 0
31916 17:12:44 ioctl(0, SNDCTL_TMR_TIMEBASE or TCGETS, {B38400 opost isig icanon echo ...}) = 0
31916 17:12:44 ioctl(0, SNDCTL_TMR_STOP or TCSETSW, {B38400 -opost -isig -icanon -echo ...}) = 0
31916 17:12:44 select(8, [3], [3], NULL, NULL) = 1 (out [3])
31916 17:12:44 write(3, "\7c\223!\355\27\365\324\330\0\340\4!1\23\336h7/\302TL\241\274\325'\314\240\213\4\311]"..., 64) = 64
31916 17:12:44 select(8, [3], [], NULL, NULL) = 1 (in [3])
31916 17:12:44 read(3, "\4G\22s\344\0\4o\256\0103\241\17$\2618Kn\214\267\361\370\375_\27e\252*\325S]\224"..., 8192) = 48
31916 17:12:44 ioctl(0, TIOCGWINSZ, {ws_row=46, ws_col=84, ws_xpixel=0, ws_ypixel=0}) = 0
31916 17:12:44 getsockopt(3, SOL_TCP, TCP_NODELAY, [-2952480228598874112], [4]) = 0
31916 17:12:44 setsockopt(3, SOL_TCP, TCP_NODELAY, [1], 4) = 0
31916 17:12:44 getsockname(3, {sa_family=AF_INET, sin_port=htons(39525), sin_addr=inet_addr("192.168.6.21")}, [16]) = 0
31916 17:12:44 setsockopt(3, SOL_IP, IP_TOS, [16], 4) = 0
31916 17:12:44 select(8, [3], [3], NULL, NULL) = 1 (out [3])
31916 17:12:44 write(3, "\203*Y\223`\21\365\311\314\217\323\321sUB\22\6\347\266 \201\257P\210D\362\325I\305c\2042"..., 448) = 448
31916 17:12:44 select(8, [3], [], NULL, NULL) = 1 (in [3])
31916 17:12:44 read(3, "f\214\6\365\300\341D5\234\354\273\261P\241\302\4*j\0179\376\352\301\201\202cy\272ij\366\222"..., 8192) = 112
31916 17:12:44 select(8, [3 5], [], NULL, NULL) = 1 (in [3])
31916 17:12:44 read(3, "+f.U\20\305N\202OW\251?Sy\312R<\370\322\254[06\364\215\17\227Kt*2t"..., 8192) = 96
31916 17:12:44 select(8, [3 5], [6], NULL, NULL) = 1 (out [6])
31916 17:12:44 write(6, "Last login: Fri Mar  2 15:14:16 "..., 57) = 57
31916 17:12:44 select(8, [3 5], [], NULL, NULL) = 1 (in [3])
31916 17:12:44 read(3, ">v\26\352\306\256\272}\226\355@F\5JFd\274c\313\324\244riL\342\233\6.j;W1"..., 8192) = 112
31916 17:12:44 select(8, [3 5], [6], NULL, NULL) = 1 (out [6])
31916 17:12:44 write(6, "\33]0;root@PR-2-3:~\7", 18) = 18
31916 17:12:44 select(8, [3 5], [], NULL, NULL) = 1 (in [3])
31916 17:12:44 read(3, "s\245\1\353d}\177\371V\254\212\364m\252\376L\301u_F\366\233\316:0\350\242\277o\323\10F"..., 8192) = 80
31916 17:12:44 select(8, [3 5], [6], NULL, NULL) = 1 (out [6])
31916 17:12:44 write(6, "(FUDE-0.4.2@x86_64)[root@PR-2-3 "..., 35) = 35
31916 17:12:44 select(8, [3 5], [], NULL, NULL) = 1 (in [5])
31916 17:12:48 read(5, "i", 16384)      = 1
31916 17:12:48 select(8, [3 5], [3], NULL, NULL) = 1 (out [3])
31916 17:12:48 write(3, "\206\212\325H/6\320n\226g\255ON\t\234k4KZ\257\16H\374\35,\34|g-[\305\26"..., 48) = 48
31916 17:12:48 select(8, [3 5], [], NULL, NULL) = 1 (in [3])
31916 17:12:48 read(3, "\263\264q\205\254\203)\310\25W*;\10\2\323\362\302\v\27\243I\242g\375}\1@qy\344\232\265"..., 8192) = 48
31916 17:12:48 select(8, [3 5], [6], NULL, NULL) = 1 (out [6])
31916 17:12:48 write(6, "i", 1)         = 1
31916 17:12:48 select(8, [3 5], [], NULL, NULL) = 1 (in [5])
31916 17:12:48 read(5, "f", 16384)      = 1
31916 17:12:48 select(8, [3 5], [3], NULL, NULL) = 1 (out [3])
31916 17:12:48 write(3, "\275`{\r\\\361\363\332\212P\336\355\263^\273\236\366{9x\10U\231\25\205W9\206\\\35\375:"..., 48) = 48
31916 17:12:48 select(8, [3 5], [], NULL, NULL) = 1 (in [3])
31916 17:12:48 read(3, "\21\376\234Q\260f\31PT*\365\315\5\331\354\2427\235\6KBZ\231\17h\326\256\31\250\263%\7"..., 8192) = 48
31916 17:12:48 select(8, [3 5], [6], NULL, NULL) = 1 (out [6])
31916 17:12:48 write(6, "f", 1)         = 1
31916 17:12:48 select(8, [3 5], [], NULL, NULL) = 1 (in [5])
31916 17:12:48 read(5, "c", 16384)      = 1
31916 17:12:48 select(8, [3 5], [3], NULL, NULL) = 1 (out [3])
31916 17:12:48 write(3, "}W$\307\213lwh\f\5\261\4\274\252\223\350\25\314\312m\36Fw\220\307$\301a\257\240`\266"..., 48) = 48
31916 17:12:48 select(8, [3 5], [], NULL, NULL) = 1 (in [3])
31916 17:12:48 read(3, "-\201?\274O<\372\272\230\365\316\315\304H\205\30\312)}\313\211\314\360\241\200\306c\235nZ\367\377"..., 8192) = 48
31916 17:12:48 select(8, [3 5], [6], NULL, NULL) = 1 (out [6])
31916 17:12:48 write(6, "c", 1)         = 1
31916 17:12:48 select(8, [3 5], [], NULL, NULL) = 1 (in [5])
31916 17:12:48 read(5, "o", 16384)      = 1
31916 17:12:48 select(8, [3 5], [3], NULL, NULL) = 1 (out [3])
31916 17:12:48 write(3, "\366\303@U\264\24\235\5\3424\215\227\356{\206S\347\334d\5\216\217\7\3446\304)\322*\300[Q"..., 48) = 48
31916 17:12:48 select(8, [3 5], [], NULL, NULL) = 1 (in [3])
31916 17:12:48 read(3, "\341\203\366\300\301\226t\35TQ\212\267r\335\23\226s9\237\367C\"\247\230\27\31\266 &\331L\5"..., 8192) = 48
31916 17:12:48 select(8, [3 5], [6], NULL, NULL) = 1 (out [6])
31916 17:12:48 write(6, "o", 1)         = 1
31916 17:12:48 select(8, [3 5], [], NULL, NULL) = 1 (in [5])
31916 17:12:48 read(5, "n", 16384)      = 1
31916 17:12:48 select(8, [3 5], [3], NULL, NULL) = 1 (out [3])
31916 17:12:48 write(3, "_M#\353a\307\34Y:\375a\35L(\356&\343\31\304\352U\314&\t\377\203\225!\r\242\277\326"..., 48) = 48
31916 17:12:48 select(8, [3 5], [], NULL, NULL) = 1 (in [3])
31916 17:12:48 read(3, "\350\36\275\250*\217\17\270`\336z!\274\255G\nH\252\226A\336\26\332P{\177\303\337\233\360\16\351"..., 8192) = 48
31916 17:12:48 select(8, [3 5], [6], NULL, NULL) = 1 (out [6])
31916 17:12:48 write(6, "n", 1)         = 1
31916 17:12:48 select(8, [3 5], [], NULL, NULL) = 1 (in [5])
31916 17:12:48 read(5, "f", 16384)      = 1
31916 17:12:48 select(8, [3 5], [3], NULL, NULL) = 1 (out [3])
31916 17:12:48 write(3, "\353\270\307\316\26\0068r\305\37!u4\212-\201\367\t\342\323\5\325\20\200\377{\356\313P<\336T"..., 48) = 48
31916 17:12:48 select(8, [3 5], [], NULL, NULL) = 1 (in [3])
31916 17:12:48 read(3, " RE\257kD\262\3164E\323\21\213\37c\321\271\313R\326\243C\325i\217\274\331-L\37\322\n"..., 8192) = 48
31916 17:12:48 select(8, [3 5], [6], NULL, NULL) = 1 (out [6])
31916 17:12:48 write(6, "f", 1)         = 1
31916 17:12:48 select(8, [3 5], [], NULL, NULL) = 1 (in [5])
31916 17:12:49 read(5, "i", 16384)      = 1
31916 17:12:49 select(8, [3 5], [3], NULL, NULL) = 1 (out [3])
31916 17:12:49 write(3, "\23d\375\241]7\r\f\257\371#h\37z\244\351\31\327 \302&7\200\237\245\250J\301\243\3\340\256"..., 48) = 48
31916 17:12:49 select(8, [3 5], [], NULL, NULL) = 1 (in [3])
31916 17:12:49 read(3, "\306\313Z\363\226\301=a\304\312\223\247\365\344\275\357\4}\327Z\267\202\241#5\270\366A\377\376\215\332"..., 8192) = 48
31916 17:12:49 select(8, [3 5], [6], NULL, NULL) = 1 (out [6])
31916 17:12:49 write(6, "i", 1)         = 1
31916 17:12:49 select(8, [3 5], [], NULL, NULL) = 1 (in [5])
31916 17:12:49 read(5, "g", 16384)      = 1
31916 17:12:49 select(8, [3 5], [3], NULL, NULL) = 1 (out [3])
31916 17:12:49 write(3, "\33\256/\236H\2149\37G>\301\33\266f\225\343t\262cl\271:~\277\vU:\217q\37\245I"..., 48) = 48
31916 17:12:49 select(8, [3 5], [], NULL, NULL) = 1 (in [3])
31916 17:12:49 read(3, "\nH$\215b}\310\273v\300@\213\314\241\321X\364\1\1\226\3612\254\263\0\233A~\230\343\r\272"..., 8192) = 48
31916 17:12:49 select(8, [3 5], [6], NULL, NULL) = 1 (out [6])
31916 17:12:49 write(6, "g", 1)         = 1
31916 17:12:49 select(8, [3 5], [], NULL, NULL) = 1 (in [5])
31916 17:12:50 read(5, "\r", 16384)     = 1
31916 17:12:50 select(8, [3 5], [3], NULL, NULL) = 1 (out [3])
31916 17:12:50 write(3, "\23\317AJ\216\231i\262O8q\23\361\2360A\244\244\334J\5\234x\326(K\227|\10;\263\23"..., 48) = 48
31916 17:12:50 select(8, [3 5], [], NULL, NULL) = 1 (in [3])
31916 17:12:50 read(3, "\250w\374\274\317\31\6}a0\340\242\254QA\0174P\246\4+-\f\6e\27\302\244O<f\177"..., 8192) = 48
31916 17:12:50 select(8, [3 5], [6], NULL, NULL) = 1 (out [6])
31916 17:12:50 write(6, "\r\n", 2)      = 2
31916 17:12:50 select(8, [3 5], [], NULL, NULL) = 1 (in [3])
31916 17:12:50 read(3, "vx\273gT\32\340\241^K\252;y\336\256=\316B\34Q\t\341g2sn\17\32\26\34wG"..., 8192) = 352
31916 17:12:50 select(8, [3 5], [6], NULL, NULL) = 2 (in [3], out [6])
31916 17:12:50 write(6, "eth0      Link encap:Ethernet  H"..., 245) = 245
31916 17:12:50 read(3, "W\275\300\357\201._\2364\274~\350\307\342\324C\362\274\256\310Z\355\33w`\32V\24\270~L\177"..., 8192) = 1856
31916 17:12:50 select(8, [3 5], [6], NULL, NULL) = 2 (in [3], out [6])
31916 17:12:50 write(6, "          TX packets:6 errors:0 "..., 1309) = 1309
31916 17:12:50 read(3, "@1\345\324\204\324@\345\36\305\227Icm\206E8txc&f\230'w\26K\301Gy\274\7"..., 8192) = 1232
31916 17:12:50 select(8, [3 5], [6], NULL, NULL) = 1 (out [6])
31916 17:12:50 write(6, "          inet6 addr: fe80::600:"..., 833) = 833
31916 17:12:50 select(8, [3 5], [], NULL, NULL) = 1 (in [3])
31916 17:12:50 read(3, "\21lL\367\354\21^8\254o\327J\201\243|7\350~\242\362\350\202\27\310DA%d\265\262\23\371"..., 8192) = 112
31916 17:12:50 select(8, [3 5], [6], NULL, NULL) = 1 (out [6])
31916 17:12:50 write(6, "\33]0;root@PR-2-3:~\7", 18) = 18
31916 17:12:50 select(8, [3 5], [], NULL, NULL) = 1 (in [3])
31916 17:12:50 read(3, "k\211\347\361\344\216.\0310\245\335Vz\361\23L\326\215\1%\307\216\226\323\"\275!\355\201\323z\""..., 8192) = 80
31916 17:12:50 select(8, [3 5], [6], NULL, NULL) = 1 (out [6])
31916 17:12:50 write(6, "(FUDE-0.4.2@x86_64)[root@PR-2-3 "..., 35) = 35
31916 17:12:50 select(8, [3 5], [], NULL, NULL) = 1 (in [5])
31916 17:12:55 read(5, "\33[A", 16384)  = 3
31916 17:12:55 select(8, [3 5], [3], NULL, NULL) = 1 (out [3])
31916 17:12:55 write(3, "1\336\21'\341|F#r\241\356\330\26\317F\240\363\376\251q\325\272\346\215kL0\223\247|\264s"..., 48) = 48
31916 17:12:55 select(8, [3 5], [], NULL, NULL) = 1 (in [3])
31916 17:12:55 read(3, "\213\310#b`(\215\307\225B<\335\6w2\232|\321i5\323\3117\305\214*6Q\324\207\344\245"..., 8192) = 48
31916 17:12:55 select(8, [3 5], [6], NULL, NULL) = 1 (out [6])
31916 17:12:55 write(6, "ifconfig", 8)  = 8
31916 17:12:55 select(8, [3 5], [], NULL, NULL) = 1 (in [5])
31916 17:12:57 read(5, "\10", 16384)    = 1
31916 17:12:57 select(8, [3 5], [3], NULL, NULL) = 1 (out [3])
31916 17:12:57 write(3, "\312\376\232\340\233\361\232\325\242\343\20aF\277#\242\363\211\16\317\337\t\237\3510\30\356Y,\36\231\33"..., 48) = 48
31916 17:12:57 select(8, [3 5], [], NULL, NULL) = 1 (in [3])
31916 17:12:57 read(3, "t\322\t\nJQ\350\373\216\210\311\224\242\302\16\261\336x\307\257\361<\f\265\32\355\17mbU\375\0"..., 8192) = 48
31916 17:12:57 select(8, [3 5], [6], NULL, NULL) = 1 (out [6])
31916 17:12:57 write(6, "\10\33[K", 4)  = 4
31916 17:12:57 select(8, [3 5], [], NULL, NULL) = 1 (in [5])
31916 17:12:58 read(5, "\10", 16384)    = 1
31916 17:12:58 select(8, [3 5], [3], NULL, NULL) = 1 (out [3])
31916 17:12:58 write(3, "A\362sdS\212\356Rj\354[1\34\235k\21\25\353\36\200\205\357\21\r+ b\254r\342J\4"..., 48) = 48
31916 17:12:58 select(8, [3 5], [], NULL, NULL) = 1 (in [3])
31916 17:12:58 read(3, "\323\311\3466j}\363\360\30\\\354\237.6g4\320\304\275@\375\335A\32.8\374\"\301\336'\334"..., 8192) = 48
31916 17:12:58 select(8, [3 5], [6], NULL, NULL) = 1 (out [6])
31916 17:12:58 write(6, "\10\33[K", 4)  = 4
31916 17:12:58 select(8, [3 5], [], NULL, NULL) = 1 (in [5])
31916 17:12:59 read(5, "g", 16384)      = 1
31916 17:12:59 select(8, [3 5], [3], NULL, NULL) = 1 (out [3])
31916 17:12:59 write(3, "B\252z\246\227O\23B}\272\342\3169\334(\265Y\357\4,\371\2375\230\0243'\220\3239\237s"..., 48) = 48
31916 17:12:59 select(8, [3 5], [], NULL, NULL) = 1 (in [3])
31916 17:12:59 read(3, "\322yg\324W-eE\0%\2370i\3271\t\334b\364n\361@m\270\366\30d\22\226\357f\4"..., 8192) = 48
31916 17:12:59 select(8, [3 5], [6], NULL, NULL) = 1 (out [6])
31916 17:12:59 write(6, "g", 1)         = 1
31916 17:12:59 select(8, [3 5], [], NULL, NULL) = 1 (in [5])
31916 17:13:00 read(5, "g", 16384)      = 1
31916 17:13:00 select(8, [3 5], [3], NULL, NULL) = 1 (out [3])
31916 17:13:00 write(3, "2\27\332\300u\324Y\274\351\377\334\36>\36\256\306\210\17\361k\343\177\212\217\220\236\37\205\207\355a4"..., 48) = 48
31916 17:13:00 select(8, [3 5], [], NULL, NULL) = 1 (in [3])
31916 17:13:00 read(3, "\24tv-j\375\252\363K\347\t\33\22\rj\232\2207\351\337\213e\260\243eF|\325F\236\17w"..., 8192) = 48
31916 17:13:00 select(8, [3 5], [6], NULL, NULL) = 1 (out [6])
31916 17:13:00 write(6, "g", 1)         = 1
31916 17:13:00 select(8, [3 5], [], NULL, NULL) = 1 (in [5])
31916 17:13:00 read(5, "g", 16384)      = 1
31916 17:13:00 select(8, [3 5], [3], NULL, NULL) = 1 (out [3])
31916 17:13:00 write(3, "\222\336;\313r\356\213QJ\365 \17@7q\246\245\357H\337$\326`0.\303\314M#\247\3426"..., 48) = 48
31916 17:13:00 select(8, [3 5], [], NULL, NULL) = 1 (in [3])
31916 17:13:00 read(3, "\257\32\307L\251\327\363\232\314\312\254\10\"\237\0105\27#\247\250\6\325-\17\362\310\vl\265\260\v\372"..., 8192) = 48
31916 17:13:00 select(8, [3 5], [6], NULL, NULL) = 1 (out [6])
31916 17:13:00 write(6, "g", 1)         = 1
31916 17:13:00 select(8, [3 5], [], NULL, NULL) = 1 (in [5])
31916 17:13:00 read(5, "g", 16384)      = 1
31916 17:13:00 select(8, [3 5], [3], NULL, NULL) = 1 (out [3])
31916 17:13:00 write(3, "V\300\241\255H\201\306V\312L\274\307\342\22^\v\307\205\346,\357\220l\345gh\202l\351l\365\335"..., 48) = 48
31916 17:13:00 select(8, [3 5], [], NULL, NULL) = 1 (in [3])
31916 17:13:00 read(3, "Z=\206\17C\24  FP\376Y\32\230\367x\345#\353\346\27I,K\371\tj\222\22F\3353"..., 8192) = 48
31916 17:13:00 select(8, [3 5], [6], NULL, NULL) = 1 (out [6])
31916 17:13:00 write(6, "g", 1)         = 1
31916 17:13:00 select(8, [3 5], [], NULL, NULL) = 1 (in [5])
31916 17:13:02 read(5, "\33[D", 16384)  = 3
31916 17:13:02 select(8, [3 5], [3], NULL, NULL) = 1 (out [3])
31916 17:13:02 write(3, "R\25n\225\235>\375\344 \365\241\37|\272\245B\266\213^\353\343$\216\343\354g&EB\271*\327"..., 48) = 48
31916 17:13:02 select(8, [3 5], [], NULL, NULL) = 1 (in [3])
31916 17:13:02 read(3, "o^\34+\375\245\330\304\177h~\217|\1\347\f\307\336\273\204J\f\254\204\352\231Z\226\322\32m\377"..., 8192) = 48
31916 17:13:02 select(8, [3 5], [6], NULL, NULL) = 1 (out [6])
31916 17:13:02 write(6, "\10", 1)       = 1
31916 17:13:02 select(8, [3 5], [], NULL, NULL) = 1 (in [5])
31916 17:13:02 read(5, "\33[D", 16384)  = 3
31916 17:13:02 select(8, [3 5], [3], NULL, NULL) = 1 (out [3])
31916 17:13:02 write(3, "{\265'\353\f\222\355Y\312mh\215\303.\36W\271\316\330\316i|]4\261-\257\354\"\346qQ"..., 48) = 48
31916 17:13:02 select(8, [3 5], [], NULL, NULL) = 1 (in [3])
31916 17:13:02 read(3, "\2143\263\232@\260\373I\315a\373\362\253]'\23\332\274(B\"o<8\337\266\307Hw\253 \320"..., 8192) = 48
31916 17:13:02 select(8, [3 5], [6], NULL, NULL) = 1 (out [6])
31916 17:13:02 write(6, "\10", 1)       = 1
31916 17:13:02 select(8, [3 5], [], NULL, NULL) = 1 (in [5])
31916 17:13:02 read(5, "\33[D", 16384)  = 3
31916 17:13:02 select(8, [3 5], [3], NULL, NULL) = 1 (out [3])
31916 17:13:02 write(3, "\302k\37\337H\36e\246\302\220f\233\366Y\5\32hp\r\4wn\337`\325\254\267vN!\326\254"..., 48) = 48
31916 17:13:02 select(8, [3 5], [], NULL, NULL) = 1 (in [3])
31916 17:13:02 read(3, "\251(R\343[1\21\237\3\353\202\371;}G\366\350\306\221i^\200S\4\232\2449\36\202\201\307\224"..., 8192) = 48
31916 17:13:02 select(8, [3 5], [6], NULL, NULL) = 1 (out [6])
31916 17:13:02 write(6, "\10", 1)       = 1
31916 17:13:02 select(8, [3 5], [], NULL, NULL) = 1 (in [5])
31916 17:13:03 read(5, "\33[C", 16384)  = 3
31916 17:13:03 select(8, [3 5], [3], NULL, NULL) = 1 (out [3])
31916 17:13:03 write(3, "\2132\20\3\31NW+\306\255\371\"\321e\205\352,Vf\264\312\262\300\241pGS\340`,\0\205"..., 48) = 48
31916 17:13:03 select(8, [3 5], [], NULL, NULL) = 1 (in [3])
31916 17:13:03 read(3, "/\231\211\306\373\316\265|\17R3\233\225Ap(\10\250\f\311D0J\367/\31\10\303ydur"..., 8192) = 48
31916 17:13:03 select(8, [3 5], [6], NULL, NULL) = 1 (out [6])
31916 17:13:03 write(6, "\33[C", 3)     = 3
31916 17:13:03 select(8, [3 5], [], NULL, NULL) = 1 (in [5])
31916 17:13:03 read(5, "\33[C", 16384)  = 3
31916 17:13:03 select(8, [3 5], [3], NULL, NULL) = 1 (out [3])
31916 17:13:03 write(3, "\363\263\25\363E\200\236\3\360\364\33\33\342\306S\277\235\320\336\315\300\2O\372k\3720\177c\264Dm"..., 48) = 48
31916 17:13:03 select(8, [3 5], [], NULL, NULL) = 1 (in [3])
31916 17:13:03 read(3, "\32\242o\206{?\32H\275\322d\366\243O\300!\242\222j\316\2764\352\365\310\n\300\336\345\253d\r"..., 8192) = 48
31916 17:13:03 select(8, [3 5], [6], NULL, NULL) = 1 (out [6])
31916 17:13:03 write(6, "\33[C", 3)     = 3
31916 17:13:03 select(8, [3 5], [], NULL, NULL) = 1 (in [5])
31916 17:13:03 read(5, "\33[C", 16384)  = 3
31916 17:13:03 select(8, [3 5], [3], NULL, NULL) = 1 (out [3])
31916 17:13:03 write(3, "\304\313\227 \1\276Us\22\362ff\322r\364A\16D\224\304\225\231fh\17\222\34>\266\35\211\264"..., 48) = 48
31916 17:13:03 select(8, [3 5], [], NULL, NULL) = 1 (in [3])
31916 17:13:03 read(3, "\r\266%\31\374\311\f-\36\346+.\267\232\321\236\300\5@1\322?24\22\226\225\215\355d\310\212"..., 8192) = 48
31916 17:13:03 select(8, [3 5], [6], NULL, NULL) = 1 (out [6])
31916 17:13:03 write(6, "\33[C", 3)     = 3
31916 17:13:03 select(8, [3 5], [], NULL, NULL) = 1 (in [5])
31916 17:13:04 read(5, "\33[B", 16384)  = 3
31916 17:13:04 select(8, [3 5], [3], NULL, NULL) = 1 (out [3])
31916 17:13:04 write(3, "\352Gi\fa\211\21\226`\333W\336\24$\345Ms\273i\24\6\350E{\372\2770js4#8"..., 48) = 48
31916 17:13:04 select(8, [3 5], [], NULL, NULL) = 1 (in [3])
31916 17:13:04 read(3, "Q\16\372\325\373\356Q\207g\234\232SSM&\234\30JN\221A\3569U\246\230\266\310\340L\36\361"..., 8192) = 48
31916 17:13:04 select(8, [3 5], [6], NULL, NULL) = 1 (out [6])
31916 17:13:04 write(6, "\10\10\10\10\10\10\10\10\10\10\33[K", 13) = 13
31916 17:13:04 select(8, [3 5], [], NULL, NULL) = 1 (in [5])
31916 17:13:05 read(5, "e", 16384)      = 1
31916 17:13:05 select(8, [3 5], [3], NULL, NULL) = 1 (out [3])
31916 17:13:05 write(3, "\347\26\236\271\277\347\303\263\33\221\363jHD)\331\377\2714\234\320#\366\320&\202\0D\276\20\270\17"..., 48) = 48
31916 17:13:05 select(8, [3 5], [], NULL, NULL) = 1 (in [3])
31916 17:13:05 read(3, "\306\310\305;\305\356[`\246\217\347\265oQ\221\360\244\343n\307RM\32%o\300q)\266>\242\373"..., 8192) = 48
31916 17:13:05 select(8, [3 5], [6], NULL, NULL) = 1 (out [6])
31916 17:13:05 write(6, "e", 1)         = 1
31916 17:13:05 select(8, [3 5], [], NULL, NULL) = 1 (in [5])
31916 17:13:06 read(5, "x", 16384)      = 1
31916 17:13:06 select(8, [3 5], [3], NULL, NULL) = 1 (out [3])
31916 17:13:06 write(3, "\0311v\305\226a\326K\307\336\366j^\32\n-\342\1M\251`\365]b\255F*\302\206\273\307\221"..., 48) = 48
31916 17:13:06 select(8, [3 5], [], NULL, NULL) = 1 (in [3])
31916 17:13:06 read(3, "e\304A\305\2124\254D\262v#\30t\261\6\2115\35\366\217\356\235%\300\321\2365cT\274\303U"..., 8192) = 48
31916 17:13:06 select(8, [3 5], [6], NULL, NULL) = 1 (out [6])
31916 17:13:06 write(6, "x", 1)         = 1
31916 17:13:06 select(8, [3 5], [], NULL, NULL) = 1 (in [5])
31916 17:13:06 read(5, "i", 16384)      = 1
31916 17:13:06 select(8, [3 5], [3], NULL, NULL) = 1 (out [3])
31916 17:13:06 write(3, "\221\204\r\275\251\313\250\226{Vd\300;4/\t\311#\"OMo\247\230\260Nm9\266\245z\24"..., 48) = 48
31916 17:13:06 select(8, [3 5], [], NULL, NULL) = 1 (in [3])
31916 17:13:06 read(3, "\237r\244\255\247\267P\t\215j5\24\255\\\216\344\347\371\3514\234\n\271\354kg\36\235]{\305\352"..., 8192) = 48
31916 17:13:06 select(8, [3 5], [6], NULL, NULL) = 1 (out [6])
31916 17:13:06 write(6, "i", 1)         = 1
31916 17:13:06 select(8, [3 5], [], NULL, NULL) = 1 (in [5])
31916 17:13:06 read(5, "t", 16384)      = 1
31916 17:13:06 select(8, [3 5], [3], NULL, NULL) = 1 (out [3])
31916 17:13:06 write(3, "m\30\3566\320/\3\305\3164\"I\274\355t\221E\315\245\274\300\4*\26\352o\7\334\210\300&S"..., 48) = 48
31916 17:13:06 select(8, [3 5], [], NULL, NULL) = 1 (in [3])
31916 17:13:06 read(3, "\310\311\2105g\270\324vA\207\r\357\363\304\207\336M\272N+\347*\332\33V\202\224\307\332\":\n"..., 8192) = 48
31916 17:13:06 select(8, [3 5], [6], NULL, NULL) = 1 (out [6])
31916 17:13:06 write(6, "t", 1)         = 1
31916 17:13:06 select(8, [3 5], [], NULL, NULL) = 1 (in [5])
31916 17:13:07 read(5, "\r", 16384)     = 1
31916 17:13:07 select(8, [3 5], [3], NULL, NULL) = 1 (out [3])
31916 17:13:07 write(3, "\251\335\0\4#\351x\230\227[.\5\372\232\341\300V5\304/9ew\245a\367\3~\364\364\304r"..., 48) = 48
31916 17:13:07 select(8, [3 5], [], NULL, NULL) = 1 (in [3])
31916 17:13:07 read(3, "V7\342r\355?\317\r#\332\212\356\3\252\311\375`\34X\246\257\221\230;Zy\313P\254|+\34"..., 8192) = 48
31916 17:13:07 select(8, [3 5], [6], NULL, NULL) = 1 (out [6])
31916 17:13:07 write(6, "\r\n", 2)      = 2
31916 17:13:07 select(8, [3 5], [], NULL, NULL) = 1 (in [3])
31916 17:13:07 read(3, "\226[\302\333?2\253\334\225\202\16}\215$\235\216\211\312\215\26\200\226\36\305s\16\306:9\35\350\216"..., 8192) = 48
31916 17:13:07 select(8, [3 5], [6], NULL, NULL) = 1 (out [6])
31916 17:13:07 write(6, "logout\r\n", 8) = 8
31916 17:13:07 select(8, [3 5], [], NULL, NULL) = 1 (in [3])
31916 17:13:07 read(3, "\"\363\263\247\veZ\270E\365<\26\211(\235\250\230\322;\r\0003#a2\236ST\325\6\0337"..., 8192) = 48
31916 17:13:07 select(8, [3 5], [6], NULL, NULL) = 1 (out [6])
31916 17:13:07 write(6, "\33[H\33[2J", 7) = 7
31916 17:13:07 select(8, [3 5], [], NULL, NULL) = 1 (in [3])
31916 17:13:07 read(3, "i{ny\330'\264NKIw\227\213\251\233\307\313\20\3331&5(\357q\300\254\363\277\207E\311"..., 8192) = 128
31916 17:13:07 close(6)                 = 0
31916 17:13:07 close(5)                 = 0
31916 17:13:07 ioctl(0, SNDCTL_TMR_STOP or TCSETSW, {B38400 opost isig icanon echo ...}) = 0
31916 17:13:07 close(7)                 = 0
31916 17:13:07 select(8, [3], [3], NULL, NULL) = 1 (out [3])
31916 17:13:07 write(3, "\325s\216\330\214\322c\27\210\22\4\374\302\36\244\356Cd\310\351=\231\330\310m\303\214\336\370v\23W", 32) = 32
31916 17:13:07 rt_sigaction(SIGWINCH, NULL, {0x7fd667dbcc80, [], SA_RESTORER, 0x7fd665917920}, 8) = 0
31916 17:13:07 rt_sigaction(SIGWINCH, {SIG_DFL, [], SA_RESTORER, 0x7fd665917920}, NULL, 8) = 0
31916 17:13:07 write(3, "#\270\0\31\337+\317\355\217\214\222\205(\204\320,wZ!\326l?\367\34G\303r*\344\260\204'"..., 64) = 64
31916 17:13:07 ioctl(0, SNDCTL_TMR_TIMEBASE or TCGETS, {B38400 opost isig icanon echo ...}) = 0
31916 17:13:07 ioctl(1, SNDCTL_TMR_TIMEBASE or TCGETS, {B38400 opost isig icanon echo ...}) = 0
31916 17:13:07 ioctl(2, SNDCTL_TMR_TIMEBASE or TCGETS, {B38400 opost isig icanon echo ...}) = 0
31916 17:13:07 write(2, "Connection to 192.167.2.3 closed"..., 35) = 35
31916 17:13:07 shutdown(3, 2 /* send and receive */) = 0
31916 17:13:07 close(3)                 = 0
31916 17:13:07 exit_group(0)            = ?
