12154 10:04:02 select(4, [3], NULL, NULL, NULL) = 1 (in [3])
12154 10:04:02 read(3, "\222H\340j(\363T\353\227b\240\306\261\244W\"\351\211\270\303Le\331s\32=\355'\1>\2365"..., 8192) = 48
12154 10:04:02 write(3, "\34LT\2366\307\322\4\4`\235\34%\26\253\232\20\1\37z\333\v\23FY-tn\255RZ\37"..., 64) = 64
12154 10:04:02 select(4, [3], NULL, NULL, NULL) = 1 (in [3])
12154 10:04:02 read(3, "\360W\322\231\240\\\355\30$E\r\326\260v\322\26\223\16\363\347)#I\227\275%\324\270O\312\3407"..., 8192) = 80
12154 10:04:02 getpeername(3, {sa_family=AF_INET, sin_port=htons(22), sin_addr=inet_addr("192.167.2.3")}, [16]) = 0
12154 10:04:02 open("/etc/protocols", O_RDONLY|O_CLOEXEC) = 5
12154 10:04:02 fstat(5, {st_mode=S_IFREG|0644, st_size=6455, ...}) = 0
12154 10:04:02 mmap(NULL, 4096, PROT_READ|PROT_WRITE, MAP_PRIVATE|MAP_ANONYMOUS, -1, 0) = 0x7f237c425000
12154 10:04:02 read(5, "# /etc/protocols:\n# $Id: protoco"..., 4096) = 4096
12154 10:04:02 close(5)                 = 0
12154 10:04:02 munmap(0x7f237c425000, 4096) = 0
12154 10:04:02 getsockopt(3, SOL_IP, IP_OPTIONS, "", [0]) = 0
12154 10:04:02 socket(PF_FILE, SOCK_STREAM|SOCK_CLOEXEC|SOCK_NONBLOCK, 0) = 5
12154 10:04:02 connect(5, {sa_family=AF_FILE, path="/var/run/nscd/socket"}, 110) = -1 ENOENT (No such file or directory)
12154 10:04:02 close(5)                 = 0
12154 10:04:02 socket(PF_FILE, SOCK_STREAM|SOCK_CLOEXEC|SOCK_NONBLOCK, 0) = 5
12154 10:04:02 connect(5, {sa_family=AF_FILE, path="/var/run/nscd/socket"}, 110) = -1 ENOENT (No such file or directory)
12154 10:04:02 close(5)                 = 0
12154 10:04:02 open("/etc/resolv.conf", O_RDONLY) = 5
12154 10:04:02 fstat(5, {st_mode=S_IFREG|0644, st_size=228, ...}) = 0
12154 10:04:02 mmap(NULL, 4096, PROT_READ|PROT_WRITE, MAP_PRIVATE|MAP_ANONYMOUS, -1, 0) = 0x7f237c425000
12154 10:04:02 read(5, "# Generated by NetworkManager\n\n\n"..., 4096) = 228
12154 10:04:02 read(5, "", 4096)        = 0
12154 10:04:02 close(5)                 = 0
12154 10:04:02 munmap(0x7f237c425000, 4096) = 0
12154 10:04:02 uname({sys="Linux", node="zabbixserver-6-21", ...}) = 0
12154 10:04:02 open("/etc/host.conf", O_RDONLY) = 5
12154 10:04:02 fstat(5, {st_mode=S_IFREG|0644, st_size=9, ...}) = 0
12154 10:04:02 mmap(NULL, 4096, PROT_READ|PROT_WRITE, MAP_PRIVATE|MAP_ANONYMOUS, -1, 0) = 0x7f237c425000
12154 10:04:02 read(5, "multi on\n", 4096) = 9
12154 10:04:02 read(5, "", 4096)        = 0
12154 10:04:02 close(5)                 = 0
12154 10:04:02 munmap(0x7f237c425000, 4096) = 0
12154 10:04:02 futex(0x7f237a2f1384, FUTEX_WAKE_PRIVATE, 2147483647) = 0
12154 10:04:02 open("/etc/hosts", O_RDONLY|O_CLOEXEC) = 5
12154 10:04:02 fstat(5, {st_mode=S_IFREG|0644, st_size=217, ...}) = 0
12154 10:04:02 mmap(NULL, 4096, PROT_READ|PROT_WRITE, MAP_PRIVATE|MAP_ANONYMOUS, -1, 0) = 0x7f237c425000
12154 10:04:02 read(5, "127.0.0.1   localhost localhost."..., 4096) = 217
12154 10:04:02 read(5, "", 4096)        = 0
12154 10:04:02 close(5)                 = 0
12154 10:04:02 munmap(0x7f237c425000, 4096) = 0
12154 10:04:02 open("/opt/FUDE-1.0/fude/lib/libnss_dns.so.2", O_RDONLY) = -1 ENOENT (No such file or directory)
12154 10:04:02 open("/opt/FUDE-1.0/utils/lib/libnss_dns.so.2", O_RDONLY) = -1 ENOENT (No such file or directory)
12154 10:04:02 open("/opt/FUDE-1.0/log/lib/libnss_dns.so.2", O_RDONLY) = -1 ENOENT (No such file or directory)
12154 10:04:02 open("/opt/FUDE-1.0/netsnmp/lib/libnss_dns.so.2", O_RDONLY) = -1 ENOENT (No such file or directory)
12154 10:04:02 open("/opt/FUDE-1.0/python/lib/libnss_dns.so.2", O_RDONLY) = -1 ENOENT (No such file or directory)
12154 10:04:02 open("/opt/FUDE-1.0/boost/lib/libnss_dns.so.2", O_RDONLY) = -1 ENOENT (No such file or directory)
12154 10:04:02 open("/opt/FUDE-1.0/cppunit/lib/libnss_dns.so.2", O_RDONLY) = -1 ENOENT (No such file or directory)
12154 10:04:02 open("/opt/FUDE-1.0/TAO/ACE_wrappers/lib/libnss_dns.so.2", O_RDONLY) = -1 ENOENT (No such file or directory)
12154 10:04:02 open("tls/x86_64/libnss_dns.so.2", O_RDONLY) = -1 ENOENT (No such file or directory)
12154 10:04:02 open("tls/libnss_dns.so.2", O_RDONLY) = -1 ENOENT (No such file or directory)
12154 10:04:02 open("x86_64/libnss_dns.so.2", O_RDONLY) = -1 ENOENT (No such file or directory)
12154 10:04:02 open("libnss_dns.so.2", O_RDONLY) = -1 ENOENT (No such file or directory)
12154 10:04:02 open("/etc/ld.so.cache", O_RDONLY) = 5
12154 10:04:02 fstat(5, {st_mode=S_IFREG|0644, st_size=207633, ...}) = 0
12154 10:04:02 mmap(NULL, 207633, PROT_READ, MAP_PRIVATE, 5, 0) = 0x7f237c3f3000
12154 10:04:02 close(5)                 = 0
12154 10:04:02 open("/lib64/libnss_dns.so.2", O_RDONLY) = 5
12154 10:04:02 read(5, "\177ELF\2\1\1\0\0\0\0\0\0\0\0\0\3\0>\0\1\0\0\0\0\20\0\0\0\0\0\0"..., 832) = 832
12154 10:04:02 fstat(5, {st_mode=S_IFREG|0755, st_size=27424, ...}) = 0
12154 10:04:02 mmap(NULL, 2117880, PROT_READ|PROT_EXEC, MAP_PRIVATE|MAP_DENYWRITE, 5, 0) = 0x7f2378850000
12154 10:04:02 mprotect(0x7f2378855000, 2093056, PROT_NONE) = 0
12154 10:04:02 mmap(0x7f2378a54000, 8192, PROT_READ|PROT_WRITE, MAP_PRIVATE|MAP_FIXED|MAP_DENYWRITE, 5, 0x4000) = 0x7f2378a54000
12154 10:04:02 close(5)                 = 0
12154 10:04:02 mprotect(0x7f2378a54000, 4096, PROT_READ) = 0
12154 10:04:02 munmap(0x7f237c3f3000, 207633) = 0
12154 10:04:02 futex(0x7f23798f52e8, FUTEX_WAKE_PRIVATE, 2147483647) = 0
12154 10:04:02 futex(0x7f23798f5270, FUTEX_WAKE_PRIVATE, 2147483647) = 0
12154 10:04:02 futex(0x7f237af7dfd0, FUTEX_WAKE_PRIVATE, 2147483647) = 0
12154 10:04:02 stat("/etc/gss/mech", 0x7fffce5112d0) = -1 ENOENT (No such file or directory)
12154 10:04:02 stat("/etc/gss/mech", 0x7fffce511220) = -1 ENOENT (No such file or directory)
12154 10:04:02 futex(0x7f237ad3c200, FUTEX_WAKE_PRIVATE, 2147483647) = 0
12154 10:04:02 futex(0x7f237ad3c600, FUTEX_WAKE_PRIVATE, 2147483647) = 0
12154 10:04:02 stat("/etc/krb5.conf", {st_mode=S_IFREG|0644, st_size=449, ...}) = 0
12154 10:04:02 open("/etc/krb5.conf", O_RDONLY) = 5
12154 10:04:02 fcntl(5, F_SETFD, FD_CLOEXEC) = 0
12154 10:04:02 fstat(5, {st_mode=S_IFREG|0644, st_size=449, ...}) = 0
12154 10:04:02 mmap(NULL, 4096, PROT_READ|PROT_WRITE, MAP_PRIVATE|MAP_ANONYMOUS, -1, 0) = 0x7f237c425000
12154 10:04:02 read(5, "[logging]\n default = FILE:/var/l"..., 4096) = 449
12154 10:04:02 read(5, "", 4096)        = 0
12154 10:04:02 close(5)                 = 0
12154 10:04:02 munmap(0x7f237c425000, 4096) = 0
12154 10:04:02 open("/dev/urandom", O_RDONLY) = 5
12154 10:04:02 fcntl(5, F_SETFD, FD_CLOEXEC) = 0
12154 10:04:02 fstat(5, {st_mode=S_IFCHR|0666, st_rdev=makedev(1, 9), ...}) = 0
12154 10:04:02 read(5, "\337qH\\\372)\2+\322\252\215\346Y\267C\253\2121\305\231", 20) = 20
12154 10:04:02 close(5)                 = 0
12154 10:04:02 futex(0x7f237aa5d2d0, FUTEX_WAKE_PRIVATE, 2147483647) = 0
12154 10:04:02 socket(PF_NETLINK, SOCK_RAW, 0) = 5
12154 10:04:02 bind(5, {sa_family=AF_NETLINK, pid=0, groups=00000000}, 12) = 0
12154 10:04:02 getsockname(5, {sa_family=AF_NETLINK, pid=12154, groups=00000000}, [12]) = 0
12154 10:04:02 sendto(5, "\24\0\0\0\26\0\1\3\22\367\235Z\0\0\0\0\0\0\0\0", 20, 0, {sa_family=AF_NETLINK, pid=0, groups=00000000}, 12) = 20
12154 10:04:02 recvmsg(5, {msg_name(12)={sa_family=AF_NETLINK, pid=0, groups=00000000}, msg_iov(1)=[{"0\0\0\0\24\0\2\0\22\367\235Zz/\0\0\2\10\200\376\1\0\0\0\10\0\1\0\177\0\0\1"..., 4096}], msg_controllen=0, msg_flags=0}, 0) = 108
12154 10:04:02 recvmsg(5, {msg_name(12)={sa_family=AF_NETLINK, pid=0, groups=00000000}, msg_iov(1)=[{"@\0\0\0\24\0\2\0\22\367\235Zz/\0\0\n\200\200\376\1\0\0\0\24\0\1\0\0\0\0\0"..., 4096}], msg_controllen=0, msg_flags=0}, 0) = 128
12154 10:04:02 recvmsg(5, {msg_name(12)={sa_family=AF_NETLINK, pid=0, groups=00000000}, msg_iov(1)=[{"\24\0\0\0\3\0\2\0\22\367\235Zz/\0\0\0\0\0\0\1\0\0\0\24\0\1\0\0\0\0\0"..., 4096}], msg_controllen=0, msg_flags=0}, 0) = 20
12154 10:04:02 close(5)                 = 0
12154 10:04:02 open("/etc/hosts", O_RDONLY|O_CLOEXEC) = 5
12154 10:04:02 fstat(5, {st_mode=S_IFREG|0644, st_size=217, ...}) = 0
12154 10:04:02 mmap(NULL, 4096, PROT_READ|PROT_WRITE, MAP_PRIVATE|MAP_ANONYMOUS, -1, 0) = 0x7f237c425000
12154 10:04:02 read(5, "127.0.0.1   localhost localhost."..., 4096) = 217
12154 10:04:02 read(5, "", 4096)        = 0
12154 10:04:02 close(5)                 = 0
12154 10:04:02 munmap(0x7f237c425000, 4096) = 0
12154 10:04:02 stat("/etc/krb5.conf", {st_mode=S_IFREG|0644, st_size=449, ...}) = 0
12154 10:04:02 open("/etc/krb5.conf", O_RDONLY) = 5
12154 10:04:02 fcntl(5, F_SETFD, FD_CLOEXEC) = 0
12154 10:04:02 fstat(5, {st_mode=S_IFREG|0644, st_size=449, ...}) = 0
12154 10:04:02 mmap(NULL, 4096, PROT_READ|PROT_WRITE, MAP_PRIVATE|MAP_ANONYMOUS, -1, 0) = 0x7f237c425000
12154 10:04:02 read(5, "[logging]\n default = FILE:/var/l"..., 4096) = 449
12154 10:04:02 read(5, "", 4096)        = 0
12154 10:04:02 close(5)                 = 0
12154 10:04:02 munmap(0x7f237c425000, 4096) = 0
12154 10:04:02 open("/dev/urandom", O_RDONLY) = 5
12154 10:04:02 fcntl(5, F_SETFD, FD_CLOEXEC) = 0
12154 10:04:02 fstat(5, {st_mode=S_IFCHR|0666, st_rdev=makedev(1, 9), ...}) = 0
12154 10:04:02 read(5, "|\r\0\v\223Vh\263 \302\5\245\200\334H\340\215\0377e", 20) = 20
12154 10:04:02 close(5)                 = 0
12154 10:04:02 socket(PF_NETLINK, SOCK_RAW, 0) = 5
12154 10:04:02 bind(5, {sa_family=AF_NETLINK, pid=0, groups=00000000}, 12) = 0
12154 10:04:02 getsockname(5, {sa_family=AF_NETLINK, pid=12154, groups=00000000}, [12]) = 0
12154 10:04:02 sendto(5, "\24\0\0\0\26\0\1\3\22\367\235Z\0\0\0\0\0\0\0\0", 20, 0, {sa_family=AF_NETLINK, pid=0, groups=00000000}, 12) = 20
12154 10:04:02 recvmsg(5, {msg_name(12)={sa_family=AF_NETLINK, pid=0, groups=00000000}, msg_iov(1)=[{"0\0\0\0\24\0\2\0\22\367\235Zz/\0\0\2\10\200\376\1\0\0\0\10\0\1\0\177\0\0\1"..., 4096}], msg_controllen=0, msg_flags=0}, 0) = 108
12154 10:04:02 recvmsg(5, {msg_name(12)={sa_family=AF_NETLINK, pid=0, groups=00000000}, msg_iov(1)=[{"@\0\0\0\24\0\2\0\22\367\235Zz/\0\0\n\200\200\376\1\0\0\0\24\0\1\0\0\0\0\0"..., 4096}], msg_controllen=0, msg_flags=0}, 0) = 128
12154 10:04:02 recvmsg(5, {msg_name(12)={sa_family=AF_NETLINK, pid=0, groups=00000000}, msg_iov(1)=[{"\24\0\0\0\3\0\2\0\22\367\235Zz/\0\0\0\0\0\0\1\0\0\0\24\0\1\0\0\0\0\0"..., 4096}], msg_controllen=0, msg_flags=0}, 0) = 20
12154 10:04:02 close(5)                 = 0
12154 10:04:02 open("/etc/hosts", O_RDONLY|O_CLOEXEC) = 5
12154 10:04:02 fstat(5, {st_mode=S_IFREG|0644, st_size=217, ...}) = 0
12154 10:04:02 mmap(NULL, 4096, PROT_READ|PROT_WRITE, MAP_PRIVATE|MAP_ANONYMOUS, -1, 0) = 0x7f237c425000
12154 10:04:02 read(5, "127.0.0.1   localhost localhost."..., 4096) = 217
12154 10:04:02 read(5, "", 4096)        = 0
12154 10:04:02 close(5)                 = 0
12154 10:04:02 munmap(0x7f237c425000, 4096) = 0
12154 10:04:02 stat("/etc/krb5.conf", {st_mode=S_IFREG|0644, st_size=449, ...}) = 0
12154 10:04:02 open("/etc/krb5.conf", O_RDONLY) = 5
12154 10:04:02 fcntl(5, F_SETFD, FD_CLOEXEC) = 0
12154 10:04:02 fstat(5, {st_mode=S_IFREG|0644, st_size=449, ...}) = 0
12154 10:04:02 mmap(NULL, 4096, PROT_READ|PROT_WRITE, MAP_PRIVATE|MAP_ANONYMOUS, -1, 0) = 0x7f237c425000
12154 10:04:02 read(5, "[logging]\n default = FILE:/var/l"..., 4096) = 449
12154 10:04:02 read(5, "", 4096)        = 0
12154 10:04:02 close(5)                 = 0
12154 10:04:02 munmap(0x7f237c425000, 4096) = 0
12154 10:04:02 open("/dev/urandom", O_RDONLY) = 5
12154 10:04:02 fcntl(5, F_SETFD, FD_CLOEXEC) = 0
12154 10:04:02 fstat(5, {st_mode=S_IFCHR|0666, st_rdev=makedev(1, 9), ...}) = 0
12154 10:04:02 read(5, "\313\213\202y\210\342\265\273\254\260R\0Q\354\0257E\16\264=", 20) = 20
12154 10:04:02 close(5)                 = 0
12154 10:04:02 socket(PF_NETLINK, SOCK_RAW, 0) = 5
12154 10:04:02 bind(5, {sa_family=AF_NETLINK, pid=0, groups=00000000}, 12) = 0
12154 10:04:02 getsockname(5, {sa_family=AF_NETLINK, pid=12154, groups=00000000}, [12]) = 0
12154 10:04:02 sendto(5, "\24\0\0\0\26\0\1\3\22\367\235Z\0\0\0\0\0\0\0\0", 20, 0, {sa_family=AF_NETLINK, pid=0, groups=00000000}, 12) = 20
12154 10:04:02 recvmsg(5, {msg_name(12)={sa_family=AF_NETLINK, pid=0, groups=00000000}, msg_iov(1)=[{"0\0\0\0\24\0\2\0\22\367\235Zz/\0\0\2\10\200\376\1\0\0\0\10\0\1\0\177\0\0\1"..., 4096}], msg_controllen=0, msg_flags=0}, 0) = 108
12154 10:04:02 recvmsg(5, {msg_name(12)={sa_family=AF_NETLINK, pid=0, groups=00000000}, msg_iov(1)=[{"@\0\0\0\24\0\2\0\22\367\235Zz/\0\0\n\200\200\376\1\0\0\0\24\0\1\0\0\0\0\0"..., 4096}], msg_controllen=0, msg_flags=0}, 0) = 128
12154 10:04:02 recvmsg(5, {msg_name(12)={sa_family=AF_NETLINK, pid=0, groups=00000000}, msg_iov(1)=[{"\24\0\0\0\3\0\2\0\22\367\235Zz/\0\0\0\0\0\0\1\0\0\0\24\0\1\0\0\0\0\0"..., 4096}], msg_controllen=0, msg_flags=0}, 0) = 20
12154 10:04:02 close(5)                 = 0
12154 10:04:02 open("/etc/hosts", O_RDONLY|O_CLOEXEC) = 5
12154 10:04:02 fstat(5, {st_mode=S_IFREG|0644, st_size=217, ...}) = 0
12154 10:04:02 mmap(NULL, 4096, PROT_READ|PROT_WRITE, MAP_PRIVATE|MAP_ANONYMOUS, -1, 0) = 0x7f237c425000
12154 10:04:02 read(5, "127.0.0.1   localhost localhost."..., 4096) = 217
12154 10:04:02 read(5, "", 4096)        = 0
12154 10:04:02 close(5)                 = 0
12154 10:04:02 munmap(0x7f237c425000, 4096) = 0
12154 10:04:02 stat("/etc/krb5.conf", {st_mode=S_IFREG|0644, st_size=449, ...}) = 0
12154 10:04:02 open("/etc/krb5.conf", O_RDONLY) = 5
12154 10:04:02 fcntl(5, F_SETFD, FD_CLOEXEC) = 0
12154 10:04:02 fstat(5, {st_mode=S_IFREG|0644, st_size=449, ...}) = 0
12154 10:04:02 mmap(NULL, 4096, PROT_READ|PROT_WRITE, MAP_PRIVATE|MAP_ANONYMOUS, -1, 0) = 0x7f237c425000
12154 10:04:02 read(5, "[logging]\n default = FILE:/var/l"..., 4096) = 449
12154 10:04:02 read(5, "", 4096)        = 0
12154 10:04:02 close(5)                 = 0
12154 10:04:02 munmap(0x7f237c425000, 4096) = 0
12154 10:04:02 open("/dev/urandom", O_RDONLY) = 5
12154 10:04:02 fcntl(5, F_SETFD, FD_CLOEXEC) = 0
12154 10:04:02 fstat(5, {st_mode=S_IFCHR|0666, st_rdev=makedev(1, 9), ...}) = 0
12154 10:04:02 read(5, "O\\\275\305\307\314\323[\303k\244\261\325\2268m\0\235\306\22", 20) = 20
12154 10:04:02 close(5)                 = 0
12154 10:04:02 socket(PF_NETLINK, SOCK_RAW, 0) = 5
12154 10:04:02 bind(5, {sa_family=AF_NETLINK, pid=0, groups=00000000}, 12) = 0
12154 10:04:02 getsockname(5, {sa_family=AF_NETLINK, pid=12154, groups=00000000}, [12]) = 0
12154 10:04:02 sendto(5, "\24\0\0\0\26\0\1\3\22\367\235Z\0\0\0\0\0\0\0\0", 20, 0, {sa_family=AF_NETLINK, pid=0, groups=00000000}, 12) = 20
12154 10:04:02 recvmsg(5, {msg_name(12)={sa_family=AF_NETLINK, pid=0, groups=00000000}, msg_iov(1)=[{"0\0\0\0\24\0\2\0\22\367\235Zz/\0\0\2\10\200\376\1\0\0\0\10\0\1\0\177\0\0\1"..., 4096}], msg_controllen=0, msg_flags=0}, 0) = 108
12154 10:04:02 recvmsg(5, {msg_name(12)={sa_family=AF_NETLINK, pid=0, groups=00000000}, msg_iov(1)=[{"@\0\0\0\24\0\2\0\22\367\235Zz/\0\0\n\200\200\376\1\0\0\0\24\0\1\0\0\0\0\0"..., 4096}], msg_controllen=0, msg_flags=0}, 0) = 128
12154 10:04:02 recvmsg(5, {msg_name(12)={sa_family=AF_NETLINK, pid=0, groups=00000000}, msg_iov(1)=[{"\24\0\0\0\3\0\2\0\22\367\235Zz/\0\0\0\0\0\0\1\0\0\0\24\0\1\0\0\0\0\0"..., 4096}], msg_controllen=0, msg_flags=0}, 0) = 20
12154 10:04:02 close(5)                 = 0
12154 10:04:02 open("/etc/hosts", O_RDONLY|O_CLOEXEC) = 5
12154 10:04:02 fstat(5, {st_mode=S_IFREG|0644, st_size=217, ...}) = 0
12154 10:04:02 mmap(NULL, 4096, PROT_READ|PROT_WRITE, MAP_PRIVATE|MAP_ANONYMOUS, -1, 0) = 0x7f237c425000
12154 10:04:02 read(5, "127.0.0.1   localhost localhost."..., 4096) = 217
12154 10:04:02 read(5, "", 4096)        = 0
12154 10:04:02 close(5)                 = 0
12154 10:04:02 munmap(0x7f237c425000, 4096) = 0
12154 10:04:02 stat("/root/.ssh/identity", 0x7fffce511190) = -1 ENOENT (No such file or directory)
12154 10:04:02 stat("/root/.ssh/id_rsa", {st_mode=S_IFREG|0600, st_size=887, ...}) = 0
12154 10:04:02 open("/root/.ssh/id_rsa", O_RDONLY) = 5
12154 10:04:02 fstat(5, {st_mode=S_IFREG|0600, st_size=887, ...}) = 0
12154 10:04:02 getuid()                 = 0
12154 10:04:02 fcntl(5, F_GETFL)        = 0x8000 (flags O_RDONLY|O_LARGEFILE)
12154 10:04:02 fstat(5, {st_mode=S_IFREG|0600, st_size=887, ...}) = 0
12154 10:04:02 mmap(NULL, 4096, PROT_READ|PROT_WRITE, MAP_PRIVATE|MAP_ANONYMOUS, -1, 0) = 0x7f237c425000
12154 10:04:02 lseek(5, 0, SEEK_CUR)    = 0
12154 10:04:02 read(5, "-----BEGIN RSA PRIVATE KEY-----\n"..., 4096) = 887
12154 10:04:02 close(5)                 = 0
12154 10:04:02 munmap(0x7f237c425000, 4096) = 0
12154 10:04:02 write(3, "\246^4\0\3\311b\246\346\350\307\24Z\363\352<\3658\234\225D\352E\255n\345\267Z\367,\307\312"..., 384) = 384
12154 10:04:02 select(4, [3], NULL, NULL, NULL) = 1 (in [3])
12154 10:04:02 read(3, "l\342\20\0163\202\250\237.\255\212\304\276\\\307\300\250\"\311\320\207\247\243f\237h_vb\325E\\"..., 8192) = 80
12154 10:04:02 stat("/root/.ssh/id_dsa", 0x7fffce511190) = -1 ENOENT (No such file or directory)
12154 10:04:02 open("/dev/tty", O_RDWR) = 5
12154 10:04:02 close(5)                 = 0
12154 10:04:02 open("/dev/tty", O_RDWR) = 5
12154 10:04:02 rt_sigaction(SIGALRM, {0x7f237c46c430, [], SA_RESTORER, 0x7f2379f93920}, {SIG_DFL, [], 0}, 8) = 0
12154 10:04:02 rt_sigaction(SIGHUP, {0x7f237c46c430, [], SA_RESTORER, 0x7f2379f93920}, {SIG_DFL, [], 0}, 8) = 0
12154 10:04:02 rt_sigaction(SIGINT, {0x7f237c46c430, [], SA_RESTORER, 0x7f2379f93920}, {SIG_DFL, [], 0}, 8) = 0
12154 10:04:02 rt_sigaction(SIGPIPE, {0x7f237c46c430, [], SA_RESTORER, 0x7f2379f93920}, {SIG_IGN, [], SA_RESTORER, 0x7f2379f93920}, 8) = 0
12154 10:04:02 rt_sigaction(SIGQUIT, {0x7f237c46c430, [], SA_RESTORER, 0x7f2379f93920}, {SIG_DFL, [], 0}, 8) = 0
12154 10:04:02 rt_sigaction(SIGTERM, {0x7f237c46c430, [], SA_RESTORER, 0x7f2379f93920}, {SIG_DFL, [], 0}, 8) = 0
12154 10:04:02 rt_sigaction(SIGTSTP, {0x7f237c46c430, [], SA_RESTORER, 0x7f2379f93920}, {SIG_DFL, [], 0}, 8) = 0
12154 10:04:02 rt_sigaction(SIGTTIN, {0x7f237c46c430, [], SA_RESTORER, 0x7f2379f93920}, {SIG_DFL, [], 0}, 8) = 0
12154 10:04:02 rt_sigaction(SIGTTOU, {0x7f237c46c430, [], SA_RESTORER, 0x7f2379f93920}, {SIG_DFL, [], 0}, 8) = 0
12154 10:04:02 ioctl(5, SNDCTL_TMR_TIMEBASE or TCGETS, {B38400 opost isig icanon echo ...}) = 0
12154 10:04:02 ioctl(5, SNDCTL_TMR_CONTINUE or TCSETSF, {B38400 opost isig icanon -echo ...}) = 0
12154 10:04:02 write(5, "root@192.167.2.3's password: ", 29) = 29
12154 10:04:02 read(5, "1", 1)          = 1
12154 10:04:02 read(5, "2", 1)          = 1
12154 10:04:02 read(5, "3", 1)          = 1
12154 10:04:02 read(5, "4", 1)          = 1
12154 10:04:02 read(5, "5", 1)          = 1
12154 10:04:02 read(5, "6", 1)          = 1
12154 10:04:02 read(5, "\n", 1)         = 1
12154 10:04:02 write(5, "\n", 1)        = 1
12154 10:04:02 ioctl(5, SNDCTL_TMR_CONTINUE or TCSETSF, {B38400 opost isig icanon echo ...}) = 0
12154 10:04:02 rt_sigaction(SIGALRM, {SIG_DFL, [], SA_RESTORER, 0x7f2379f93920}, NULL, 8) = 0
12154 10:04:02 rt_sigaction(SIGHUP, {SIG_DFL, [], SA_RESTORER, 0x7f2379f93920}, NULL, 8) = 0
12154 10:04:02 rt_sigaction(SIGINT, {SIG_DFL, [], SA_RESTORER, 0x7f2379f93920}, NULL, 8) = 0
12154 10:04:02 rt_sigaction(SIGQUIT, {SIG_DFL, [], SA_RESTORER, 0x7f2379f93920}, NULL, 8) = 0
12154 10:04:02 rt_sigaction(SIGPIPE, {SIG_IGN, [], SA_RESTORER, 0x7f2379f93920}, NULL, 8) = 0
12154 10:04:02 rt_sigaction(SIGTERM, {SIG_DFL, [], SA_RESTORER, 0x7f2379f93920}, NULL, 8) = 0
12154 10:04:02 rt_sigaction(SIGTSTP, {SIG_DFL, [], SA_RESTORER, 0x7f2379f93920}, NULL, 8) = 0
12154 10:04:02 rt_sigaction(SIGTTIN, {SIG_DFL, [], SA_RESTORER, 0x7f2379f93920}, NULL, 8) = 0
12154 10:04:02 close(5)                 = 0
12154 10:04:02 write(3, "\275\314\243A\260\320#hu)\324W$\321\24\211\274\321Qi\244\337\17\10\353\341\324A\254F\223\220"..., 144) = 144
12154 10:04:02 select(4, [3], NULL, NULL, NULL) = 1 (in [3])
12154 10:04:02 read(3, "\264?\331\251\23p\376\16\275\226|>'\rK\235/\3538\32g\330\207\220\r\202te\350\31j\316", 8192) = 32
12154 10:04:02 dup(0)                   = 5
12154 10:04:02 dup(1)                   = 6
12154 10:04:02 dup(2)                   = 7
12154 10:04:02 ioctl(5, SNDCTL_TMR_TIMEBASE or TCGETS, {B38400 opost isig icanon echo ...}) = 0
12154 10:04:02 ioctl(6, SNDCTL_TMR_TIMEBASE or TCGETS, {B38400 opost isig icanon echo ...}) = 0
12154 10:04:02 ioctl(7, SNDCTL_TMR_TIMEBASE or TCGETS, {B38400 opost isig icanon echo ...}) = 0
12154 10:04:02 fcntl(5, F_SETFD, FD_CLOEXEC) = 0
12154 10:04:02 fcntl(6, F_SETFD, FD_CLOEXEC) = 0
12154 10:04:02 fcntl(7, F_SETFD, FD_CLOEXEC) = 0
12154 10:04:02 ioctl(6, SNDCTL_TMR_TIMEBASE or TCGETS, {B38400 opost isig icanon echo ...}) = 0
12154 10:04:02 rt_sigaction(SIGHUP, NULL, {SIG_DFL, [], SA_RESTORER, 0x7f2379f93920}, 8) = 0
12154 10:04:02 rt_sigaction(SIGHUP, {SIG_IGN, [], SA_RESTORER, 0x7f2379f93920}, NULL, 8) = 0
12154 10:04:02 rt_sigaction(SIGHUP, NULL, {SIG_IGN, [], SA_RESTORER, 0x7f2379f93920}, 8) = 0
12154 10:04:02 rt_sigaction(SIGHUP, {0x7f237c4385e0, [], SA_RESTORER, 0x7f2379f93920}, NULL, 8) = 0
12154 10:04:02 rt_sigaction(SIGINT, NULL, {SIG_DFL, [], SA_RESTORER, 0x7f2379f93920}, 8) = 0
12154 10:04:02 rt_sigaction(SIGINT, {SIG_IGN, [], SA_RESTORER, 0x7f2379f93920}, NULL, 8) = 0
12154 10:04:02 rt_sigaction(SIGINT, NULL, {SIG_IGN, [], SA_RESTORER, 0x7f2379f93920}, 8) = 0
12154 10:04:02 rt_sigaction(SIGINT, {0x7f237c4385e0, [], SA_RESTORER, 0x7f2379f93920}, NULL, 8) = 0
12154 10:04:02 rt_sigaction(SIGQUIT, NULL, {SIG_DFL, [], SA_RESTORER, 0x7f2379f93920}, 8) = 0
12154 10:04:02 rt_sigaction(SIGQUIT, {SIG_IGN, [], SA_RESTORER, 0x7f2379f93920}, NULL, 8) = 0
12154 10:04:02 rt_sigaction(SIGQUIT, NULL, {SIG_IGN, [], SA_RESTORER, 0x7f2379f93920}, 8) = 0
12154 10:04:02 rt_sigaction(SIGQUIT, {0x7f237c4385e0, [], SA_RESTORER, 0x7f2379f93920}, NULL, 8) = 0
12154 10:04:02 rt_sigaction(SIGTERM, NULL, {SIG_DFL, [], SA_RESTORER, 0x7f2379f93920}, 8) = 0
12154 10:04:02 rt_sigaction(SIGTERM, {SIG_IGN, [], SA_RESTORER, 0x7f2379f93920}, NULL, 8) = 0
12154 10:04:02 rt_sigaction(SIGTERM, NULL, {SIG_IGN, [], SA_RESTORER, 0x7f2379f93920}, 8) = 0
12154 10:04:02 rt_sigaction(SIGTERM, {0x7f237c4385e0, [], SA_RESTORER, 0x7f2379f93920}, NULL, 8) = 0
12154 10:04:02 rt_sigaction(SIGWINCH, NULL, {SIG_DFL, [], 0}, 8) = 0
12154 10:04:02 rt_sigaction(SIGWINCH, {0x7f237c438c80, [], SA_RESTORER, 0x7f2379f93920}, NULL, 8) = 0
12154 10:04:02 ioctl(0, SNDCTL_TMR_TIMEBASE or TCGETS, {B38400 opost isig icanon echo ...}) = 0
12154 10:04:02 ioctl(0, SNDCTL_TMR_STOP or TCSETSW, {B38400 -opost -isig -icanon -echo ...}) = 0
12154 10:04:02 select(8, [3], [3], NULL, NULL) = 1 (out [3])
12154 10:04:02 write(3, "\21\22\302a\250\5\\\200\221!t$\31{\376,D~\360]<\355\0'(\310\2\377\310\32Vw"..., 64) = 64
12154 10:04:02 select(8, [3], [], NULL, NULL) = 1 (in [3])
12154 10:04:02 read(3, "\272\35bx\252\204\200\324\306;\372\337](46\25\376\207\355|\2178mit\1\373\271\332a\323"..., 8192) = 48
12154 10:04:02 ioctl(0, TIOCGWINSZ, {ws_row=46, ws_col=99, ws_xpixel=0, ws_ypixel=0}) = 0
12154 10:04:02 getsockopt(3, SOL_TCP, TCP_NODELAY, [-3540523532742033408], [4]) = 0
12154 10:04:02 setsockopt(3, SOL_TCP, TCP_NODELAY, [1], 4) = 0
12154 10:04:02 getsockname(3, {sa_family=AF_INET, sin_port=htons(50171), sin_addr=inet_addr("192.168.6.21")}, [16]) = 0
12154 10:04:02 setsockopt(3, SOL_IP, IP_TOS, [16], 4) = 0
12154 10:04:02 select(8, [3], [3], NULL, NULL) = 1 (out [3])
12154 10:04:02 write(3, "k\2060*t\325\375bD*[\351\241h+\344\371\302\207S\264\317\342\355\24\304\234\277\210\16\234\260"..., 448) = 448
12154 10:04:02 select(8, [3], [], NULL, NULL) = 1 (in [3])
12154 10:04:02 read(3, "@p\177\204?\22\32\321v\324R\227\323l\37\6|\367o\354\377\16\10\274\271\213\343\241n\10lm"..., 8192) = 112
12154 10:04:02 select(8, [3 5], [], NULL, NULL) = 1 (in [3])
12154 10:04:02 read(3, "\305\365\3\27\206\265\377\201\220i\221\24\334g\220(\2565\324LF\373\300@A`\215\10\352s\205\363"..., 8192) = 96
12154 10:04:02 select(8, [3 5], [6], NULL, NULL) = 1 (out [6])
12154 10:04:02 write(6, "Last login: Tue Mar  6 09:26:58 "..., 57) = 57
12154 10:04:02 select(8, [3 5], [], NULL, NULL) = 1 (in [3])
12154 10:04:02 read(3, "\210QQ\372%dC\240\343\200\1/`]\261jts\377\226F\303<\2149\36\2363\226\"\267`"..., 8192) = 64
12154 10:04:02 select(8, [3 5], [6], NULL, NULL) = 1 (out [6])
12154 10:04:02 write(6, "\33]0;root@PR-2-3:~\7", 18) = 18
12154 10:04:02 select(8, [3 5], [], NULL, NULL) = 1 (in [3])
12154 10:04:02 read(3, "\t\334\307\207\270\260\27\1\31\35\16CU7C\0\377Y\220g!\251\2279*n\"\307\375\361.\21"..., 8192) = 80
12154 10:04:02 select(8, [3 5], [6], NULL, NULL) = 1 (out [6])
12154 10:04:02 write(6, "(FUDE-0.4.2@x86_64)[root@PR-2-3 "..., 35) = 35
12154 10:04:02 select(8, [3 5], [], NULL, NULL) = 1 (in [5])
12154 10:04:26 read(5, "i", 16384)      = 1
12154 10:04:26 select(8, [3 5], [3], NULL, NULL) = 1 (out [3])
12154 10:04:26 write(3, "#\24z\372\31|S9\340z\25\20m\306\31\234'\247\201\256\362~\227\342\331\274w\207\213X\4\251"..., 48) = 48
12154 10:04:26 select(8, [3 5], [], NULL, NULL) = 1 (in [3])
12154 10:04:26 read(3, "\26\202\226} \202Rvvrcmk\262\234\205d\376\362\37517\1RS(\364\214\246\254J\f"..., 8192) = 48
12154 10:04:26 select(8, [3 5], [6], NULL, NULL) = 1 (out [6])
12154 10:04:26 write(6, "i", 1)         = 1
12154 10:04:26 select(8, [3 5], [], NULL, NULL) = 1 (in [5])
12154 10:04:27 read(5, "f", 16384)      = 1
12154 10:04:27 select(8, [3 5], [3], NULL, NULL) = 1 (out [3])
12154 10:04:27 write(3, "\245$\302(\364\272)\260\2.\4\231(\306\230\203\377s\206\256\322\275}h\202JM,m\334\341\333"..., 48) = 48
12154 10:04:27 select(8, [3 5], [], NULL, NULL) = 1 (in [3])
12154 10:04:27 read(3, "\0360xE\201he\312\271&\375^=\336\17y^\25\254\17\35\347\315\372iyD\360\323G\36\277"..., 8192) = 48
12154 10:04:27 select(8, [3 5], [6], NULL, NULL) = 1 (out [6])
12154 10:04:27 write(6, "f", 1)         = 1
12154 10:04:27 select(8, [3 5], [], NULL, NULL) = 1 (in [5])
12154 10:04:27 read(5, "c", 16384)      = 1
12154 10:04:27 select(8, [3 5], [3], NULL, NULL) = 1 (out [3])
12154 10:04:27 write(3, "\2640\3\245\273H\337Se(1\202N\322\365\275\377\341\37m\215g0|\30\234\215|\334H6t"..., 48) = 48
12154 10:04:27 select(8, [3 5], [], NULL, NULL) = 1 (in [3])
12154 10:04:27 read(3, "D\3760\332\34\333\213Lv\21\31\325\354S\314m\310\335\274\243\17\7h\222Y\310Y5\371\225\17U"..., 8192) = 48
12154 10:04:27 select(8, [3 5], [6], NULL, NULL) = 1 (out [6])
12154 10:04:27 write(6, "c", 1)         = 1
12154 10:04:27 select(8, [3 5], [], NULL, NULL) = 1 (in [5])
12154 10:04:27 read(5, "o", 16384)      = 1
12154 10:04:27 select(8, [3 5], [3], NULL, NULL) = 1 (out [3])
12154 10:04:27 write(3, "\217<\33\350L\312\37\246\364\vt\376\210%\223\210\264\376\353\233\10\204\v>p'\244\303\211.~\251"..., 48) = 48
12154 10:04:27 select(8, [3 5], [], NULL, NULL) = 1 (in [3])
12154 10:04:27 read(3, "\23\234\233\254\216\30\31\202\234\346O)\236P\350\203\33\304\270-\200h\0211i\302\213x\36\201\223I"..., 8192) = 48
12154 10:04:27 select(8, [3 5], [6], NULL, NULL) = 1 (out [6])
12154 10:04:27 write(6, "o", 1)         = 1
12154 10:04:27 select(8, [3 5], [], NULL, NULL) = 1 (in [5])
12154 10:04:29 read(5, "n", 16384)      = 1
12154 10:04:29 select(8, [3 5], [3], NULL, NULL) = 1 (out [3])
12154 10:04:29 write(3, "A\364H\262\320X\206\266>\33\201`\v\273u\247\271q\277\r\35)$\22\7\356\207\264Zf\356?"..., 48) = 48
12154 10:04:29 select(8, [3 5], [], NULL, NULL) = 1 (in [3])
12154 10:04:29 read(3, "5\226\7\20\366^\224K\301\210\244\300+\37\23r\323\215 \244z\27\375~\210\313Nm\327\234\234\3"..., 8192) = 48
12154 10:04:29 select(8, [3 5], [6], NULL, NULL) = 1 (out [6])
12154 10:04:29 write(6, "n", 1)         = 1
12154 10:04:29 select(8, [3 5], [], NULL, NULL) = 1 (in [5])
12154 10:04:30 read(5, "f", 16384)      = 1
12154 10:04:30 select(8, [3 5], [3], NULL, NULL) = 1 (out [3])
12154 10:04:30 write(3, "\316\233\246\222\240(\306\227\256'\206ry\5\351\271\353\365\201\232V\336\3408\35\350\356M&eJ8"..., 48) = 48
12154 10:04:30 select(8, [3 5], [], NULL, NULL) = 1 (in [3])
12154 10:04:30 read(3, "\4P\311\370\377z\1\340\361\36\250@\261Z\271\371\217Mc6!|\224\3219\257\316\372\262\272?\355"..., 8192) = 48
12154 10:04:30 select(8, [3 5], [6], NULL, NULL) = 1 (out [6])
12154 10:04:30 write(6, "f", 1)         = 1
12154 10:04:30 select(8, [3 5], [], NULL, NULL) = 1 (in [5])
12154 10:04:30 read(5, "i", 16384)      = 1
12154 10:04:30 select(8, [3 5], [3], NULL, NULL) = 1 (out [3])
12154 10:04:30 write(3, "d_\365;{\3679\324_\271P\306\353\326U\n&.4\332\2\355\231!\342\3220\364\321\377\237\272"..., 48) = 48
12154 10:04:30 select(8, [3 5], [], NULL, NULL) = 1 (in [3])
12154 10:04:30 read(3, "{O\222\\A\33\363\224\344\340\201\307\226T\206\207\32\306\307\320\235\252\236\272\6\34\303\223w8\r\303"..., 8192) = 48
12154 10:04:30 select(8, [3 5], [6], NULL, NULL) = 1 (out [6])
12154 10:04:30 write(6, "i", 1)         = 1
12154 10:04:30 select(8, [3 5], [], NULL, NULL) = 1 (in [5])
12154 10:04:31 read(5, "g", 16384)      = 1
12154 10:04:31 select(8, [3 5], [3], NULL, NULL) = 1 (out [3])
12154 10:04:31 write(3, "\0079\275\314\273'\375?2!\10C\254\215\214J\246h\34\355c\253!%g\317+ol7\345\245"..., 48) = 48
12154 10:04:31 select(8, [3 5], [], NULL, NULL) = 1 (in [3])
12154 10:04:31 read(3, "\213\336\232\236\r\333\206\324\244\236\347\34\353_\31\257@m\r\324\340\252w\t\27\314\t\270\264\216\353\260"..., 8192) = 48
12154 10:04:31 select(8, [3 5], [6], NULL, NULL) = 1 (out [6])
12154 10:04:31 write(6, "g", 1)         = 1
12154 10:04:31 select(8, [3 5], [], NULL, NULL) = 1 (in [5])
12154 10:04:32 read(5, "\33[D", 16384)  = 3
12154 10:04:32 select(8, [3 5], [3], NULL, NULL) = 1 (out [3])
12154 10:04:32 write(3, "]@B\217\355\205XFDk\207\17\21\351\201\375\351\3343RG\367:1t\343\217mt\215\33\367"..., 48) = 48
12154 10:04:32 select(8, [3 5], [], NULL, NULL) = 1 (in [3])
12154 10:04:32 read(3, "\301\277d\355\356\243\215\17\217\365\225\322\236t6H\247\316\353\212:0c\257V\253\272O\262\244U\262"..., 8192) = 48
12154 10:04:32 select(8, [3 5], [6], NULL, NULL) = 1 (out [6])
12154 10:04:32 write(6, "\10", 1)       = 1
12154 10:04:32 select(8, [3 5], [], NULL, NULL) = 1 (in [5])
12154 10:04:32 read(5, "\33[D", 16384)  = 3
12154 10:04:32 select(8, [3 5], [3], NULL, NULL) = 1 (out [3])
12154 10:04:32 write(3, "?P\n\344\371\344\275%\246\25/[\303\267[\377\207\330\"[\371\204\225\23J\267W\217>$eJ"..., 48) = 48
12154 10:04:32 select(8, [3 5], [], NULL, NULL) = 1 (in [3])
12154 10:04:32 read(3, "\260g#\275\351\360\244\225\357\250I)L\223\227F\f>T\301F\227\240\221\241<)\356!\272?\266"..., 8192) = 48
12154 10:04:32 select(8, [3 5], [6], NULL, NULL) = 1 (out [6])
12154 10:04:32 write(6, "\10", 1)       = 1
12154 10:04:32 select(8, [3 5], [], NULL, NULL) = 1 (in [5])
12154 10:04:33 read(5, "\33[D", 16384)  = 3
12154 10:04:33 select(8, [3 5], [3], NULL, NULL) = 1 (out [3])
12154 10:04:33 write(3, "\222\tL\24\35 W\332~PY\351}\377\377_\330\2719\262\rY\335d\214N\256\360v{a\n"..., 48) = 48
12154 10:04:33 select(8, [3 5], [], NULL, NULL) = 1 (in [3])
12154 10:04:33 read(3, "A\\ \256v\230\200y\370g}+*\23\371E\232\370\326\\\377\234\364\335\324\275+\273L\250\345\20"..., 8192) = 48
12154 10:04:33 select(8, [3 5], [6], NULL, NULL) = 1 (out [6])
12154 10:04:33 write(6, "\10", 1)       = 1
12154 10:04:33 select(8, [3 5], [], NULL, NULL) = 1 (in [5])
12154 10:04:34 read(5, "\10", 16384)    = 1
12154 10:04:34 select(8, [3 5], [3], NULL, NULL) = 1 (out [3])
12154 10:04:34 write(3, "\335\277\233\267\306\372\2/\16\254\25A\337\221\332\346\256\251\374|\377\353\366\232\334\367\365\266\v\276\255\240"..., 48) = 48
12154 10:04:34 select(8, [3 5], [], NULL, NULL) = 1 (in [3])
12154 10:04:34 read(3, "\336\252\20\265\377\210:\351\314u^\251\271H\237\270S\333p\337\23~\3078\324\306\307\5\0(\360\17"..., 8192) = 48
12154 10:04:34 select(8, [3 5], [6], NULL, NULL) = 1 (out [6])
12154 10:04:34 write(6, "\10\33[1Pfig\10\10\10", 11) = 11
12154 10:04:34 select(8, [3 5], [], NULL, NULL) = 1 (in [5])
12154 10:04:36 read(5, "y", 16384)      = 1
12154 10:04:36 select(8, [3 5], [3], NULL, NULL) = 1 (out [3])
12154 10:04:36 write(3, "\211JH\207\364\272\221\251\217An\373\35\275\232\17\342\251\2772\tsf8\303\217\256\311\343\334h\312"..., 48) = 48
12154 10:04:36 select(8, [3 5], [], NULL, NULL) = 1 (in [3])
12154 10:04:36 read(3, "\213\177q,\253_\300\273\310\267\f\2040(\267*\203\3709\230\303\25\321\270q,\34n_9\267 "..., 8192) = 48
12154 10:04:36 select(8, [3 5], [6], NULL, NULL) = 1 (out [6])
12154 10:04:36 write(6, "yfig\10\10\10", 7) = 7
12154 10:04:36 select(8, [3 5], [], NULL, NULL) = 1 (in [5])
12154 10:04:43 read(5, "\r", 16384)     = 1
12154 10:04:43 select(8, [3 5], [3], NULL, NULL) = 1 (out [3])
12154 10:04:43 write(3, "\33n_\372\4o\332\211\t\304\272\350\1^e\300\265E]S}\274{\276\224\365\356e\345\354\303r"..., 48) = 48
12154 10:04:43 select(8, [3 5], [], NULL, NULL) = 1 (in [3])
12154 10:04:43 read(3, "\254$`W&!\317g\355\311\303L\352\223\222\22k0r\7L\"H\255\364\207\331^\227i\251\360"..., 8192) = 48
12154 10:04:43 select(8, [3 5], [6], NULL, NULL) = 1 (out [6])
12154 10:04:43 write(6, "\r\n", 2)      = 2
12154 10:04:43 select(8, [3 5], [], NULL, NULL) = 1 (in [3])
12154 10:04:43 read(3, "?\200\273&\223\364\371\333v\231\24\36\2757 \0260a\223\365\2d\324+\356!\215\335\206\366\235\326"..., 8192) = 80
12154 10:04:43 select(8, [3 5], [6], NULL, NULL) = 1 (out [6])
12154 10:04:43 write(6, "-bash: ifcoyfig: command not fou"..., 36) = 36
12154 10:04:43 select(8, [3 5], [], NULL, NULL) = 1 (in [3])
12154 10:04:43 read(3, "\363 \376_\210Z\317\344\216\307\221\320\351\240\236/\336 \3Hn\277\346\347\2662\n\221:\v\373\333"..., 8192) = 112
12154 10:04:43 select(8, [3 5], [6], NULL, NULL) = 1 (out [6])
12154 10:04:43 write(6, "\33]0;root@PR-2-3:~\7", 18) = 18
12154 10:04:43 select(8, [3 5], [], NULL, NULL) = 1 (in [3])
12154 10:04:43 read(3, "\331\301\37g<\276\16\342\267|\177\325O%\4\327\274\300\270\367\227[\364GM\3157\324\33\357\304\276"..., 8192) = 80
12154 10:04:43 select(8, [3 5], [6], NULL, NULL) = 1 (out [6])
12154 10:04:43 write(6, "(FUDE-0.4.2@x86_64)[root@PR-2-3 "..., 35) = 35
12154 10:04:43 select(8, [3 5], [], NULL, NULL) = 1 (in [5])
12154 10:04:46 read(5, "e", 16384)      = 1
12154 10:04:46 select(8, [3 5], [3], NULL, NULL) = 1 (out [3])
12154 10:04:46 write(3, "It\2125\346\323\262\342\253t*zL\324g9!\320\316@\217\320>\2033\204\327\363Am\201\376"..., 48) = 48
12154 10:04:46 select(8, [3 5], [], NULL, NULL) = 1 (in [3])
12154 10:04:46 read(3, "\265c(\363\277YC\205\26\6\27?\23\337\343\1\374`\265\303\220#\335\361S\361\316n\216\313}O"..., 8192) = 48
12154 10:04:46 select(8, [3 5], [6], NULL, NULL) = 1 (out [6])
12154 10:04:46 write(6, "e", 1)         = 1
12154 10:04:46 select(8, [3 5], [], NULL, NULL) = 1 (in [5])
12154 10:04:47 read(5, "x", 16384)      = 1
12154 10:04:47 select(8, [3 5], [3], NULL, NULL) = 1 (out [3])
12154 10:04:47 write(3, "\376\3549V\303\10@\367\241\210Z\321?\252\6Rk#\337\270\3105\274qQ\314C\253\303.\261+"..., 48) = 48
12154 10:04:47 select(8, [3 5], [], NULL, NULL) = 1 (in [3])
12154 10:04:47 read(3, "^\324`\347\360\373\326\224\260\374\352\336\342\253\236\256\300\371\355\231\202}\0\7V\376'\275.\263_b"..., 8192) = 48
12154 10:04:47 select(8, [3 5], [6], NULL, NULL) = 1 (out [6])
12154 10:04:47 write(6, "x", 1)         = 1
12154 10:04:47 select(8, [3 5], [], NULL, NULL) = 1 (in [5])
12154 10:04:47 read(5, "i", 16384)      = 1
12154 10:04:47 select(8, [3 5], [3], NULL, NULL) = 1 (out [3])
12154 10:04:47 write(3, "J\306N\322\275WAe\354\37'g\262X\245\244\337b\357F\333ln\264ND\224\v&\223'~"..., 48) = 48
12154 10:04:47 select(8, [3 5], [], NULL, NULL) = 1 (in [3])
12154 10:04:47 read(3, "ox\2618\22\6\367O\242;\231\245\34\322\203@3\264=\2156\327\246\17J\36A\313\2240E\226"..., 8192) = 48
12154 10:04:47 select(8, [3 5], [6], NULL, NULL) = 1 (out [6])
12154 10:04:47 write(6, "i", 1)         = 1
12154 10:04:47 select(8, [3 5], [], NULL, NULL) = 1 (in [5])
12154 10:04:47 read(5, "t", 16384)      = 1
12154 10:04:47 select(8, [3 5], [3], NULL, NULL) = 1 (out [3])
12154 10:04:47 write(3, "5\31O\30\235\367f#\325\304\210\245\2_=w\26\27\204\177\374\262J=3\306\10,[\327\222\314"..., 48) = 48
12154 10:04:47 select(8, [3 5], [], NULL, NULL) = 1 (in [3])
12154 10:04:47 read(3, "\260\200\v\353\205g\200{}$_-\16LN\270d\242\246\6\177d3\254f\224\372'qy\22P"..., 8192) = 48
12154 10:04:47 select(8, [3 5], [6], NULL, NULL) = 1 (out [6])
12154 10:04:47 write(6, "t", 1)         = 1
12154 10:04:47 select(8, [3 5], [], NULL, NULL) = 1 (in [5])
12154 10:04:48 read(5, "\r", 16384)     = 1
12154 10:04:48 select(8, [3 5], [3], NULL, NULL) = 1 (out [3])
12154 10:04:48 write(3, "W8\224C\v\5TTP\201[\243\35\263\262x\233\375\221[\237\n~P\315\6\212\226\250\376\356~"..., 48) = 48
12154 10:04:48 select(8, [3 5], [], NULL, NULL) = 1 (in [3])
12154 10:04:48 read(3, "\363\307\227F%~\220\30F\\~\247\276\250A\257\262j\344\247\264\16Q\2316\351\276ZhP\10\211"..., 8192) = 48
12154 10:04:48 select(8, [3 5], [6], NULL, NULL) = 1 (out [6])
12154 10:04:48 write(6, "\r\n", 2)      = 2
12154 10:04:48 select(8, [3 5], [], NULL, NULL) = 1 (in [3])
12154 10:04:48 read(3, "a\3230\350\274T\233\331\365\231\347Z\225vc\366\362\313\250\246\272-\260\235zh\1\204\240\350*\326"..., 8192) = 48
12154 10:04:48 select(8, [3 5], [6], NULL, NULL) = 1 (out [6])
12154 10:04:48 write(6, "logout\r\n", 8) = 8
12154 10:04:48 select(8, [3 5], [], NULL, NULL) = 1 (in [3])
12154 10:04:48 read(3, "\361\354]#5\334)\3337\264\367\351\312L\31G\223ZbR\205\355\337\2\343\316\237\301\214\2566\33"..., 8192) = 48
12154 10:04:48 select(8, [3 5], [6], NULL, NULL) = 1 (out [6])
12154 10:04:48 write(6, "\33[H\33[2J", 7) = 7
12154 10:04:48 select(8, [3 5], [], NULL, NULL) = 1 (in [3])
12154 10:04:48 read(3, "Z\205\251\345\v\343\221\237\223\332\267\\\6\31\354\0\26\3736\206K\324\313\23{t\2345Y,E}"..., 8192) = 128
12154 10:04:48 close(6)                 = 0
12154 10:04:48 close(5)                 = 0
12154 10:04:48 ioctl(0, SNDCTL_TMR_STOP or TCSETSW, {B38400 opost isig icanon echo ...}) = 0
12154 10:04:48 close(7)                 = 0
12154 10:04:48 select(8, [3], [3], NULL, NULL) = 1 (out [3])
12154 10:04:48 write(3, "\223\373\27v\202\364\241\212\2V\21&\22\34\307-\246:0\340\274K\236\321D$\336\374\3\207\17\336", 32) = 32
12154 10:04:48 rt_sigaction(SIGWINCH, NULL, {0x7f237c438c80, [], SA_RESTORER, 0x7f2379f93920}, 8) = 0
12154 10:04:48 rt_sigaction(SIGWINCH, {SIG_DFL, [], SA_RESTORER, 0x7f2379f93920}, NULL, 8) = 0
12154 10:04:48 write(3, "\32\270\3\274m\2241=?p\17\342\2\303\2205\25y\350\233B\263\273\334&\270\20\311\213\252\222\231"..., 64) = 64
12154 10:04:48 ioctl(0, SNDCTL_TMR_TIMEBASE or TCGETS, {B38400 opost isig icanon echo ...}) = 0
12154 10:04:48 ioctl(1, SNDCTL_TMR_TIMEBASE or TCGETS, {B38400 opost isig icanon echo ...}) = 0
12154 10:04:48 ioctl(2, SNDCTL_TMR_TIMEBASE or TCGETS, {B38400 opost isig icanon echo ...}) = 0
12154 10:04:48 write(2, "Connection to 192.167.2.3 closed"..., 35) = 35
12154 10:04:48 shutdown(3, 2 /* send and receive */) = 0
12154 10:04:48 close(3)                 = 0
12154 10:04:48 exit_group(127)          = ?
