10087 19:17:18 select(4, [3], NULL, NULL, NULL) = 1 (in [3])
10087 19:17:18 read(3, "\241D\241}\20\1PsF\335\324Y\330\324\317U>\275\247w\200\2364\354\375\205\317*\343\340\352@"..., 8192) = 48
10087 19:17:18 write(3, "I\316\202\307\33^\254}i\211\t5KPQ\326\361\246 QG\10\352\272e\333\7\271\337\375l\277"..., 64) = 64
10087 19:17:18 select(4, [3], NULL, NULL, NULL) = 1 (in [3])
10087 19:17:18 read(3, "jH\351Rm\3\216\220\270\246R=\\\6A\264N\36\n6\354\301(:\332\324g\31rQ\n\333"..., 8192) = 80
10087 19:17:18 getpeername(3, {sa_family=AF_INET, sin_port=htons(22), sin_addr=inet_addr("192.167.2.3")}, [16]) = 0
10087 19:17:18 open("/etc/protocols", O_RDONLY|O_CLOEXEC) = 5
10087 19:17:18 fstat(5, {st_mode=S_IFREG|0644, st_size=6455, ...}) = 0
10087 19:17:18 mmap(NULL, 4096, PROT_READ|PROT_WRITE, MAP_PRIVATE|MAP_ANONYMOUS, -1, 0) = 0x7fbe66a48000
10087 19:17:18 read(5, "# /etc/protocols:\n# $Id: protoco"..., 4096) = 4096
10087 19:17:18 close(5)                 = 0
10087 19:17:18 munmap(0x7fbe66a48000, 4096) = 0
10087 19:17:18 getsockopt(3, SOL_IP, IP_OPTIONS, "", [0]) = 0
10087 19:17:18 socket(PF_FILE, SOCK_STREAM|SOCK_CLOEXEC|SOCK_NONBLOCK, 0) = 5
10087 19:17:18 connect(5, {sa_family=AF_FILE, path="/var/run/nscd/socket"}, 110) = -1 ENOENT (No such file or directory)
10087 19:17:18 close(5)                 = 0
10087 19:17:18 socket(PF_FILE, SOCK_STREAM|SOCK_CLOEXEC|SOCK_NONBLOCK, 0) = 5
10087 19:17:18 connect(5, {sa_family=AF_FILE, path="/var/run/nscd/socket"}, 110) = -1 ENOENT (No such file or directory)
10087 19:17:18 close(5)                 = 0
10087 19:17:18 open("/etc/resolv.conf", O_RDONLY) = 5
10087 19:17:18 fstat(5, {st_mode=S_IFREG|0644, st_size=228, ...}) = 0
10087 19:17:18 mmap(NULL, 4096, PROT_READ|PROT_WRITE, MAP_PRIVATE|MAP_ANONYMOUS, -1, 0) = 0x7fbe66a48000
10087 19:17:18 read(5, "# Generated by NetworkManager\n\n\n"..., 4096) = 228
10087 19:17:18 read(5, "", 4096)        = 0
10087 19:17:18 close(5)                 = 0
10087 19:17:18 munmap(0x7fbe66a48000, 4096) = 0
10087 19:17:18 uname({sys="Linux", node="zabbixserver-6-21", ...}) = 0
10087 19:17:18 open("/etc/host.conf", O_RDONLY) = 5
10087 19:17:18 fstat(5, {st_mode=S_IFREG|0644, st_size=9, ...}) = 0
10087 19:17:18 mmap(NULL, 4096, PROT_READ|PROT_WRITE, MAP_PRIVATE|MAP_ANONYMOUS, -1, 0) = 0x7fbe66a48000
10087 19:17:18 read(5, "multi on\n", 4096) = 9
10087 19:17:18 read(5, "", 4096)        = 0
10087 19:17:18 close(5)                 = 0
10087 19:17:18 munmap(0x7fbe66a48000, 4096) = 0
10087 19:17:18 futex(0x7fbe64914384, FUTEX_WAKE_PRIVATE, 2147483647) = 0
10087 19:17:18 open("/etc/hosts", O_RDONLY|O_CLOEXEC) = 5
10087 19:17:18 fstat(5, {st_mode=S_IFREG|0644, st_size=217, ...}) = 0
10087 19:17:18 mmap(NULL, 4096, PROT_READ|PROT_WRITE, MAP_PRIVATE|MAP_ANONYMOUS, -1, 0) = 0x7fbe66a48000
10087 19:17:18 read(5, "127.0.0.1   localhost localhost."..., 4096) = 217
10087 19:17:18 read(5, "", 4096)        = 0
10087 19:17:18 close(5)                 = 0
10087 19:17:18 munmap(0x7fbe66a48000, 4096) = 0
10087 19:17:18 open("/opt/FUDE-1.0/fude/lib/libnss_dns.so.2", O_RDONLY) = -1 ENOENT (No such file or directory)
10087 19:17:18 open("/opt/FUDE-1.0/utils/lib/libnss_dns.so.2", O_RDONLY) = -1 ENOENT (No such file or directory)
10087 19:17:18 open("/opt/FUDE-1.0/log/lib/libnss_dns.so.2", O_RDONLY) = -1 ENOENT (No such file or directory)
10087 19:17:18 open("/opt/FUDE-1.0/netsnmp/lib/libnss_dns.so.2", O_RDONLY) = -1 ENOENT (No such file or directory)
10087 19:17:18 open("/opt/FUDE-1.0/python/lib/libnss_dns.so.2", O_RDONLY) = -1 ENOENT (No such file or directory)
10087 19:17:18 open("/opt/FUDE-1.0/boost/lib/libnss_dns.so.2", O_RDONLY) = -1 ENOENT (No such file or directory)
10087 19:17:18 open("/opt/FUDE-1.0/cppunit/lib/libnss_dns.so.2", O_RDONLY) = -1 ENOENT (No such file or directory)
10087 19:17:18 open("/opt/FUDE-1.0/TAO/ACE_wrappers/lib/libnss_dns.so.2", O_RDONLY) = -1 ENOENT (No such file or directory)
10087 19:17:18 open("tls/x86_64/libnss_dns.so.2", O_RDONLY) = -1 ENOENT (No such file or directory)
10087 19:17:18 open("tls/libnss_dns.so.2", O_RDONLY) = -1 ENOENT (No such file or directory)
10087 19:17:18 open("x86_64/libnss_dns.so.2", O_RDONLY) = -1 ENOENT (No such file or directory)
10087 19:17:18 open("libnss_dns.so.2", O_RDONLY) = -1 ENOENT (No such file or directory)
10087 19:17:18 open("/etc/ld.so.cache", O_RDONLY) = 5
10087 19:17:18 fstat(5, {st_mode=S_IFREG|0644, st_size=207633, ...}) = 0
10087 19:17:18 mmap(NULL, 207633, PROT_READ, MAP_PRIVATE, 5, 0) = 0x7fbe66a16000
10087 19:17:18 close(5)                 = 0
10087 19:17:18 open("/lib64/libnss_dns.so.2", O_RDONLY) = 5
10087 19:17:18 read(5, "\177ELF\2\1\1\0\0\0\0\0\0\0\0\0\3\0>\0\1\0\0\0\0\20\0\0\0\0\0\0"..., 832) = 832
10087 19:17:18 fstat(5, {st_mode=S_IFREG|0755, st_size=27424, ...}) = 0
10087 19:17:18 mmap(NULL, 2117880, PROT_READ|PROT_EXEC, MAP_PRIVATE|MAP_DENYWRITE, 5, 0) = 0x7fbe62e73000
10087 19:17:18 mprotect(0x7fbe62e78000, 2093056, PROT_NONE) = 0
10087 19:17:18 mmap(0x7fbe63077000, 8192, PROT_READ|PROT_WRITE, MAP_PRIVATE|MAP_FIXED|MAP_DENYWRITE, 5, 0x4000) = 0x7fbe63077000
10087 19:17:18 close(5)                 = 0
10087 19:17:18 mprotect(0x7fbe63077000, 4096, PROT_READ) = 0
10087 19:17:18 munmap(0x7fbe66a16000, 207633) = 0
10087 19:17:18 futex(0x7fbe63f182e8, FUTEX_WAKE_PRIVATE, 2147483647) = 0
10087 19:17:18 futex(0x7fbe63f18270, FUTEX_WAKE_PRIVATE, 2147483647) = 0
10087 19:17:18 futex(0x7fbe655a0fd0, FUTEX_WAKE_PRIVATE, 2147483647) = 0
10087 19:17:18 stat("/etc/gss/mech", 0x7fff192539a0) = -1 ENOENT (No such file or directory)
10087 19:17:18 stat("/etc/gss/mech", 0x7fff192538f0) = -1 ENOENT (No such file or directory)
10087 19:17:18 futex(0x7fbe6535f200, FUTEX_WAKE_PRIVATE, 2147483647) = 0
10087 19:17:18 futex(0x7fbe6535f600, FUTEX_WAKE_PRIVATE, 2147483647) = 0
10087 19:17:18 stat("/etc/krb5.conf", {st_mode=S_IFREG|0644, st_size=449, ...}) = 0
10087 19:17:18 open("/etc/krb5.conf", O_RDONLY) = 5
10087 19:17:18 fcntl(5, F_SETFD, FD_CLOEXEC) = 0
10087 19:17:18 fstat(5, {st_mode=S_IFREG|0644, st_size=449, ...}) = 0
10087 19:17:18 mmap(NULL, 4096, PROT_READ|PROT_WRITE, MAP_PRIVATE|MAP_ANONYMOUS, -1, 0) = 0x7fbe66a48000
10087 19:17:18 read(5, "[logging]\n default = FILE:/var/l"..., 4096) = 449
10087 19:17:18 read(5, "", 4096)        = 0
10087 19:17:18 close(5)                 = 0
10087 19:17:18 munmap(0x7fbe66a48000, 4096) = 0
10087 19:17:18 open("/dev/urandom", O_RDONLY) = 5
10087 19:17:18 fcntl(5, F_SETFD, FD_CLOEXEC) = 0
10087 19:17:18 fstat(5, {st_mode=S_IFCHR|0666, st_rdev=makedev(1, 9), ...}) = 0
10087 19:17:18 read(5, "\206W\327\2,\232\313\10\241\373\227\216\236c\265^\232d\246>", 20) = 20
10087 19:17:18 close(5)                 = 0
10087 19:17:18 futex(0x7fbe650802d0, FUTEX_WAKE_PRIVATE, 2147483647) = 0
10087 19:17:18 socket(PF_NETLINK, SOCK_RAW, 0) = 5
10087 19:17:18 bind(5, {sa_family=AF_NETLINK, pid=0, groups=00000000}, 12) = 0
10087 19:17:18 getsockname(5, {sa_family=AF_NETLINK, pid=10087, groups=00000000}, [12]) = 0
10087 19:17:18 sendto(5, "\24\0\0\0\26\0\1\3>'\235Z\0\0\0\0\0\0\0\0", 20, 0, {sa_family=AF_NETLINK, pid=0, groups=00000000}, 12) = 20
10087 19:17:18 recvmsg(5, {msg_name(12)={sa_family=AF_NETLINK, pid=0, groups=00000000}, msg_iov(1)=[{"0\0\0\0\24\0\2\0>'\235Zg'\0\0\2\10\200\376\1\0\0\0\10\0\1\0\177\0\0\1"..., 4096}], msg_controllen=0, msg_flags=0}, 0) = 108
10087 19:17:18 recvmsg(5, {msg_name(12)={sa_family=AF_NETLINK, pid=0, groups=00000000}, msg_iov(1)=[{"@\0\0\0\24\0\2\0>'\235Zg'\0\0\n\200\200\376\1\0\0\0\24\0\1\0\0\0\0\0"..., 4096}], msg_controllen=0, msg_flags=0}, 0) = 128
10087 19:17:18 recvmsg(5, {msg_name(12)={sa_family=AF_NETLINK, pid=0, groups=00000000}, msg_iov(1)=[{"\24\0\0\0\3\0\2\0>'\235Zg'\0\0\0\0\0\0\1\0\0\0\24\0\1\0\0\0\0\0"..., 4096}], msg_controllen=0, msg_flags=0}, 0) = 20
10087 19:17:18 close(5)                 = 0
10087 19:17:18 open("/etc/hosts", O_RDONLY|O_CLOEXEC) = 5
10087 19:17:18 fstat(5, {st_mode=S_IFREG|0644, st_size=217, ...}) = 0
10087 19:17:18 mmap(NULL, 4096, PROT_READ|PROT_WRITE, MAP_PRIVATE|MAP_ANONYMOUS, -1, 0) = 0x7fbe66a48000
10087 19:17:18 read(5, "127.0.0.1   localhost localhost."..., 4096) = 217
10087 19:17:18 read(5, "", 4096)        = 0
10087 19:17:18 close(5)                 = 0
10087 19:17:18 munmap(0x7fbe66a48000, 4096) = 0
10087 19:17:18 stat("/etc/krb5.conf", {st_mode=S_IFREG|0644, st_size=449, ...}) = 0
10087 19:17:18 open("/etc/krb5.conf", O_RDONLY) = 5
10087 19:17:18 fcntl(5, F_SETFD, FD_CLOEXEC) = 0
10087 19:17:18 fstat(5, {st_mode=S_IFREG|0644, st_size=449, ...}) = 0
10087 19:17:18 mmap(NULL, 4096, PROT_READ|PROT_WRITE, MAP_PRIVATE|MAP_ANONYMOUS, -1, 0) = 0x7fbe66a48000
10087 19:17:18 read(5, "[logging]\n default = FILE:/var/l"..., 4096) = 449
10087 19:17:18 read(5, "", 4096)        = 0
10087 19:17:18 close(5)                 = 0
10087 19:17:18 munmap(0x7fbe66a48000, 4096) = 0
10087 19:17:18 open("/dev/urandom", O_RDONLY) = 5
10087 19:17:18 fcntl(5, F_SETFD, FD_CLOEXEC) = 0
10087 19:17:18 fstat(5, {st_mode=S_IFCHR|0666, st_rdev=makedev(1, 9), ...}) = 0
10087 19:17:18 read(5, "\316'\324\364\245\35\2755\371\350z15\353\317\251\t\254F\f", 20) = 20
10087 19:17:18 close(5)                 = 0
10087 19:17:18 socket(PF_NETLINK, SOCK_RAW, 0) = 5
10087 19:17:18 bind(5, {sa_family=AF_NETLINK, pid=0, groups=00000000}, 12) = 0
10087 19:17:18 getsockname(5, {sa_family=AF_NETLINK, pid=10087, groups=00000000}, [12]) = 0
10087 19:17:18 sendto(5, "\24\0\0\0\26\0\1\3>'\235Z\0\0\0\0\0\0\0\0", 20, 0, {sa_family=AF_NETLINK, pid=0, groups=00000000}, 12) = 20
10087 19:17:18 recvmsg(5, {msg_name(12)={sa_family=AF_NETLINK, pid=0, groups=00000000}, msg_iov(1)=[{"0\0\0\0\24\0\2\0>'\235Zg'\0\0\2\10\200\376\1\0\0\0\10\0\1\0\177\0\0\1"..., 4096}], msg_controllen=0, msg_flags=0}, 0) = 108
10087 19:17:18 recvmsg(5, {msg_name(12)={sa_family=AF_NETLINK, pid=0, groups=00000000}, msg_iov(1)=[{"@\0\0\0\24\0\2\0>'\235Zg'\0\0\n\200\200\376\1\0\0\0\24\0\1\0\0\0\0\0"..., 4096}], msg_controllen=0, msg_flags=0}, 0) = 128
10087 19:17:18 recvmsg(5, {msg_name(12)={sa_family=AF_NETLINK, pid=0, groups=00000000}, msg_iov(1)=[{"\24\0\0\0\3\0\2\0>'\235Zg'\0\0\0\0\0\0\1\0\0\0\24\0\1\0\0\0\0\0"..., 4096}], msg_controllen=0, msg_flags=0}, 0) = 20
10087 19:17:18 close(5)                 = 0
10087 19:17:18 open("/etc/hosts", O_RDONLY|O_CLOEXEC) = 5
10087 19:17:18 fstat(5, {st_mode=S_IFREG|0644, st_size=217, ...}) = 0
10087 19:17:18 mmap(NULL, 4096, PROT_READ|PROT_WRITE, MAP_PRIVATE|MAP_ANONYMOUS, -1, 0) = 0x7fbe66a48000
10087 19:17:18 read(5, "127.0.0.1   localhost localhost."..., 4096) = 217
10087 19:17:18 read(5, "", 4096)        = 0
10087 19:17:18 close(5)                 = 0
10087 19:17:18 munmap(0x7fbe66a48000, 4096) = 0
10087 19:17:18 stat("/etc/krb5.conf", {st_mode=S_IFREG|0644, st_size=449, ...}) = 0
10087 19:17:18 open("/etc/krb5.conf", O_RDONLY) = 5
10087 19:17:18 fcntl(5, F_SETFD, FD_CLOEXEC) = 0
10087 19:17:18 fstat(5, {st_mode=S_IFREG|0644, st_size=449, ...}) = 0
10087 19:17:18 mmap(NULL, 4096, PROT_READ|PROT_WRITE, MAP_PRIVATE|MAP_ANONYMOUS, -1, 0) = 0x7fbe66a48000
10087 19:17:18 read(5, "[logging]\n default = FILE:/var/l"..., 4096) = 449
10087 19:17:18 read(5, "", 4096)        = 0
10087 19:17:18 close(5)                 = 0
10087 19:17:18 munmap(0x7fbe66a48000, 4096) = 0
10087 19:17:18 open("/dev/urandom", O_RDONLY) = 5
10087 19:17:18 fcntl(5, F_SETFD, FD_CLOEXEC) = 0
10087 19:17:18 fstat(5, {st_mode=S_IFCHR|0666, st_rdev=makedev(1, 9), ...}) = 0
10087 19:17:18 read(5, "\26\365\321\365\7L\343_\377\263\r\357\221\235\24\325u\322\241\244", 20) = 20
10087 19:17:18 close(5)                 = 0
10087 19:17:18 socket(PF_NETLINK, SOCK_RAW, 0) = 5
10087 19:17:18 bind(5, {sa_family=AF_NETLINK, pid=0, groups=00000000}, 12) = 0
10087 19:17:18 getsockname(5, {sa_family=AF_NETLINK, pid=10087, groups=00000000}, [12]) = 0
10087 19:17:18 sendto(5, "\24\0\0\0\26\0\1\3>'\235Z\0\0\0\0\0\0\0\0", 20, 0, {sa_family=AF_NETLINK, pid=0, groups=00000000}, 12) = 20
10087 19:17:18 recvmsg(5, {msg_name(12)={sa_family=AF_NETLINK, pid=0, groups=00000000}, msg_iov(1)=[{"0\0\0\0\24\0\2\0>'\235Zg'\0\0\2\10\200\376\1\0\0\0\10\0\1\0\177\0\0\1"..., 4096}], msg_controllen=0, msg_flags=0}, 0) = 108
10087 19:17:18 recvmsg(5, {msg_name(12)={sa_family=AF_NETLINK, pid=0, groups=00000000}, msg_iov(1)=[{"@\0\0\0\24\0\2\0>'\235Zg'\0\0\n\200\200\376\1\0\0\0\24\0\1\0\0\0\0\0"..., 4096}], msg_controllen=0, msg_flags=0}, 0) = 128
10087 19:17:18 recvmsg(5, {msg_name(12)={sa_family=AF_NETLINK, pid=0, groups=00000000}, msg_iov(1)=[{"\24\0\0\0\3\0\2\0>'\235Zg'\0\0\0\0\0\0\1\0\0\0\24\0\1\0\0\0\0\0"..., 4096}], msg_controllen=0, msg_flags=0}, 0) = 20
10087 19:17:18 close(5)                 = 0
10087 19:17:18 open("/etc/hosts", O_RDONLY|O_CLOEXEC) = 5
10087 19:17:18 fstat(5, {st_mode=S_IFREG|0644, st_size=217, ...}) = 0
10087 19:17:18 mmap(NULL, 4096, PROT_READ|PROT_WRITE, MAP_PRIVATE|MAP_ANONYMOUS, -1, 0) = 0x7fbe66a48000
10087 19:17:18 read(5, "127.0.0.1   localhost localhost."..., 4096) = 217
10087 19:17:18 read(5, "", 4096)        = 0
10087 19:17:18 close(5)                 = 0
10087 19:17:18 munmap(0x7fbe66a48000, 4096) = 0
10087 19:17:18 stat("/etc/krb5.conf", {st_mode=S_IFREG|0644, st_size=449, ...}) = 0
10087 19:17:18 open("/etc/krb5.conf", O_RDONLY) = 5
10087 19:17:18 fcntl(5, F_SETFD, FD_CLOEXEC) = 0
10087 19:17:18 fstat(5, {st_mode=S_IFREG|0644, st_size=449, ...}) = 0
10087 19:17:18 mmap(NULL, 4096, PROT_READ|PROT_WRITE, MAP_PRIVATE|MAP_ANONYMOUS, -1, 0) = 0x7fbe66a48000
10087 19:17:18 read(5, "[logging]\n default = FILE:/var/l"..., 4096) = 449
10087 19:17:18 read(5, "", 4096)        = 0
10087 19:17:18 close(5)                 = 0
10087 19:17:18 munmap(0x7fbe66a48000, 4096) = 0
10087 19:17:18 open("/dev/urandom", O_RDONLY) = 5
10087 19:17:18 fcntl(5, F_SETFD, FD_CLOEXEC) = 0
10087 19:17:18 fstat(5, {st_mode=S_IFCHR|0666, st_rdev=makedev(1, 9), ...}) = 0
10087 19:17:18 read(5, "\236\256\207\202\267\304/\334\224\177\306\35\372\345C\261\277\340\17x", 20) = 20
10087 19:17:18 close(5)                 = 0
10087 19:17:18 socket(PF_NETLINK, SOCK_RAW, 0) = 5
10087 19:17:18 bind(5, {sa_family=AF_NETLINK, pid=0, groups=00000000}, 12) = 0
10087 19:17:18 getsockname(5, {sa_family=AF_NETLINK, pid=10087, groups=00000000}, [12]) = 0
10087 19:17:18 sendto(5, "\24\0\0\0\26\0\1\3>'\235Z\0\0\0\0\0\0\0\0", 20, 0, {sa_family=AF_NETLINK, pid=0, groups=00000000}, 12) = 20
10087 19:17:18 recvmsg(5, {msg_name(12)={sa_family=AF_NETLINK, pid=0, groups=00000000}, msg_iov(1)=[{"0\0\0\0\24\0\2\0>'\235Zg'\0\0\2\10\200\376\1\0\0\0\10\0\1\0\177\0\0\1"..., 4096}], msg_controllen=0, msg_flags=0}, 0) = 108
10087 19:17:18 recvmsg(5, {msg_name(12)={sa_family=AF_NETLINK, pid=0, groups=00000000}, msg_iov(1)=[{"@\0\0\0\24\0\2\0>'\235Zg'\0\0\n\200\200\376\1\0\0\0\24\0\1\0\0\0\0\0"..., 4096}], msg_controllen=0, msg_flags=0}, 0) = 128
10087 19:17:18 recvmsg(5, {msg_name(12)={sa_family=AF_NETLINK, pid=0, groups=00000000}, msg_iov(1)=[{"\24\0\0\0\3\0\2\0>'\235Zg'\0\0\0\0\0\0\1\0\0\0\24\0\1\0\0\0\0\0"..., 4096}], msg_controllen=0, msg_flags=0}, 0) = 20
10087 19:17:18 close(5)                 = 0
10087 19:17:18 open("/etc/hosts", O_RDONLY|O_CLOEXEC) = 5
10087 19:17:18 fstat(5, {st_mode=S_IFREG|0644, st_size=217, ...}) = 0
10087 19:17:18 mmap(NULL, 4096, PROT_READ|PROT_WRITE, MAP_PRIVATE|MAP_ANONYMOUS, -1, 0) = 0x7fbe66a48000
10087 19:17:18 read(5, "127.0.0.1   localhost localhost."..., 4096) = 217
10087 19:17:18 read(5, "", 4096)        = 0
10087 19:17:18 close(5)                 = 0
10087 19:17:18 munmap(0x7fbe66a48000, 4096) = 0
10087 19:17:18 stat("/root/.ssh/identity", 0x7fff19253860) = -1 ENOENT (No such file or directory)
10087 19:17:18 stat("/root/.ssh/id_rsa", {st_mode=S_IFREG|0600, st_size=887, ...}) = 0
10087 19:17:18 open("/root/.ssh/id_rsa", O_RDONLY) = 5
10087 19:17:18 fstat(5, {st_mode=S_IFREG|0600, st_size=887, ...}) = 0
10087 19:17:18 getuid()                 = 0
10087 19:17:18 fcntl(5, F_GETFL)        = 0x8000 (flags O_RDONLY|O_LARGEFILE)
10087 19:17:18 fstat(5, {st_mode=S_IFREG|0600, st_size=887, ...}) = 0
10087 19:17:18 mmap(NULL, 4096, PROT_READ|PROT_WRITE, MAP_PRIVATE|MAP_ANONYMOUS, -1, 0) = 0x7fbe66a48000
10087 19:17:18 lseek(5, 0, SEEK_CUR)    = 0
10087 19:17:18 read(5, "-----BEGIN RSA PRIVATE KEY-----\n"..., 4096) = 887
10087 19:17:18 close(5)                 = 0
10087 19:17:18 munmap(0x7fbe66a48000, 4096) = 0
10087 19:17:18 write(3, "X+`h\217\7\327\236\235:\211\305\220\263\3011\254\333\365\236RM\0326b\235\207\353,$\313\225"..., 384) = 384
10087 19:17:18 select(4, [3], NULL, NULL, NULL) = 1 (in [3])
10087 19:17:18 read(3, "\317\6|h\331^!\374\306H}&a\3\324\367.[\241p\263\241$\17\257\20\275ZZ\202\376J"..., 8192) = 80
10087 19:17:18 stat("/root/.ssh/id_dsa", 0x7fff19253860) = -1 ENOENT (No such file or directory)
10087 19:17:18 open("/dev/tty", O_RDWR) = 5
10087 19:17:18 close(5)                 = 0
10087 19:17:18 open("/dev/tty", O_RDWR) = 5
10087 19:17:18 rt_sigaction(SIGALRM, {0x7fbe66a8f430, [], SA_RESTORER, 0x7fbe645b6920}, {SIG_DFL, [], 0}, 8) = 0
10087 19:17:18 rt_sigaction(SIGHUP, {0x7fbe66a8f430, [], SA_RESTORER, 0x7fbe645b6920}, {SIG_DFL, [], 0}, 8) = 0
10087 19:17:18 rt_sigaction(SIGINT, {0x7fbe66a8f430, [], SA_RESTORER, 0x7fbe645b6920}, {SIG_DFL, [], 0}, 8) = 0
10087 19:17:18 rt_sigaction(SIGPIPE, {0x7fbe66a8f430, [], SA_RESTORER, 0x7fbe645b6920}, {SIG_IGN, [], SA_RESTORER, 0x7fbe645b6920}, 8) = 0
10087 19:17:18 rt_sigaction(SIGQUIT, {0x7fbe66a8f430, [], SA_RESTORER, 0x7fbe645b6920}, {SIG_DFL, [], 0}, 8) = 0
10087 19:17:18 rt_sigaction(SIGTERM, {0x7fbe66a8f430, [], SA_RESTORER, 0x7fbe645b6920}, {SIG_DFL, [], 0}, 8) = 0
10087 19:17:18 rt_sigaction(SIGTSTP, {0x7fbe66a8f430, [], SA_RESTORER, 0x7fbe645b6920}, {SIG_DFL, [], 0}, 8) = 0
10087 19:17:18 rt_sigaction(SIGTTIN, {0x7fbe66a8f430, [], SA_RESTORER, 0x7fbe645b6920}, {SIG_DFL, [], 0}, 8) = 0
10087 19:17:18 rt_sigaction(SIGTTOU, {0x7fbe66a8f430, [], SA_RESTORER, 0x7fbe645b6920}, {SIG_DFL, [], 0}, 8) = 0
10087 19:17:18 ioctl(5, SNDCTL_TMR_TIMEBASE or TCGETS, {B38400 opost isig icanon echo ...}) = 0
10087 19:17:18 ioctl(5, SNDCTL_TMR_CONTINUE or TCSETSF, {B38400 opost isig icanon -echo ...}) = 0
10087 19:17:18 write(5, "root@192.167.2.3's password: ", 29) = 29
10087 19:17:18 read(5, "1", 1)          = 1
10087 19:17:18 read(5, "2", 1)          = 1
10087 19:17:18 read(5, "3", 1)          = 1
10087 19:17:18 read(5, "4", 1)          = 1
10087 19:17:18 read(5, "5", 1)          = 1
10087 19:17:18 read(5, "6", 1)          = 1
10087 19:17:18 read(5, "\n", 1)         = 1
10087 19:17:18 write(5, "\n", 1)        = 1
10087 19:17:18 ioctl(5, SNDCTL_TMR_CONTINUE or TCSETSF, {B38400 opost isig icanon echo ...}) = 0
10087 19:17:18 rt_sigaction(SIGALRM, {SIG_DFL, [], SA_RESTORER, 0x7fbe645b6920}, NULL, 8) = 0
10087 19:17:18 rt_sigaction(SIGHUP, {SIG_DFL, [], SA_RESTORER, 0x7fbe645b6920}, NULL, 8) = 0
10087 19:17:18 rt_sigaction(SIGINT, {SIG_DFL, [], SA_RESTORER, 0x7fbe645b6920}, NULL, 8) = 0
10087 19:17:18 rt_sigaction(SIGQUIT, {SIG_DFL, [], SA_RESTORER, 0x7fbe645b6920}, NULL, 8) = 0
10087 19:17:18 rt_sigaction(SIGPIPE, {SIG_IGN, [], SA_RESTORER, 0x7fbe645b6920}, NULL, 8) = 0
10087 19:17:18 rt_sigaction(SIGTERM, {SIG_DFL, [], SA_RESTORER, 0x7fbe645b6920}, NULL, 8) = 0
10087 19:17:18 rt_sigaction(SIGTSTP, {SIG_DFL, [], SA_RESTORER, 0x7fbe645b6920}, NULL, 8) = 0
10087 19:17:18 rt_sigaction(SIGTTIN, {SIG_DFL, [], SA_RESTORER, 0x7fbe645b6920}, NULL, 8) = 0
10087 19:17:18 close(5)                 = 0
10087 19:17:18 write(3, "\210\2415\254\334|;[\313Y3P|Y\377\223\22w|d\352\0243\214\226c\366\277\246o\225\231"..., 144) = 144
10087 19:17:18 select(4, [3], NULL, NULL, NULL) = 1 (in [3])
10087 19:17:18 read(3, "5\337\227v\273\320\272\232Ld\207\276\201V\357_\270C\276\307\366\246\230\37\373r)\37\277\323\203\225", 8192) = 32
10087 19:17:18 dup(0)                   = 5
10087 19:17:18 dup(1)                   = 6
10087 19:17:18 dup(2)                   = 7
10087 19:17:18 ioctl(5, SNDCTL_TMR_TIMEBASE or TCGETS, {B38400 opost isig icanon echo ...}) = 0
10087 19:17:18 ioctl(6, SNDCTL_TMR_TIMEBASE or TCGETS, {B38400 opost isig icanon echo ...}) = 0
10087 19:17:18 ioctl(7, SNDCTL_TMR_TIMEBASE or TCGETS, {B38400 opost isig icanon echo ...}) = 0
10087 19:17:18 fcntl(5, F_SETFD, FD_CLOEXEC) = 0
10087 19:17:18 fcntl(6, F_SETFD, FD_CLOEXEC) = 0
10087 19:17:18 fcntl(7, F_SETFD, FD_CLOEXEC) = 0
10087 19:17:18 ioctl(6, SNDCTL_TMR_TIMEBASE or TCGETS, {B38400 opost isig icanon echo ...}) = 0
10087 19:17:18 rt_sigaction(SIGHUP, NULL, {SIG_DFL, [], SA_RESTORER, 0x7fbe645b6920}, 8) = 0
10087 19:17:18 rt_sigaction(SIGHUP, {SIG_IGN, [], SA_RESTORER, 0x7fbe645b6920}, NULL, 8) = 0
10087 19:17:18 rt_sigaction(SIGHUP, NULL, {SIG_IGN, [], SA_RESTORER, 0x7fbe645b6920}, 8) = 0
10087 19:17:18 rt_sigaction(SIGHUP, {0x7fbe66a5b5e0, [], SA_RESTORER, 0x7fbe645b6920}, NULL, 8) = 0
10087 19:17:18 rt_sigaction(SIGINT, NULL, {SIG_DFL, [], SA_RESTORER, 0x7fbe645b6920}, 8) = 0
10087 19:17:18 rt_sigaction(SIGINT, {SIG_IGN, [], SA_RESTORER, 0x7fbe645b6920}, NULL, 8) = 0
10087 19:17:18 rt_sigaction(SIGINT, NULL, {SIG_IGN, [], SA_RESTORER, 0x7fbe645b6920}, 8) = 0
10087 19:17:18 rt_sigaction(SIGINT, {0x7fbe66a5b5e0, [], SA_RESTORER, 0x7fbe645b6920}, NULL, 8) = 0
10087 19:17:18 rt_sigaction(SIGQUIT, NULL, {SIG_DFL, [], SA_RESTORER, 0x7fbe645b6920}, 8) = 0
10087 19:17:18 rt_sigaction(SIGQUIT, {SIG_IGN, [], SA_RESTORER, 0x7fbe645b6920}, NULL, 8) = 0
10087 19:17:18 rt_sigaction(SIGQUIT, NULL, {SIG_IGN, [], SA_RESTORER, 0x7fbe645b6920}, 8) = 0
10087 19:17:18 rt_sigaction(SIGQUIT, {0x7fbe66a5b5e0, [], SA_RESTORER, 0x7fbe645b6920}, NULL, 8) = 0
10087 19:17:18 rt_sigaction(SIGTERM, NULL, {SIG_DFL, [], SA_RESTORER, 0x7fbe645b6920}, 8) = 0
10087 19:17:18 rt_sigaction(SIGTERM, {SIG_IGN, [], SA_RESTORER, 0x7fbe645b6920}, NULL, 8) = 0
10087 19:17:18 rt_sigaction(SIGTERM, NULL, {SIG_IGN, [], SA_RESTORER, 0x7fbe645b6920}, 8) = 0
10087 19:17:18 rt_sigaction(SIGTERM, {0x7fbe66a5b5e0, [], SA_RESTORER, 0x7fbe645b6920}, NULL, 8) = 0
10087 19:17:18 rt_sigaction(SIGWINCH, NULL, {SIG_DFL, [], 0}, 8) = 0
10087 19:17:18 rt_sigaction(SIGWINCH, {0x7fbe66a5bc80, [], SA_RESTORER, 0x7fbe645b6920}, NULL, 8) = 0
10087 19:17:18 ioctl(0, SNDCTL_TMR_TIMEBASE or TCGETS, {B38400 opost isig icanon echo ...}) = 0
10087 19:17:18 ioctl(0, SNDCTL_TMR_STOP or TCSETSW, {B38400 -opost -isig -icanon -echo ...}) = 0
10087 19:17:18 select(8, [3], [3], NULL, NULL) = 1 (out [3])
10087 19:17:18 write(3, "\313\207\324\361.\263u\311\35l\32\26\215\265}\334\212#e<{\332\37\345\f;,0\245\231\0109"..., 64) = 64
10087 19:17:18 select(8, [3], [], NULL, NULL) = 1 (in [3])
10087 19:17:18 read(3, "!gl\2\231\35L@\317u[\341\3G\221\373\220\340Q\355\311\3068,\217r`\377c\347\317\3"..., 8192) = 48
10087 19:17:18 ioctl(0, TIOCGWINSZ, {ws_row=46, ws_col=99, ws_xpixel=0, ws_ypixel=0}) = 0
10087 19:17:18 getsockopt(3, SOL_TCP, TCP_NODELAY, [4694927999361875968], [4]) = 0
10087 19:17:18 setsockopt(3, SOL_TCP, TCP_NODELAY, [1], 4) = 0
10087 19:17:18 getsockname(3, {sa_family=AF_INET, sin_port=htons(40726), sin_addr=inet_addr("192.168.6.21")}, [16]) = 0
10087 19:17:18 setsockopt(3, SOL_IP, IP_TOS, [16], 4) = 0
10087 19:17:18 select(8, [3], [3], NULL, NULL) = 1 (out [3])
10087 19:17:18 write(3, "!{\211\326\212\1\370/^p<x\351^\371\354\6\241S\246\351\353)\245W{!\256LZ\321\207"..., 448) = 448
10087 19:17:18 select(8, [3], [], NULL, NULL) = 1 (in [3])
10087 19:17:18 read(3, ")=$\361.\341\371\263{\375\213\177e\216C\365\335\274\200\252\221\352\377\202\322\227\331-\360\215\360$"..., 8192) = 112
10087 19:17:18 select(8, [3 5], [], NULL, NULL) = 1 (in [3])
10087 19:17:18 read(3, "8}\333\374/|\350\330G{\216R81\345`\316\213;\353\261\361\335L\"w\310\344\235\346\266E"..., 8192) = 96
10087 19:17:18 select(8, [3 5], [6], NULL, NULL) = 1 (out [6])
10087 19:17:18 write(6, "Last login: Mon Mar  5 18:54:52 "..., 57) = 57
10087 19:17:18 select(8, [3 5], [], NULL, NULL) = 1 (in [3])
10087 19:17:18 read(3, "\251'D\347\361.\314z\30\365+\225fr\241E\36\20\21\204i\353\322Q\220\320H$\211!\354\362"..., 8192) = 64
10087 19:17:18 select(8, [3 5], [6], NULL, NULL) = 1 (out [6])
10087 19:17:18 write(6, "\33]0;root@PR-2-3:~\7", 18) = 18
10087 19:17:18 select(8, [3 5], [], NULL, NULL) = 1 (in [3])
10087 19:17:18 read(3, "\301\323\232\214\326]\231\2736a\373\361\221\361\17T\221:\20\356I91\344\216\376\213\273\30>\277\10"..., 8192) = 80
10087 19:17:18 select(8, [3 5], [6], NULL, NULL) = 1 (out [6])
10087 19:17:18 write(6, "(FUDE-0.4.2@x86_64)[root@PR-2-3 "..., 35) = 35
10087 19:17:18 select(8, [3 5], [], NULL, NULL) = 1 (in [5])
10087 19:17:20 read(5, "i", 16384)      = 1
10087 19:17:20 select(8, [3 5], [3], NULL, NULL) = 1 (out [3])
10087 19:17:20 write(3, "\275\303\2421\245\216-\177XN\257R\243\250'\303.`\337k:\25\17_U\304o\246\242\350\17\2"..., 48) = 48
10087 19:17:20 select(8, [3 5], [], NULL, NULL) = 1 (in [3])
10087 19:17:20 read(3, "\262i3\334J\307\265\231\376\267\274\16}\177R(+(\315#p\16=\356@\304&\322\315;\201\372"..., 8192) = 48
10087 19:17:20 select(8, [3 5], [6], NULL, NULL) = 1 (out [6])
10087 19:17:20 write(6, "i", 1)         = 1
10087 19:17:20 select(8, [3 5], [], NULL, NULL) = 1 (in [5])
10087 19:17:20 read(5, "f", 16384)      = 1
10087 19:17:20 select(8, [3 5], [3], NULL, NULL) = 1 (out [3])
10087 19:17:20 write(3, "\215y\377\302\257\277\363\233:\335qZO\325\223Q\34\335\271\306\236>+\343r\364\302\350?n\303/"..., 48) = 48
10087 19:17:20 select(8, [3 5], [], NULL, NULL) = 1 (in [3])
10087 19:17:20 read(3, "\255\254\272\21\255\3\371:\334\303\3\270\24\202z\252\362\245\203\207\224\25\7\317^,;\322\333\275\204\374"..., 8192) = 48
10087 19:17:20 select(8, [3 5], [6], NULL, NULL) = 1 (out [6])
10087 19:17:20 write(6, "f", 1)         = 1
10087 19:17:20 select(8, [3 5], [], NULL, NULL) = 1 (in [5])
10087 19:17:20 read(5, "c", 16384)      = 1
10087 19:17:20 select(8, [3 5], [3], NULL, NULL) = 1 (out [3])
10087 19:17:20 write(3, "\242(OS\336\276\353\\\322Is\320{Zj\204\200p\242@\273\251\3=\215\22\333O\261\10\353\371"..., 48) = 48
10087 19:17:20 select(8, [3 5], [], NULL, NULL) = 1 (in [3])
10087 19:17:20 read(3, "F\224\370\360\21\"\352\26\17\245\"\205\333r\30T\222\366\302\212\17\32\2037\254\262)\201W\326*2"..., 8192) = 48
10087 19:17:20 select(8, [3 5], [6], NULL, NULL) = 1 (out [6])
10087 19:17:20 write(6, "c", 1)         = 1
10087 19:17:20 select(8, [3 5], [], NULL, NULL) = 1 (in [5])
10087 19:17:21 read(5, "o", 16384)      = 1
10087 19:17:21 select(8, [3 5], [3], NULL, NULL) = 1 (out [3])
10087 19:17:21 write(3, "AM\274a\255$\20\177@C\26\374\270\311\3\252\361\315\266U\222\341\32154FX'\263\316\360\205"..., 48) = 48
10087 19:17:21 select(8, [3 5], [], NULL, NULL) = 1 (in [3])
10087 19:17:21 read(3, "@\372\237\334\361R\31F\331P\263\32c\222.\t\26\310\365\374?\351\305\236\352\211\355\253+\373^l"..., 8192) = 48
10087 19:17:21 select(8, [3 5], [6], NULL, NULL) = 1 (out [6])
10087 19:17:21 write(6, "o", 1)         = 1
10087 19:17:21 select(8, [3 5], [], NULL, NULL) = 1 (in [5])
10087 19:17:21 read(5, "n", 16384)      = 1
10087 19:17:21 select(8, [3 5], [3], NULL, NULL) = 1 (out [3])
10087 19:17:21 write(3, "\211\31&\366\334\250\250\256\224\214\256\242w\30e_\n;\2400R\307\34`\233v\250M\273\337\320\20"..., 48) = 48
10087 19:17:21 select(8, [3 5], [], NULL, NULL) = 1 (in [3])
10087 19:17:21 read(3, "A\277\302f\252\5\302\223\262\222\240^\317<\360a?\265\352\234j\273\267p]I\7D:\203\217\341"..., 8192) = 48
10087 19:17:21 select(8, [3 5], [6], NULL, NULL) = 1 (out [6])
10087 19:17:21 write(6, "n", 1)         = 1
10087 19:17:21 select(8, [3 5], [], NULL, NULL) = 1 (in [5])
10087 19:17:21 read(5, "f", 16384)      = 1
10087 19:17:21 select(8, [3 5], [3], NULL, NULL) = 1 (out [3])
10087 19:17:21 write(3, "GIz&\302\362b\276\227Jk6r\320S\271\265\224\353\n@\21\215\10[\213\230!\257\311\217<"..., 48) = 48
10087 19:17:21 select(8, [3 5], [], NULL, NULL) = 1 (in [3])
10087 19:17:21 read(3, "i\225\305\341\212\262\34\251\317\224\303j\263C\276\226\202\270\271\24\362\321\20^8\366\355\272kAsP"..., 8192) = 48
10087 19:17:21 select(8, [3 5], [6], NULL, NULL) = 1 (out [6])
10087 19:17:21 write(6, "f", 1)         = 1
10087 19:17:21 select(8, [3 5], [], NULL, NULL) = 1 (in [5])
10087 19:17:21 read(5, "i", 16384)      = 1
10087 19:17:21 select(8, [3 5], [3], NULL, NULL) = 1 (out [3])
10087 19:17:21 write(3, "\206{\253\n\17s\330\356\263\226\30\306\335\25-\377VL\255\16o)\241\232\231+-\210\33\207\234="..., 48) = 48
10087 19:17:21 select(8, [3 5], [], NULL, NULL) = 1 (in [3])
10087 19:17:21 read(3, "?\5\331\v\24\352\2517\23\356\227\301;J\24;\225YK*\7\301\r\252\10\324\356\320\241u0^"..., 8192) = 48
10087 19:17:21 select(8, [3 5], [6], NULL, NULL) = 1 (out [6])
10087 19:17:21 write(6, "i", 1)         = 1
10087 19:17:21 select(8, [3 5], [], NULL, NULL) = 1 (in [5])
10087 19:17:21 read(5, "g", 16384)      = 1
10087 19:17:21 select(8, [3 5], [3], NULL, NULL) = 1 (out [3])
10087 19:17:21 write(3, "\341\313\325\342xP\3363\366\355\322\207\234\235#\362\301\246\326\366\236\300]E\377\2153\361\317\372\3\36"..., 48) = 48
10087 19:17:21 select(8, [3 5], [], NULL, NULL) = 1 (in [3])
10087 19:17:21 read(3, "t7n<7=\177bF\211y\335H\323\225\366a\371gZ~U\16>GO_\n\223;U\313"..., 8192) = 48
10087 19:17:21 select(8, [3 5], [6], NULL, NULL) = 1 (out [6])
10087 19:17:21 write(6, "g", 1)         = 1
10087 19:17:21 select(8, [3 5], [], NULL, NULL) = 1 (in [5])
10087 19:17:21 read(5, "\r", 16384)     = 1
10087 19:17:21 select(8, [3 5], [3], NULL, NULL) = 1 (out [3])
10087 19:17:21 write(3, "\201\336[\205\267K\nt\205\17\7\353\321\365O \340P9z\340\353\217M\200J\26*\225\32\231m"..., 48) = 48
10087 19:17:21 select(8, [3 5], [], NULL, NULL) = 1 (in [3])
10087 19:17:21 read(3, "\f\361y\233\317\275\6\221T\361\224xV\31\326Z!\201\1773K\277\213Z\224]$\214\235\205\235\244"..., 8192) = 48
10087 19:17:21 select(8, [3 5], [6], NULL, NULL) = 1 (out [6])
10087 19:17:21 write(6, "\r\n", 2)      = 2
10087 19:17:21 select(8, [3 5], [], NULL, NULL) = 1 (in [3])
10087 19:17:21 read(3, "nt:*\\\325\36\10l\320\2569a\253e\22F\203a'l\242U\305\307To\210m\265i\212"..., 8192) = 288
10087 19:17:21 select(8, [3 5], [6], NULL, NULL) = 1 (out [6])
10087 19:17:21 write(6, "eth0      Link encap:Ethernet  H"..., 183) = 183
10087 19:17:21 select(8, [3 5], [], NULL, NULL) = 1 (in [3])
10087 19:17:21 read(3, "\2Z\264\347\243\264\364\20l\242\371\277}~\372\317\204P\344\274\320^1\371\"\35\265}\363\341\244\240"..., 8192) = 1408
10087 19:17:21 select(8, [3 5], [6], NULL, NULL) = 2 (in [3], out [6])
10087 19:17:21 write(6, "          RX packets:0 errors:0 "..., 997) = 997
10087 19:17:21 read(3, "K\215\304Y\37\35\327\242\216\312\32\225\333a?\5\24&\247I\32\251\227\214\226\3J\5]p2\4"..., 8192) = 1184
10087 19:17:21 select(8, [3 5], [6], NULL, NULL) = 2 (in [3], out [6])
10087 19:17:21 write(6, "          RX packets:44650624712"..., 849) = 849
10087 19:17:21 read(3, "q(\321\357^ :\r\223\221M\244h\3643]}\241\234\210g\n\273/\16\\\271\232\374\227\0058"..., 8192) = 480
10087 19:17:21 select(8, [3 5], [6], NULL, NULL) = 1 (out [6])
10087 19:17:21 write(6, "          inet6 addr: ::1/128 Sc"..., 358) = 358
10087 19:17:21 select(8, [3 5], [], NULL, NULL) = 1 (in [3])
10087 19:17:21 read(3, "\266((\260u\333$?\230\4\21_\273?\211G \252\216\202\345a3\302\302\363k\306\372\231i\232"..., 8192) = 112
10087 19:17:21 select(8, [3 5], [6], NULL, NULL) = 1 (out [6])
10087 19:17:21 write(6, "\33]0;root@PR-2-3:~\7", 18) = 18
10087 19:17:21 select(8, [3 5], [], NULL, NULL) = 1 (in [3])
10087 19:17:21 read(3, "S4'N+\301\235o\336M\266R)\356\36n\2\4\313\34\316\372\354\",\367^S\300\360Z\r"..., 8192) = 80
10087 19:17:21 select(8, [3 5], [6], NULL, NULL) = 1 (out [6])
10087 19:17:21 write(6, "(FUDE-0.4.2@x86_64)[root@PR-2-3 "..., 35) = 35
10087 19:17:21 select(8, [3 5], [], NULL, NULL) = 1 (in [5])
10087 19:17:25 read(5, "i", 16384)      = 1
10087 19:17:25 select(8, [3 5], [3], NULL, NULL) = 1 (out [3])
10087 19:17:25 write(3, "g\244K\372\270|\257;\376\344\vWO+ \266G\250\366\372\32\n\252q\201\332\3666\322\177\307\300"..., 48) = 48
10087 19:17:25 select(8, [3 5], [], NULL, NULL) = 1 (in [3])
10087 19:17:25 read(3, "\341`\\$\37\261\23z\1\17C\324\35)tpC\247F\337\372\35\227\356\27\240\335\237\36\211\264\233"..., 8192) = 48
10087 19:17:25 select(8, [3 5], [6], NULL, NULL) = 1 (out [6])
10087 19:17:25 write(6, "i", 1)         = 1
10087 19:17:25 select(8, [3 5], [], NULL, NULL) = 1 (in [5])
10087 19:17:25 read(5, "f", 16384)      = 1
10087 19:17:25 select(8, [3 5], [3], NULL, NULL) = 1 (out [3])
10087 19:17:25 write(3, "8v\222R\322\333\200hf\264d\204t\227\332\310{\24\376\356\25\25h\241]8\226k\265\270\210\303"..., 48) = 48
10087 19:17:25 select(8, [3 5], [], NULL, NULL) = 1 (in [3])
10087 19:17:25 read(3, "a&\327\354u\221$^\17Y\301\277\245\213)\326;\305R\317\37\351\3533Dv/\237\252=\300\233"..., 8192) = 48
10087 19:17:25 select(8, [3 5], [6], NULL, NULL) = 1 (out [6])
10087 19:17:25 write(6, "f", 1)         = 1
10087 19:17:25 select(8, [3 5], [], NULL, NULL) = 1 (in [5])
10087 19:17:25 read(5, "c", 16384)      = 1
10087 19:17:25 select(8, [3 5], [3], NULL, NULL) = 1 (out [3])
10087 19:17:25 write(3, "\335\3103\344\17\247\0014\4b\4\7\344\2247r)V\245\246\2Q\212\272R\257\3200m\347\37C"..., 48) = 48
10087 19:17:25 select(8, [3 5], [], NULL, NULL) = 1 (in [3])
10087 19:17:25 read(3, "(O\232\272t\345U?5.`\261\217\325\335C\245m\n\217\260\24\241\212\325\366\340\273\335O\362\341"..., 8192) = 48
10087 19:17:25 select(8, [3 5], [6], NULL, NULL) = 1 (out [6])
10087 19:17:25 write(6, "c", 1)         = 1
10087 19:17:25 select(8, [3 5], [], NULL, NULL) = 1 (in [5])
10087 19:17:25 read(5, "o", 16384)      = 1
10087 19:17:25 select(8, [3 5], [3], NULL, NULL) = 1 (out [3])
10087 19:17:25 write(3, "\265\321C#\334\275\0353^\245\306\217\300\207\314\37\3'\n\0268\2122WK{\252\347\20\1/\324"..., 48) = 48
10087 19:17:25 select(8, [3 5], [], NULL, NULL) = 1 (in [3])
10087 19:17:25 read(3, "p\342\316\34\226\331\272T\26\314X`\27\354=\20\31\254\31[\1\16\251a\35+\275\33\314\321\n\346"..., 8192) = 48
10087 19:17:25 select(8, [3 5], [6], NULL, NULL) = 1 (out [6])
10087 19:17:25 write(6, "o", 1)         = 1
10087 19:17:25 select(8, [3 5], [], NULL, NULL) = 1 (in [5])
10087 19:17:26 read(5, "n", 16384)      = 1
10087 19:17:26 select(8, [3 5], [3], NULL, NULL) = 1 (out [3])
10087 19:17:26 write(3, "\250\34\344\315\313\203\346\315{\334\2535\232\32\f\215^\324;\333\246\234b'\1{+\27-\227\320\2"..., 48) = 48
10087 19:17:26 select(8, [3 5], [], NULL, NULL) = 1 (in [3])
10087 19:17:26 read(3, "\235q\320\363\320s@]\222g\266\2526\3444\304c\312h\34\227:!\22\212\2\4\351\v>`x"..., 8192) = 48
10087 19:17:26 select(8, [3 5], [6], NULL, NULL) = 1 (out [6])
10087 19:17:26 write(6, "n", 1)         = 1
10087 19:17:26 select(8, [3 5], [], NULL, NULL) = 1 (in [5])
10087 19:17:27 read(5, "\10", 16384)    = 1
10087 19:17:27 select(8, [3 5], [3], NULL, NULL) = 1 (out [3])
10087 19:17:27 write(3, "\356/H=D\245\30\370H\10\36V\315\\\331\330(s\266\333n\312\212\34\316a\301\5\30a\311\32"..., 48) = 48
10087 19:17:27 select(8, [3 5], [], NULL, NULL) = 1 (in [3])
10087 19:17:27 read(3, "\332 \272y\265\275\213e\234g\346-\301{\347\17\334\361\10\276H\271\246\235=*\215\25a\205\266\177"..., 8192) = 48
10087 19:17:27 select(8, [3 5], [6], NULL, NULL) = 1 (out [6])
10087 19:17:27 write(6, "\10\33[K", 4)  = 4
10087 19:17:27 select(8, [3 5], [], NULL, NULL) = 1 (in [5])
10087 19:17:27 read(5, "\10", 16384)    = 1
10087 19:17:27 select(8, [3 5], [3], NULL, NULL) = 1 (out [3])
10087 19:17:27 write(3, "\304\265\251\242N0\255\277\"e\242\266\267k\353\6;A\3F\232\\?$r\213\242\213\375\340J\221"..., 48) = 48
10087 19:17:27 select(8, [3 5], [], NULL, NULL) = 1 (in [3])
10087 19:17:27 read(3, "\350\361\300#\t\"1\2409\4\205\302Qh\312\235\v\337\354'\242\3451w3\226\17\376\272\351\276X"..., 8192) = 48
10087 19:17:27 select(8, [3 5], [6], NULL, NULL) = 1 (out [6])
10087 19:17:27 write(6, "\10\33[K", 4)  = 4
10087 19:17:27 select(8, [3 5], [], NULL, NULL) = 1 (in [5])
10087 19:17:28 read(5, "n", 16384)      = 1
10087 19:17:28 select(8, [3 5], [3], NULL, NULL) = 1 (out [3])
10087 19:17:28 write(3, "\v\21\246\4\226n\375\237\353\"&\321E\216\371\r\354}uo\241K\203B\371\233\2\247\276\264\303\256"..., 48) = 48
10087 19:17:28 select(8, [3 5], [], NULL, NULL) = 1 (in [3])
10087 19:17:28 read(3, "\330/J-9\233Cz\211\311\334\344V\246yt\235\373pY\333Ty\306\3428h\312?\2140-"..., 8192) = 48
10087 19:17:28 select(8, [3 5], [6], NULL, NULL) = 1 (out [6])
10087 19:17:28 write(6, "n", 1)         = 1
10087 19:17:28 select(8, [3 5], [], NULL, NULL) = 1 (in [5])
10087 19:17:28 read(5, "n", 16384)      = 1
10087 19:17:28 select(8, [3 5], [3], NULL, NULL) = 1 (out [3])
10087 19:17:28 write(3, "Z\331\322\370\361\333s?\352mR\205-\354\17\264v\5\22@\5r%/MR?]\273\367\236\335"..., 48) = 48
10087 19:17:28 select(8, [3 5], [], NULL, NULL) = 1 (in [3])
10087 19:17:28 read(3, "\230\327j\344Z\306|\341\34h#.DN\334R\335\311\310\374\351Jy\344\267\366\302\331\330\274\277\t"..., 8192) = 48
10087 19:17:28 select(8, [3 5], [6], NULL, NULL) = 1 (out [6])
10087 19:17:28 write(6, "n", 1)         = 1
10087 19:17:28 select(8, [3 5], [], NULL, NULL) = 1 (in [5])
10087 19:17:28 read(5, "n", 16384)      = 1
10087 19:17:28 select(8, [3 5], [3], NULL, NULL) = 1 (out [3])
10087 19:17:28 write(3, ")\211z\263Bp\2\213\301*\256\263)\222\204\231\204C3\272\377\356\323\333K\n\227\343\267@Sh"..., 48) = 48
10087 19:17:28 select(8, [3 5], [], NULL, NULL) = 1 (in [3])
10087 19:17:28 read(3, "\17\351OF\302_\321\205\360\300\307\337\24\270\310_\200c\212\25?\27M\346N\304\370\31\353\22\204\261"..., 8192) = 48
10087 19:17:28 select(8, [3 5], [6], NULL, NULL) = 1 (out [6])
10087 19:17:28 write(6, "n", 1)         = 1
10087 19:17:28 select(8, [3 5], [], NULL, NULL) = 1 (in [5])
10087 19:17:28 read(5, "n", 16384)      = 1
10087 19:17:28 select(8, [3 5], [3], NULL, NULL) = 1 (out [3])
10087 19:17:28 write(3, "\24n\265?\327\223\275\350\374\356\270f\321h\340\22\317S\220\247Yp\234\212\323\7\257>\2562\356\274"..., 48) = 48
10087 19:17:28 select(8, [3 5], [], NULL, NULL) = 1 (in [3])
10087 19:17:28 read(3, "\fo\354\332\277\214\306q\254(\0\342\316y\4Jq\337\362v\204=\24\0044\326mK\274[\352C"..., 8192) = 48
10087 19:17:28 select(8, [3 5], [6], NULL, NULL) = 1 (out [6])
10087 19:17:28 write(6, "n", 1)         = 1
10087 19:17:28 select(8, [3 5], [], NULL, NULL) = 1 (in [5])
10087 19:17:29 read(5, "n", 16384)      = 1
10087 19:17:29 select(8, [3 5], [3], NULL, NULL) = 1 (out [3])
10087 19:17:29 write(3, "Au\235\3733x\240G\222\231{\245\6M\363\350~\341^\263\235,\365\334Irq\234\215\7\25\375"..., 48) = 48
10087 19:17:29 select(8, [3 5], [], NULL, NULL) = 1 (in [3])
10087 19:17:29 read(3, "K\317\362;\272\2354\310\257]\355\223\311n1\177^\225P\334f\225hEH\241\244c\221\251\270\246"..., 8192) = 48
10087 19:17:29 select(8, [3 5], [6], NULL, NULL) = 1 (out [6])
10087 19:17:29 write(6, "n", 1)         = 1
10087 19:17:29 select(8, [3 5], [], NULL, NULL) = 1 (in [5])
10087 19:17:29 read(5, "n", 16384)      = 1
10087 19:17:29 select(8, [3 5], [3], NULL, NULL) = 1 (out [3])
10087 19:17:29 write(3, ":D?<\35^a|H\237>\371c\31)8\vnm\2378\274\203\247\231\24\376\265\372\7Wv"..., 48) = 48
10087 19:17:29 select(8, [3 5], [], NULL, NULL) = 1 (in [3])
10087 19:17:29 read(3, "\273\351j\246\354\221r\262C\324\265\311\366%^\25\217\30\311\241:?D\335\316\vy%I\327\323\5"..., 8192) = 48
10087 19:17:29 select(8, [3 5], [6], NULL, NULL) = 1 (out [6])
10087 19:17:29 write(6, "n", 1)         = 1
10087 19:17:29 select(8, [3 5], [], NULL, NULL) = 1 (in [5])
10087 19:17:29 read(5, "n", 16384)      = 1
10087 19:17:29 select(8, [3 5], [3], NULL, NULL) = 1 (out [3])
10087 19:17:29 write(3, "\2405\354H+P\300\305V\305\324\324Q\364\26444?\7\\\354\261\3117\277\342\360\272E\220{\371"..., 48) = 48
10087 19:17:29 select(8, [3 5], [], NULL, NULL) = 1 (in [3])
10087 19:17:29 read(3, "\23\17\3750\223\315Z_\312\223SOCu(\372F\221q3u\"\323\f\361T\322\215\303_\217k"..., 8192) = 48
10087 19:17:29 select(8, [3 5], [6], NULL, NULL) = 1 (out [6])
10087 19:17:29 write(6, "n", 1)         = 1
10087 19:17:29 select(8, [3 5], [], NULL, NULL) = 1 (in [5])
10087 19:17:29 read(5, "\33[D", 16384)  = 3
10087 19:17:29 select(8, [3 5], [3], NULL, NULL) = 1 (out [3])
10087 19:17:29 write(3, "\22\17\37\22\331z\237\352,\277/#?:I\336\245\25I\213\nJR\311\216\21:f\10#x\236"..., 48) = 48
10087 19:17:29 select(8, [3 5], [], NULL, NULL) = 1 (in [3])
10087 19:17:29 read(3, "\30\376\25,\300/\212J\322\267\343\\\337:\262\213HP\222\314C\215\245\371\r\263F\250x\362P\374"..., 8192) = 48
10087 19:17:29 select(8, [3 5], [6], NULL, NULL) = 1 (out [6])
10087 19:17:29 write(6, "\10", 1)       = 1
10087 19:17:29 select(8, [3 5], [], NULL, NULL) = 1 (in [5])
10087 19:17:30 read(5, "\33[D", 16384)  = 3
10087 19:17:30 select(8, [3 5], [3], NULL, NULL) = 1 (out [3])
10087 19:17:30 write(3, "6\317\303\214\177\204\31s\360\2\357B\332\362\2646\4\202\352\341\250\244\300\317\311\232\271o\333x\267\204"..., 48) = 48
10087 19:17:30 select(8, [3 5], [], NULL, NULL) = 1 (in [3])
10087 19:17:30 read(3, "/\0310\25R\235\370b\367LyE\222it\247\"\363\257\354V\200T\301\353\224!\255V}\240B"..., 8192) = 48
10087 19:17:30 select(8, [3 5], [6], NULL, NULL) = 1 (out [6])
10087 19:17:30 write(6, "\10", 1)       = 1
10087 19:17:30 select(8, [3 5], [], NULL, NULL) = 1 (in [5])
10087 19:17:30 read(5, "\33[D", 16384)  = 3
10087 19:17:30 select(8, [3 5], [3], NULL, NULL) = 1 (out [3])
10087 19:17:30 write(3, "\360\362\374\220X{\251\224/\335>\331\246\343\0\324 \3713\276h\215\251\257k\"\231\303\260\340<\7"..., 48) = 48
10087 19:17:30 select(8, [3 5], [], NULL, NULL) = 1 (in [3])
10087 19:17:30 read(3, "\25\331\243\233`N\254\177\4\246P\34v\24\2\361\231T\30%\322\247\1Ip\232\0171\207q\263\335"..., 8192) = 48
10087 19:17:30 select(8, [3 5], [6], NULL, NULL) = 1 (out [6])
10087 19:17:30 write(6, "\10", 1)       = 1
10087 19:17:30 select(8, [3 5], [], NULL, NULL) = 1 (in [5])
10087 19:17:30 read(5, "\33[D", 16384)  = 3
10087 19:17:30 select(8, [3 5], [3], NULL, NULL) = 1 (out [3])
10087 19:17:30 write(3, "\7\346\226\210;\217\373\16\235\361\37c\220\30l\271\314<\\0\371k\310\r\224\373\26\314\305U,q"..., 48) = 48
10087 19:17:30 select(8, [3 5], [], NULL, NULL) = 1 (in [3])
10087 19:17:30 read(3, "\305\347k\36u\231\313\272\242\20g\265\327\3\242e\363c|\260\t\320\200\353kCS\237\16\344j\215"..., 8192) = 48
10087 19:17:30 select(8, [3 5], [6], NULL, NULL) = 1 (out [6])
10087 19:17:30 write(6, "\10", 1)       = 1
10087 19:17:30 select(8, [3 5], [], NULL, NULL) = 1 (in [5])
10087 19:17:30 read(5, "\33[D", 16384)  = 3
10087 19:17:30 select(8, [3 5], [3], NULL, NULL) = 1 (out [3])
10087 19:17:30 write(3, "X\r\243\265\2 \207\200\267bo]3\337\271\202\32\25,\346\355\216Hef\205\260/\31\21\326q"..., 48) = 48
10087 19:17:30 select(8, [3 5], [], NULL, NULL) = 1 (in [3])
10087 19:17:30 read(3, ".\f\247\244W\323\30\f\276\222\35?\214\212\235#0m\3704\363\276}\362\357` \327\365\233\233\327"..., 8192) = 48
10087 19:17:30 select(8, [3 5], [6], NULL, NULL) = 1 (out [6])
10087 19:17:30 write(6, "\10", 1)       = 1
10087 19:17:30 select(8, [3 5], [], NULL, NULL) = 1 (in [5])
10087 19:17:32 read(5, "\10", 16384)    = 1
10087 19:17:32 select(8, [3 5], [3], NULL, NULL) = 1 (out [3])
10087 19:17:32 write(3, ":\rW\246\4\372\342\25(\304\350\2278u\226+\352d\36\205\2558\272\313\t\305\310\307\324\357\253\n"..., 48) = 48
10087 19:17:32 select(8, [3 5], [], NULL, NULL) = 1 (in [3])
10087 19:17:32 read(3, "vA\21\n\343\257\231R\345X\245\260\0u\2167\302\346j\6\30\216\7\1M\330\333\241\226uEi"..., 8192) = 64
10087 19:17:32 select(8, [3 5], [6], NULL, NULL) = 1 (out [6])
10087 19:17:32 write(6, "\33[C\33[C\33[C\33[C\33[K\10\10\10\10\10", 20) = 20
10087 19:17:32 select(8, [3 5], [], NULL, NULL) = 1 (in [5])
10087 19:17:32 read(5, "\10", 16384)    = 1
10087 19:17:32 select(8, [3 5], [3], NULL, NULL) = 1 (out [3])
10087 19:17:32 write(3, "\233\277\361)\321\372x[\36\352\223\5\220\211\2\364Y6\346\315\307`<\332QU\240\215\245\345\17\3"..., 48) = 48
10087 19:17:32 select(8, [3 5], [], NULL, NULL) = 1 (in [3])
10087 19:17:32 read(3, "\202\214\323\36\311DH\261\r\330\3227\335(\221m\2350[\337\323\357\321\3657\34-\342\256\354x\354"..., 8192) = 64
10087 19:17:32 select(8, [3 5], [6], NULL, NULL) = 1 (out [6])
10087 19:17:32 write(6, "\33[C\33[C\33[C\33[C\33[K\10\10\10\10\10", 20) = 20
10087 19:17:32 select(8, [3 5], [], NULL, NULL) = 1 (in [5])
10087 19:17:34 read(5, "\r", 16384)     = 1
10087 19:17:34 select(8, [3 5], [3], NULL, NULL) = 1 (out [3])
10087 19:17:34 write(3, "\3338_\362L\275\314\34323k\274\372\313\301\364|\241C\6\342\337(\222\314{\2379\233\247}e"..., 48) = 48
10087 19:17:34 select(8, [3 5], [], NULL, NULL) = 1 (in [3])
10087 19:17:34 read(3, "\277\214'\3169\333x,\26#B\314\347*\311x\327\306L\234']\16M!,\303\16I0;\36"..., 8192) = 48
10087 19:17:34 select(8, [3 5], [6], NULL, NULL) = 1 (out [6])
10087 19:17:34 write(6, "\r\n", 2)      = 2
10087 19:17:34 select(8, [3 5], [], NULL, NULL) = 1 (in [3])
10087 19:17:34 read(3, "\36\34\250X\26\370\250\27\337\316k\264\242\210)\302\311F\3763\317\277\220\300\375\355\204\360\216\334\177y"..., 8192) = 80
10087 19:17:34 select(8, [3 5], [6], NULL, NULL) = 1 (out [6])
10087 19:17:34 write(6, "-bash: ifcnnnnn: command not fou"..., 36) = 36
10087 19:17:34 select(8, [3 5], [], NULL, NULL) = 1 (in [3])
10087 19:17:34 read(3, "\333\300|\235\344(\260\177\223\246\246I\34\206\374\347+\205\342\256\327\212\353\273n1W\34H\346S\221"..., 8192) = 112
10087 19:17:34 select(8, [3 5], [6], NULL, NULL) = 1 (out [6])
10087 19:17:34 write(6, "\33]0;root@PR-2-3:~\7", 18) = 18
10087 19:17:34 select(8, [3 5], [], NULL, NULL) = 1 (in [3])
10087 19:17:34 read(3, "o\37\34[\203\1\336\317[\371\241\336\202d\367\250US\360\323\371\337\275\17\32@&\212\205d\25\360"..., 8192) = 80
10087 19:17:34 select(8, [3 5], [6], NULL, NULL) = 1 (out [6])
10087 19:17:34 write(6, "(FUDE-0.4.2@x86_64)[root@PR-2-3 "..., 35) = 35
10087 19:17:34 select(8, [3 5], [], NULL, NULL) = 1 (in [5])
10087 19:17:35 read(5, "i", 16384)      = 1
10087 19:17:35 select(8, [3 5], [3], NULL, NULL) = 1 (out [3])
10087 19:17:35 write(3, "\215m\263\245\306\17\30\31\3}_\263+Xw\35E\306\370\215$\307}JJ]\27\1\7;,\231"..., 48) = 48
10087 19:17:35 select(8, [3 5], [], NULL, NULL) = 1 (in [3])
10087 19:17:35 read(3, ",$\343\1}\237\210\300\341FK>\203=N\272HE\305\342\240\0\307\232\f\6?f\33\2\23)"..., 8192) = 48
10087 19:17:35 select(8, [3 5], [6], NULL, NULL) = 1 (out [6])
10087 19:17:35 write(6, "i", 1)         = 1
10087 19:17:35 select(8, [3 5], [], NULL, NULL) = 1 (in [5])
10087 19:17:35 read(5, "f", 16384)      = 1
10087 19:17:35 select(8, [3 5], [3], NULL, NULL) = 1 (out [3])
10087 19:17:35 write(3, "*\2170\307{\22f`\311-\331\335\2\271\317\354\305\t\255s\236\231f\271.\367\335yj\3627\317"..., 48) = 48
10087 19:17:35 select(8, [3 5], [], NULL, NULL) = 1 (in [3])
10087 19:17:35 read(3, "\322\365\360\246\221~tc\322{w\201\22m\262\352?t@\330\323k\213\242\341\345\244Y}5\244\307"..., 8192) = 48
10087 19:17:35 select(8, [3 5], [6], NULL, NULL) = 1 (out [6])
10087 19:17:35 write(6, "f", 1)         = 1
10087 19:17:35 select(8, [3 5], [], NULL, NULL) = 1 (in [5])
10087 19:17:35 read(5, "o", 16384)      = 1
10087 19:17:35 select(8, [3 5], [3], NULL, NULL) = 1 (out [3])
10087 19:17:35 write(3, "\350\nm\300=5)e+\351a\363\220f\222\241d\220\215\257\272\252@2\367\355H\n\371\373\321\353"..., 48) = 48
10087 19:17:35 select(8, [3 5], [], NULL, NULL) = 1 (in [3])
10087 19:17:35 read(3, "\271\177u\361\343w<\275\4\352\rk\237]fge\265j\323\200\353##=\336\372\256/\364b\311"..., 8192) = 48
10087 19:17:35 select(8, [3 5], [6], NULL, NULL) = 1 (out [6])
10087 19:17:35 write(6, "o", 1)         = 1
10087 19:17:35 select(8, [3 5], [], NULL, NULL) = 1 (in [5])
10087 19:17:35 read(5, "c", 16384)      = 1
10087 19:17:35 select(8, [3 5], [3], NULL, NULL) = 1 (out [3])
10087 19:17:35 write(3, "B\303\1I\262\244\304]q\344\264;\376\201v\2647\357\0011T\324}\256\224\344\275\361\225\2066\347"..., 48) = 48
10087 19:17:35 select(8, [3 5], [], NULL, NULL) = 1 (in [3])
10087 19:17:35 read(3, " ;\324\331^'s\203\10@\35\221\272\203r\254\332\244\272\fA\357UO\0*+\220\324:\242\16"..., 8192) = 48
10087 19:17:35 select(8, [3 5], [6], NULL, NULL) = 1 (out [6])
10087 19:17:35 write(6, "c", 1)         = 1
10087 19:17:35 select(8, [3 5], [], NULL, NULL) = 1 (in [5])
10087 19:17:36 read(5, "\10", 16384)    = 1
10087 19:17:36 select(8, [3 5], [3], NULL, NULL) = 1 (out [3])
10087 19:17:36 write(3, "\t\264\203N\343\206\373\4\346U\v\0262{2\225Wz\236\ve\20>d\0\327\226\31\260\f\252]"..., 48) = 48
10087 19:17:36 select(8, [3 5], [], NULL, NULL) = 1 (in [3])
10087 19:17:36 read(3, "\10\224\317\2665\320\2257\v\240\232p\347M\331\"\v\36\267\276u\4\223i\351c`\261@!\364\36"..., 8192) = 48
10087 19:17:36 select(8, [3 5], [6], NULL, NULL) = 1 (out [6])
10087 19:17:36 write(6, "\10\33[K", 4)  = 4
10087 19:17:36 select(8, [3 5], [], NULL, NULL) = 1 (in [5])
10087 19:17:36 read(5, "\10", 16384)    = 1
10087 19:17:36 select(8, [3 5], [3], NULL, NULL) = 1 (out [3])
10087 19:17:36 write(3, "e\214Z\373\222M\260\274)Bf\243}\204\250\342\246\366\215v\252\353s\v\355\351\375\37\363\202\321\357"..., 48) = 48
10087 19:17:36 select(8, [3 5], [], NULL, NULL) = 1 (in [3])
10087 19:17:36 read(3, "\2327j\213\355\214\265C&qP\305\311\241\327\271\35\350\n,\256\305\200\33z\273\264\7\264\247\300\235"..., 8192) = 48
10087 19:17:36 select(8, [3 5], [6], NULL, NULL) = 1 (out [6])
10087 19:17:36 write(6, "\10\33[K", 4)  = 4
10087 19:17:36 select(8, [3 5], [], NULL, NULL) = 1 (in [5])
10087 19:17:36 read(5, "c", 16384)      = 1
10087 19:17:36 select(8, [3 5], [3], NULL, NULL) = 1 (out [3])
10087 19:17:36 write(3, "\324B\364\221\256E&\251U\371\356\244\25\221!\332\327N\243K\347\332\360\220S\334\10W+\1\371S"..., 48) = 48
10087 19:17:36 select(8, [3 5], [], NULL, NULL) = 1 (in [3])
10087 19:17:36 read(3, "le^xV3{\273ek)\276\25\305\21\376l\311\v\27K\2308@\353?\307F.K\0033"..., 8192) = 48
10087 19:17:36 select(8, [3 5], [6], NULL, NULL) = 1 (out [6])
10087 19:17:36 write(6, "c", 1)         = 1
10087 19:17:36 select(8, [3 5], [], NULL, NULL) = 1 (in [5])
10087 19:17:36 read(5, "io", 16384)     = 2
10087 19:17:36 select(8, [3 5], [3], NULL, NULL) = 1 (out [3])
10087 19:17:36 write(3, "Ry\247s\360\0348\272\271i\244\321aq\327\262!\3519\221\303\316\341{\th\240\350\233W0\302"..., 48) = 48
10087 19:17:36 select(8, [3 5], [], NULL, NULL) = 1 (in [3])
10087 19:17:36 read(3, "\203\331\7c\250\2755\354\1\206\276\37\330\233 w;\16-^\267\0335I\3061\23\277\36\217\30\341"..., 8192) = 96
10087 19:17:36 select(8, [3 5], [6], NULL, NULL) = 1 (out [6])
10087 19:17:36 write(6, "io", 2)        = 2
10087 19:17:36 select(8, [3 5], [], NULL, NULL) = 1 (in [5])
10087 19:17:37 read(5, "\10", 16384)    = 1
10087 19:17:37 select(8, [3 5], [3], NULL, NULL) = 1 (out [3])
10087 19:17:37 write(3, "`\"'\0\26\341\265\360\f\217\275\312\201\213\10n\32|,|\317\27\220\v\373\365\377\34s\247\350&"..., 48) = 48
10087 19:17:37 select(8, [3 5], [], NULL, NULL) = 1 (in [3])
10087 19:17:37 read(3, "\250H\6\f=\25\333\250hH\22\244\200\201Y'\240J\375M\244\3509\323\363\10\220\nFO%M"..., 8192) = 48
10087 19:17:37 select(8, [3 5], [6], NULL, NULL) = 1 (out [6])
10087 19:17:37 write(6, "\10\33[K", 4)  = 4
10087 19:17:37 select(8, [3 5], [], NULL, NULL) = 1 (in [5])
10087 19:17:37 read(5, "\10", 16384)    = 1
10087 19:17:37 select(8, [3 5], [3], NULL, NULL) = 1 (out [3])
10087 19:17:37 write(3, "\265\2654\367\353\224\277\3106\r\357c\301\261\252o\23r\"\262\314\244r4+h3\377FJ]r"..., 48) = 48
10087 19:17:37 select(8, [3 5], [], NULL, NULL) = 1 (in [3])
10087 19:17:37 read(3, "vs\7]D\376\377\225\240\272\17:)C)\377\262\235\255\t\357UNa\232\237!\264/\fQ\250"..., 8192) = 48
10087 19:17:37 select(8, [3 5], [6], NULL, NULL) = 1 (out [6])
10087 19:17:37 write(6, "\10\33[K", 4)  = 4
10087 19:17:37 select(8, [3 5], [], NULL, NULL) = 1 (in [5])
10087 19:17:38 read(5, "o", 16384)      = 1
10087 19:17:38 select(8, [3 5], [3], NULL, NULL) = 1 (out [3])
10087 19:17:38 write(3, "\254z`\300m\2672\211\262\2705x_JV\367\301\356\207\3117\301\362W\2507d'\227\v\7\271"..., 48) = 48
10087 19:17:38 select(8, [3 5], [], NULL, NULL) = 1 (in [3])
10087 19:17:38 read(3, "\347\t\32m\251\201\305\204w\374\307\372\n\312\251~\246'\374\204\3337^\242\320\360\343~\225\232%\344"..., 8192) = 48
10087 19:17:38 select(8, [3 5], [6], NULL, NULL) = 1 (out [6])
10087 19:17:38 write(6, "o", 1)         = 1
10087 19:17:38 select(8, [3 5], [], NULL, NULL) = 1 (in [5])
10087 19:17:38 read(5, "n", 16384)      = 1
10087 19:17:38 select(8, [3 5], [3], NULL, NULL) = 1 (out [3])
10087 19:17:38 write(3, ")\260\"r\217\4\331?\301o\22\224\t\251\337\17(z:\336\326U\373=\312G\322\303\16M\352\303"..., 48) = 48
10087 19:17:38 select(8, [3 5], [], NULL, NULL) = 1 (in [3])
10087 19:17:38 read(3, "\351\266k\271\346\3638O\1\200(\37\345\335\227\211\207Z-\255%{rz\222A\30\305\355\346uY"..., 8192) = 48
10087 19:17:38 select(8, [3 5], [6], NULL, NULL) = 1 (out [6])
10087 19:17:38 write(6, "n", 1)         = 1
10087 19:17:38 select(8, [3 5], [], NULL, NULL) = 1 (in [5])
10087 19:17:38 read(5, "f", 16384)      = 1
10087 19:17:38 select(8, [3 5], [3], NULL, NULL) = 1 (out [3])
10087 19:17:38 write(3, "\240\371\2716Xf\206\223\272\233\306\324\243\336\361\330e\356\363o\233o\335\200\364\353Y\337\275\21\n\36"..., 48) = 48
10087 19:17:38 select(8, [3 5], [], NULL, NULL) = 1 (in [3])
10087 19:17:38 read(3, "\2754\207|\335{\7\4\277WHBU\221lCf\371\343o\22\no+\f:\21\202J?(\24"..., 8192) = 48
10087 19:17:38 select(8, [3 5], [6], NULL, NULL) = 1 (out [6])
10087 19:17:38 write(6, "f", 1)         = 1
10087 19:17:38 select(8, [3 5], [], NULL, NULL) = 1 (in [5])
10087 19:17:38 read(5, "i", 16384)      = 1
10087 19:17:38 select(8, [3 5], [3], NULL, NULL) = 1 (out [3])
10087 19:17:38 write(3, "u\353\360P\374SR0\275\347\311Q\356\224f2\302lr'\350W\225\233\340?\222\25Q]\347G"..., 48) = 48
10087 19:17:38 select(8, [3 5], [], NULL, NULL) = 1 (in [3])
10087 19:17:38 read(3, "6i\232\361\17\270\251\252k\276\250\300g\330\334\3663\v\354\350\216\212\315]\202\204\36\331\203\303\36\250"..., 8192) = 48
10087 19:17:38 select(8, [3 5], [6], NULL, NULL) = 1 (out [6])
10087 19:17:38 write(6, "i", 1)         = 1
10087 19:17:38 select(8, [3 5], [], NULL, NULL) = 1 (in [5])
10087 19:17:38 read(5, "g", 16384)      = 1
10087 19:17:38 select(8, [3 5], [3], NULL, NULL) = 1 (out [3])
10087 19:17:38 write(3, "y\255\202\\]\237\17\7\314\20\226\363\271\224\251x\217\334\245\357 ;_$\345\10\33\25v\225\317-"..., 48) = 48
10087 19:17:38 select(8, [3 5], [], NULL, NULL) = 1 (in [3])
10087 19:17:38 read(3, "2\265\340\203\310\370\320\212\2bF\264sNL\213L\355\300<a\223\0\203\331M\246,\226\374j+"..., 8192) = 48
10087 19:17:38 select(8, [3 5], [6], NULL, NULL) = 1 (out [6])
10087 19:17:38 write(6, "g", 1)         = 1
10087 19:17:38 select(8, [3 5], [], NULL, NULL) = 1 (in [5])
10087 19:17:39 read(5, "\10", 16384)    = 1
10087 19:17:39 select(8, [3 5], [3], NULL, NULL) = 1 (out [3])
10087 19:17:39 write(3, "\363\240\3002R\32g\272Tu\252\257DH\6W\326v\257m\314\362q\215\2373\334\26\261\33\242\342"..., 48) = 48
10087 19:17:39 select(8, [3 5], [], NULL, NULL) = 1 (in [3])
10087 19:17:39 read(3, "\267\331\272\203^\323F\"\6\276\344K\225\226!r\306\275\275\373\202\365*\27\224\200\31\276\264\316\314\251"..., 8192) = 48
10087 19:17:39 select(8, [3 5], [6], NULL, NULL) = 1 (out [6])
10087 19:17:39 write(6, "\10\33[K", 4)  = 4
10087 19:17:39 select(8, [3 5], [], NULL, NULL) = 1 (in [5])
10087 19:17:39 read(5, "\10", 16384)    = 1
10087 19:17:39 select(8, [3 5], [3], NULL, NULL) = 1 (out [3])
10087 19:17:39 write(3, "I\244\254Z\317\37\342b\233*\346h\366\5z\17\273\23\365\\U\17\240\244!\313\234\271\202\263\347\37"..., 48) = 48
10087 19:17:39 select(8, [3 5], [], NULL, NULL) = 1 (in [3])
10087 19:17:39 read(3, "(\331\341\325;\t\0203\22c\227\n@H\10\205NVC\322~n\200\254\347\5\r\306\255\f\34\215"..., 8192) = 48
10087 19:17:39 select(8, [3 5], [6], NULL, NULL) = 1 (out [6])
10087 19:17:39 write(6, "\10\33[K", 4)  = 4
10087 19:17:39 select(8, [3 5], [], NULL, NULL) = 1 (in [5])
10087 19:17:39 read(5, "\10", 16384)    = 1
10087 19:17:39 select(8, [3 5], [3], NULL, NULL) = 1 (out [3])
10087 19:17:39 write(3, "\21\325\203\336\353\243\253\274\7\276a._\341\355&X\201]\266n;g}\334ro\272&\324\333\315"..., 48) = 48
10087 19:17:39 select(8, [3 5], [], NULL, NULL) = 1 (in [3])
10087 19:17:39 read(3, "\10\2`B<\246\322\363\34\313\342O\273\343\212\252\217\3768\375v\275\205\245i\347\261RA\370i\305"..., 8192) = 48
10087 19:17:39 select(8, [3 5], [6], NULL, NULL) = 1 (out [6])
10087 19:17:39 write(6, "\10\33[K", 4)  = 4
10087 19:17:39 select(8, [3 5], [], NULL, NULL) = 1 (in [5])
10087 19:17:39 read(5, "\10", 16384)    = 1
10087 19:17:39 select(8, [3 5], [3], NULL, NULL) = 1 (out [3])
10087 19:17:39 write(3, "\212\307\251ss1\fz\313\210\253\323tm6\256}P\f\336\376=\362C\30\310\347\301\351\vMn"..., 48) = 48
10087 19:17:39 select(8, [3 5], [], NULL, NULL) = 1 (in [3])
10087 19:17:39 read(3, "\267&\317\260C-\335.\201\345\311~\215!\324\374\237%\37\276\320\231\243<\254\332&vt(b{"..., 8192) = 48
10087 19:17:39 select(8, [3 5], [6], NULL, NULL) = 1 (out [6])
10087 19:17:39 write(6, "\10\33[K", 4)  = 4
10087 19:17:39 select(8, [3 5], [], NULL, NULL) = 1 (in [5])
10087 19:17:39 read(5, "\10", 16384)    = 1
10087 19:17:39 select(8, [3 5], [3], NULL, NULL) = 1 (out [3])
10087 19:17:39 write(3, "\203U\275\265K\355\363u\376\214\217jV\252]\277\274\20\7\227\221\361\354\27\216:\327\26Ed\205\216"..., 48) = 48
10087 19:17:39 select(8, [3 5], [], NULL, NULL) = 1 (in [3])
10087 19:17:39 read(3, "I\206\357\316\22\2\247\302\277\222F\2430\"\261\332m=\300'\277\312q\200mo(\232\222D\203\354"..., 8192) = 48
10087 19:17:39 select(8, [3 5], [6], NULL, NULL) = 1 (out [6])
10087 19:17:39 write(6, "\10\33[K", 4)  = 4
10087 19:17:39 select(8, [3 5], [], NULL, NULL) = 1 (in [5])
10087 19:17:39 read(5, "\10", 16384)    = 1
10087 19:17:39 select(8, [3 5], [3], NULL, NULL) = 1 (out [3])
10087 19:17:39 write(3, "&y\235$\274l\332M\352\264\t;\233\177\223|\362\r\vZ\3252\372\n\311\222N\21A\f\235k"..., 48) = 48
10087 19:17:39 select(8, [3 5], [], NULL, NULL) = 1 (in [3])
10087 19:17:39 read(3, "\342\267\271l\235\23<)\332]\314\3573.\353\272\314Ip\245\216\373E~U\2459\272%\177\207:"..., 8192) = 48
10087 19:17:39 select(8, [3 5], [6], NULL, NULL) = 1 (out [6])
10087 19:17:39 write(6, "\10\33[K", 4)  = 4
10087 19:17:39 select(8, [3 5], [], NULL, NULL) = 1 (in [5])
10087 19:17:39 read(5, "\10", 16384)    = 1
10087 19:17:39 select(8, [3 5], [3], NULL, NULL) = 1 (out [3])
10087 19:17:39 write(3, "$_H0\200#\3761\r|\374z\371N\217\6\246X\"2z\7\376A\3256Gv\342\4\204P"..., 48) = 48
10087 19:17:39 select(8, [3 5], [], NULL, NULL) = 1 (in [3])
10087 19:17:39 read(3, "%%\322\365\37[\333\202j\323id\202I\323\333|8\316b\">\3608\375\211\316\5\261\255^8"..., 8192) = 48
10087 19:17:39 select(8, [3 5], [6], NULL, NULL) = 1 (out [6])
10087 19:17:39 write(6, "\10\33[K", 4)  = 4
10087 19:17:39 select(8, [3 5], [], NULL, NULL) = 1 (in [5])
10087 19:17:39 read(5, "\10", 16384)    = 1
10087 19:17:39 select(8, [3 5], [3], NULL, NULL) = 1 (out [3])
10087 19:17:39 write(3, "+(\215\"\0\2359X\346\244G/M\207\207\265\331\247\315F<\341I\355 0~g\4c\355\""..., 48) = 48
10087 19:17:39 select(8, [3 5], [], NULL, NULL) = 1 (in [3])
10087 19:17:39 read(3, "\331\0O3_M\314\25O\234\215\366\245\256\23K\325y\356\226\266\373\24/\330t\260\320\31|\256\3"..., 8192) = 48
10087 19:17:39 select(8, [3 5], [6], NULL, NULL) = 1 (out [6])
10087 19:17:39 write(6, "\10\33[K", 4)  = 4
10087 19:17:39 select(8, [3 5], [], NULL, NULL) = 1 (in [5])
10087 19:17:39 read(5, "\10", 16384)    = 1
10087 19:17:39 select(8, [3 5], [3], NULL, NULL) = 1 (out [3])
10087 19:17:39 write(3, "\217_\203\352x\214g\200\320\223ef\367\352q\347\264Q1\214\217\205\323\352\265\207\354\267\260c.\355"..., 48) = 48
10087 19:17:39 select(8, [3 5], [], NULL, NULL) = 1 (in [3])
10087 19:17:39 read(3, "}\26U\227\226\17\27N\253\370\244&\300\345\277\312\245\35\210\224J\366\326\266n\346\177\265\202UT["..., 8192) = 48
10087 19:17:39 select(8, [3 5], [6], NULL, NULL) = 1 (out [6])
10087 19:17:39 write(6, "\7", 1)        = 1
10087 19:17:39 select(8, [3 5], [], NULL, NULL) = 1 (in [5])
10087 19:17:39 read(5, "\10", 16384)    = 1
10087 19:17:39 select(8, [3 5], [3], NULL, NULL) = 1 (out [3])
10087 19:17:39 write(3, "e9\223Q\25n\315\320lp\311?\312_g\17\272\23\24\244T\2721\247\372\341\223\336{\260P\243"..., 48) = 48
10087 19:17:39 select(8, [3 5], [], NULL, NULL) = 1 (in [3])
10087 19:17:39 read(3, "\310\17\201\30Q\341\7\r\27\376\277\206D\7\220\23\346Nw6\266\17\275/\241O|\246]W\315\1"..., 8192) = 48
10087 19:17:39 select(8, [3 5], [6], NULL, NULL) = 1 (out [6])
10087 19:17:39 write(6, "\7", 1)        = 1
10087 19:17:39 select(8, [3 5], [], NULL, NULL) = 1 (in [5])
10087 19:17:40 read(5, "\10", 16384)    = 1
10087 19:17:40 select(8, [3 5], [3], NULL, NULL) = 1 (out [3])
10087 19:17:40 write(3, "\254\361\236\315\350|n\373\217x\267-\2605\20\257\vd\216\342\316\342.\362\326\37rc\v\377t\272"..., 48) = 48
10087 19:17:40 select(8, [3 5], [], NULL, NULL) = 1 (in [3])
10087 19:17:40 read(3, "\27\301\270-\312\353\324\177.\274\206\10\331bbOS|\2Y\375\2243I\266\305\330u?\252\245\270"..., 8192) = 48
10087 19:17:40 select(8, [3 5], [6], NULL, NULL) = 1 (out [6])
10087 19:17:40 write(6, "\7", 1)        = 1
10087 19:17:40 select(8, [3 5], [], NULL, NULL) = 1 (in [5])
10087 19:17:40 read(5, "\10", 16384)    = 1
10087 19:17:40 select(8, [3 5], [3], NULL, NULL) = 1 (out [3])
10087 19:17:40 write(3, "'\23305\322G\313\220Z\333\31b\274\326\263\272\\o\203\256k\254\323-\244\346\327\0234\205\331\235"..., 48) = 48
10087 19:17:40 select(8, [3 5], [], NULL, NULL) = 1 (in [3])
10087 19:17:40 read(3, "] s\27\225\225\361\364,\32`\2145\33\303h%\\\364\267Q\222\0109\320\241}g\345\4\\\364"..., 8192) = 48
10087 19:17:40 select(8, [3 5], [6], NULL, NULL) = 1 (out [6])
10087 19:17:40 write(6, "\7", 1)        = 1
10087 19:17:40 select(8, [3 5], [], NULL, NULL) = 1 (in [5])
10087 19:17:40 read(5, "\r", 16384)     = 1
10087 19:17:40 select(8, [3 5], [3], NULL, NULL) = 1 (out [3])
10087 19:17:40 write(3, "\206\337F\231\211@\265\317c\334|\31\351\25\2\357\213\330`c\252\6/~\222\0253\311\35aG="..., 48) = 48
10087 19:17:40 select(8, [3 5], [], NULL, NULL) = 1 (in [3])
10087 19:17:40 read(3, "\336L\353\344\234\273Q\232++\304\210j\2\311\270\350A\325b\324\303z\263\f\24Pz~\0351\v"..., 8192) = 48
10087 19:17:40 select(8, [3 5], [6], NULL, NULL) = 2 (in [3], out [6])
10087 19:17:40 write(6, "\r\n", 2)      = 2
10087 19:17:40 read(3, "9\375\224g\240](gn\364)\306\333\r\356r\356\6\364\266\224\377j\301\263;+V\316\325\324\226"..., 8192) = 112
10087 19:17:40 select(8, [3 5], [6], NULL, NULL) = 1 (out [6])
10087 19:17:40 write(6, "\33]0;root@PR-2-3:~\7", 18) = 18
10087 19:17:40 select(8, [3 5], [], NULL, NULL) = 1 (in [3])
10087 19:17:40 read(3, "\351`A<\362EX--\366\330\237\7\270\352#\t\263Bq\371\341\31\304\366\370\2670\330\325\7!"..., 8192) = 80
10087 19:17:40 select(8, [3 5], [6], NULL, NULL) = 1 (out [6])
10087 19:17:40 write(6, "(FUDE-0.4.2@x86_64)[root@PR-2-3 "..., 35) = 35
10087 19:17:40 select(8, [3 5], [], NULL, NULL) = 1 (in [5])
10087 19:17:41 read(5, "\r", 16384)     = 1
10087 19:17:41 select(8, [3 5], [3], NULL, NULL) = 1 (out [3])
10087 19:17:41 write(3, "\\\321Q\247\261:\30P\310\20>\244,\224|\225!\nr\f\264\5\31\245\270\riM\250\355\335\353"..., 48) = 48
10087 19:17:41 select(8, [3 5], [], NULL, NULL) = 1 (in [3])
10087 19:17:41 read(3, "\267\334\260\227&:\230\326\235\216\351\21\243\224;\t\3473\267L\230\23\250U\232\233\353\333*_\204\361"..., 8192) = 48
10087 19:17:41 select(8, [3 5], [6], NULL, NULL) = 2 (in [3], out [6])
10087 19:17:41 write(6, "\r\n", 2)      = 2
10087 19:17:41 read(3, "\30pXJ\332Ha\220R\20\363\204@\337\221\200k\225\252\23\2146[\206/\322\3158\213t\347\244"..., 8192) = 112
10087 19:17:41 select(8, [3 5], [6], NULL, NULL) = 1 (out [6])
10087 19:17:41 write(6, "\33]0;root@PR-2-3:~\7", 18) = 18
10087 19:17:41 select(8, [3 5], [], NULL, NULL) = 1 (in [3])
10087 19:17:41 read(3, "\37q\312L\212\37\316\320Xy\303\237\f\301\335D\310\fF\227\361\206\312\2332\242 L\330\2437\274"..., 8192) = 80
10087 19:17:41 select(8, [3 5], [6], NULL, NULL) = 1 (out [6])
10087 19:17:41 write(6, "(FUDE-0.4.2@x86_64)[root@PR-2-3 "..., 35) = 35
10087 19:17:41 select(8, [3 5], [], NULL, NULL) = 1 (in [5])
10087 19:17:41 read(5, "\r", 16384)     = 1
10087 19:17:41 select(8, [3 5], [3], NULL, NULL) = 1 (out [3])
10087 19:17:41 write(3, "@C$lN\335\260\272\266d1\34\337\325e\372\37n\317D\32u\332@\200:\333\267\371`\225\372"..., 48) = 48
10087 19:17:41 select(8, [3 5], [], NULL, NULL) = 1 (in [3])
10087 19:17:41 read(3, "\200\35l-n\345t}k\324\303\253H\331H\33W&\334\234j\3710\\tf\352a;o\221E"..., 8192) = 48
10087 19:17:41 select(8, [3 5], [6], NULL, NULL) = 2 (in [3], out [6])
10087 19:17:41 write(6, "\r\n", 2)      = 2
10087 19:17:41 read(3, "!\306\361\236\307\r\300\10L\300\rT\367\216\253\20\350\327r\331\237=\235\320\365Z\242\360_\246\320\254"..., 8192) = 112
10087 19:17:41 select(8, [3 5], [6], NULL, NULL) = 1 (out [6])
10087 19:17:41 write(6, "\33]0;root@PR-2-3:~\7", 18) = 18
10087 19:17:41 select(8, [3 5], [], NULL, NULL) = 1 (in [3])
10087 19:17:41 read(3, "\335)\337-\264\0326\255.\24\276\r\322\240Xg\214*\3\345S]\274\340v\222\330\7XGSL"..., 8192) = 80
10087 19:17:41 select(8, [3 5], [6], NULL, NULL) = 1 (out [6])
10087 19:17:41 write(6, "(FUDE-0.4.2@x86_64)[root@PR-2-3 "..., 35) = 35
10087 19:17:41 select(8, [3 5], [], NULL, NULL) = 1 (in [5])
10087 19:17:41 read(5, "\r", 16384)     = 1
10087 19:17:41 select(8, [3 5], [3], NULL, NULL) = 1 (out [3])
10087 19:17:41 write(3, "o\316m'\t\313\273*\245O\2017?2\240$\22\373*\207P\245u\t\363\36\253\246|\307\255\224"..., 48) = 48
10087 19:17:41 select(8, [3 5], [], NULL, NULL) = 1 (in [3])
10087 19:17:41 read(3, "\350~\346r\235q`\226\305-h\374\225d\252\214}0&\177\326\26\247\336\354\v\341\0Q\354\3636"..., 8192) = 160
10087 19:17:41 select(8, [3 5], [6], NULL, NULL) = 1 (out [6])
10087 19:17:41 write(6, "\r\n\33]0;root@PR-2-3:~\7", 20) = 20
10087 19:17:41 select(8, [3 5], [], NULL, NULL) = 1 (in [3])
10087 19:17:41 read(3, "\304\n\315\0\211\200\";D7\213\364\366\365\3\\t\354\2466\320\32\364\363\6\254=\265\247\33\317;"..., 8192) = 80
10087 19:17:41 select(8, [3 5], [6], NULL, NULL) = 1 (out [6])
10087 19:17:41 write(6, "(FUDE-0.4.2@x86_64)[root@PR-2-3 "..., 35) = 35
10087 19:17:41 select(8, [3 5], [], NULL, NULL) = 1 (in [5])
10087 19:17:41 read(5, "\r", 16384)     = 1
10087 19:17:41 select(8, [3 5], [3], NULL, NULL) = 1 (out [3])
10087 19:17:41 write(3, "\373ZQ\243\177\315Y-X\235$\213\361\177\253Tf\250\266p\350\274\363\351\263\10\22\362Na\325\264"..., 48) = 48
10087 19:17:41 select(8, [3 5], [], NULL, NULL) = 1 (in [3])
10087 19:17:41 read(3, "\37\337\2629'h\316\201\356\305\316\220/\2001\211\264O\344\21400\f\2173G\275\301\314\367/Q"..., 8192) = 48
10087 19:17:41 select(8, [3 5], [6], NULL, NULL) = 2 (in [3], out [6])
10087 19:17:41 write(6, "\r\n", 2)      = 2
10087 19:17:41 read(3, "TlKvk\33\203\215\373\233\210@\304\262\30R\334\210,\331\321\217Ed\323c\304\200\324\370\\#"..., 8192) = 112
10087 19:17:41 select(8, [3 5], [6], NULL, NULL) = 1 (out [6])
10087 19:17:41 write(6, "\33]0;root@PR-2-3:~\7", 18) = 18
10087 19:17:41 select(8, [3 5], [], NULL, NULL) = 1 (in [3])
10087 19:17:41 read(3, "\350\275\253D\355\346\4s\376\364\0\3434\377t\2721\375\264\225\274\257t\373\377\25\373o\255\17\330~"..., 8192) = 80
10087 19:17:41 select(8, [3 5], [6], NULL, NULL) = 1 (out [6])
10087 19:17:41 write(6, "(FUDE-0.4.2@x86_64)[root@PR-2-3 "..., 35) = 35
10087 19:17:41 select(8, [3 5], [], NULL, NULL) = 1 (in [5])
10087 19:17:41 read(5, "\r", 16384)     = 1
10087 19:17:41 select(8, [3 5], [3], NULL, NULL) = 1 (out [3])
10087 19:17:41 write(3, "$4$-h\332I\252@\345\211\306\25\220\267\244\2309\0076\6\221a\31\240\316\33\210z9\302\224"..., 48) = 48
10087 19:17:41 select(8, [3 5], [], NULL, NULL) = 1 (in [3])
10087 19:17:41 read(3, "E\2\342\337F\356c\202\276\0'QGk\311\363By\202k^\273h\225\362\4\340\337\370Q\\S"..., 8192) = 48
10087 19:17:41 select(8, [3 5], [6], NULL, NULL) = 2 (in [3], out [6])
10087 19:17:41 write(6, "\r\n", 2)      = 2
10087 19:17:41 read(3, "\200?R\201\6\277\265y\f\234\253\215\355\362\v)\255\337:c\202&\246\"k!5\226> dy"..., 8192) = 112
10087 19:17:41 select(8, [3 5], [6], NULL, NULL) = 1 (out [6])
10087 19:17:41 write(6, "\33]0;root@PR-2-3:~\7", 18) = 18
10087 19:17:41 select(8, [3 5], [], NULL, NULL) = 1 (in [3])
10087 19:17:41 read(3, "\302\267\276\227\237h\372\345\325%!\341I\26\257\307\301\252\376\247\254.D  OR\240\2\257\270\372"..., 8192) = 80
10087 19:17:41 select(8, [3 5], [6], NULL, NULL) = 1 (out [6])
10087 19:17:41 write(6, "(FUDE-0.4.2@x86_64)[root@PR-2-3 "..., 35) = 35
10087 19:17:41 select(8, [3 5], [], NULL, NULL) = 1 (in [5])
10087 19:17:42 read(5, "e", 16384)      = 1
10087 19:17:42 select(8, [3 5], [3], NULL, NULL) = 1 (out [3])
10087 19:17:42 write(3, "\226\367\16Cg\331c\22\227%\351\320\371\251\n\26S\254\333(6cH\7\227\303\361|\314\263\24g"..., 48) = 48
10087 19:17:42 select(8, [3 5], [], NULL, NULL) = 1 (in [3])
10087 19:17:42 read(3, "/\376\316\340y\313\214\3242\300yMm!\365\0l\364\227{ricx\257\274\301\327\t{\31\25"..., 8192) = 48
10087 19:17:42 select(8, [3 5], [6], NULL, NULL) = 1 (out [6])
10087 19:17:42 write(6, "e", 1)         = 1
10087 19:17:42 select(8, [3 5], [], NULL, NULL) = 1 (in [5])
10087 19:17:42 read(5, "x", 16384)      = 1
10087 19:17:42 select(8, [3 5], [3], NULL, NULL) = 1 (out [3])
10087 19:17:42 write(3, "Uo;\322\364\231\21\325:x\200FGV\334\323\3_*\327\256\265\201F%\314+\351i\233\365H"..., 48) = 48
10087 19:17:42 select(8, [3 5], [], NULL, NULL) = 1 (in [3])
10087 19:17:42 read(3, "r\266\0174\334\235Maq\356(\300\356\373\232[\214\315\33T\355\251'\r\212\321\r\312\343\305\1,"..., 8192) = 48
10087 19:17:42 select(8, [3 5], [6], NULL, NULL) = 1 (out [6])
10087 19:17:42 write(6, "x", 1)         = 1
10087 19:17:42 select(8, [3 5], [], NULL, NULL) = 1 (in [5])
10087 19:17:42 read(5, "i", 16384)      = 1
10087 19:17:42 select(8, [3 5], [3], NULL, NULL) = 1 (out [3])
10087 19:17:42 write(3, "=\213\2535\256]d\0163.n\226\227\247\360\356\"B\356\226wL\367\301M\210\375t\23p P"..., 48) = 48
10087 19:17:42 select(8, [3 5], [], NULL, NULL) = 1 (in [3])
10087 19:17:42 read(3, "\306\314q\16\371\37\363\31d\245\1\200\322\330G{yO\256w\1\377?\214\26\26\v\31|\336\20\315"..., 8192) = 48
10087 19:17:42 select(8, [3 5], [6], NULL, NULL) = 1 (out [6])
10087 19:17:42 write(6, "i", 1)         = 1
10087 19:17:42 select(8, [3 5], [], NULL, NULL) = 1 (in [5])
10087 19:17:42 read(5, "t", 16384)      = 1
10087 19:17:42 select(8, [3 5], [3], NULL, NULL) = 1 (out [3])
10087 19:17:42 write(3, "\320j'O$\177Yj\313\4\217\202b\22\6\317\235\356\255\353\0G\t\243\315\35c\373D\277.A"..., 48) = 48
10087 19:17:42 select(8, [3 5], [], NULL, NULL) = 1 (in [3])
10087 19:17:42 read(3, "\360q;\377\330\366/\262|{d5\256\252D\312\371\263\240$rN?\f\200#\316\211?q\232\303"..., 8192) = 48
10087 19:17:42 select(8, [3 5], [6], NULL, NULL) = 1 (out [6])
10087 19:17:42 write(6, "t", 1)         = 1
10087 19:17:42 select(8, [3 5], [], NULL, NULL) = 1 (in [5])
10087 19:17:43 read(5, "\r", 16384)     = 1
10087 19:17:43 select(8, [3 5], [3], NULL, NULL) = 1 (out [3])
10087 19:17:43 write(3, "L\0\t\223G\275\250\236&\241\f\207\27\315\247\214\220\242\33p\1\234u\323%\320z/\10~\234p"..., 48) = 48
10087 19:17:43 select(8, [3 5], [], NULL, NULL) = 1 (in [3])
10087 19:17:43 read(3, "l\4I\204m|{xG\340\37\264\214\353\353~Yg\244\231\350\243\353X@\311j\231\376\250\351\252"..., 8192) = 96
10087 19:17:43 select(8, [3 5], [6], NULL, NULL) = 1 (out [6])
10087 19:17:43 write(6, "\r\nlogout\r\n", 10) = 10
10087 19:17:43 select(8, [3 5], [], NULL, NULL) = 1 (in [3])
10087 19:17:43 read(3, "\317\242\305\316Gq\303\2709\10\342\253\1!t\253x.=\326f\33bs$\357\"y\272B\332!"..., 8192) = 48
10087 19:17:43 select(8, [3 5], [6], NULL, NULL) = 1 (out [6])
10087 19:17:43 write(6, "\33[H\33[2J", 7) = 7
10087 19:17:43 select(8, [3 5], [], NULL, NULL) = 1 (in [3])
10087 19:17:43 read(3, "\307\245\0m\246>\266\274mL0T\250\254\3766f\221\270\307\230C\311+\"\306\351\0343\23m}"..., 8192) = 128
10087 19:17:43 close(6)                 = 0
10087 19:17:43 close(5)                 = 0
10087 19:17:43 ioctl(0, SNDCTL_TMR_STOP or TCSETSW, {B38400 opost isig icanon echo ...}) = 0
10087 19:17:43 close(7)                 = 0
10087 19:17:43 select(8, [3], [3], NULL, NULL) = 1 (out [3])
10087 19:17:43 write(3, "\326\256\223[\367\31\371A\220\fN\01665\222V\34Ih\342v}! \312\235\227\343KM\320\274", 32) = 32
10087 19:17:43 rt_sigaction(SIGWINCH, NULL, {0x7fbe66a5bc80, [], SA_RESTORER, 0x7fbe645b6920}, 8) = 0
10087 19:17:43 rt_sigaction(SIGWINCH, {SIG_DFL, [], SA_RESTORER, 0x7fbe645b6920}, NULL, 8) = 0
10087 19:17:43 write(3, "*\270\303\305\332\nj\251\225d\236,|\270ZxXF\2075p\24N\212\325\213\177\0164\26+f"..., 64) = 64
10087 19:17:43 ioctl(0, SNDCTL_TMR_TIMEBASE or TCGETS, {B38400 opost isig icanon echo ...}) = 0
10087 19:17:43 ioctl(1, SNDCTL_TMR_TIMEBASE or TCGETS, {B38400 opost isig icanon echo ...}) = 0
10087 19:17:43 ioctl(2, SNDCTL_TMR_TIMEBASE or TCGETS, {B38400 opost isig icanon echo ...}) = 0
10087 19:17:43 write(2, "Connection to 192.167.2.3 closed"..., 35) = 35
10087 19:17:43 shutdown(3, 2 /* send and receive */) = 0
10087 19:17:43 close(3)                 = 0
10087 19:17:43 exit_group(127)          = ?
