9994  18:46:26 select(4, [3], NULL, NULL, NULL) = 1 (in [3])
9994  18:46:27 read(3, "G\254\17@\227T&Emj5\27cn\314}\302\357X\30{\10]\252\4\276+\321;2\v\213"..., 8192) = 48
9994  18:46:27 write(3, "\250X\341\320\360\375\221\324=\t\370\354q7g:N\360\330WCc\216U\30/+r~\331\263\313"..., 64) = 64
9994  18:46:27 select(4, [3], NULL, NULL, NULL) = 1 (in [3])
9994  18:46:27 read(3, "`\313\335f>z\310\237\345\340/\16\346\325\301\343=\252\243\203\227E\17o\302\263\327\277\232\224\237L"..., 8192) = 80
9994  18:46:27 getpeername(3, {sa_family=AF_INET, sin_port=htons(22), sin_addr=inet_addr("192.167.2.3")}, [16]) = 0
9994  18:46:27 open("/etc/protocols", O_RDONLY|O_CLOEXEC) = 5
9994  18:46:27 fstat(5, {st_mode=S_IFREG|0644, st_size=6455, ...}) = 0
9994  18:46:27 mmap(NULL, 4096, PROT_READ|PROT_WRITE, MAP_PRIVATE|MAP_ANONYMOUS, -1, 0) = 0x7fb6d132a000
9994  18:46:27 read(5, "# /etc/protocols:\n# $Id: protoco"..., 4096) = 4096
9994  18:46:27 close(5)                 = 0
9994  18:46:27 munmap(0x7fb6d132a000, 4096) = 0
9994  18:46:27 getsockopt(3, SOL_IP, IP_OPTIONS, "", [0]) = 0
9994  18:46:27 socket(PF_FILE, SOCK_STREAM|SOCK_CLOEXEC|SOCK_NONBLOCK, 0) = 5
9994  18:46:27 connect(5, {sa_family=AF_FILE, path="/var/run/nscd/socket"}, 110) = -1 ENOENT (No such file or directory)
9994  18:46:27 close(5)                 = 0
9994  18:46:27 socket(PF_FILE, SOCK_STREAM|SOCK_CLOEXEC|SOCK_NONBLOCK, 0) = 5
9994  18:46:27 connect(5, {sa_family=AF_FILE, path="/var/run/nscd/socket"}, 110) = -1 ENOENT (No such file or directory)
9994  18:46:27 close(5)                 = 0
9994  18:46:27 open("/etc/resolv.conf", O_RDONLY) = 5
9994  18:46:27 fstat(5, {st_mode=S_IFREG|0644, st_size=228, ...}) = 0
9994  18:46:27 mmap(NULL, 4096, PROT_READ|PROT_WRITE, MAP_PRIVATE|MAP_ANONYMOUS, -1, 0) = 0x7fb6d132a000
9994  18:46:27 read(5, "# Generated by NetworkManager\n\n\n"..., 4096) = 228
9994  18:46:27 read(5, "", 4096)        = 0
9994  18:46:27 close(5)                 = 0
9994  18:46:27 munmap(0x7fb6d132a000, 4096) = 0
9994  18:46:27 uname({sys="Linux", node="zabbixserver-6-21", ...}) = 0
9994  18:46:27 open("/etc/host.conf", O_RDONLY) = 5
9994  18:46:27 fstat(5, {st_mode=S_IFREG|0644, st_size=9, ...}) = 0
9994  18:46:27 mmap(NULL, 4096, PROT_READ|PROT_WRITE, MAP_PRIVATE|MAP_ANONYMOUS, -1, 0) = 0x7fb6d132a000
9994  18:46:27 read(5, "multi on\n", 4096) = 9
9994  18:46:27 read(5, "", 4096)        = 0
9994  18:46:27 close(5)                 = 0
9994  18:46:27 munmap(0x7fb6d132a000, 4096) = 0
9994  18:46:27 futex(0x7fb6cf1f6384, FUTEX_WAKE_PRIVATE, 2147483647) = 0
9994  18:46:27 open("/etc/hosts", O_RDONLY|O_CLOEXEC) = 5
9994  18:46:27 fstat(5, {st_mode=S_IFREG|0644, st_size=217, ...}) = 0
9994  18:46:27 mmap(NULL, 4096, PROT_READ|PROT_WRITE, MAP_PRIVATE|MAP_ANONYMOUS, -1, 0) = 0x7fb6d132a000
9994  18:46:27 read(5, "127.0.0.1   localhost localhost."..., 4096) = 217
9994  18:46:27 read(5, "", 4096)        = 0
9994  18:46:27 close(5)                 = 0
9994  18:46:27 munmap(0x7fb6d132a000, 4096) = 0
9994  18:46:27 open("/opt/FUDE-1.0/fude/lib/libnss_dns.so.2", O_RDONLY) = -1 ENOENT (No such file or directory)
9994  18:46:27 open("/opt/FUDE-1.0/utils/lib/libnss_dns.so.2", O_RDONLY) = -1 ENOENT (No such file or directory)
9994  18:46:27 open("/opt/FUDE-1.0/log/lib/libnss_dns.so.2", O_RDONLY) = -1 ENOENT (No such file or directory)
9994  18:46:27 open("/opt/FUDE-1.0/netsnmp/lib/libnss_dns.so.2", O_RDONLY) = -1 ENOENT (No such file or directory)
9994  18:46:27 open("/opt/FUDE-1.0/python/lib/libnss_dns.so.2", O_RDONLY) = -1 ENOENT (No such file or directory)
9994  18:46:27 open("/opt/FUDE-1.0/boost/lib/libnss_dns.so.2", O_RDONLY) = -1 ENOENT (No such file or directory)
9994  18:46:27 open("/opt/FUDE-1.0/cppunit/lib/libnss_dns.so.2", O_RDONLY) = -1 ENOENT (No such file or directory)
9994  18:46:27 open("/opt/FUDE-1.0/TAO/ACE_wrappers/lib/libnss_dns.so.2", O_RDONLY) = -1 ENOENT (No such file or directory)
9994  18:46:27 open("tls/x86_64/libnss_dns.so.2", O_RDONLY) = -1 ENOENT (No such file or directory)
9994  18:46:27 open("tls/libnss_dns.so.2", O_RDONLY) = -1 ENOENT (No such file or directory)
9994  18:46:27 open("x86_64/libnss_dns.so.2", O_RDONLY) = -1 ENOENT (No such file or directory)
9994  18:46:27 open("libnss_dns.so.2", O_RDONLY) = -1 ENOENT (No such file or directory)
9994  18:46:27 open("/etc/ld.so.cache", O_RDONLY) = 5
9994  18:46:27 fstat(5, {st_mode=S_IFREG|0644, st_size=207633, ...}) = 0
9994  18:46:27 mmap(NULL, 207633, PROT_READ, MAP_PRIVATE, 5, 0) = 0x7fb6d12f8000
9994  18:46:27 close(5)                 = 0
9994  18:46:27 open("/lib64/libnss_dns.so.2", O_RDONLY) = 5
9994  18:46:27 read(5, "\177ELF\2\1\1\0\0\0\0\0\0\0\0\0\3\0>\0\1\0\0\0\0\20\0\0\0\0\0\0"..., 832) = 832
9994  18:46:27 fstat(5, {st_mode=S_IFREG|0755, st_size=27424, ...}) = 0
9994  18:46:27 mmap(NULL, 2117880, PROT_READ|PROT_EXEC, MAP_PRIVATE|MAP_DENYWRITE, 5, 0) = 0x7fb6cd755000
9994  18:46:27 mprotect(0x7fb6cd75a000, 2093056, PROT_NONE) = 0
9994  18:46:27 mmap(0x7fb6cd959000, 8192, PROT_READ|PROT_WRITE, MAP_PRIVATE|MAP_FIXED|MAP_DENYWRITE, 5, 0x4000) = 0x7fb6cd959000
9994  18:46:27 close(5)                 = 0
9994  18:46:27 mprotect(0x7fb6cd959000, 4096, PROT_READ) = 0
9994  18:46:27 munmap(0x7fb6d12f8000, 207633) = 0
9994  18:46:27 futex(0x7fb6ce7fa2e8, FUTEX_WAKE_PRIVATE, 2147483647) = 0
9994  18:46:27 futex(0x7fb6ce7fa270, FUTEX_WAKE_PRIVATE, 2147483647) = 0
9994  18:46:27 futex(0x7fb6cfe82fd0, FUTEX_WAKE_PRIVATE, 2147483647) = 0
9994  18:46:27 stat("/etc/gss/mech", 0x7fff6794aaa0) = -1 ENOENT (No such file or directory)
9994  18:46:27 stat("/etc/gss/mech", 0x7fff6794a9f0) = -1 ENOENT (No such file or directory)
9994  18:46:27 futex(0x7fb6cfc41200, FUTEX_WAKE_PRIVATE, 2147483647) = 0
9994  18:46:27 futex(0x7fb6cfc41600, FUTEX_WAKE_PRIVATE, 2147483647) = 0
9994  18:46:27 stat("/etc/krb5.conf", {st_mode=S_IFREG|0644, st_size=449, ...}) = 0
9994  18:46:27 open("/etc/krb5.conf", O_RDONLY) = 5
9994  18:46:27 fcntl(5, F_SETFD, FD_CLOEXEC) = 0
9994  18:46:27 fstat(5, {st_mode=S_IFREG|0644, st_size=449, ...}) = 0
9994  18:46:27 mmap(NULL, 4096, PROT_READ|PROT_WRITE, MAP_PRIVATE|MAP_ANONYMOUS, -1, 0) = 0x7fb6d132a000
9994  18:46:27 read(5, "[logging]\n default = FILE:/var/l"..., 4096) = 449
9994  18:46:27 read(5, "", 4096)        = 0
9994  18:46:27 close(5)                 = 0
9994  18:46:27 munmap(0x7fb6d132a000, 4096) = 0
9994  18:46:27 open("/dev/urandom", O_RDONLY) = 5
9994  18:46:27 fcntl(5, F_SETFD, FD_CLOEXEC) = 0
9994  18:46:27 fstat(5, {st_mode=S_IFCHR|0666, st_rdev=makedev(1, 9), ...}) = 0
9994  18:46:27 read(5, "\252~/\237\321\325\267g\177p\210!\337\316&\n`&:\271", 20) = 20
9994  18:46:27 close(5)                 = 0
9994  18:46:27 futex(0x7fb6cf9622d0, FUTEX_WAKE_PRIVATE, 2147483647) = 0
9994  18:46:27 socket(PF_NETLINK, SOCK_RAW, 0) = 5
9994  18:46:27 bind(5, {sa_family=AF_NETLINK, pid=0, groups=00000000}, 12) = 0
9994  18:46:27 getsockname(5, {sa_family=AF_NETLINK, pid=9994, groups=00000000}, [12]) = 0
9994  18:46:27 sendto(5, "\24\0\0\0\26\0\1\3\3 \235Z\0\0\0\0\0\0\0\0", 20, 0, {sa_family=AF_NETLINK, pid=0, groups=00000000}, 12) = 20
9994  18:46:27 recvmsg(5, {msg_name(12)={sa_family=AF_NETLINK, pid=0, groups=00000000}, msg_iov(1)=[{"0\0\0\0\24\0\2\0\3 \235Z\n'\0\0\2\10\200\376\1\0\0\0\10\0\1\0\177\0\0\1"..., 4096}], msg_controllen=0, msg_flags=0}, 0) = 108
9994  18:46:27 recvmsg(5, {msg_name(12)={sa_family=AF_NETLINK, pid=0, groups=00000000}, msg_iov(1)=[{"@\0\0\0\24\0\2\0\3 \235Z\n'\0\0\n\200\200\376\1\0\0\0\24\0\1\0\0\0\0\0"..., 4096}], msg_controllen=0, msg_flags=0}, 0) = 128
9994  18:46:27 recvmsg(5, {msg_name(12)={sa_family=AF_NETLINK, pid=0, groups=00000000}, msg_iov(1)=[{"\24\0\0\0\3\0\2\0\3 \235Z\n'\0\0\0\0\0\0\1\0\0\0\24\0\1\0\0\0\0\0"..., 4096}], msg_controllen=0, msg_flags=0}, 0) = 20
9994  18:46:27 close(5)                 = 0
9994  18:46:27 open("/etc/hosts", O_RDONLY|O_CLOEXEC) = 5
9994  18:46:27 fstat(5, {st_mode=S_IFREG|0644, st_size=217, ...}) = 0
9994  18:46:27 mmap(NULL, 4096, PROT_READ|PROT_WRITE, MAP_PRIVATE|MAP_ANONYMOUS, -1, 0) = 0x7fb6d132a000
9994  18:46:27 read(5, "127.0.0.1   localhost localhost."..., 4096) = 217
9994  18:46:27 read(5, "", 4096)        = 0
9994  18:46:27 close(5)                 = 0
9994  18:46:27 munmap(0x7fb6d132a000, 4096) = 0
9994  18:46:27 stat("/etc/krb5.conf", {st_mode=S_IFREG|0644, st_size=449, ...}) = 0
9994  18:46:27 open("/etc/krb5.conf", O_RDONLY) = 5
9994  18:46:27 fcntl(5, F_SETFD, FD_CLOEXEC) = 0
9994  18:46:27 fstat(5, {st_mode=S_IFREG|0644, st_size=449, ...}) = 0
9994  18:46:27 mmap(NULL, 4096, PROT_READ|PROT_WRITE, MAP_PRIVATE|MAP_ANONYMOUS, -1, 0) = 0x7fb6d132a000
9994  18:46:27 read(5, "[logging]\n default = FILE:/var/l"..., 4096) = 449
9994  18:46:27 read(5, "", 4096)        = 0
9994  18:46:27 close(5)                 = 0
9994  18:46:27 munmap(0x7fb6d132a000, 4096) = 0
9994  18:46:27 open("/dev/urandom", O_RDONLY) = 5
9994  18:46:27 fcntl(5, F_SETFD, FD_CLOEXEC) = 0
9994  18:46:27 fstat(5, {st_mode=S_IFCHR|0666, st_rdev=makedev(1, 9), ...}) = 0
9994  18:46:27 read(5, "\267\vo\6w}\366!^m\323U\0\v\306\353\301(x\244", 20) = 20
9994  18:46:27 close(5)                 = 0
9994  18:46:27 socket(PF_NETLINK, SOCK_RAW, 0) = 5
9994  18:46:27 bind(5, {sa_family=AF_NETLINK, pid=0, groups=00000000}, 12) = 0
9994  18:46:27 getsockname(5, {sa_family=AF_NETLINK, pid=9994, groups=00000000}, [12]) = 0
9994  18:46:27 sendto(5, "\24\0\0\0\26\0\1\3\3 \235Z\0\0\0\0\0\0\0\0", 20, 0, {sa_family=AF_NETLINK, pid=0, groups=00000000}, 12) = 20
9994  18:46:27 recvmsg(5, {msg_name(12)={sa_family=AF_NETLINK, pid=0, groups=00000000}, msg_iov(1)=[{"0\0\0\0\24\0\2\0\3 \235Z\n'\0\0\2\10\200\376\1\0\0\0\10\0\1\0\177\0\0\1"..., 4096}], msg_controllen=0, msg_flags=0}, 0) = 108
9994  18:46:27 recvmsg(5, {msg_name(12)={sa_family=AF_NETLINK, pid=0, groups=00000000}, msg_iov(1)=[{"@\0\0\0\24\0\2\0\3 \235Z\n'\0\0\n\200\200\376\1\0\0\0\24\0\1\0\0\0\0\0"..., 4096}], msg_controllen=0, msg_flags=0}, 0) = 128
9994  18:46:27 recvmsg(5, {msg_name(12)={sa_family=AF_NETLINK, pid=0, groups=00000000}, msg_iov(1)=[{"\24\0\0\0\3\0\2\0\3 \235Z\n'\0\0\0\0\0\0\1\0\0\0\24\0\1\0\0\0\0\0"..., 4096}], msg_controllen=0, msg_flags=0}, 0) = 20
9994  18:46:27 close(5)                 = 0
9994  18:46:27 open("/etc/hosts", O_RDONLY|O_CLOEXEC) = 5
9994  18:46:27 fstat(5, {st_mode=S_IFREG|0644, st_size=217, ...}) = 0
9994  18:46:27 mmap(NULL, 4096, PROT_READ|PROT_WRITE, MAP_PRIVATE|MAP_ANONYMOUS, -1, 0) = 0x7fb6d132a000
9994  18:46:27 read(5, "127.0.0.1   localhost localhost."..., 4096) = 217
9994  18:46:27 read(5, "", 4096)        = 0
9994  18:46:27 close(5)                 = 0
9994  18:46:27 munmap(0x7fb6d132a000, 4096) = 0
9994  18:46:27 stat("/etc/krb5.conf", {st_mode=S_IFREG|0644, st_size=449, ...}) = 0
9994  18:46:27 open("/etc/krb5.conf", O_RDONLY) = 5
9994  18:46:27 fcntl(5, F_SETFD, FD_CLOEXEC) = 0
9994  18:46:27 fstat(5, {st_mode=S_IFREG|0644, st_size=449, ...}) = 0
9994  18:46:27 mmap(NULL, 4096, PROT_READ|PROT_WRITE, MAP_PRIVATE|MAP_ANONYMOUS, -1, 0) = 0x7fb6d132a000
9994  18:46:27 read(5, "[logging]\n default = FILE:/var/l"..., 4096) = 449
9994  18:46:27 read(5, "", 4096)        = 0
9994  18:46:27 close(5)                 = 0
9994  18:46:27 munmap(0x7fb6d132a000, 4096) = 0
9994  18:46:27 open("/dev/urandom", O_RDONLY) = 5
9994  18:46:27 fcntl(5, F_SETFD, FD_CLOEXEC) = 0
9994  18:46:27 fstat(5, {st_mode=S_IFCHR|0666, st_rdev=makedev(1, 9), ...}) = 0
9994  18:46:27 read(5, "\325\0\33B\350'\326Ac\24\327\242\6\226h\33\373\253\240\307", 20) = 20
9994  18:46:27 close(5)                 = 0
9994  18:46:27 socket(PF_NETLINK, SOCK_RAW, 0) = 5
9994  18:46:27 bind(5, {sa_family=AF_NETLINK, pid=0, groups=00000000}, 12) = 0
9994  18:46:27 getsockname(5, {sa_family=AF_NETLINK, pid=9994, groups=00000000}, [12]) = 0
9994  18:46:27 sendto(5, "\24\0\0\0\26\0\1\3\3 \235Z\0\0\0\0\0\0\0\0", 20, 0, {sa_family=AF_NETLINK, pid=0, groups=00000000}, 12) = 20
9994  18:46:27 recvmsg(5, {msg_name(12)={sa_family=AF_NETLINK, pid=0, groups=00000000}, msg_iov(1)=[{"0\0\0\0\24\0\2\0\3 \235Z\n'\0\0\2\10\200\376\1\0\0\0\10\0\1\0\177\0\0\1"..., 4096}], msg_controllen=0, msg_flags=0}, 0) = 108
9994  18:46:27 recvmsg(5, {msg_name(12)={sa_family=AF_NETLINK, pid=0, groups=00000000}, msg_iov(1)=[{"@\0\0\0\24\0\2\0\3 \235Z\n'\0\0\n\200\200\376\1\0\0\0\24\0\1\0\0\0\0\0"..., 4096}], msg_controllen=0, msg_flags=0}, 0) = 128
9994  18:46:27 recvmsg(5, {msg_name(12)={sa_family=AF_NETLINK, pid=0, groups=00000000}, msg_iov(1)=[{"\24\0\0\0\3\0\2\0\3 \235Z\n'\0\0\0\0\0\0\1\0\0\0\24\0\1\0\0\0\0\0"..., 4096}], msg_controllen=0, msg_flags=0}, 0) = 20
9994  18:46:27 close(5)                 = 0
9994  18:46:27 open("/etc/hosts", O_RDONLY|O_CLOEXEC) = 5
9994  18:46:27 fstat(5, {st_mode=S_IFREG|0644, st_size=217, ...}) = 0
9994  18:46:27 mmap(NULL, 4096, PROT_READ|PROT_WRITE, MAP_PRIVATE|MAP_ANONYMOUS, -1, 0) = 0x7fb6d132a000
9994  18:46:27 read(5, "127.0.0.1   localhost localhost."..., 4096) = 217
9994  18:46:27 read(5, "", 4096)        = 0
9994  18:46:27 close(5)                 = 0
9994  18:46:27 munmap(0x7fb6d132a000, 4096) = 0
9994  18:46:27 stat("/etc/krb5.conf", {st_mode=S_IFREG|0644, st_size=449, ...}) = 0
9994  18:46:27 open("/etc/krb5.conf", O_RDONLY) = 5
9994  18:46:27 fcntl(5, F_SETFD, FD_CLOEXEC) = 0
9994  18:46:27 fstat(5, {st_mode=S_IFREG|0644, st_size=449, ...}) = 0
9994  18:46:27 mmap(NULL, 4096, PROT_READ|PROT_WRITE, MAP_PRIVATE|MAP_ANONYMOUS, -1, 0) = 0x7fb6d132a000
9994  18:46:27 read(5, "[logging]\n default = FILE:/var/l"..., 4096) = 449
9994  18:46:27 read(5, "", 4096)        = 0
9994  18:46:27 close(5)                 = 0
9994  18:46:27 munmap(0x7fb6d132a000, 4096) = 0
9994  18:46:27 open("/dev/urandom", O_RDONLY) = 5
9994  18:46:27 fcntl(5, F_SETFD, FD_CLOEXEC) = 0
9994  18:46:27 fstat(5, {st_mode=S_IFCHR|0666, st_rdev=makedev(1, 9), ...}) = 0
9994  18:46:27 read(5, "\16\34u\333L_\334H\335\234\346\266=`\216WXz\20j", 20) = 20
9994  18:46:27 close(5)                 = 0
9994  18:46:27 socket(PF_NETLINK, SOCK_RAW, 0) = 5
9994  18:46:27 bind(5, {sa_family=AF_NETLINK, pid=0, groups=00000000}, 12) = 0
9994  18:46:27 getsockname(5, {sa_family=AF_NETLINK, pid=9994, groups=00000000}, [12]) = 0
9994  18:46:27 sendto(5, "\24\0\0\0\26\0\1\3\3 \235Z\0\0\0\0\0\0\0\0", 20, 0, {sa_family=AF_NETLINK, pid=0, groups=00000000}, 12) = 20
9994  18:46:27 recvmsg(5, {msg_name(12)={sa_family=AF_NETLINK, pid=0, groups=00000000}, msg_iov(1)=[{"0\0\0\0\24\0\2\0\3 \235Z\n'\0\0\2\10\200\376\1\0\0\0\10\0\1\0\177\0\0\1"..., 4096}], msg_controllen=0, msg_flags=0}, 0) = 108
9994  18:46:27 recvmsg(5, {msg_name(12)={sa_family=AF_NETLINK, pid=0, groups=00000000}, msg_iov(1)=[{"@\0\0\0\24\0\2\0\3 \235Z\n'\0\0\n\200\200\376\1\0\0\0\24\0\1\0\0\0\0\0"..., 4096}], msg_controllen=0, msg_flags=0}, 0) = 128
9994  18:46:27 recvmsg(5, {msg_name(12)={sa_family=AF_NETLINK, pid=0, groups=00000000}, msg_iov(1)=[{"\24\0\0\0\3\0\2\0\3 \235Z\n'\0\0\0\0\0\0\1\0\0\0\24\0\1\0\0\0\0\0"..., 4096}], msg_controllen=0, msg_flags=0}, 0) = 20
9994  18:46:27 close(5)                 = 0
9994  18:46:27 open("/etc/hosts", O_RDONLY|O_CLOEXEC) = 5
9994  18:46:27 fstat(5, {st_mode=S_IFREG|0644, st_size=217, ...}) = 0
9994  18:46:27 mmap(NULL, 4096, PROT_READ|PROT_WRITE, MAP_PRIVATE|MAP_ANONYMOUS, -1, 0) = 0x7fb6d132a000
9994  18:46:27 read(5, "127.0.0.1   localhost localhost."..., 4096) = 217
9994  18:46:27 read(5, "", 4096)        = 0
9994  18:46:27 close(5)                 = 0
9994  18:46:27 munmap(0x7fb6d132a000, 4096) = 0
9994  18:46:27 stat("/root/.ssh/identity", 0x7fff6794a960) = -1 ENOENT (No such file or directory)
9994  18:46:27 stat("/root/.ssh/id_rsa", {st_mode=S_IFREG|0600, st_size=887, ...}) = 0
9994  18:46:27 open("/root/.ssh/id_rsa", O_RDONLY) = 5
9994  18:46:27 fstat(5, {st_mode=S_IFREG|0600, st_size=887, ...}) = 0
9994  18:46:27 getuid()                 = 0
9994  18:46:27 fcntl(5, F_GETFL)        = 0x8000 (flags O_RDONLY|O_LARGEFILE)
9994  18:46:27 fstat(5, {st_mode=S_IFREG|0600, st_size=887, ...}) = 0
9994  18:46:27 mmap(NULL, 4096, PROT_READ|PROT_WRITE, MAP_PRIVATE|MAP_ANONYMOUS, -1, 0) = 0x7fb6d132a000
9994  18:46:27 lseek(5, 0, SEEK_CUR)    = 0
9994  18:46:27 read(5, "-----BEGIN RSA PRIVATE KEY-----\n"..., 4096) = 887
9994  18:46:27 close(5)                 = 0
9994  18:46:27 munmap(0x7fb6d132a000, 4096) = 0
9994  18:46:27 write(3, "_Bey\344\300\264\tG\347\2\24\216\333#\353\223\202o\223\22\335d\7\370\6w\220\306\320]@"..., 384) = 384
9994  18:46:27 select(4, [3], NULL, NULL, NULL) = 1 (in [3])
9994  18:46:27 read(3, "*\200\270\307\370\2\344~\35\205EI8z\337\246o\273\336D\273\234\251\213>q\356o\231\177&\322"..., 8192) = 80
9994  18:46:27 stat("/root/.ssh/id_dsa", 0x7fff6794a960) = -1 ENOENT (No such file or directory)
9994  18:46:27 open("/dev/tty", O_RDWR) = 5
9994  18:46:27 close(5)                 = 0
9994  18:46:27 open("/dev/tty", O_RDWR) = 5
9994  18:46:27 rt_sigaction(SIGALRM, {0x7fb6d1371430, [], SA_RESTORER, 0x7fb6cee98920}, {SIG_DFL, [], 0}, 8) = 0
9994  18:46:27 rt_sigaction(SIGHUP, {0x7fb6d1371430, [], SA_RESTORER, 0x7fb6cee98920}, {SIG_DFL, [], 0}, 8) = 0
9994  18:46:27 rt_sigaction(SIGINT, {0x7fb6d1371430, [], SA_RESTORER, 0x7fb6cee98920}, {SIG_DFL, [], 0}, 8) = 0
9994  18:46:27 rt_sigaction(SIGPIPE, {0x7fb6d1371430, [], SA_RESTORER, 0x7fb6cee98920}, {SIG_IGN, [], SA_RESTORER, 0x7fb6cee98920}, 8) = 0
9994  18:46:27 rt_sigaction(SIGQUIT, {0x7fb6d1371430, [], SA_RESTORER, 0x7fb6cee98920}, {SIG_DFL, [], 0}, 8) = 0
9994  18:46:27 rt_sigaction(SIGTERM, {0x7fb6d1371430, [], SA_RESTORER, 0x7fb6cee98920}, {SIG_DFL, [], 0}, 8) = 0
9994  18:46:27 rt_sigaction(SIGTSTP, {0x7fb6d1371430, [], SA_RESTORER, 0x7fb6cee98920}, {SIG_DFL, [], 0}, 8) = 0
9994  18:46:27 rt_sigaction(SIGTTIN, {0x7fb6d1371430, [], SA_RESTORER, 0x7fb6cee98920}, {SIG_DFL, [], 0}, 8) = 0
9994  18:46:27 rt_sigaction(SIGTTOU, {0x7fb6d1371430, [], SA_RESTORER, 0x7fb6cee98920}, {SIG_DFL, [], 0}, 8) = 0
9994  18:46:27 ioctl(5, SNDCTL_TMR_TIMEBASE or TCGETS, {B38400 opost isig icanon echo ...}) = 0
9994  18:46:27 ioctl(5, SNDCTL_TMR_CONTINUE or TCSETSF, {B38400 opost isig icanon -echo ...}) = 0
9994  18:46:27 write(5, "root@192.167.2.3's password: ", 29) = 29
9994  18:46:27 read(5, "1", 1)          = 1
9994  18:46:27 read(5, "2", 1)          = 1
9994  18:46:27 read(5, "3", 1)          = 1
9994  18:46:27 read(5, "4", 1)          = 1
9994  18:46:27 read(5, "5", 1)          = 1
9994  18:46:27 read(5, "6", 1)          = 1
9994  18:46:27 read(5, "\n", 1)         = 1
9994  18:46:27 write(5, "\n", 1)        = 1
9994  18:46:27 ioctl(5, SNDCTL_TMR_CONTINUE or TCSETSF, {B38400 opost isig icanon echo ...}) = 0
9994  18:46:27 rt_sigaction(SIGALRM, {SIG_DFL, [], SA_RESTORER, 0x7fb6cee98920}, NULL, 8) = 0
9994  18:46:27 rt_sigaction(SIGHUP, {SIG_DFL, [], SA_RESTORER, 0x7fb6cee98920}, NULL, 8) = 0
9994  18:46:27 rt_sigaction(SIGINT, {SIG_DFL, [], SA_RESTORER, 0x7fb6cee98920}, NULL, 8) = 0
9994  18:46:27 rt_sigaction(SIGQUIT, {SIG_DFL, [], SA_RESTORER, 0x7fb6cee98920}, NULL, 8) = 0
9994  18:46:27 rt_sigaction(SIGPIPE, {SIG_IGN, [], SA_RESTORER, 0x7fb6cee98920}, NULL, 8) = 0
9994  18:46:27 rt_sigaction(SIGTERM, {SIG_DFL, [], SA_RESTORER, 0x7fb6cee98920}, NULL, 8) = 0
9994  18:46:27 rt_sigaction(SIGTSTP, {SIG_DFL, [], SA_RESTORER, 0x7fb6cee98920}, NULL, 8) = 0
9994  18:46:27 rt_sigaction(SIGTTIN, {SIG_DFL, [], SA_RESTORER, 0x7fb6cee98920}, NULL, 8) = 0
9994  18:46:27 close(5)                 = 0
9994  18:46:27 write(3, "\304\27\254\315\10\277\352\247\335\363\32\326\257o?\366\263\1\37\211\270\1*/\305V\244tbom\275"..., 144) = 144
9994  18:46:27 select(4, [3], NULL, NULL, NULL) = 1 (in [3])
9994  18:46:27 read(3, "\264-6\227:e\7\340\257<\5\21Ip\3018W\316&=\204\212\36\326Z\v\353\267\231\331Mz", 8192) = 32
9994  18:46:27 dup(0)                   = 5
9994  18:46:27 dup(1)                   = 6
9994  18:46:27 dup(2)                   = 7
9994  18:46:27 ioctl(5, SNDCTL_TMR_TIMEBASE or TCGETS, {B38400 opost isig icanon echo ...}) = 0
9994  18:46:27 ioctl(6, SNDCTL_TMR_TIMEBASE or TCGETS, {B38400 opost isig icanon echo ...}) = 0
9994  18:46:27 ioctl(7, SNDCTL_TMR_TIMEBASE or TCGETS, {B38400 opost isig icanon echo ...}) = 0
9994  18:46:27 fcntl(5, F_SETFD, FD_CLOEXEC) = 0
9994  18:46:27 fcntl(6, F_SETFD, FD_CLOEXEC) = 0
9994  18:46:27 fcntl(7, F_SETFD, FD_CLOEXEC) = 0
9994  18:46:27 ioctl(6, SNDCTL_TMR_TIMEBASE or TCGETS, {B38400 opost isig icanon echo ...}) = 0
9994  18:46:27 rt_sigaction(SIGHUP, NULL, {SIG_DFL, [], SA_RESTORER, 0x7fb6cee98920}, 8) = 0
9994  18:46:27 rt_sigaction(SIGHUP, {SIG_IGN, [], SA_RESTORER, 0x7fb6cee98920}, NULL, 8) = 0
9994  18:46:27 rt_sigaction(SIGHUP, NULL, {SIG_IGN, [], SA_RESTORER, 0x7fb6cee98920}, 8) = 0
9994  18:46:27 rt_sigaction(SIGHUP, {0x7fb6d133d5e0, [], SA_RESTORER, 0x7fb6cee98920}, NULL, 8) = 0
9994  18:46:27 rt_sigaction(SIGINT, NULL, {SIG_DFL, [], SA_RESTORER, 0x7fb6cee98920}, 8) = 0
9994  18:46:27 rt_sigaction(SIGINT, {SIG_IGN, [], SA_RESTORER, 0x7fb6cee98920}, NULL, 8) = 0
9994  18:46:27 rt_sigaction(SIGINT, NULL, {SIG_IGN, [], SA_RESTORER, 0x7fb6cee98920}, 8) = 0
9994  18:46:27 rt_sigaction(SIGINT, {0x7fb6d133d5e0, [], SA_RESTORER, 0x7fb6cee98920}, NULL, 8) = 0
9994  18:46:27 rt_sigaction(SIGQUIT, NULL, {SIG_DFL, [], SA_RESTORER, 0x7fb6cee98920}, 8) = 0
9994  18:46:27 rt_sigaction(SIGQUIT, {SIG_IGN, [], SA_RESTORER, 0x7fb6cee98920}, NULL, 8) = 0
9994  18:46:27 rt_sigaction(SIGQUIT, NULL, {SIG_IGN, [], SA_RESTORER, 0x7fb6cee98920}, 8) = 0
9994  18:46:27 rt_sigaction(SIGQUIT, {0x7fb6d133d5e0, [], SA_RESTORER, 0x7fb6cee98920}, NULL, 8) = 0
9994  18:46:27 rt_sigaction(SIGTERM, NULL, {SIG_DFL, [], SA_RESTORER, 0x7fb6cee98920}, 8) = 0
9994  18:46:27 rt_sigaction(SIGTERM, {SIG_IGN, [], SA_RESTORER, 0x7fb6cee98920}, NULL, 8) = 0
9994  18:46:27 rt_sigaction(SIGTERM, NULL, {SIG_IGN, [], SA_RESTORER, 0x7fb6cee98920}, 8) = 0
9994  18:46:27 rt_sigaction(SIGTERM, {0x7fb6d133d5e0, [], SA_RESTORER, 0x7fb6cee98920}, NULL, 8) = 0
9994  18:46:27 rt_sigaction(SIGWINCH, NULL, {SIG_DFL, [], 0}, 8) = 0
9994  18:46:27 rt_sigaction(SIGWINCH, {0x7fb6d133dc80, [], SA_RESTORER, 0x7fb6cee98920}, NULL, 8) = 0
9994  18:46:27 ioctl(0, SNDCTL_TMR_TIMEBASE or TCGETS, {B38400 opost isig icanon echo ...}) = 0
9994  18:46:27 ioctl(0, SNDCTL_TMR_STOP or TCSETSW, {B38400 -opost -isig -icanon -echo ...}) = 0
9994  18:46:27 select(8, [3], [3], NULL, NULL) = 1 (out [3])
9994  18:46:27 write(3, "\312\360y\210\311\36*\371\332\235\256\276\352\372\257\273\322lC\305\316f\30n\264:\220\270\204\322D\306"..., 64) = 64
9994  18:46:27 select(8, [3], [], NULL, NULL) = 1 (in [3])
9994  18:46:27 read(3, "L<\33\321H\0010\244\277\360\312\377\231'g\3278&\310G\374\360\322\344l\267\32'\330\236d\303"..., 8192) = 48
9994  18:46:27 ioctl(0, TIOCGWINSZ, {ws_row=46, ws_col=99, ws_xpixel=0, ws_ypixel=0}) = 0
9994  18:46:27 getsockopt(3, SOL_TCP, TCP_NODELAY, [-5269333133072793600], [4]) = 0
9994  18:46:27 setsockopt(3, SOL_TCP, TCP_NODELAY, [1], 4) = 0
9994  18:46:27 getsockname(3, {sa_family=AF_INET, sin_port=htons(38493), sin_addr=inet_addr("192.168.6.21")}, [16]) = 0
9994  18:46:27 setsockopt(3, SOL_IP, IP_TOS, [16], 4) = 0
9994  18:46:27 select(8, [3], [3], NULL, NULL) = 1 (out [3])
9994  18:46:27 write(3, "\"\246\272\23`\235\371H\206\r,Ji7YCg\201\252\253\256\376\1\336W\246\357\345V\325*\225"..., 448) = 448
9994  18:46:27 select(8, [3], [], NULL, NULL) = 1 (in [3])
9994  18:46:27 read(3, "\3\210Y3\347Ml\347\334\375\326\305\261N$_\226R\0>\271\367\226\10\303\360\20p\372\311}\223"..., 8192) = 112
9994  18:46:27 select(8, [3 5], [], NULL, NULL) = 1 (in [3])
9994  18:46:27 read(3, "\251{~a\270\320\207\233\336\232\27\f\207>\3039\255\230\5T\216\256c=\273\367\277}\214S\366\251"..., 8192) = 96
9994  18:46:27 select(8, [3 5], [6], NULL, NULL) = 1 (out [6])
9994  18:46:27 write(6, "Last login: Mon Mar  5 18:42:33 "..., 57) = 57
9994  18:46:27 select(8, [3 5], [], NULL, NULL) = 1 (in [3])
9994  18:46:27 read(3, "\2468\34$\202U)\331\350\336i\370[\267\224X9\304#\16p\222\350\356\201hl3\345\374O\243"..., 8192) = 64
9994  18:46:27 select(8, [3 5], [6], NULL, NULL) = 1 (out [6])
9994  18:46:27 write(6, "\33]0;root@PR-2-3:~\7", 18) = 18
9994  18:46:27 select(8, [3 5], [], NULL, NULL) = 1 (in [3])
9994  18:46:27 read(3, "a9\v\24Tv\21\26E\30= sG\361k\210F\323\257\6l\214\230\341f0n\3457\315\206"..., 8192) = 80
9994  18:46:27 select(8, [3 5], [6], NULL, NULL) = 1 (out [6])
9994  18:46:27 write(6, "(FUDE-0.4.2@x86_64)[root@PR-2-3 "..., 35) = 35
9994  18:46:27 select(8, [3 5], [], NULL, NULL) = 1 (in [5])
9994  18:46:48 read(5, "\10", 16384)    = 1
9994  18:46:48 select(8, [3 5], [3], NULL, NULL) = 1 (out [3])
9994  18:46:48 write(3, "^\25\214\372\201\330\v\363Z\10m\344\222\315\0}\1\211z\276\5\"\247\253\2044\34x+\16m\366"..., 48) = 48
9994  18:46:48 select(8, [3 5], [], NULL, NULL) = 1 (in [3])
9994  18:46:48 read(3, "\263c\327\36U\370\rA\32\216M\17\362\222\222\336\364JM\312\353\304\315\3742\1\337H7\331\342L"..., 8192) = 48
9994  18:46:48 select(8, [3 5], [6], NULL, NULL) = 1 (out [6])
9994  18:46:48 write(6, "\7", 1)        = 1
9994  18:46:48 select(8, [3 5], [], NULL, NULL) = 1 (in [5])
9994  18:54:33 read(5, "e", 16384)      = 1
9994  18:54:33 select(8, [3 5], [3], NULL, NULL) = 1 (out [3])
9994  18:54:33 write(3, "\372!\330\254U\240\254X\257)\260B\351X\322z\216zw\25^A\270jJ\211O\n\204\ry\244"..., 48) = 48
9994  18:54:33 select(8, [3 5], [], NULL, NULL) = 1 (in [3])
9994  18:54:33 read(3, "x\332k\6\243\304\203\242\276\244q\376\261\34\351\217^j\342\247`\371\253m\311U\177\216\353\332\35y"..., 8192) = 48
9994  18:54:33 select(8, [3 5], [6], NULL, NULL) = 1 (out [6])
9994  18:54:33 write(6, "e", 1)         = 1
9994  18:54:33 select(8, [3 5], [], NULL, NULL) = 1 (in [5])
9994  18:54:33 read(5, "x", 16384)      = 1
9994  18:54:33 select(8, [3 5], [3], NULL, NULL) = 1 (out [3])
9994  18:54:33 write(3, "\223\21\255\234OL\261\234k\6S\31\206<\267y\330\325\207\373%\373D\262\364F\332\315\271\31/\302"..., 48) = 48
9994  18:54:33 select(8, [3 5], [], NULL, NULL) = 1 (in [3])
9994  18:54:33 read(3, "\341\221l{\37Jj\26\321H\313#<\217\17w\335\213\7.\261\30\321\2323\300[\315\315--\352"..., 8192) = 48
9994  18:54:33 select(8, [3 5], [6], NULL, NULL) = 1 (out [6])
9994  18:54:33 write(6, "x", 1)         = 1
9994  18:54:33 select(8, [3 5], [], NULL, NULL) = 1 (in [5])
9994  18:54:34 read(5, "i", 16384)      = 1
9994  18:54:34 select(8, [3 5], [3], NULL, NULL) = 1 (out [3])
9994  18:54:34 write(3, "\35\354\34%vg\3323k\335m\211<\250\tGe)G\313\201d\367dQY)\347&\252\365\324"..., 48) = 48
9994  18:54:34 select(8, [3 5], [], NULL, NULL) = 1 (in [3])
9994  18:54:34 read(3, "\334\26)\306\23\312gSB;t\337}\2]\215\320\312;<\314\300\243\2257\0>\264\261\33\243\34"..., 8192) = 48
9994  18:54:34 select(8, [3 5], [6], NULL, NULL) = 1 (out [6])
9994  18:54:34 write(6, "i", 1)         = 1
9994  18:54:34 select(8, [3 5], [], NULL, NULL) = 1 (in [5])
9994  18:54:34 read(5, "t", 16384)      = 1
9994  18:54:34 select(8, [3 5], [3], NULL, NULL) = 1 (out [3])
9994  18:54:34 write(3, "g\"\1\216\327\250\314\352\310\235\250p\347\3068Z\34!Q\377\243\252\36\333+!e\374\7\270\341\f"..., 48) = 48
9994  18:54:34 select(8, [3 5], [], NULL, NULL) = 1 (in [3])
9994  18:54:34 read(3, "^\215\267L\3157Q\321\371X\23\3071m\21\321O\317\241\346\316/{&<\334~\31Uty\334"..., 8192) = 48
9994  18:54:34 select(8, [3 5], [6], NULL, NULL) = 1 (out [6])
9994  18:54:34 write(6, "t", 1)         = 1
9994  18:54:34 select(8, [3 5], [], NULL, NULL) = 1 (in [5])
9994  18:54:34 read(5, "\r", 16384)     = 1
9994  18:54:34 select(8, [3 5], [3], NULL, NULL) = 1 (out [3])
9994  18:54:34 write(3, "\200\371\255\337Hk<7\350\2164_\353\262\352\244\232%\0261\260\303\276\314W\272z\356\224|>y"..., 48) = 48
9994  18:54:34 select(8, [3 5], [], NULL, NULL) = 1 (in [3])
9994  18:54:34 read(3, "J\237\342,\250\220\353\31\17G\344[&~K\27d\265\340\247If\326Z\253\2220\341;\202\177k"..., 8192) = 96
9994  18:54:34 select(8, [3 5], [6], NULL, NULL) = 1 (out [6])
9994  18:54:34 write(6, "\r\nlogout\r\n", 10) = 10
9994  18:54:34 select(8, [3 5], [], NULL, NULL) = 1 (in [3])
9994  18:54:34 read(3, "\276\353\207!\227jE8\205wQ\264\216o\26\365>h\322\324\303\272Y~f|W\333\222\257\27;"..., 8192) = 48
9994  18:54:34 select(8, [3 5], [6], NULL, NULL) = 1 (out [6])
9994  18:54:34 write(6, "\33[H\33[2J", 7) = 7
9994  18:54:34 select(8, [3 5], [], NULL, NULL) = 1 (in [3])
9994  18:54:34 read(3, "e\23\350Qi\267\250\367\26\36\245\330\360\214[\3601&\t\327\306X\303\210\253\36\232\26\360\377C\237"..., 8192) = 128
9994  18:54:34 close(6)                 = 0
9994  18:54:34 close(5)                 = 0
9994  18:54:34 ioctl(0, SNDCTL_TMR_STOP or TCSETSW, {B38400 opost isig icanon echo ...}) = 0
9994  18:54:34 close(7)                 = 0
9994  18:54:34 select(8, [3], [3], NULL, NULL) = 1 (out [3])
9994  18:54:34 write(3, "\371\264\214\26L\263\235\313\3158\343\367\362\315!\351;\\\23)\224\32\247\237\201\302\360/\34#*\303", 32) = 32
9994  18:54:34 rt_sigaction(SIGWINCH, NULL, {0x7fb6d133dc80, [], SA_RESTORER, 0x7fb6cee98920}, 8) = 0
9994  18:54:34 rt_sigaction(SIGWINCH, {SIG_DFL, [], SA_RESTORER, 0x7fb6cee98920}, NULL, 8) = 0
9994  18:54:34 write(3, "B\252\377 jgM\2\211\302\36\315O\255\1,\333*\226\272\201\262\277\357t\7\22\353\352h<\313"..., 64) = 64
9994  18:54:34 ioctl(0, SNDCTL_TMR_TIMEBASE or TCGETS, {B38400 opost isig icanon echo ...}) = 0
9994  18:54:34 ioctl(1, SNDCTL_TMR_TIMEBASE or TCGETS, {B38400 opost isig icanon echo ...}) = 0
9994  18:54:34 ioctl(2, SNDCTL_TMR_TIMEBASE or TCGETS, {B38400 opost isig icanon echo ...}) = 0
9994  18:54:34 write(2, "Connection to 192.167.2.3 closed"..., 35) = 35
9994  18:54:34 shutdown(3, 2 /* send and receive */) = 0
9994  18:54:34 close(3)                 = 0
9994  18:54:34 exit_group(0)            = ?
